[2026-04-26T17:38:46.036+0100] {processor.py:161} INFO - Started process (PID=8298) to work on /Users/malone/data-engineering-pathway/.venv/lib/python3.11/site-packages/airflow/example_dags/plugins/decreasing_priority_weight_strategy.py
[2026-04-26T17:38:46.037+0100] {processor.py:830} INFO - Processing file /Users/malone/data-engineering-pathway/.venv/lib/python3.11/site-packages/airflow/example_dags/plugins/decreasing_priority_weight_strategy.py for tasks to queue
[2026-04-26T17:38:46.037+0100] {logging_mixin.py:188} INFO - [2026-04-26T17:38:46.037+0100] {dagbag.py:545} INFO - Filling up the DagBag from /Users/malone/data-engineering-pathway/.venv/lib/python3.11/site-packages/airflow/example_dags/plugins/decreasing_priority_weight_strategy.py
[2026-04-26T17:38:46.037+0100] {processor.py:842} WARNING - No viable dags retrieved from /Users/malone/data-engineering-pathway/.venv/lib/python3.11/site-packages/airflow/example_dags/plugins/decreasing_priority_weight_strategy.py
[2026-04-26T17:38:46.065+0100] {processor.py:183} INFO - Processing /Users/malone/data-engineering-pathway/.venv/lib/python3.11/site-packages/airflow/example_dags/plugins/decreasing_priority_weight_strategy.py took 0.030 seconds
[2026-04-26T17:40:13.058+0100] {processor.py:161} INFO - Started process (PID=8446) to work on /Users/malone/data-engineering-pathway/.venv/lib/python3.11/site-packages/airflow/example_dags/plugins/decreasing_priority_weight_strategy.py
[2026-04-26T17:40:13.058+0100] {processor.py:830} INFO - Processing file /Users/malone/data-engineering-pathway/.venv/lib/python3.11/site-packages/airflow/example_dags/plugins/decreasing_priority_weight_strategy.py for tasks to queue
[2026-04-26T17:40:13.058+0100] {logging_mixin.py:188} INFO - [2026-04-26T17:40:13.058+0100] {dagbag.py:545} INFO - Filling up the DagBag from /Users/malone/data-engineering-pathway/.venv/lib/python3.11/site-packages/airflow/example_dags/plugins/decreasing_priority_weight_strategy.py
[2026-04-26T17:40:13.059+0100] {processor.py:842} WARNING - No viable dags retrieved from /Users/malone/data-engineering-pathway/.venv/lib/python3.11/site-packages/airflow/example_dags/plugins/decreasing_priority_weight_strategy.py
[2026-04-26T17:40:13.086+0100] {processor.py:183} INFO - Processing /Users/malone/data-engineering-pathway/.venv/lib/python3.11/site-packages/airflow/example_dags/plugins/decreasing_priority_weight_strategy.py took 0.030 seconds
[2026-04-26T17:41:12.456+0100] {processor.py:161} INFO - Started process (PID=8541) to work on /Users/malone/data-engineering-pathway/.venv/lib/python3.11/site-packages/airflow/example_dags/plugins/decreasing_priority_weight_strategy.py
[2026-04-26T17:41:12.457+0100] {processor.py:830} INFO - Processing file /Users/malone/data-engineering-pathway/.venv/lib/python3.11/site-packages/airflow/example_dags/plugins/decreasing_priority_weight_strategy.py for tasks to queue
[2026-04-26T17:41:12.457+0100] {logging_mixin.py:188} INFO - [2026-04-26T17:41:12.457+0100] {dagbag.py:545} INFO - Filling up the DagBag from /Users/malone/data-engineering-pathway/.venv/lib/python3.11/site-packages/airflow/example_dags/plugins/decreasing_priority_weight_strategy.py
[2026-04-26T17:41:12.457+0100] {processor.py:842} WARNING - No viable dags retrieved from /Users/malone/data-engineering-pathway/.venv/lib/python3.11/site-packages/airflow/example_dags/plugins/decreasing_priority_weight_strategy.py
[2026-04-26T17:41:12.485+0100] {processor.py:183} INFO - Processing /Users/malone/data-engineering-pathway/.venv/lib/python3.11/site-packages/airflow/example_dags/plugins/decreasing_priority_weight_strategy.py took 0.030 seconds
[2026-04-26T17:42:09.890+0100] {processor.py:161} INFO - Started process (PID=8628) to work on /Users/malone/data-engineering-pathway/.venv/lib/python3.11/site-packages/airflow/example_dags/plugins/decreasing_priority_weight_strategy.py
[2026-04-26T17:42:09.890+0100] {processor.py:830} INFO - Processing file /Users/malone/data-engineering-pathway/.venv/lib/python3.11/site-packages/airflow/example_dags/plugins/decreasing_priority_weight_strategy.py for tasks to queue
[2026-04-26T17:42:09.891+0100] {logging_mixin.py:188} INFO - [2026-04-26T17:42:09.891+0100] {dagbag.py:545} INFO - Filling up the DagBag from /Users/malone/data-engineering-pathway/.venv/lib/python3.11/site-packages/airflow/example_dags/plugins/decreasing_priority_weight_strategy.py
[2026-04-26T17:42:09.893+0100] {processor.py:842} WARNING - No viable dags retrieved from /Users/malone/data-engineering-pathway/.venv/lib/python3.11/site-packages/airflow/example_dags/plugins/decreasing_priority_weight_strategy.py
[2026-04-26T17:42:09.923+0100] {processor.py:183} INFO - Processing /Users/malone/data-engineering-pathway/.venv/lib/python3.11/site-packages/airflow/example_dags/plugins/decreasing_priority_weight_strategy.py took 0.035 seconds
[2026-04-26T17:43:09.911+0100] {processor.py:161} INFO - Started process (PID=8679) to work on /Users/malone/data-engineering-pathway/.venv/lib/python3.11/site-packages/airflow/example_dags/plugins/decreasing_priority_weight_strategy.py
[2026-04-26T17:43:09.912+0100] {processor.py:830} INFO - Processing file /Users/malone/data-engineering-pathway/.venv/lib/python3.11/site-packages/airflow/example_dags/plugins/decreasing_priority_weight_strategy.py for tasks to queue
[2026-04-26T17:43:09.912+0100] {logging_mixin.py:188} INFO - [2026-04-26T17:43:09.912+0100] {dagbag.py:545} INFO - Filling up the DagBag from /Users/malone/data-engineering-pathway/.venv/lib/python3.11/site-packages/airflow/example_dags/plugins/decreasing_priority_weight_strategy.py
[2026-04-26T17:43:09.913+0100] {processor.py:842} WARNING - No viable dags retrieved from /Users/malone/data-engineering-pathway/.venv/lib/python3.11/site-packages/airflow/example_dags/plugins/decreasing_priority_weight_strategy.py
[2026-04-26T17:43:09.942+0100] {processor.py:183} INFO - Processing /Users/malone/data-engineering-pathway/.venv/lib/python3.11/site-packages/airflow/example_dags/plugins/decreasing_priority_weight_strategy.py took 0.032 seconds
[2026-04-26T17:44:05.644+0100] {processor.py:161} INFO - Started process (PID=8802) to work on /Users/malone/data-engineering-pathway/.venv/lib/python3.11/site-packages/airflow/example_dags/plugins/decreasing_priority_weight_strategy.py
[2026-04-26T17:44:05.644+0100] {processor.py:830} INFO - Processing file /Users/malone/data-engineering-pathway/.venv/lib/python3.11/site-packages/airflow/example_dags/plugins/decreasing_priority_weight_strategy.py for tasks to queue
[2026-04-26T17:44:05.644+0100] {logging_mixin.py:188} INFO - [2026-04-26T17:44:05.644+0100] {dagbag.py:545} INFO - Filling up the DagBag from /Users/malone/data-engineering-pathway/.venv/lib/python3.11/site-packages/airflow/example_dags/plugins/decreasing_priority_weight_strategy.py
[2026-04-26T17:44:05.645+0100] {processor.py:842} WARNING - No viable dags retrieved from /Users/malone/data-engineering-pathway/.venv/lib/python3.11/site-packages/airflow/example_dags/plugins/decreasing_priority_weight_strategy.py
[2026-04-26T17:44:05.674+0100] {processor.py:183} INFO - Processing /Users/malone/data-engineering-pathway/.venv/lib/python3.11/site-packages/airflow/example_dags/plugins/decreasing_priority_weight_strategy.py took 0.031 seconds
[2026-04-26T17:44:58.149+0100] {processor.py:161} INFO - Started process (PID=8878) to work on /Users/malone/data-engineering-pathway/.venv/lib/python3.11/site-packages/airflow/example_dags/plugins/decreasing_priority_weight_strategy.py
[2026-04-26T17:44:58.150+0100] {processor.py:830} INFO - Processing file /Users/malone/data-engineering-pathway/.venv/lib/python3.11/site-packages/airflow/example_dags/plugins/decreasing_priority_weight_strategy.py for tasks to queue
[2026-04-26T17:44:58.151+0100] {logging_mixin.py:188} INFO - [2026-04-26T17:44:58.150+0100] {dagbag.py:545} INFO - Filling up the DagBag from /Users/malone/data-engineering-pathway/.venv/lib/python3.11/site-packages/airflow/example_dags/plugins/decreasing_priority_weight_strategy.py
[2026-04-26T17:44:58.151+0100] {processor.py:842} WARNING - No viable dags retrieved from /Users/malone/data-engineering-pathway/.venv/lib/python3.11/site-packages/airflow/example_dags/plugins/decreasing_priority_weight_strategy.py
[2026-04-26T17:44:58.180+0100] {processor.py:183} INFO - Processing /Users/malone/data-engineering-pathway/.venv/lib/python3.11/site-packages/airflow/example_dags/plugins/decreasing_priority_weight_strategy.py took 0.032 seconds
[2026-04-26T17:45:50.957+0100] {processor.py:161} INFO - Started process (PID=8972) to work on /Users/malone/data-engineering-pathway/.venv/lib/python3.11/site-packages/airflow/example_dags/plugins/decreasing_priority_weight_strategy.py
[2026-04-26T17:45:50.957+0100] {processor.py:830} INFO - Processing file /Users/malone/data-engineering-pathway/.venv/lib/python3.11/site-packages/airflow/example_dags/plugins/decreasing_priority_weight_strategy.py for tasks to queue
[2026-04-26T17:45:50.957+0100] {logging_mixin.py:188} INFO - [2026-04-26T17:45:50.957+0100] {dagbag.py:545} INFO - Filling up the DagBag from /Users/malone/data-engineering-pathway/.venv/lib/python3.11/site-packages/airflow/example_dags/plugins/decreasing_priority_weight_strategy.py
[2026-04-26T17:45:50.958+0100] {processor.py:842} WARNING - No viable dags retrieved from /Users/malone/data-engineering-pathway/.venv/lib/python3.11/site-packages/airflow/example_dags/plugins/decreasing_priority_weight_strategy.py
[2026-04-26T17:45:50.987+0100] {processor.py:183} INFO - Processing /Users/malone/data-engineering-pathway/.venv/lib/python3.11/site-packages/airflow/example_dags/plugins/decreasing_priority_weight_strategy.py took 0.032 seconds
[2026-04-26T17:46:44.941+0100] {processor.py:161} INFO - Started process (PID=9049) to work on /Users/malone/data-engineering-pathway/.venv/lib/python3.11/site-packages/airflow/example_dags/plugins/decreasing_priority_weight_strategy.py
[2026-04-26T17:46:44.942+0100] {processor.py:830} INFO - Processing file /Users/malone/data-engineering-pathway/.venv/lib/python3.11/site-packages/airflow/example_dags/plugins/decreasing_priority_weight_strategy.py for tasks to queue
[2026-04-26T17:46:44.942+0100] {logging_mixin.py:188} INFO - [2026-04-26T17:46:44.942+0100] {dagbag.py:545} INFO - Filling up the DagBag from /Users/malone/data-engineering-pathway/.venv/lib/python3.11/site-packages/airflow/example_dags/plugins/decreasing_priority_weight_strategy.py
[2026-04-26T17:46:44.943+0100] {processor.py:842} WARNING - No viable dags retrieved from /Users/malone/data-engineering-pathway/.venv/lib/python3.11/site-packages/airflow/example_dags/plugins/decreasing_priority_weight_strategy.py
[2026-04-26T17:46:44.970+0100] {processor.py:183} INFO - Processing /Users/malone/data-engineering-pathway/.venv/lib/python3.11/site-packages/airflow/example_dags/plugins/decreasing_priority_weight_strategy.py took 0.030 seconds
[2026-04-26T17:47:41.201+0100] {processor.py:161} INFO - Started process (PID=9145) to work on /Users/malone/data-engineering-pathway/.venv/lib/python3.11/site-packages/airflow/example_dags/plugins/decreasing_priority_weight_strategy.py
[2026-04-26T17:47:41.202+0100] {processor.py:830} INFO - Processing file /Users/malone/data-engineering-pathway/.venv/lib/python3.11/site-packages/airflow/example_dags/plugins/decreasing_priority_weight_strategy.py for tasks to queue
[2026-04-26T17:47:41.202+0100] {logging_mixin.py:188} INFO - [2026-04-26T17:47:41.202+0100] {dagbag.py:545} INFO - Filling up the DagBag from /Users/malone/data-engineering-pathway/.venv/lib/python3.11/site-packages/airflow/example_dags/plugins/decreasing_priority_weight_strategy.py
[2026-04-26T17:47:41.203+0100] {processor.py:842} WARNING - No viable dags retrieved from /Users/malone/data-engineering-pathway/.venv/lib/python3.11/site-packages/airflow/example_dags/plugins/decreasing_priority_weight_strategy.py
[2026-04-26T17:47:41.231+0100] {processor.py:183} INFO - Processing /Users/malone/data-engineering-pathway/.venv/lib/python3.11/site-packages/airflow/example_dags/plugins/decreasing_priority_weight_strategy.py took 0.031 seconds
[2026-04-26T17:48:38.773+0100] {processor.py:161} INFO - Started process (PID=9297) to work on /Users/malone/data-engineering-pathway/.venv/lib/python3.11/site-packages/airflow/example_dags/plugins/decreasing_priority_weight_strategy.py
[2026-04-26T17:48:38.774+0100] {processor.py:830} INFO - Processing file /Users/malone/data-engineering-pathway/.venv/lib/python3.11/site-packages/airflow/example_dags/plugins/decreasing_priority_weight_strategy.py for tasks to queue
[2026-04-26T17:48:38.774+0100] {logging_mixin.py:188} INFO - [2026-04-26T17:48:38.774+0100] {dagbag.py:545} INFO - Filling up the DagBag from /Users/malone/data-engineering-pathway/.venv/lib/python3.11/site-packages/airflow/example_dags/plugins/decreasing_priority_weight_strategy.py
[2026-04-26T17:48:38.775+0100] {processor.py:842} WARNING - No viable dags retrieved from /Users/malone/data-engineering-pathway/.venv/lib/python3.11/site-packages/airflow/example_dags/plugins/decreasing_priority_weight_strategy.py
[2026-04-26T17:48:38.804+0100] {processor.py:183} INFO - Processing /Users/malone/data-engineering-pathway/.venv/lib/python3.11/site-packages/airflow/example_dags/plugins/decreasing_priority_weight_strategy.py took 0.032 seconds
[2026-04-26T17:49:37.599+0100] {processor.py:161} INFO - Started process (PID=9463) to work on /Users/malone/data-engineering-pathway/.venv/lib/python3.11/site-packages/airflow/example_dags/plugins/decreasing_priority_weight_strategy.py
[2026-04-26T17:49:37.599+0100] {processor.py:830} INFO - Processing file /Users/malone/data-engineering-pathway/.venv/lib/python3.11/site-packages/airflow/example_dags/plugins/decreasing_priority_weight_strategy.py for tasks to queue
[2026-04-26T17:49:37.600+0100] {logging_mixin.py:188} INFO - [2026-04-26T17:49:37.600+0100] {dagbag.py:545} INFO - Filling up the DagBag from /Users/malone/data-engineering-pathway/.venv/lib/python3.11/site-packages/airflow/example_dags/plugins/decreasing_priority_weight_strategy.py
[2026-04-26T17:49:37.600+0100] {processor.py:842} WARNING - No viable dags retrieved from /Users/malone/data-engineering-pathway/.venv/lib/python3.11/site-packages/airflow/example_dags/plugins/decreasing_priority_weight_strategy.py
[2026-04-26T17:49:37.628+0100] {processor.py:183} INFO - Processing /Users/malone/data-engineering-pathway/.venv/lib/python3.11/site-packages/airflow/example_dags/plugins/decreasing_priority_weight_strategy.py took 0.030 seconds
[2026-04-26T17:50:40.008+0100] {processor.py:161} INFO - Started process (PID=9552) to work on /Users/malone/data-engineering-pathway/.venv/lib/python3.11/site-packages/airflow/example_dags/plugins/decreasing_priority_weight_strategy.py
[2026-04-26T17:50:40.009+0100] {processor.py:830} INFO - Processing file /Users/malone/data-engineering-pathway/.venv/lib/python3.11/site-packages/airflow/example_dags/plugins/decreasing_priority_weight_strategy.py for tasks to queue
[2026-04-26T17:50:40.010+0100] {logging_mixin.py:188} INFO - [2026-04-26T17:50:40.010+0100] {dagbag.py:545} INFO - Filling up the DagBag from /Users/malone/data-engineering-pathway/.venv/lib/python3.11/site-packages/airflow/example_dags/plugins/decreasing_priority_weight_strategy.py
[2026-04-26T17:50:40.011+0100] {processor.py:842} WARNING - No viable dags retrieved from /Users/malone/data-engineering-pathway/.venv/lib/python3.11/site-packages/airflow/example_dags/plugins/decreasing_priority_weight_strategy.py
[2026-04-26T17:50:40.064+0100] {processor.py:183} INFO - Processing /Users/malone/data-engineering-pathway/.venv/lib/python3.11/site-packages/airflow/example_dags/plugins/decreasing_priority_weight_strategy.py took 0.059 seconds
[2026-04-26T17:51:41.538+0100] {processor.py:161} INFO - Started process (PID=9626) to work on /Users/malone/data-engineering-pathway/.venv/lib/python3.11/site-packages/airflow/example_dags/plugins/decreasing_priority_weight_strategy.py
[2026-04-26T17:51:41.538+0100] {processor.py:830} INFO - Processing file /Users/malone/data-engineering-pathway/.venv/lib/python3.11/site-packages/airflow/example_dags/plugins/decreasing_priority_weight_strategy.py for tasks to queue
[2026-04-26T17:51:41.539+0100] {logging_mixin.py:188} INFO - [2026-04-26T17:51:41.539+0100] {dagbag.py:545} INFO - Filling up the DagBag from /Users/malone/data-engineering-pathway/.venv/lib/python3.11/site-packages/airflow/example_dags/plugins/decreasing_priority_weight_strategy.py
[2026-04-26T17:51:41.539+0100] {processor.py:842} WARNING - No viable dags retrieved from /Users/malone/data-engineering-pathway/.venv/lib/python3.11/site-packages/airflow/example_dags/plugins/decreasing_priority_weight_strategy.py
[2026-04-26T17:51:41.568+0100] {processor.py:183} INFO - Processing /Users/malone/data-engineering-pathway/.venv/lib/python3.11/site-packages/airflow/example_dags/plugins/decreasing_priority_weight_strategy.py took 0.032 seconds
[2026-04-26T17:52:41.030+0100] {processor.py:161} INFO - Started process (PID=9705) to work on /Users/malone/data-engineering-pathway/.venv/lib/python3.11/site-packages/airflow/example_dags/plugins/decreasing_priority_weight_strategy.py
[2026-04-26T17:52:41.031+0100] {processor.py:830} INFO - Processing file /Users/malone/data-engineering-pathway/.venv/lib/python3.11/site-packages/airflow/example_dags/plugins/decreasing_priority_weight_strategy.py for tasks to queue
[2026-04-26T17:52:41.031+0100] {logging_mixin.py:188} INFO - [2026-04-26T17:52:41.031+0100] {dagbag.py:545} INFO - Filling up the DagBag from /Users/malone/data-engineering-pathway/.venv/lib/python3.11/site-packages/airflow/example_dags/plugins/decreasing_priority_weight_strategy.py
[2026-04-26T17:52:41.031+0100] {processor.py:842} WARNING - No viable dags retrieved from /Users/malone/data-engineering-pathway/.venv/lib/python3.11/site-packages/airflow/example_dags/plugins/decreasing_priority_weight_strategy.py
[2026-04-26T17:52:41.060+0100] {processor.py:183} INFO - Processing /Users/malone/data-engineering-pathway/.venv/lib/python3.11/site-packages/airflow/example_dags/plugins/decreasing_priority_weight_strategy.py took 0.031 seconds
[2026-04-26T17:53:36.516+0100] {processor.py:161} INFO - Started process (PID=9776) to work on /Users/malone/data-engineering-pathway/.venv/lib/python3.11/site-packages/airflow/example_dags/plugins/decreasing_priority_weight_strategy.py
[2026-04-26T17:53:36.517+0100] {processor.py:830} INFO - Processing file /Users/malone/data-engineering-pathway/.venv/lib/python3.11/site-packages/airflow/example_dags/plugins/decreasing_priority_weight_strategy.py for tasks to queue
[2026-04-26T17:53:36.517+0100] {logging_mixin.py:188} INFO - [2026-04-26T17:53:36.517+0100] {dagbag.py:545} INFO - Filling up the DagBag from /Users/malone/data-engineering-pathway/.venv/lib/python3.11/site-packages/airflow/example_dags/plugins/decreasing_priority_weight_strategy.py
[2026-04-26T17:53:36.518+0100] {processor.py:842} WARNING - No viable dags retrieved from /Users/malone/data-engineering-pathway/.venv/lib/python3.11/site-packages/airflow/example_dags/plugins/decreasing_priority_weight_strategy.py
[2026-04-26T17:53:36.561+0100] {processor.py:183} INFO - Processing /Users/malone/data-engineering-pathway/.venv/lib/python3.11/site-packages/airflow/example_dags/plugins/decreasing_priority_weight_strategy.py took 0.046 seconds
[2026-04-26T17:54:37.690+0100] {processor.py:161} INFO - Started process (PID=9849) to work on /Users/malone/data-engineering-pathway/.venv/lib/python3.11/site-packages/airflow/example_dags/plugins/decreasing_priority_weight_strategy.py
[2026-04-26T17:54:37.691+0100] {processor.py:830} INFO - Processing file /Users/malone/data-engineering-pathway/.venv/lib/python3.11/site-packages/airflow/example_dags/plugins/decreasing_priority_weight_strategy.py for tasks to queue
[2026-04-26T17:54:37.691+0100] {logging_mixin.py:188} INFO - [2026-04-26T17:54:37.691+0100] {dagbag.py:545} INFO - Filling up the DagBag from /Users/malone/data-engineering-pathway/.venv/lib/python3.11/site-packages/airflow/example_dags/plugins/decreasing_priority_weight_strategy.py
[2026-04-26T17:54:37.692+0100] {processor.py:842} WARNING - No viable dags retrieved from /Users/malone/data-engineering-pathway/.venv/lib/python3.11/site-packages/airflow/example_dags/plugins/decreasing_priority_weight_strategy.py
[2026-04-26T17:54:37.719+0100] {processor.py:183} INFO - Processing /Users/malone/data-engineering-pathway/.venv/lib/python3.11/site-packages/airflow/example_dags/plugins/decreasing_priority_weight_strategy.py took 0.030 seconds
[2026-04-26T17:55:39.919+0100] {processor.py:161} INFO - Started process (PID=9963) to work on /Users/malone/data-engineering-pathway/.venv/lib/python3.11/site-packages/airflow/example_dags/plugins/decreasing_priority_weight_strategy.py
[2026-04-26T17:55:39.920+0100] {processor.py:830} INFO - Processing file /Users/malone/data-engineering-pathway/.venv/lib/python3.11/site-packages/airflow/example_dags/plugins/decreasing_priority_weight_strategy.py for tasks to queue
[2026-04-26T17:55:39.920+0100] {logging_mixin.py:188} INFO - [2026-04-26T17:55:39.920+0100] {dagbag.py:545} INFO - Filling up the DagBag from /Users/malone/data-engineering-pathway/.venv/lib/python3.11/site-packages/airflow/example_dags/plugins/decreasing_priority_weight_strategy.py
[2026-04-26T17:55:39.921+0100] {processor.py:842} WARNING - No viable dags retrieved from /Users/malone/data-engineering-pathway/.venv/lib/python3.11/site-packages/airflow/example_dags/plugins/decreasing_priority_weight_strategy.py
[2026-04-26T17:55:39.949+0100] {processor.py:183} INFO - Processing /Users/malone/data-engineering-pathway/.venv/lib/python3.11/site-packages/airflow/example_dags/plugins/decreasing_priority_weight_strategy.py took 0.031 seconds
[2026-04-26T17:56:40.657+0100] {processor.py:161} INFO - Started process (PID=10097) to work on /Users/malone/data-engineering-pathway/.venv/lib/python3.11/site-packages/airflow/example_dags/plugins/decreasing_priority_weight_strategy.py
[2026-04-26T17:56:40.658+0100] {processor.py:830} INFO - Processing file /Users/malone/data-engineering-pathway/.venv/lib/python3.11/site-packages/airflow/example_dags/plugins/decreasing_priority_weight_strategy.py for tasks to queue
[2026-04-26T17:56:40.658+0100] {logging_mixin.py:188} INFO - [2026-04-26T17:56:40.658+0100] {dagbag.py:545} INFO - Filling up the DagBag from /Users/malone/data-engineering-pathway/.venv/lib/python3.11/site-packages/airflow/example_dags/plugins/decreasing_priority_weight_strategy.py
[2026-04-26T17:56:40.659+0100] {processor.py:842} WARNING - No viable dags retrieved from /Users/malone/data-engineering-pathway/.venv/lib/python3.11/site-packages/airflow/example_dags/plugins/decreasing_priority_weight_strategy.py
[2026-04-26T17:56:40.688+0100] {processor.py:183} INFO - Processing /Users/malone/data-engineering-pathway/.venv/lib/python3.11/site-packages/airflow/example_dags/plugins/decreasing_priority_weight_strategy.py took 0.031 seconds
[2026-04-26T17:57:40.283+0100] {processor.py:161} INFO - Started process (PID=10185) to work on /Users/malone/data-engineering-pathway/.venv/lib/python3.11/site-packages/airflow/example_dags/plugins/decreasing_priority_weight_strategy.py
[2026-04-26T17:57:40.284+0100] {processor.py:830} INFO - Processing file /Users/malone/data-engineering-pathway/.venv/lib/python3.11/site-packages/airflow/example_dags/plugins/decreasing_priority_weight_strategy.py for tasks to queue
[2026-04-26T17:57:40.285+0100] {logging_mixin.py:188} INFO - [2026-04-26T17:57:40.285+0100] {dagbag.py:545} INFO - Filling up the DagBag from /Users/malone/data-engineering-pathway/.venv/lib/python3.11/site-packages/airflow/example_dags/plugins/decreasing_priority_weight_strategy.py
[2026-04-26T17:57:40.285+0100] {processor.py:842} WARNING - No viable dags retrieved from /Users/malone/data-engineering-pathway/.venv/lib/python3.11/site-packages/airflow/example_dags/plugins/decreasing_priority_weight_strategy.py
[2026-04-26T17:57:40.315+0100] {processor.py:183} INFO - Processing /Users/malone/data-engineering-pathway/.venv/lib/python3.11/site-packages/airflow/example_dags/plugins/decreasing_priority_weight_strategy.py took 0.033 seconds
[2026-04-26T17:58:33.931+0100] {processor.py:161} INFO - Started process (PID=10271) to work on /Users/malone/data-engineering-pathway/.venv/lib/python3.11/site-packages/airflow/example_dags/plugins/decreasing_priority_weight_strategy.py
[2026-04-26T17:58:33.931+0100] {processor.py:830} INFO - Processing file /Users/malone/data-engineering-pathway/.venv/lib/python3.11/site-packages/airflow/example_dags/plugins/decreasing_priority_weight_strategy.py for tasks to queue
[2026-04-26T17:58:33.932+0100] {logging_mixin.py:188} INFO - [2026-04-26T17:58:33.932+0100] {dagbag.py:545} INFO - Filling up the DagBag from /Users/malone/data-engineering-pathway/.venv/lib/python3.11/site-packages/airflow/example_dags/plugins/decreasing_priority_weight_strategy.py
[2026-04-26T17:58:33.932+0100] {processor.py:842} WARNING - No viable dags retrieved from /Users/malone/data-engineering-pathway/.venv/lib/python3.11/site-packages/airflow/example_dags/plugins/decreasing_priority_weight_strategy.py
[2026-04-26T17:58:33.964+0100] {processor.py:183} INFO - Processing /Users/malone/data-engineering-pathway/.venv/lib/python3.11/site-packages/airflow/example_dags/plugins/decreasing_priority_weight_strategy.py took 0.035 seconds
[2026-04-26T17:59:31.516+0100] {processor.py:161} INFO - Started process (PID=10365) to work on /Users/malone/data-engineering-pathway/.venv/lib/python3.11/site-packages/airflow/example_dags/plugins/decreasing_priority_weight_strategy.py
[2026-04-26T17:59:31.518+0100] {processor.py:830} INFO - Processing file /Users/malone/data-engineering-pathway/.venv/lib/python3.11/site-packages/airflow/example_dags/plugins/decreasing_priority_weight_strategy.py for tasks to queue
[2026-04-26T17:59:31.519+0100] {logging_mixin.py:188} INFO - [2026-04-26T17:59:31.519+0100] {dagbag.py:545} INFO - Filling up the DagBag from /Users/malone/data-engineering-pathway/.venv/lib/python3.11/site-packages/airflow/example_dags/plugins/decreasing_priority_weight_strategy.py
[2026-04-26T17:59:31.519+0100] {processor.py:842} WARNING - No viable dags retrieved from /Users/malone/data-engineering-pathway/.venv/lib/python3.11/site-packages/airflow/example_dags/plugins/decreasing_priority_weight_strategy.py
[2026-04-26T17:59:31.547+0100] {processor.py:183} INFO - Processing /Users/malone/data-engineering-pathway/.venv/lib/python3.11/site-packages/airflow/example_dags/plugins/decreasing_priority_weight_strategy.py took 0.032 seconds
