[2026-04-26T17:38:44.325+0100] {processor.py:161} INFO - Started process (PID=8295) to work on /Users/malone/data-engineering-pathway/.venv/lib/python3.11/site-packages/airflow/example_dags/plugins/event_listener.py
[2026-04-26T17:38:44.325+0100] {processor.py:830} INFO - Processing file /Users/malone/data-engineering-pathway/.venv/lib/python3.11/site-packages/airflow/example_dags/plugins/event_listener.py for tasks to queue
[2026-04-26T17:38:44.325+0100] {logging_mixin.py:188} INFO - [2026-04-26T17:38:44.325+0100] {dagbag.py:545} INFO - Filling up the DagBag from /Users/malone/data-engineering-pathway/.venv/lib/python3.11/site-packages/airflow/example_dags/plugins/event_listener.py
[2026-04-26T17:38:44.326+0100] {processor.py:842} WARNING - No viable dags retrieved from /Users/malone/data-engineering-pathway/.venv/lib/python3.11/site-packages/airflow/example_dags/plugins/event_listener.py
[2026-04-26T17:38:44.353+0100] {processor.py:183} INFO - Processing /Users/malone/data-engineering-pathway/.venv/lib/python3.11/site-packages/airflow/example_dags/plugins/event_listener.py took 0.030 seconds
[2026-04-26T17:40:11.338+0100] {processor.py:161} INFO - Started process (PID=8445) to work on /Users/malone/data-engineering-pathway/.venv/lib/python3.11/site-packages/airflow/example_dags/plugins/event_listener.py
[2026-04-26T17:40:11.339+0100] {processor.py:830} INFO - Processing file /Users/malone/data-engineering-pathway/.venv/lib/python3.11/site-packages/airflow/example_dags/plugins/event_listener.py for tasks to queue
[2026-04-26T17:40:11.339+0100] {logging_mixin.py:188} INFO - [2026-04-26T17:40:11.339+0100] {dagbag.py:545} INFO - Filling up the DagBag from /Users/malone/data-engineering-pathway/.venv/lib/python3.11/site-packages/airflow/example_dags/plugins/event_listener.py
[2026-04-26T17:40:11.340+0100] {processor.py:842} WARNING - No viable dags retrieved from /Users/malone/data-engineering-pathway/.venv/lib/python3.11/site-packages/airflow/example_dags/plugins/event_listener.py
[2026-04-26T17:40:11.367+0100] {processor.py:183} INFO - Processing /Users/malone/data-engineering-pathway/.venv/lib/python3.11/site-packages/airflow/example_dags/plugins/event_listener.py took 0.030 seconds
[2026-04-26T17:41:10.729+0100] {processor.py:161} INFO - Started process (PID=8540) to work on /Users/malone/data-engineering-pathway/.venv/lib/python3.11/site-packages/airflow/example_dags/plugins/event_listener.py
[2026-04-26T17:41:10.730+0100] {processor.py:830} INFO - Processing file /Users/malone/data-engineering-pathway/.venv/lib/python3.11/site-packages/airflow/example_dags/plugins/event_listener.py for tasks to queue
[2026-04-26T17:41:10.730+0100] {logging_mixin.py:188} INFO - [2026-04-26T17:41:10.730+0100] {dagbag.py:545} INFO - Filling up the DagBag from /Users/malone/data-engineering-pathway/.venv/lib/python3.11/site-packages/airflow/example_dags/plugins/event_listener.py
[2026-04-26T17:41:10.730+0100] {processor.py:842} WARNING - No viable dags retrieved from /Users/malone/data-engineering-pathway/.venv/lib/python3.11/site-packages/airflow/example_dags/plugins/event_listener.py
[2026-04-26T17:41:10.759+0100] {processor.py:183} INFO - Processing /Users/malone/data-engineering-pathway/.venv/lib/python3.11/site-packages/airflow/example_dags/plugins/event_listener.py took 0.031 seconds
[2026-04-26T17:42:08.056+0100] {processor.py:161} INFO - Started process (PID=8624) to work on /Users/malone/data-engineering-pathway/.venv/lib/python3.11/site-packages/airflow/example_dags/plugins/event_listener.py
[2026-04-26T17:42:08.057+0100] {processor.py:830} INFO - Processing file /Users/malone/data-engineering-pathway/.venv/lib/python3.11/site-packages/airflow/example_dags/plugins/event_listener.py for tasks to queue
[2026-04-26T17:42:08.057+0100] {logging_mixin.py:188} INFO - [2026-04-26T17:42:08.057+0100] {dagbag.py:545} INFO - Filling up the DagBag from /Users/malone/data-engineering-pathway/.venv/lib/python3.11/site-packages/airflow/example_dags/plugins/event_listener.py
[2026-04-26T17:42:08.057+0100] {processor.py:842} WARNING - No viable dags retrieved from /Users/malone/data-engineering-pathway/.venv/lib/python3.11/site-packages/airflow/example_dags/plugins/event_listener.py
[2026-04-26T17:42:08.089+0100] {processor.py:183} INFO - Processing /Users/malone/data-engineering-pathway/.venv/lib/python3.11/site-packages/airflow/example_dags/plugins/event_listener.py took 0.033 seconds
[2026-04-26T17:43:08.137+0100] {processor.py:161} INFO - Started process (PID=8675) to work on /Users/malone/data-engineering-pathway/.venv/lib/python3.11/site-packages/airflow/example_dags/plugins/event_listener.py
[2026-04-26T17:43:08.138+0100] {processor.py:830} INFO - Processing file /Users/malone/data-engineering-pathway/.venv/lib/python3.11/site-packages/airflow/example_dags/plugins/event_listener.py for tasks to queue
[2026-04-26T17:43:08.138+0100] {logging_mixin.py:188} INFO - [2026-04-26T17:43:08.138+0100] {dagbag.py:545} INFO - Filling up the DagBag from /Users/malone/data-engineering-pathway/.venv/lib/python3.11/site-packages/airflow/example_dags/plugins/event_listener.py
[2026-04-26T17:43:08.139+0100] {processor.py:842} WARNING - No viable dags retrieved from /Users/malone/data-engineering-pathway/.venv/lib/python3.11/site-packages/airflow/example_dags/plugins/event_listener.py
[2026-04-26T17:43:08.169+0100] {processor.py:183} INFO - Processing /Users/malone/data-engineering-pathway/.venv/lib/python3.11/site-packages/airflow/example_dags/plugins/event_listener.py took 0.033 seconds
[2026-04-26T17:44:03.915+0100] {processor.py:161} INFO - Started process (PID=8797) to work on /Users/malone/data-engineering-pathway/.venv/lib/python3.11/site-packages/airflow/example_dags/plugins/event_listener.py
[2026-04-26T17:44:03.916+0100] {processor.py:830} INFO - Processing file /Users/malone/data-engineering-pathway/.venv/lib/python3.11/site-packages/airflow/example_dags/plugins/event_listener.py for tasks to queue
[2026-04-26T17:44:03.916+0100] {logging_mixin.py:188} INFO - [2026-04-26T17:44:03.916+0100] {dagbag.py:545} INFO - Filling up the DagBag from /Users/malone/data-engineering-pathway/.venv/lib/python3.11/site-packages/airflow/example_dags/plugins/event_listener.py
[2026-04-26T17:44:03.917+0100] {processor.py:842} WARNING - No viable dags retrieved from /Users/malone/data-engineering-pathway/.venv/lib/python3.11/site-packages/airflow/example_dags/plugins/event_listener.py
[2026-04-26T17:44:03.944+0100] {processor.py:183} INFO - Processing /Users/malone/data-engineering-pathway/.venv/lib/python3.11/site-packages/airflow/example_dags/plugins/event_listener.py took 0.031 seconds
[2026-04-26T17:44:56.423+0100] {processor.py:161} INFO - Started process (PID=8877) to work on /Users/malone/data-engineering-pathway/.venv/lib/python3.11/site-packages/airflow/example_dags/plugins/event_listener.py
[2026-04-26T17:44:56.423+0100] {processor.py:830} INFO - Processing file /Users/malone/data-engineering-pathway/.venv/lib/python3.11/site-packages/airflow/example_dags/plugins/event_listener.py for tasks to queue
[2026-04-26T17:44:56.424+0100] {logging_mixin.py:188} INFO - [2026-04-26T17:44:56.423+0100] {dagbag.py:545} INFO - Filling up the DagBag from /Users/malone/data-engineering-pathway/.venv/lib/python3.11/site-packages/airflow/example_dags/plugins/event_listener.py
[2026-04-26T17:44:56.424+0100] {processor.py:842} WARNING - No viable dags retrieved from /Users/malone/data-engineering-pathway/.venv/lib/python3.11/site-packages/airflow/example_dags/plugins/event_listener.py
[2026-04-26T17:44:56.452+0100] {processor.py:183} INFO - Processing /Users/malone/data-engineering-pathway/.venv/lib/python3.11/site-packages/airflow/example_dags/plugins/event_listener.py took 0.030 seconds
[2026-04-26T17:45:49.202+0100] {processor.py:161} INFO - Started process (PID=8967) to work on /Users/malone/data-engineering-pathway/.venv/lib/python3.11/site-packages/airflow/example_dags/plugins/event_listener.py
[2026-04-26T17:45:49.203+0100] {processor.py:830} INFO - Processing file /Users/malone/data-engineering-pathway/.venv/lib/python3.11/site-packages/airflow/example_dags/plugins/event_listener.py for tasks to queue
[2026-04-26T17:45:49.203+0100] {logging_mixin.py:188} INFO - [2026-04-26T17:45:49.203+0100] {dagbag.py:545} INFO - Filling up the DagBag from /Users/malone/data-engineering-pathway/.venv/lib/python3.11/site-packages/airflow/example_dags/plugins/event_listener.py
[2026-04-26T17:45:49.204+0100] {processor.py:842} WARNING - No viable dags retrieved from /Users/malone/data-engineering-pathway/.venv/lib/python3.11/site-packages/airflow/example_dags/plugins/event_listener.py
[2026-04-26T17:45:49.232+0100] {processor.py:183} INFO - Processing /Users/malone/data-engineering-pathway/.venv/lib/python3.11/site-packages/airflow/example_dags/plugins/event_listener.py took 0.031 seconds
[2026-04-26T17:46:44.246+0100] {processor.py:161} INFO - Started process (PID=9048) to work on /Users/malone/data-engineering-pathway/.venv/lib/python3.11/site-packages/airflow/example_dags/plugins/event_listener.py
[2026-04-26T17:46:44.246+0100] {processor.py:830} INFO - Processing file /Users/malone/data-engineering-pathway/.venv/lib/python3.11/site-packages/airflow/example_dags/plugins/event_listener.py for tasks to queue
[2026-04-26T17:46:44.246+0100] {logging_mixin.py:188} INFO - [2026-04-26T17:46:44.246+0100] {dagbag.py:545} INFO - Filling up the DagBag from /Users/malone/data-engineering-pathway/.venv/lib/python3.11/site-packages/airflow/example_dags/plugins/event_listener.py
[2026-04-26T17:46:44.247+0100] {processor.py:842} WARNING - No viable dags retrieved from /Users/malone/data-engineering-pathway/.venv/lib/python3.11/site-packages/airflow/example_dags/plugins/event_listener.py
[2026-04-26T17:46:44.276+0100] {processor.py:183} INFO - Processing /Users/malone/data-engineering-pathway/.venv/lib/python3.11/site-packages/airflow/example_dags/plugins/event_listener.py took 0.031 seconds
[2026-04-26T17:47:39.460+0100] {processor.py:161} INFO - Started process (PID=9142) to work on /Users/malone/data-engineering-pathway/.venv/lib/python3.11/site-packages/airflow/example_dags/plugins/event_listener.py
[2026-04-26T17:47:39.461+0100] {processor.py:830} INFO - Processing file /Users/malone/data-engineering-pathway/.venv/lib/python3.11/site-packages/airflow/example_dags/plugins/event_listener.py for tasks to queue
[2026-04-26T17:47:39.462+0100] {logging_mixin.py:188} INFO - [2026-04-26T17:47:39.462+0100] {dagbag.py:545} INFO - Filling up the DagBag from /Users/malone/data-engineering-pathway/.venv/lib/python3.11/site-packages/airflow/example_dags/plugins/event_listener.py
[2026-04-26T17:47:39.462+0100] {processor.py:842} WARNING - No viable dags retrieved from /Users/malone/data-engineering-pathway/.venv/lib/python3.11/site-packages/airflow/example_dags/plugins/event_listener.py
[2026-04-26T17:47:39.492+0100] {processor.py:183} INFO - Processing /Users/malone/data-engineering-pathway/.venv/lib/python3.11/site-packages/airflow/example_dags/plugins/event_listener.py took 0.035 seconds
[2026-04-26T17:48:37.535+0100] {processor.py:161} INFO - Started process (PID=9295) to work on /Users/malone/data-engineering-pathway/.venv/lib/python3.11/site-packages/airflow/example_dags/plugins/event_listener.py
[2026-04-26T17:48:37.536+0100] {processor.py:830} INFO - Processing file /Users/malone/data-engineering-pathway/.venv/lib/python3.11/site-packages/airflow/example_dags/plugins/event_listener.py for tasks to queue
[2026-04-26T17:48:37.536+0100] {logging_mixin.py:188} INFO - [2026-04-26T17:48:37.536+0100] {dagbag.py:545} INFO - Filling up the DagBag from /Users/malone/data-engineering-pathway/.venv/lib/python3.11/site-packages/airflow/example_dags/plugins/event_listener.py
[2026-04-26T17:48:37.536+0100] {processor.py:842} WARNING - No viable dags retrieved from /Users/malone/data-engineering-pathway/.venv/lib/python3.11/site-packages/airflow/example_dags/plugins/event_listener.py
[2026-04-26T17:48:37.565+0100] {processor.py:183} INFO - Processing /Users/malone/data-engineering-pathway/.venv/lib/python3.11/site-packages/airflow/example_dags/plugins/event_listener.py took 0.031 seconds
[2026-04-26T17:49:35.838+0100] {processor.py:161} INFO - Started process (PID=9462) to work on /Users/malone/data-engineering-pathway/.venv/lib/python3.11/site-packages/airflow/example_dags/plugins/event_listener.py
[2026-04-26T17:49:35.839+0100] {processor.py:830} INFO - Processing file /Users/malone/data-engineering-pathway/.venv/lib/python3.11/site-packages/airflow/example_dags/plugins/event_listener.py for tasks to queue
[2026-04-26T17:49:35.839+0100] {logging_mixin.py:188} INFO - [2026-04-26T17:49:35.839+0100] {dagbag.py:545} INFO - Filling up the DagBag from /Users/malone/data-engineering-pathway/.venv/lib/python3.11/site-packages/airflow/example_dags/plugins/event_listener.py
[2026-04-26T17:49:35.840+0100] {processor.py:842} WARNING - No viable dags retrieved from /Users/malone/data-engineering-pathway/.venv/lib/python3.11/site-packages/airflow/example_dags/plugins/event_listener.py
[2026-04-26T17:49:35.868+0100] {processor.py:183} INFO - Processing /Users/malone/data-engineering-pathway/.venv/lib/python3.11/site-packages/airflow/example_dags/plugins/event_listener.py took 0.031 seconds
[2026-04-26T17:50:37.384+0100] {processor.py:161} INFO - Started process (PID=9550) to work on /Users/malone/data-engineering-pathway/.venv/lib/python3.11/site-packages/airflow/example_dags/plugins/event_listener.py
[2026-04-26T17:50:37.385+0100] {processor.py:830} INFO - Processing file /Users/malone/data-engineering-pathway/.venv/lib/python3.11/site-packages/airflow/example_dags/plugins/event_listener.py for tasks to queue
[2026-04-26T17:50:37.386+0100] {logging_mixin.py:188} INFO - [2026-04-26T17:50:37.385+0100] {dagbag.py:545} INFO - Filling up the DagBag from /Users/malone/data-engineering-pathway/.venv/lib/python3.11/site-packages/airflow/example_dags/plugins/event_listener.py
[2026-04-26T17:50:37.386+0100] {processor.py:842} WARNING - No viable dags retrieved from /Users/malone/data-engineering-pathway/.venv/lib/python3.11/site-packages/airflow/example_dags/plugins/event_listener.py
[2026-04-26T17:50:37.415+0100] {processor.py:183} INFO - Processing /Users/malone/data-engineering-pathway/.venv/lib/python3.11/site-packages/airflow/example_dags/plugins/event_listener.py took 0.032 seconds
[2026-04-26T17:51:39.807+0100] {processor.py:161} INFO - Started process (PID=9623) to work on /Users/malone/data-engineering-pathway/.venv/lib/python3.11/site-packages/airflow/example_dags/plugins/event_listener.py
[2026-04-26T17:51:39.807+0100] {processor.py:830} INFO - Processing file /Users/malone/data-engineering-pathway/.venv/lib/python3.11/site-packages/airflow/example_dags/plugins/event_listener.py for tasks to queue
[2026-04-26T17:51:39.808+0100] {logging_mixin.py:188} INFO - [2026-04-26T17:51:39.807+0100] {dagbag.py:545} INFO - Filling up the DagBag from /Users/malone/data-engineering-pathway/.venv/lib/python3.11/site-packages/airflow/example_dags/plugins/event_listener.py
[2026-04-26T17:51:39.808+0100] {processor.py:842} WARNING - No viable dags retrieved from /Users/malone/data-engineering-pathway/.venv/lib/python3.11/site-packages/airflow/example_dags/plugins/event_listener.py
[2026-04-26T17:51:39.837+0100] {processor.py:183} INFO - Processing /Users/malone/data-engineering-pathway/.venv/lib/python3.11/site-packages/airflow/example_dags/plugins/event_listener.py took 0.032 seconds
[2026-04-26T17:52:39.259+0100] {processor.py:161} INFO - Started process (PID=9702) to work on /Users/malone/data-engineering-pathway/.venv/lib/python3.11/site-packages/airflow/example_dags/plugins/event_listener.py
[2026-04-26T17:52:39.260+0100] {processor.py:830} INFO - Processing file /Users/malone/data-engineering-pathway/.venv/lib/python3.11/site-packages/airflow/example_dags/plugins/event_listener.py for tasks to queue
[2026-04-26T17:52:39.260+0100] {logging_mixin.py:188} INFO - [2026-04-26T17:52:39.260+0100] {dagbag.py:545} INFO - Filling up the DagBag from /Users/malone/data-engineering-pathway/.venv/lib/python3.11/site-packages/airflow/example_dags/plugins/event_listener.py
[2026-04-26T17:52:39.260+0100] {processor.py:842} WARNING - No viable dags retrieved from /Users/malone/data-engineering-pathway/.venv/lib/python3.11/site-packages/airflow/example_dags/plugins/event_listener.py
[2026-04-26T17:52:39.288+0100] {processor.py:183} INFO - Processing /Users/malone/data-engineering-pathway/.venv/lib/python3.11/site-packages/airflow/example_dags/plugins/event_listener.py took 0.030 seconds
[2026-04-26T17:53:34.734+0100] {processor.py:161} INFO - Started process (PID=9773) to work on /Users/malone/data-engineering-pathway/.venv/lib/python3.11/site-packages/airflow/example_dags/plugins/event_listener.py
[2026-04-26T17:53:34.734+0100] {processor.py:830} INFO - Processing file /Users/malone/data-engineering-pathway/.venv/lib/python3.11/site-packages/airflow/example_dags/plugins/event_listener.py for tasks to queue
[2026-04-26T17:53:34.734+0100] {logging_mixin.py:188} INFO - [2026-04-26T17:53:34.734+0100] {dagbag.py:545} INFO - Filling up the DagBag from /Users/malone/data-engineering-pathway/.venv/lib/python3.11/site-packages/airflow/example_dags/plugins/event_listener.py
[2026-04-26T17:53:34.735+0100] {processor.py:842} WARNING - No viable dags retrieved from /Users/malone/data-engineering-pathway/.venv/lib/python3.11/site-packages/airflow/example_dags/plugins/event_listener.py
[2026-04-26T17:53:34.762+0100] {processor.py:183} INFO - Processing /Users/malone/data-engineering-pathway/.venv/lib/python3.11/site-packages/airflow/example_dags/plugins/event_listener.py took 0.029 seconds
[2026-04-26T17:54:35.961+0100] {processor.py:161} INFO - Started process (PID=9848) to work on /Users/malone/data-engineering-pathway/.venv/lib/python3.11/site-packages/airflow/example_dags/plugins/event_listener.py
[2026-04-26T17:54:35.962+0100] {processor.py:830} INFO - Processing file /Users/malone/data-engineering-pathway/.venv/lib/python3.11/site-packages/airflow/example_dags/plugins/event_listener.py for tasks to queue
[2026-04-26T17:54:35.962+0100] {logging_mixin.py:188} INFO - [2026-04-26T17:54:35.962+0100] {dagbag.py:545} INFO - Filling up the DagBag from /Users/malone/data-engineering-pathway/.venv/lib/python3.11/site-packages/airflow/example_dags/plugins/event_listener.py
[2026-04-26T17:54:35.963+0100] {processor.py:842} WARNING - No viable dags retrieved from /Users/malone/data-engineering-pathway/.venv/lib/python3.11/site-packages/airflow/example_dags/plugins/event_listener.py
[2026-04-26T17:54:35.991+0100] {processor.py:183} INFO - Processing /Users/malone/data-engineering-pathway/.venv/lib/python3.11/site-packages/airflow/example_dags/plugins/event_listener.py took 0.031 seconds
[2026-04-26T17:55:38.177+0100] {processor.py:161} INFO - Started process (PID=9958) to work on /Users/malone/data-engineering-pathway/.venv/lib/python3.11/site-packages/airflow/example_dags/plugins/event_listener.py
[2026-04-26T17:55:38.177+0100] {processor.py:830} INFO - Processing file /Users/malone/data-engineering-pathway/.venv/lib/python3.11/site-packages/airflow/example_dags/plugins/event_listener.py for tasks to queue
[2026-04-26T17:55:38.178+0100] {logging_mixin.py:188} INFO - [2026-04-26T17:55:38.178+0100] {dagbag.py:545} INFO - Filling up the DagBag from /Users/malone/data-engineering-pathway/.venv/lib/python3.11/site-packages/airflow/example_dags/plugins/event_listener.py
[2026-04-26T17:55:38.178+0100] {processor.py:842} WARNING - No viable dags retrieved from /Users/malone/data-engineering-pathway/.venv/lib/python3.11/site-packages/airflow/example_dags/plugins/event_listener.py
[2026-04-26T17:55:38.207+0100] {processor.py:183} INFO - Processing /Users/malone/data-engineering-pathway/.venv/lib/python3.11/site-packages/airflow/example_dags/plugins/event_listener.py took 0.031 seconds
[2026-04-26T17:56:38.895+0100] {processor.py:161} INFO - Started process (PID=10091) to work on /Users/malone/data-engineering-pathway/.venv/lib/python3.11/site-packages/airflow/example_dags/plugins/event_listener.py
[2026-04-26T17:56:38.895+0100] {processor.py:830} INFO - Processing file /Users/malone/data-engineering-pathway/.venv/lib/python3.11/site-packages/airflow/example_dags/plugins/event_listener.py for tasks to queue
[2026-04-26T17:56:38.895+0100] {logging_mixin.py:188} INFO - [2026-04-26T17:56:38.895+0100] {dagbag.py:545} INFO - Filling up the DagBag from /Users/malone/data-engineering-pathway/.venv/lib/python3.11/site-packages/airflow/example_dags/plugins/event_listener.py
[2026-04-26T17:56:38.896+0100] {processor.py:842} WARNING - No viable dags retrieved from /Users/malone/data-engineering-pathway/.venv/lib/python3.11/site-packages/airflow/example_dags/plugins/event_listener.py
[2026-04-26T17:56:38.924+0100] {processor.py:183} INFO - Processing /Users/malone/data-engineering-pathway/.venv/lib/python3.11/site-packages/airflow/example_dags/plugins/event_listener.py took 0.031 seconds
[2026-04-26T17:57:38.435+0100] {processor.py:161} INFO - Started process (PID=10182) to work on /Users/malone/data-engineering-pathway/.venv/lib/python3.11/site-packages/airflow/example_dags/plugins/event_listener.py
[2026-04-26T17:57:38.436+0100] {processor.py:830} INFO - Processing file /Users/malone/data-engineering-pathway/.venv/lib/python3.11/site-packages/airflow/example_dags/plugins/event_listener.py for tasks to queue
[2026-04-26T17:57:38.436+0100] {logging_mixin.py:188} INFO - [2026-04-26T17:57:38.436+0100] {dagbag.py:545} INFO - Filling up the DagBag from /Users/malone/data-engineering-pathway/.venv/lib/python3.11/site-packages/airflow/example_dags/plugins/event_listener.py
[2026-04-26T17:57:38.437+0100] {processor.py:842} WARNING - No viable dags retrieved from /Users/malone/data-engineering-pathway/.venv/lib/python3.11/site-packages/airflow/example_dags/plugins/event_listener.py
[2026-04-26T17:57:38.466+0100] {processor.py:183} INFO - Processing /Users/malone/data-engineering-pathway/.venv/lib/python3.11/site-packages/airflow/example_dags/plugins/event_listener.py took 0.032 seconds
[2026-04-26T17:58:32.167+0100] {processor.py:161} INFO - Started process (PID=10266) to work on /Users/malone/data-engineering-pathway/.venv/lib/python3.11/site-packages/airflow/example_dags/plugins/event_listener.py
[2026-04-26T17:58:32.168+0100] {processor.py:830} INFO - Processing file /Users/malone/data-engineering-pathway/.venv/lib/python3.11/site-packages/airflow/example_dags/plugins/event_listener.py for tasks to queue
[2026-04-26T17:58:32.168+0100] {logging_mixin.py:188} INFO - [2026-04-26T17:58:32.168+0100] {dagbag.py:545} INFO - Filling up the DagBag from /Users/malone/data-engineering-pathway/.venv/lib/python3.11/site-packages/airflow/example_dags/plugins/event_listener.py
[2026-04-26T17:58:32.169+0100] {processor.py:842} WARNING - No viable dags retrieved from /Users/malone/data-engineering-pathway/.venv/lib/python3.11/site-packages/airflow/example_dags/plugins/event_listener.py
[2026-04-26T17:58:32.197+0100] {processor.py:183} INFO - Processing /Users/malone/data-engineering-pathway/.venv/lib/python3.11/site-packages/airflow/example_dags/plugins/event_listener.py took 0.031 seconds
[2026-04-26T17:59:29.764+0100] {processor.py:161} INFO - Started process (PID=10364) to work on /Users/malone/data-engineering-pathway/.venv/lib/python3.11/site-packages/airflow/example_dags/plugins/event_listener.py
[2026-04-26T17:59:29.765+0100] {processor.py:830} INFO - Processing file /Users/malone/data-engineering-pathway/.venv/lib/python3.11/site-packages/airflow/example_dags/plugins/event_listener.py for tasks to queue
[2026-04-26T17:59:29.765+0100] {logging_mixin.py:188} INFO - [2026-04-26T17:59:29.765+0100] {dagbag.py:545} INFO - Filling up the DagBag from /Users/malone/data-engineering-pathway/.venv/lib/python3.11/site-packages/airflow/example_dags/plugins/event_listener.py
[2026-04-26T17:59:29.766+0100] {processor.py:842} WARNING - No viable dags retrieved from /Users/malone/data-engineering-pathway/.venv/lib/python3.11/site-packages/airflow/example_dags/plugins/event_listener.py
[2026-04-26T17:59:29.796+0100] {processor.py:183} INFO - Processing /Users/malone/data-engineering-pathway/.venv/lib/python3.11/site-packages/airflow/example_dags/plugins/event_listener.py took 0.032 seconds
