[2026-04-26T17:38:42.567+0100] {processor.py:161} INFO - Started process (PID=8290) to work on /Users/malone/data-engineering-pathway/.venv/lib/python3.11/site-packages/airflow/example_dags/plugins/listener_plugin.py
[2026-04-26T17:38:42.568+0100] {processor.py:830} INFO - Processing file /Users/malone/data-engineering-pathway/.venv/lib/python3.11/site-packages/airflow/example_dags/plugins/listener_plugin.py for tasks to queue
[2026-04-26T17:38:42.568+0100] {logging_mixin.py:188} INFO - [2026-04-26T17:38:42.568+0100] {dagbag.py:545} INFO - Filling up the DagBag from /Users/malone/data-engineering-pathway/.venv/lib/python3.11/site-packages/airflow/example_dags/plugins/listener_plugin.py
[2026-04-26T17:38:42.569+0100] {processor.py:842} WARNING - No viable dags retrieved from /Users/malone/data-engineering-pathway/.venv/lib/python3.11/site-packages/airflow/example_dags/plugins/listener_plugin.py
[2026-04-26T17:38:42.597+0100] {processor.py:183} INFO - Processing /Users/malone/data-engineering-pathway/.venv/lib/python3.11/site-packages/airflow/example_dags/plugins/listener_plugin.py took 0.031 seconds
[2026-04-26T17:40:10.428+0100] {processor.py:161} INFO - Started process (PID=8444) to work on /Users/malone/data-engineering-pathway/.venv/lib/python3.11/site-packages/airflow/example_dags/plugins/listener_plugin.py
[2026-04-26T17:40:10.428+0100] {processor.py:830} INFO - Processing file /Users/malone/data-engineering-pathway/.venv/lib/python3.11/site-packages/airflow/example_dags/plugins/listener_plugin.py for tasks to queue
[2026-04-26T17:40:10.428+0100] {logging_mixin.py:188} INFO - [2026-04-26T17:40:10.428+0100] {dagbag.py:545} INFO - Filling up the DagBag from /Users/malone/data-engineering-pathway/.venv/lib/python3.11/site-packages/airflow/example_dags/plugins/listener_plugin.py
[2026-04-26T17:40:10.431+0100] {processor.py:842} WARNING - No viable dags retrieved from /Users/malone/data-engineering-pathway/.venv/lib/python3.11/site-packages/airflow/example_dags/plugins/listener_plugin.py
[2026-04-26T17:40:10.460+0100] {processor.py:183} INFO - Processing /Users/malone/data-engineering-pathway/.venv/lib/python3.11/site-packages/airflow/example_dags/plugins/listener_plugin.py took 0.033 seconds
[2026-04-26T17:41:08.976+0100] {processor.py:161} INFO - Started process (PID=8539) to work on /Users/malone/data-engineering-pathway/.venv/lib/python3.11/site-packages/airflow/example_dags/plugins/listener_plugin.py
[2026-04-26T17:41:08.976+0100] {processor.py:830} INFO - Processing file /Users/malone/data-engineering-pathway/.venv/lib/python3.11/site-packages/airflow/example_dags/plugins/listener_plugin.py for tasks to queue
[2026-04-26T17:41:08.977+0100] {logging_mixin.py:188} INFO - [2026-04-26T17:41:08.977+0100] {dagbag.py:545} INFO - Filling up the DagBag from /Users/malone/data-engineering-pathway/.venv/lib/python3.11/site-packages/airflow/example_dags/plugins/listener_plugin.py
[2026-04-26T17:41:08.978+0100] {processor.py:842} WARNING - No viable dags retrieved from /Users/malone/data-engineering-pathway/.venv/lib/python3.11/site-packages/airflow/example_dags/plugins/listener_plugin.py
[2026-04-26T17:41:09.006+0100] {processor.py:183} INFO - Processing /Users/malone/data-engineering-pathway/.venv/lib/python3.11/site-packages/airflow/example_dags/plugins/listener_plugin.py took 0.031 seconds
[2026-04-26T17:42:06.238+0100] {processor.py:161} INFO - Started process (PID=8621) to work on /Users/malone/data-engineering-pathway/.venv/lib/python3.11/site-packages/airflow/example_dags/plugins/listener_plugin.py
[2026-04-26T17:42:06.241+0100] {processor.py:830} INFO - Processing file /Users/malone/data-engineering-pathway/.venv/lib/python3.11/site-packages/airflow/example_dags/plugins/listener_plugin.py for tasks to queue
[2026-04-26T17:42:06.242+0100] {logging_mixin.py:188} INFO - [2026-04-26T17:42:06.241+0100] {dagbag.py:545} INFO - Filling up the DagBag from /Users/malone/data-engineering-pathway/.venv/lib/python3.11/site-packages/airflow/example_dags/plugins/listener_plugin.py
[2026-04-26T17:42:06.257+0100] {processor.py:842} WARNING - No viable dags retrieved from /Users/malone/data-engineering-pathway/.venv/lib/python3.11/site-packages/airflow/example_dags/plugins/listener_plugin.py
[2026-04-26T17:42:06.285+0100] {processor.py:183} INFO - Processing /Users/malone/data-engineering-pathway/.venv/lib/python3.11/site-packages/airflow/example_dags/plugins/listener_plugin.py took 0.048 seconds
[2026-04-26T17:43:06.310+0100] {processor.py:161} INFO - Started process (PID=8672) to work on /Users/malone/data-engineering-pathway/.venv/lib/python3.11/site-packages/airflow/example_dags/plugins/listener_plugin.py
[2026-04-26T17:43:06.310+0100] {processor.py:830} INFO - Processing file /Users/malone/data-engineering-pathway/.venv/lib/python3.11/site-packages/airflow/example_dags/plugins/listener_plugin.py for tasks to queue
[2026-04-26T17:43:06.310+0100] {logging_mixin.py:188} INFO - [2026-04-26T17:43:06.310+0100] {dagbag.py:545} INFO - Filling up the DagBag from /Users/malone/data-engineering-pathway/.venv/lib/python3.11/site-packages/airflow/example_dags/plugins/listener_plugin.py
[2026-04-26T17:43:06.312+0100] {processor.py:842} WARNING - No viable dags retrieved from /Users/malone/data-engineering-pathway/.venv/lib/python3.11/site-packages/airflow/example_dags/plugins/listener_plugin.py
[2026-04-26T17:43:06.341+0100] {processor.py:183} INFO - Processing /Users/malone/data-engineering-pathway/.venv/lib/python3.11/site-packages/airflow/example_dags/plugins/listener_plugin.py took 0.032 seconds
[2026-04-26T17:44:02.194+0100] {processor.py:161} INFO - Started process (PID=8796) to work on /Users/malone/data-engineering-pathway/.venv/lib/python3.11/site-packages/airflow/example_dags/plugins/listener_plugin.py
[2026-04-26T17:44:02.195+0100] {processor.py:830} INFO - Processing file /Users/malone/data-engineering-pathway/.venv/lib/python3.11/site-packages/airflow/example_dags/plugins/listener_plugin.py for tasks to queue
[2026-04-26T17:44:02.195+0100] {logging_mixin.py:188} INFO - [2026-04-26T17:44:02.195+0100] {dagbag.py:545} INFO - Filling up the DagBag from /Users/malone/data-engineering-pathway/.venv/lib/python3.11/site-packages/airflow/example_dags/plugins/listener_plugin.py
[2026-04-26T17:44:02.197+0100] {processor.py:842} WARNING - No viable dags retrieved from /Users/malone/data-engineering-pathway/.venv/lib/python3.11/site-packages/airflow/example_dags/plugins/listener_plugin.py
[2026-04-26T17:44:02.225+0100] {processor.py:183} INFO - Processing /Users/malone/data-engineering-pathway/.venv/lib/python3.11/site-packages/airflow/example_dags/plugins/listener_plugin.py took 0.031 seconds
[2026-04-26T17:44:54.705+0100] {processor.py:161} INFO - Started process (PID=8872) to work on /Users/malone/data-engineering-pathway/.venv/lib/python3.11/site-packages/airflow/example_dags/plugins/listener_plugin.py
[2026-04-26T17:44:54.706+0100] {processor.py:830} INFO - Processing file /Users/malone/data-engineering-pathway/.venv/lib/python3.11/site-packages/airflow/example_dags/plugins/listener_plugin.py for tasks to queue
[2026-04-26T17:44:54.706+0100] {logging_mixin.py:188} INFO - [2026-04-26T17:44:54.706+0100] {dagbag.py:545} INFO - Filling up the DagBag from /Users/malone/data-engineering-pathway/.venv/lib/python3.11/site-packages/airflow/example_dags/plugins/listener_plugin.py
[2026-04-26T17:44:54.707+0100] {processor.py:842} WARNING - No viable dags retrieved from /Users/malone/data-engineering-pathway/.venv/lib/python3.11/site-packages/airflow/example_dags/plugins/listener_plugin.py
[2026-04-26T17:44:54.735+0100] {processor.py:183} INFO - Processing /Users/malone/data-engineering-pathway/.venv/lib/python3.11/site-packages/airflow/example_dags/plugins/listener_plugin.py took 0.032 seconds
[2026-04-26T17:45:47.474+0100] {processor.py:161} INFO - Started process (PID=8966) to work on /Users/malone/data-engineering-pathway/.venv/lib/python3.11/site-packages/airflow/example_dags/plugins/listener_plugin.py
[2026-04-26T17:45:47.475+0100] {processor.py:830} INFO - Processing file /Users/malone/data-engineering-pathway/.venv/lib/python3.11/site-packages/airflow/example_dags/plugins/listener_plugin.py for tasks to queue
[2026-04-26T17:45:47.475+0100] {logging_mixin.py:188} INFO - [2026-04-26T17:45:47.475+0100] {dagbag.py:545} INFO - Filling up the DagBag from /Users/malone/data-engineering-pathway/.venv/lib/python3.11/site-packages/airflow/example_dags/plugins/listener_plugin.py
[2026-04-26T17:45:47.478+0100] {processor.py:842} WARNING - No viable dags retrieved from /Users/malone/data-engineering-pathway/.venv/lib/python3.11/site-packages/airflow/example_dags/plugins/listener_plugin.py
[2026-04-26T17:45:47.506+0100] {processor.py:183} INFO - Processing /Users/malone/data-engineering-pathway/.venv/lib/python3.11/site-packages/airflow/example_dags/plugins/listener_plugin.py took 0.033 seconds
[2026-04-26T17:46:42.526+0100] {processor.py:161} INFO - Started process (PID=9047) to work on /Users/malone/data-engineering-pathway/.venv/lib/python3.11/site-packages/airflow/example_dags/plugins/listener_plugin.py
[2026-04-26T17:46:42.526+0100] {processor.py:830} INFO - Processing file /Users/malone/data-engineering-pathway/.venv/lib/python3.11/site-packages/airflow/example_dags/plugins/listener_plugin.py for tasks to queue
[2026-04-26T17:46:42.526+0100] {logging_mixin.py:188} INFO - [2026-04-26T17:46:42.526+0100] {dagbag.py:545} INFO - Filling up the DagBag from /Users/malone/data-engineering-pathway/.venv/lib/python3.11/site-packages/airflow/example_dags/plugins/listener_plugin.py
[2026-04-26T17:46:42.528+0100] {processor.py:842} WARNING - No viable dags retrieved from /Users/malone/data-engineering-pathway/.venv/lib/python3.11/site-packages/airflow/example_dags/plugins/listener_plugin.py
[2026-04-26T17:46:42.556+0100] {processor.py:183} INFO - Processing /Users/malone/data-engineering-pathway/.venv/lib/python3.11/site-packages/airflow/example_dags/plugins/listener_plugin.py took 0.032 seconds
[2026-04-26T17:47:37.654+0100] {processor.py:161} INFO - Started process (PID=9140) to work on /Users/malone/data-engineering-pathway/.venv/lib/python3.11/site-packages/airflow/example_dags/plugins/listener_plugin.py
[2026-04-26T17:47:37.655+0100] {processor.py:830} INFO - Processing file /Users/malone/data-engineering-pathway/.venv/lib/python3.11/site-packages/airflow/example_dags/plugins/listener_plugin.py for tasks to queue
[2026-04-26T17:47:37.655+0100] {logging_mixin.py:188} INFO - [2026-04-26T17:47:37.655+0100] {dagbag.py:545} INFO - Filling up the DagBag from /Users/malone/data-engineering-pathway/.venv/lib/python3.11/site-packages/airflow/example_dags/plugins/listener_plugin.py
[2026-04-26T17:47:37.658+0100] {processor.py:842} WARNING - No viable dags retrieved from /Users/malone/data-engineering-pathway/.venv/lib/python3.11/site-packages/airflow/example_dags/plugins/listener_plugin.py
[2026-04-26T17:47:37.687+0100] {processor.py:183} INFO - Processing /Users/malone/data-engineering-pathway/.venv/lib/python3.11/site-packages/airflow/example_dags/plugins/listener_plugin.py took 0.034 seconds
[2026-04-26T17:48:35.764+0100] {processor.py:161} INFO - Started process (PID=9289) to work on /Users/malone/data-engineering-pathway/.venv/lib/python3.11/site-packages/airflow/example_dags/plugins/listener_plugin.py
[2026-04-26T17:48:35.764+0100] {processor.py:830} INFO - Processing file /Users/malone/data-engineering-pathway/.venv/lib/python3.11/site-packages/airflow/example_dags/plugins/listener_plugin.py for tasks to queue
[2026-04-26T17:48:35.765+0100] {logging_mixin.py:188} INFO - [2026-04-26T17:48:35.764+0100] {dagbag.py:545} INFO - Filling up the DagBag from /Users/malone/data-engineering-pathway/.venv/lib/python3.11/site-packages/airflow/example_dags/plugins/listener_plugin.py
[2026-04-26T17:48:35.766+0100] {processor.py:842} WARNING - No viable dags retrieved from /Users/malone/data-engineering-pathway/.venv/lib/python3.11/site-packages/airflow/example_dags/plugins/listener_plugin.py
[2026-04-26T17:48:35.794+0100] {processor.py:183} INFO - Processing /Users/malone/data-engineering-pathway/.venv/lib/python3.11/site-packages/airflow/example_dags/plugins/listener_plugin.py took 0.031 seconds
[2026-04-26T17:49:34.041+0100] {processor.py:161} INFO - Started process (PID=9461) to work on /Users/malone/data-engineering-pathway/.venv/lib/python3.11/site-packages/airflow/example_dags/plugins/listener_plugin.py
[2026-04-26T17:49:34.041+0100] {processor.py:830} INFO - Processing file /Users/malone/data-engineering-pathway/.venv/lib/python3.11/site-packages/airflow/example_dags/plugins/listener_plugin.py for tasks to queue
[2026-04-26T17:49:34.042+0100] {logging_mixin.py:188} INFO - [2026-04-26T17:49:34.042+0100] {dagbag.py:545} INFO - Filling up the DagBag from /Users/malone/data-engineering-pathway/.venv/lib/python3.11/site-packages/airflow/example_dags/plugins/listener_plugin.py
[2026-04-26T17:49:34.045+0100] {processor.py:842} WARNING - No viable dags retrieved from /Users/malone/data-engineering-pathway/.venv/lib/python3.11/site-packages/airflow/example_dags/plugins/listener_plugin.py
[2026-04-26T17:49:34.077+0100] {processor.py:183} INFO - Processing /Users/malone/data-engineering-pathway/.venv/lib/python3.11/site-packages/airflow/example_dags/plugins/listener_plugin.py took 0.038 seconds
[2026-04-26T17:50:35.261+0100] {processor.py:161} INFO - Started process (PID=9547) to work on /Users/malone/data-engineering-pathway/.venv/lib/python3.11/site-packages/airflow/example_dags/plugins/listener_plugin.py
[2026-04-26T17:50:35.263+0100] {processor.py:830} INFO - Processing file /Users/malone/data-engineering-pathway/.venv/lib/python3.11/site-packages/airflow/example_dags/plugins/listener_plugin.py for tasks to queue
[2026-04-26T17:50:35.266+0100] {logging_mixin.py:188} INFO - [2026-04-26T17:50:35.265+0100] {dagbag.py:545} INFO - Filling up the DagBag from /Users/malone/data-engineering-pathway/.venv/lib/python3.11/site-packages/airflow/example_dags/plugins/listener_plugin.py
[2026-04-26T17:50:35.272+0100] {processor.py:842} WARNING - No viable dags retrieved from /Users/malone/data-engineering-pathway/.venv/lib/python3.11/site-packages/airflow/example_dags/plugins/listener_plugin.py
[2026-04-26T17:50:35.336+0100] {processor.py:183} INFO - Processing /Users/malone/data-engineering-pathway/.venv/lib/python3.11/site-packages/airflow/example_dags/plugins/listener_plugin.py took 0.079 seconds
[2026-04-26T17:51:38.064+0100] {processor.py:161} INFO - Started process (PID=9622) to work on /Users/malone/data-engineering-pathway/.venv/lib/python3.11/site-packages/airflow/example_dags/plugins/listener_plugin.py
[2026-04-26T17:51:38.064+0100] {processor.py:830} INFO - Processing file /Users/malone/data-engineering-pathway/.venv/lib/python3.11/site-packages/airflow/example_dags/plugins/listener_plugin.py for tasks to queue
[2026-04-26T17:51:38.065+0100] {logging_mixin.py:188} INFO - [2026-04-26T17:51:38.065+0100] {dagbag.py:545} INFO - Filling up the DagBag from /Users/malone/data-engineering-pathway/.venv/lib/python3.11/site-packages/airflow/example_dags/plugins/listener_plugin.py
[2026-04-26T17:51:38.068+0100] {processor.py:842} WARNING - No viable dags retrieved from /Users/malone/data-engineering-pathway/.venv/lib/python3.11/site-packages/airflow/example_dags/plugins/listener_plugin.py
[2026-04-26T17:51:38.096+0100] {processor.py:183} INFO - Processing /Users/malone/data-engineering-pathway/.venv/lib/python3.11/site-packages/airflow/example_dags/plugins/listener_plugin.py took 0.033 seconds
[2026-04-26T17:52:37.475+0100] {processor.py:161} INFO - Started process (PID=9701) to work on /Users/malone/data-engineering-pathway/.venv/lib/python3.11/site-packages/airflow/example_dags/plugins/listener_plugin.py
[2026-04-26T17:52:37.476+0100] {processor.py:830} INFO - Processing file /Users/malone/data-engineering-pathway/.venv/lib/python3.11/site-packages/airflow/example_dags/plugins/listener_plugin.py for tasks to queue
[2026-04-26T17:52:37.476+0100] {logging_mixin.py:188} INFO - [2026-04-26T17:52:37.476+0100] {dagbag.py:545} INFO - Filling up the DagBag from /Users/malone/data-engineering-pathway/.venv/lib/python3.11/site-packages/airflow/example_dags/plugins/listener_plugin.py
[2026-04-26T17:52:37.478+0100] {processor.py:842} WARNING - No viable dags retrieved from /Users/malone/data-engineering-pathway/.venv/lib/python3.11/site-packages/airflow/example_dags/plugins/listener_plugin.py
[2026-04-26T17:52:37.508+0100] {processor.py:183} INFO - Processing /Users/malone/data-engineering-pathway/.venv/lib/python3.11/site-packages/airflow/example_dags/plugins/listener_plugin.py took 0.035 seconds
[2026-04-26T17:53:33.840+0100] {processor.py:161} INFO - Started process (PID=9772) to work on /Users/malone/data-engineering-pathway/.venv/lib/python3.11/site-packages/airflow/example_dags/plugins/listener_plugin.py
[2026-04-26T17:53:33.841+0100] {processor.py:830} INFO - Processing file /Users/malone/data-engineering-pathway/.venv/lib/python3.11/site-packages/airflow/example_dags/plugins/listener_plugin.py for tasks to queue
[2026-04-26T17:53:33.841+0100] {logging_mixin.py:188} INFO - [2026-04-26T17:53:33.841+0100] {dagbag.py:545} INFO - Filling up the DagBag from /Users/malone/data-engineering-pathway/.venv/lib/python3.11/site-packages/airflow/example_dags/plugins/listener_plugin.py
[2026-04-26T17:53:33.843+0100] {processor.py:842} WARNING - No viable dags retrieved from /Users/malone/data-engineering-pathway/.venv/lib/python3.11/site-packages/airflow/example_dags/plugins/listener_plugin.py
[2026-04-26T17:53:33.870+0100] {processor.py:183} INFO - Processing /Users/malone/data-engineering-pathway/.venv/lib/python3.11/site-packages/airflow/example_dags/plugins/listener_plugin.py took 0.031 seconds
[2026-04-26T17:54:34.731+0100] {processor.py:161} INFO - Started process (PID=9847) to work on /Users/malone/data-engineering-pathway/.venv/lib/python3.11/site-packages/airflow/example_dags/plugins/listener_plugin.py
[2026-04-26T17:54:34.732+0100] {processor.py:830} INFO - Processing file /Users/malone/data-engineering-pathway/.venv/lib/python3.11/site-packages/airflow/example_dags/plugins/listener_plugin.py for tasks to queue
[2026-04-26T17:54:34.733+0100] {logging_mixin.py:188} INFO - [2026-04-26T17:54:34.733+0100] {dagbag.py:545} INFO - Filling up the DagBag from /Users/malone/data-engineering-pathway/.venv/lib/python3.11/site-packages/airflow/example_dags/plugins/listener_plugin.py
[2026-04-26T17:54:34.734+0100] {processor.py:842} WARNING - No viable dags retrieved from /Users/malone/data-engineering-pathway/.venv/lib/python3.11/site-packages/airflow/example_dags/plugins/listener_plugin.py
[2026-04-26T17:54:34.762+0100] {processor.py:183} INFO - Processing /Users/malone/data-engineering-pathway/.venv/lib/python3.11/site-packages/airflow/example_dags/plugins/listener_plugin.py took 0.032 seconds
[2026-04-26T17:55:36.413+0100] {processor.py:161} INFO - Started process (PID=9957) to work on /Users/malone/data-engineering-pathway/.venv/lib/python3.11/site-packages/airflow/example_dags/plugins/listener_plugin.py
[2026-04-26T17:55:36.413+0100] {processor.py:830} INFO - Processing file /Users/malone/data-engineering-pathway/.venv/lib/python3.11/site-packages/airflow/example_dags/plugins/listener_plugin.py for tasks to queue
[2026-04-26T17:55:36.414+0100] {logging_mixin.py:188} INFO - [2026-04-26T17:55:36.414+0100] {dagbag.py:545} INFO - Filling up the DagBag from /Users/malone/data-engineering-pathway/.venv/lib/python3.11/site-packages/airflow/example_dags/plugins/listener_plugin.py
[2026-04-26T17:55:36.421+0100] {processor.py:842} WARNING - No viable dags retrieved from /Users/malone/data-engineering-pathway/.venv/lib/python3.11/site-packages/airflow/example_dags/plugins/listener_plugin.py
[2026-04-26T17:55:36.450+0100] {processor.py:183} INFO - Processing /Users/malone/data-engineering-pathway/.venv/lib/python3.11/site-packages/airflow/example_dags/plugins/listener_plugin.py took 0.038 seconds
[2026-04-26T17:56:37.747+0100] {processor.py:161} INFO - Started process (PID=10090) to work on /Users/malone/data-engineering-pathway/.venv/lib/python3.11/site-packages/airflow/example_dags/plugins/listener_plugin.py
[2026-04-26T17:56:37.747+0100] {processor.py:830} INFO - Processing file /Users/malone/data-engineering-pathway/.venv/lib/python3.11/site-packages/airflow/example_dags/plugins/listener_plugin.py for tasks to queue
[2026-04-26T17:56:37.748+0100] {logging_mixin.py:188} INFO - [2026-04-26T17:56:37.748+0100] {dagbag.py:545} INFO - Filling up the DagBag from /Users/malone/data-engineering-pathway/.venv/lib/python3.11/site-packages/airflow/example_dags/plugins/listener_plugin.py
[2026-04-26T17:56:37.749+0100] {processor.py:842} WARNING - No viable dags retrieved from /Users/malone/data-engineering-pathway/.venv/lib/python3.11/site-packages/airflow/example_dags/plugins/listener_plugin.py
[2026-04-26T17:56:37.781+0100] {processor.py:183} INFO - Processing /Users/malone/data-engineering-pathway/.venv/lib/python3.11/site-packages/airflow/example_dags/plugins/listener_plugin.py took 0.035 seconds
[2026-04-26T17:57:36.646+0100] {processor.py:161} INFO - Started process (PID=10179) to work on /Users/malone/data-engineering-pathway/.venv/lib/python3.11/site-packages/airflow/example_dags/plugins/listener_plugin.py
[2026-04-26T17:57:36.646+0100] {processor.py:830} INFO - Processing file /Users/malone/data-engineering-pathway/.venv/lib/python3.11/site-packages/airflow/example_dags/plugins/listener_plugin.py for tasks to queue
[2026-04-26T17:57:36.646+0100] {logging_mixin.py:188} INFO - [2026-04-26T17:57:36.646+0100] {dagbag.py:545} INFO - Filling up the DagBag from /Users/malone/data-engineering-pathway/.venv/lib/python3.11/site-packages/airflow/example_dags/plugins/listener_plugin.py
[2026-04-26T17:57:36.649+0100] {processor.py:842} WARNING - No viable dags retrieved from /Users/malone/data-engineering-pathway/.venv/lib/python3.11/site-packages/airflow/example_dags/plugins/listener_plugin.py
[2026-04-26T17:57:36.678+0100] {processor.py:183} INFO - Processing /Users/malone/data-engineering-pathway/.venv/lib/python3.11/site-packages/airflow/example_dags/plugins/listener_plugin.py took 0.034 seconds
[2026-04-26T17:58:30.415+0100] {processor.py:161} INFO - Started process (PID=10265) to work on /Users/malone/data-engineering-pathway/.venv/lib/python3.11/site-packages/airflow/example_dags/plugins/listener_plugin.py
[2026-04-26T17:58:30.416+0100] {processor.py:830} INFO - Processing file /Users/malone/data-engineering-pathway/.venv/lib/python3.11/site-packages/airflow/example_dags/plugins/listener_plugin.py for tasks to queue
[2026-04-26T17:58:30.416+0100] {logging_mixin.py:188} INFO - [2026-04-26T17:58:30.416+0100] {dagbag.py:545} INFO - Filling up the DagBag from /Users/malone/data-engineering-pathway/.venv/lib/python3.11/site-packages/airflow/example_dags/plugins/listener_plugin.py
[2026-04-26T17:58:30.417+0100] {processor.py:842} WARNING - No viable dags retrieved from /Users/malone/data-engineering-pathway/.venv/lib/python3.11/site-packages/airflow/example_dags/plugins/listener_plugin.py
[2026-04-26T17:58:30.445+0100] {processor.py:183} INFO - Processing /Users/malone/data-engineering-pathway/.venv/lib/python3.11/site-packages/airflow/example_dags/plugins/listener_plugin.py took 0.031 seconds
[2026-04-26T17:59:27.998+0100] {processor.py:161} INFO - Started process (PID=10359) to work on /Users/malone/data-engineering-pathway/.venv/lib/python3.11/site-packages/airflow/example_dags/plugins/listener_plugin.py
[2026-04-26T17:59:27.999+0100] {processor.py:830} INFO - Processing file /Users/malone/data-engineering-pathway/.venv/lib/python3.11/site-packages/airflow/example_dags/plugins/listener_plugin.py for tasks to queue
[2026-04-26T17:59:27.999+0100] {logging_mixin.py:188} INFO - [2026-04-26T17:59:27.999+0100] {dagbag.py:545} INFO - Filling up the DagBag from /Users/malone/data-engineering-pathway/.venv/lib/python3.11/site-packages/airflow/example_dags/plugins/listener_plugin.py
[2026-04-26T17:59:28.002+0100] {processor.py:842} WARNING - No viable dags retrieved from /Users/malone/data-engineering-pathway/.venv/lib/python3.11/site-packages/airflow/example_dags/plugins/listener_plugin.py
[2026-04-26T17:59:28.031+0100] {processor.py:183} INFO - Processing /Users/malone/data-engineering-pathway/.venv/lib/python3.11/site-packages/airflow/example_dags/plugins/listener_plugin.py took 0.034 seconds
