[2026-04-26T17:38:40.486+0100] {processor.py:161} INFO - Started process (PID=8289) to work on /Users/malone/data-engineering-pathway/.venv/lib/python3.11/site-packages/airflow/example_dags/plugins/workday.py
[2026-04-26T17:38:40.486+0100] {processor.py:830} INFO - Processing file /Users/malone/data-engineering-pathway/.venv/lib/python3.11/site-packages/airflow/example_dags/plugins/workday.py for tasks to queue
[2026-04-26T17:38:40.486+0100] {logging_mixin.py:188} INFO - [2026-04-26T17:38:40.486+0100] {dagbag.py:545} INFO - Filling up the DagBag from /Users/malone/data-engineering-pathway/.venv/lib/python3.11/site-packages/airflow/example_dags/plugins/workday.py
[2026-04-26T17:38:40.762+0100] {processor.py:842} WARNING - No viable dags retrieved from /Users/malone/data-engineering-pathway/.venv/lib/python3.11/site-packages/airflow/example_dags/plugins/workday.py
[2026-04-26T17:38:40.790+0100] {processor.py:183} INFO - Processing /Users/malone/data-engineering-pathway/.venv/lib/python3.11/site-packages/airflow/example_dags/plugins/workday.py took 0.305 seconds
[2026-04-26T17:40:08.390+0100] {processor.py:161} INFO - Started process (PID=8439) to work on /Users/malone/data-engineering-pathway/.venv/lib/python3.11/site-packages/airflow/example_dags/plugins/workday.py
[2026-04-26T17:40:08.390+0100] {processor.py:830} INFO - Processing file /Users/malone/data-engineering-pathway/.venv/lib/python3.11/site-packages/airflow/example_dags/plugins/workday.py for tasks to queue
[2026-04-26T17:40:08.390+0100] {logging_mixin.py:188} INFO - [2026-04-26T17:40:08.390+0100] {dagbag.py:545} INFO - Filling up the DagBag from /Users/malone/data-engineering-pathway/.venv/lib/python3.11/site-packages/airflow/example_dags/plugins/workday.py
[2026-04-26T17:40:08.676+0100] {processor.py:842} WARNING - No viable dags retrieved from /Users/malone/data-engineering-pathway/.venv/lib/python3.11/site-packages/airflow/example_dags/plugins/workday.py
[2026-04-26T17:40:08.703+0100] {processor.py:183} INFO - Processing /Users/malone/data-engineering-pathway/.venv/lib/python3.11/site-packages/airflow/example_dags/plugins/workday.py took 0.315 seconds
[2026-04-26T17:41:06.919+0100] {processor.py:161} INFO - Started process (PID=8534) to work on /Users/malone/data-engineering-pathway/.venv/lib/python3.11/site-packages/airflow/example_dags/plugins/workday.py
[2026-04-26T17:41:06.921+0100] {processor.py:830} INFO - Processing file /Users/malone/data-engineering-pathway/.venv/lib/python3.11/site-packages/airflow/example_dags/plugins/workday.py for tasks to queue
[2026-04-26T17:41:06.921+0100] {logging_mixin.py:188} INFO - [2026-04-26T17:41:06.921+0100] {dagbag.py:545} INFO - Filling up the DagBag from /Users/malone/data-engineering-pathway/.venv/lib/python3.11/site-packages/airflow/example_dags/plugins/workday.py
[2026-04-26T17:41:07.199+0100] {processor.py:842} WARNING - No viable dags retrieved from /Users/malone/data-engineering-pathway/.venv/lib/python3.11/site-packages/airflow/example_dags/plugins/workday.py
[2026-04-26T17:41:07.226+0100] {processor.py:183} INFO - Processing /Users/malone/data-engineering-pathway/.venv/lib/python3.11/site-packages/airflow/example_dags/plugins/workday.py took 0.308 seconds
[2026-04-26T17:42:04.137+0100] {processor.py:161} INFO - Started process (PID=8616) to work on /Users/malone/data-engineering-pathway/.venv/lib/python3.11/site-packages/airflow/example_dags/plugins/workday.py
[2026-04-26T17:42:04.138+0100] {processor.py:830} INFO - Processing file /Users/malone/data-engineering-pathway/.venv/lib/python3.11/site-packages/airflow/example_dags/plugins/workday.py for tasks to queue
[2026-04-26T17:42:04.138+0100] {logging_mixin.py:188} INFO - [2026-04-26T17:42:04.138+0100] {dagbag.py:545} INFO - Filling up the DagBag from /Users/malone/data-engineering-pathway/.venv/lib/python3.11/site-packages/airflow/example_dags/plugins/workday.py
[2026-04-26T17:42:04.420+0100] {processor.py:842} WARNING - No viable dags retrieved from /Users/malone/data-engineering-pathway/.venv/lib/python3.11/site-packages/airflow/example_dags/plugins/workday.py
[2026-04-26T17:42:04.447+0100] {processor.py:183} INFO - Processing /Users/malone/data-engineering-pathway/.venv/lib/python3.11/site-packages/airflow/example_dags/plugins/workday.py took 0.311 seconds
[2026-04-26T17:43:04.119+0100] {processor.py:161} INFO - Started process (PID=8671) to work on /Users/malone/data-engineering-pathway/.venv/lib/python3.11/site-packages/airflow/example_dags/plugins/workday.py
[2026-04-26T17:43:04.120+0100] {processor.py:830} INFO - Processing file /Users/malone/data-engineering-pathway/.venv/lib/python3.11/site-packages/airflow/example_dags/plugins/workday.py for tasks to queue
[2026-04-26T17:43:04.120+0100] {logging_mixin.py:188} INFO - [2026-04-26T17:43:04.120+0100] {dagbag.py:545} INFO - Filling up the DagBag from /Users/malone/data-engineering-pathway/.venv/lib/python3.11/site-packages/airflow/example_dags/plugins/workday.py
[2026-04-26T17:43:04.460+0100] {processor.py:842} WARNING - No viable dags retrieved from /Users/malone/data-engineering-pathway/.venv/lib/python3.11/site-packages/airflow/example_dags/plugins/workday.py
[2026-04-26T17:43:04.487+0100] {processor.py:183} INFO - Processing /Users/malone/data-engineering-pathway/.venv/lib/python3.11/site-packages/airflow/example_dags/plugins/workday.py took 0.370 seconds
[2026-04-26T17:43:59.771+0100] {processor.py:161} INFO - Started process (PID=8791) to work on /Users/malone/data-engineering-pathway/.venv/lib/python3.11/site-packages/airflow/example_dags/plugins/workday.py
[2026-04-26T17:43:59.772+0100] {processor.py:830} INFO - Processing file /Users/malone/data-engineering-pathway/.venv/lib/python3.11/site-packages/airflow/example_dags/plugins/workday.py for tasks to queue
[2026-04-26T17:43:59.773+0100] {logging_mixin.py:188} INFO - [2026-04-26T17:43:59.772+0100] {dagbag.py:545} INFO - Filling up the DagBag from /Users/malone/data-engineering-pathway/.venv/lib/python3.11/site-packages/airflow/example_dags/plugins/workday.py
[2026-04-26T17:44:00.402+0100] {processor.py:842} WARNING - No viable dags retrieved from /Users/malone/data-engineering-pathway/.venv/lib/python3.11/site-packages/airflow/example_dags/plugins/workday.py
[2026-04-26T17:44:00.430+0100] {processor.py:183} INFO - Processing /Users/malone/data-engineering-pathway/.venv/lib/python3.11/site-packages/airflow/example_dags/plugins/workday.py took 0.660 seconds
[2026-04-26T17:44:53.654+0100] {processor.py:161} INFO - Started process (PID=8871) to work on /Users/malone/data-engineering-pathway/.venv/lib/python3.11/site-packages/airflow/example_dags/plugins/workday.py
[2026-04-26T17:44:53.655+0100] {processor.py:830} INFO - Processing file /Users/malone/data-engineering-pathway/.venv/lib/python3.11/site-packages/airflow/example_dags/plugins/workday.py for tasks to queue
[2026-04-26T17:44:53.656+0100] {logging_mixin.py:188} INFO - [2026-04-26T17:44:53.655+0100] {dagbag.py:545} INFO - Filling up the DagBag from /Users/malone/data-engineering-pathway/.venv/lib/python3.11/site-packages/airflow/example_dags/plugins/workday.py
[2026-04-26T17:44:53.934+0100] {processor.py:842} WARNING - No viable dags retrieved from /Users/malone/data-engineering-pathway/.venv/lib/python3.11/site-packages/airflow/example_dags/plugins/workday.py
[2026-04-26T17:44:53.962+0100] {processor.py:183} INFO - Processing /Users/malone/data-engineering-pathway/.venv/lib/python3.11/site-packages/airflow/example_dags/plugins/workday.py took 0.309 seconds
[2026-04-26T17:45:45.423+0100] {processor.py:161} INFO - Started process (PID=8961) to work on /Users/malone/data-engineering-pathway/.venv/lib/python3.11/site-packages/airflow/example_dags/plugins/workday.py
[2026-04-26T17:45:45.424+0100] {processor.py:830} INFO - Processing file /Users/malone/data-engineering-pathway/.venv/lib/python3.11/site-packages/airflow/example_dags/plugins/workday.py for tasks to queue
[2026-04-26T17:45:45.424+0100] {logging_mixin.py:188} INFO - [2026-04-26T17:45:45.424+0100] {dagbag.py:545} INFO - Filling up the DagBag from /Users/malone/data-engineering-pathway/.venv/lib/python3.11/site-packages/airflow/example_dags/plugins/workday.py
[2026-04-26T17:45:45.702+0100] {processor.py:842} WARNING - No viable dags retrieved from /Users/malone/data-engineering-pathway/.venv/lib/python3.11/site-packages/airflow/example_dags/plugins/workday.py
[2026-04-26T17:45:45.731+0100] {processor.py:183} INFO - Processing /Users/malone/data-engineering-pathway/.venv/lib/python3.11/site-packages/airflow/example_dags/plugins/workday.py took 0.309 seconds
[2026-04-26T17:46:40.474+0100] {processor.py:161} INFO - Started process (PID=9042) to work on /Users/malone/data-engineering-pathway/.venv/lib/python3.11/site-packages/airflow/example_dags/plugins/workday.py
[2026-04-26T17:46:40.475+0100] {processor.py:830} INFO - Processing file /Users/malone/data-engineering-pathway/.venv/lib/python3.11/site-packages/airflow/example_dags/plugins/workday.py for tasks to queue
[2026-04-26T17:46:40.475+0100] {logging_mixin.py:188} INFO - [2026-04-26T17:46:40.475+0100] {dagbag.py:545} INFO - Filling up the DagBag from /Users/malone/data-engineering-pathway/.venv/lib/python3.11/site-packages/airflow/example_dags/plugins/workday.py
[2026-04-26T17:46:40.755+0100] {processor.py:842} WARNING - No viable dags retrieved from /Users/malone/data-engineering-pathway/.venv/lib/python3.11/site-packages/airflow/example_dags/plugins/workday.py
[2026-04-26T17:46:40.784+0100] {processor.py:183} INFO - Processing /Users/malone/data-engineering-pathway/.venv/lib/python3.11/site-packages/airflow/example_dags/plugins/workday.py took 0.310 seconds
[2026-04-26T17:47:35.574+0100] {processor.py:161} INFO - Started process (PID=9135) to work on /Users/malone/data-engineering-pathway/.venv/lib/python3.11/site-packages/airflow/example_dags/plugins/workday.py
[2026-04-26T17:47:35.575+0100] {processor.py:830} INFO - Processing file /Users/malone/data-engineering-pathway/.venv/lib/python3.11/site-packages/airflow/example_dags/plugins/workday.py for tasks to queue
[2026-04-26T17:47:35.575+0100] {logging_mixin.py:188} INFO - [2026-04-26T17:47:35.575+0100] {dagbag.py:545} INFO - Filling up the DagBag from /Users/malone/data-engineering-pathway/.venv/lib/python3.11/site-packages/airflow/example_dags/plugins/workday.py
[2026-04-26T17:47:35.859+0100] {processor.py:842} WARNING - No viable dags retrieved from /Users/malone/data-engineering-pathway/.venv/lib/python3.11/site-packages/airflow/example_dags/plugins/workday.py
[2026-04-26T17:47:35.886+0100] {processor.py:183} INFO - Processing /Users/malone/data-engineering-pathway/.venv/lib/python3.11/site-packages/airflow/example_dags/plugins/workday.py took 0.314 seconds
[2026-04-26T17:48:34.100+0100] {processor.py:161} INFO - Started process (PID=9286) to work on /Users/malone/data-engineering-pathway/.venv/lib/python3.11/site-packages/airflow/example_dags/plugins/workday.py
[2026-04-26T17:48:34.101+0100] {processor.py:830} INFO - Processing file /Users/malone/data-engineering-pathway/.venv/lib/python3.11/site-packages/airflow/example_dags/plugins/workday.py for tasks to queue
[2026-04-26T17:48:34.101+0100] {logging_mixin.py:188} INFO - [2026-04-26T17:48:34.101+0100] {dagbag.py:545} INFO - Filling up the DagBag from /Users/malone/data-engineering-pathway/.venv/lib/python3.11/site-packages/airflow/example_dags/plugins/workday.py
[2026-04-26T17:48:34.380+0100] {processor.py:842} WARNING - No viable dags retrieved from /Users/malone/data-engineering-pathway/.venv/lib/python3.11/site-packages/airflow/example_dags/plugins/workday.py
[2026-04-26T17:48:34.409+0100] {processor.py:183} INFO - Processing /Users/malone/data-engineering-pathway/.venv/lib/python3.11/site-packages/airflow/example_dags/plugins/workday.py took 0.309 seconds
[2026-04-26T17:49:31.220+0100] {processor.py:161} INFO - Started process (PID=9456) to work on /Users/malone/data-engineering-pathway/.venv/lib/python3.11/site-packages/airflow/example_dags/plugins/workday.py
[2026-04-26T17:49:31.221+0100] {processor.py:830} INFO - Processing file /Users/malone/data-engineering-pathway/.venv/lib/python3.11/site-packages/airflow/example_dags/plugins/workday.py for tasks to queue
[2026-04-26T17:49:31.221+0100] {logging_mixin.py:188} INFO - [2026-04-26T17:49:31.221+0100] {dagbag.py:545} INFO - Filling up the DagBag from /Users/malone/data-engineering-pathway/.venv/lib/python3.11/site-packages/airflow/example_dags/plugins/workday.py
[2026-04-26T17:49:32.011+0100] {processor.py:842} WARNING - No viable dags retrieved from /Users/malone/data-engineering-pathway/.venv/lib/python3.11/site-packages/airflow/example_dags/plugins/workday.py
[2026-04-26T17:49:32.041+0100] {processor.py:183} INFO - Processing /Users/malone/data-engineering-pathway/.venv/lib/python3.11/site-packages/airflow/example_dags/plugins/workday.py took 0.822 seconds
[2026-04-26T17:50:32.617+0100] {processor.py:161} INFO - Started process (PID=9539) to work on /Users/malone/data-engineering-pathway/.venv/lib/python3.11/site-packages/airflow/example_dags/plugins/workday.py
[2026-04-26T17:50:32.618+0100] {processor.py:830} INFO - Processing file /Users/malone/data-engineering-pathway/.venv/lib/python3.11/site-packages/airflow/example_dags/plugins/workday.py for tasks to queue
[2026-04-26T17:50:32.618+0100] {logging_mixin.py:188} INFO - [2026-04-26T17:50:32.618+0100] {dagbag.py:545} INFO - Filling up the DagBag from /Users/malone/data-engineering-pathway/.venv/lib/python3.11/site-packages/airflow/example_dags/plugins/workday.py
[2026-04-26T17:50:33.314+0100] {processor.py:842} WARNING - No viable dags retrieved from /Users/malone/data-engineering-pathway/.venv/lib/python3.11/site-packages/airflow/example_dags/plugins/workday.py
[2026-04-26T17:50:33.348+0100] {processor.py:183} INFO - Processing /Users/malone/data-engineering-pathway/.venv/lib/python3.11/site-packages/airflow/example_dags/plugins/workday.py took 0.735 seconds
[2026-04-26T17:51:35.703+0100] {processor.py:161} INFO - Started process (PID=9621) to work on /Users/malone/data-engineering-pathway/.venv/lib/python3.11/site-packages/airflow/example_dags/plugins/workday.py
[2026-04-26T17:51:35.704+0100] {processor.py:830} INFO - Processing file /Users/malone/data-engineering-pathway/.venv/lib/python3.11/site-packages/airflow/example_dags/plugins/workday.py for tasks to queue
[2026-04-26T17:51:35.704+0100] {logging_mixin.py:188} INFO - [2026-04-26T17:51:35.704+0100] {dagbag.py:545} INFO - Filling up the DagBag from /Users/malone/data-engineering-pathway/.venv/lib/python3.11/site-packages/airflow/example_dags/plugins/workday.py
[2026-04-26T17:51:36.317+0100] {processor.py:842} WARNING - No viable dags retrieved from /Users/malone/data-engineering-pathway/.venv/lib/python3.11/site-packages/airflow/example_dags/plugins/workday.py
[2026-04-26T17:51:36.344+0100] {processor.py:183} INFO - Processing /Users/malone/data-engineering-pathway/.venv/lib/python3.11/site-packages/airflow/example_dags/plugins/workday.py took 0.643 seconds
[2026-04-26T17:52:35.130+0100] {processor.py:161} INFO - Started process (PID=9690) to work on /Users/malone/data-engineering-pathway/.venv/lib/python3.11/site-packages/airflow/example_dags/plugins/workday.py
[2026-04-26T17:52:35.130+0100] {processor.py:830} INFO - Processing file /Users/malone/data-engineering-pathway/.venv/lib/python3.11/site-packages/airflow/example_dags/plugins/workday.py for tasks to queue
[2026-04-26T17:52:35.131+0100] {logging_mixin.py:188} INFO - [2026-04-26T17:52:35.131+0100] {dagbag.py:545} INFO - Filling up the DagBag from /Users/malone/data-engineering-pathway/.venv/lib/python3.11/site-packages/airflow/example_dags/plugins/workday.py
[2026-04-26T17:52:35.441+0100] {processor.py:842} WARNING - No viable dags retrieved from /Users/malone/data-engineering-pathway/.venv/lib/python3.11/site-packages/airflow/example_dags/plugins/workday.py
[2026-04-26T17:52:35.471+0100] {processor.py:183} INFO - Processing /Users/malone/data-engineering-pathway/.venv/lib/python3.11/site-packages/airflow/example_dags/plugins/workday.py took 0.342 seconds
[2026-04-26T17:53:32.534+0100] {processor.py:161} INFO - Started process (PID=9769) to work on /Users/malone/data-engineering-pathway/.venv/lib/python3.11/site-packages/airflow/example_dags/plugins/workday.py
[2026-04-26T17:53:32.534+0100] {processor.py:830} INFO - Processing file /Users/malone/data-engineering-pathway/.venv/lib/python3.11/site-packages/airflow/example_dags/plugins/workday.py for tasks to queue
[2026-04-26T17:53:32.535+0100] {logging_mixin.py:188} INFO - [2026-04-26T17:53:32.535+0100] {dagbag.py:545} INFO - Filling up the DagBag from /Users/malone/data-engineering-pathway/.venv/lib/python3.11/site-packages/airflow/example_dags/plugins/workday.py
[2026-04-26T17:53:32.828+0100] {processor.py:842} WARNING - No viable dags retrieved from /Users/malone/data-engineering-pathway/.venv/lib/python3.11/site-packages/airflow/example_dags/plugins/workday.py
[2026-04-26T17:53:32.856+0100] {processor.py:183} INFO - Processing /Users/malone/data-engineering-pathway/.venv/lib/python3.11/site-packages/airflow/example_dags/plugins/workday.py took 0.324 seconds
[2026-04-26T17:54:32.664+0100] {processor.py:161} INFO - Started process (PID=9846) to work on /Users/malone/data-engineering-pathway/.venv/lib/python3.11/site-packages/airflow/example_dags/plugins/workday.py
[2026-04-26T17:54:32.665+0100] {processor.py:830} INFO - Processing file /Users/malone/data-engineering-pathway/.venv/lib/python3.11/site-packages/airflow/example_dags/plugins/workday.py for tasks to queue
[2026-04-26T17:54:32.665+0100] {logging_mixin.py:188} INFO - [2026-04-26T17:54:32.665+0100] {dagbag.py:545} INFO - Filling up the DagBag from /Users/malone/data-engineering-pathway/.venv/lib/python3.11/site-packages/airflow/example_dags/plugins/workday.py
[2026-04-26T17:54:32.953+0100] {processor.py:842} WARNING - No viable dags retrieved from /Users/malone/data-engineering-pathway/.venv/lib/python3.11/site-packages/airflow/example_dags/plugins/workday.py
[2026-04-26T17:54:32.981+0100] {processor.py:183} INFO - Processing /Users/malone/data-engineering-pathway/.venv/lib/python3.11/site-packages/airflow/example_dags/plugins/workday.py took 0.318 seconds
[2026-04-26T17:55:34.113+0100] {processor.py:161} INFO - Started process (PID=9956) to work on /Users/malone/data-engineering-pathway/.venv/lib/python3.11/site-packages/airflow/example_dags/plugins/workday.py
[2026-04-26T17:55:34.114+0100] {processor.py:830} INFO - Processing file /Users/malone/data-engineering-pathway/.venv/lib/python3.11/site-packages/airflow/example_dags/plugins/workday.py for tasks to queue
[2026-04-26T17:55:34.114+0100] {logging_mixin.py:188} INFO - [2026-04-26T17:55:34.114+0100] {dagbag.py:545} INFO - Filling up the DagBag from /Users/malone/data-engineering-pathway/.venv/lib/python3.11/site-packages/airflow/example_dags/plugins/workday.py
[2026-04-26T17:55:34.733+0100] {processor.py:842} WARNING - No viable dags retrieved from /Users/malone/data-engineering-pathway/.venv/lib/python3.11/site-packages/airflow/example_dags/plugins/workday.py
[2026-04-26T17:55:34.762+0100] {processor.py:183} INFO - Processing /Users/malone/data-engineering-pathway/.venv/lib/python3.11/site-packages/airflow/example_dags/plugins/workday.py took 0.650 seconds
[2026-04-26T17:56:35.759+0100] {processor.py:161} INFO - Started process (PID=10089) to work on /Users/malone/data-engineering-pathway/.venv/lib/python3.11/site-packages/airflow/example_dags/plugins/workday.py
[2026-04-26T17:56:35.760+0100] {processor.py:830} INFO - Processing file /Users/malone/data-engineering-pathway/.venv/lib/python3.11/site-packages/airflow/example_dags/plugins/workday.py for tasks to queue
[2026-04-26T17:56:35.760+0100] {logging_mixin.py:188} INFO - [2026-04-26T17:56:35.760+0100] {dagbag.py:545} INFO - Filling up the DagBag from /Users/malone/data-engineering-pathway/.venv/lib/python3.11/site-packages/airflow/example_dags/plugins/workday.py
[2026-04-26T17:56:36.376+0100] {processor.py:842} WARNING - No viable dags retrieved from /Users/malone/data-engineering-pathway/.venv/lib/python3.11/site-packages/airflow/example_dags/plugins/workday.py
[2026-04-26T17:56:36.404+0100] {processor.py:183} INFO - Processing /Users/malone/data-engineering-pathway/.venv/lib/python3.11/site-packages/airflow/example_dags/plugins/workday.py took 0.646 seconds
[2026-04-26T17:57:34.553+0100] {processor.py:161} INFO - Started process (PID=10178) to work on /Users/malone/data-engineering-pathway/.venv/lib/python3.11/site-packages/airflow/example_dags/plugins/workday.py
[2026-04-26T17:57:34.553+0100] {processor.py:830} INFO - Processing file /Users/malone/data-engineering-pathway/.venv/lib/python3.11/site-packages/airflow/example_dags/plugins/workday.py for tasks to queue
[2026-04-26T17:57:34.553+0100] {logging_mixin.py:188} INFO - [2026-04-26T17:57:34.553+0100] {dagbag.py:545} INFO - Filling up the DagBag from /Users/malone/data-engineering-pathway/.venv/lib/python3.11/site-packages/airflow/example_dags/plugins/workday.py
[2026-04-26T17:57:34.835+0100] {processor.py:842} WARNING - No viable dags retrieved from /Users/malone/data-engineering-pathway/.venv/lib/python3.11/site-packages/airflow/example_dags/plugins/workday.py
[2026-04-26T17:57:34.863+0100] {processor.py:183} INFO - Processing /Users/malone/data-engineering-pathway/.venv/lib/python3.11/site-packages/airflow/example_dags/plugins/workday.py took 0.312 seconds
[2026-04-26T17:58:28.951+0100] {processor.py:161} INFO - Started process (PID=10264) to work on /Users/malone/data-engineering-pathway/.venv/lib/python3.11/site-packages/airflow/example_dags/plugins/workday.py
[2026-04-26T17:58:28.953+0100] {processor.py:830} INFO - Processing file /Users/malone/data-engineering-pathway/.venv/lib/python3.11/site-packages/airflow/example_dags/plugins/workday.py for tasks to queue
[2026-04-26T17:58:28.953+0100] {logging_mixin.py:188} INFO - [2026-04-26T17:58:28.953+0100] {dagbag.py:545} INFO - Filling up the DagBag from /Users/malone/data-engineering-pathway/.venv/lib/python3.11/site-packages/airflow/example_dags/plugins/workday.py
[2026-04-26T17:58:29.222+0100] {processor.py:842} WARNING - No viable dags retrieved from /Users/malone/data-engineering-pathway/.venv/lib/python3.11/site-packages/airflow/example_dags/plugins/workday.py
[2026-04-26T17:58:29.251+0100] {processor.py:183} INFO - Processing /Users/malone/data-engineering-pathway/.venv/lib/python3.11/site-packages/airflow/example_dags/plugins/workday.py took 0.301 seconds
[2026-04-26T17:59:26.261+0100] {processor.py:161} INFO - Started process (PID=10358) to work on /Users/malone/data-engineering-pathway/.venv/lib/python3.11/site-packages/airflow/example_dags/plugins/workday.py
[2026-04-26T17:59:26.263+0100] {processor.py:830} INFO - Processing file /Users/malone/data-engineering-pathway/.venv/lib/python3.11/site-packages/airflow/example_dags/plugins/workday.py for tasks to queue
[2026-04-26T17:59:26.263+0100] {logging_mixin.py:188} INFO - [2026-04-26T17:59:26.263+0100] {dagbag.py:545} INFO - Filling up the DagBag from /Users/malone/data-engineering-pathway/.venv/lib/python3.11/site-packages/airflow/example_dags/plugins/workday.py
[2026-04-26T17:59:26.543+0100] {processor.py:842} WARNING - No viable dags retrieved from /Users/malone/data-engineering-pathway/.venv/lib/python3.11/site-packages/airflow/example_dags/plugins/workday.py
[2026-04-26T17:59:26.571+0100] {processor.py:183} INFO - Processing /Users/malone/data-engineering-pathway/.venv/lib/python3.11/site-packages/airflow/example_dags/plugins/workday.py took 0.311 seconds
