[2026-04-26T17:39:29.194+0100] {processor.py:161} INFO - Started process (PID=8375) to work on /Users/malone/data-engineering-pathway/.venv/lib/python3.11/site-packages/airflow/example_dags/example_params_ui_tutorial.py
[2026-04-26T17:39:29.195+0100] {processor.py:830} INFO - Processing file /Users/malone/data-engineering-pathway/.venv/lib/python3.11/site-packages/airflow/example_dags/example_params_ui_tutorial.py for tasks to queue
[2026-04-26T17:39:29.195+0100] {logging_mixin.py:188} INFO - [2026-04-26T17:39:29.195+0100] {dagbag.py:545} INFO - Filling up the DagBag from /Users/malone/data-engineering-pathway/.venv/lib/python3.11/site-packages/airflow/example_dags/example_params_ui_tutorial.py
[2026-04-26T17:39:29.212+0100] {processor.py:840} INFO - DAG(s) 'example_params_ui_tutorial' retrieved from /Users/malone/data-engineering-pathway/.venv/lib/python3.11/site-packages/airflow/example_dags/example_params_ui_tutorial.py
[2026-04-26T17:39:29.314+0100] {logging_mixin.py:188} INFO - [2026-04-26T17:39:29.314+0100] {dag.py:3089} INFO - Sync 1 DAGs
[2026-04-26T17:39:29.317+0100] {logging_mixin.py:188} INFO - [2026-04-26T17:39:29.317+0100] {dag.py:3947} INFO - Setting next_dagrun for example_params_ui_tutorial to None, run_after=None
[2026-04-26T17:39:29.324+0100] {processor.py:183} INFO - Processing /Users/malone/data-engineering-pathway/.venv/lib/python3.11/site-packages/airflow/example_dags/example_params_ui_tutorial.py took 0.131 seconds
[2026-04-26T17:40:56.115+0100] {processor.py:161} INFO - Started process (PID=8517) to work on /Users/malone/data-engineering-pathway/.venv/lib/python3.11/site-packages/airflow/example_dags/example_params_ui_tutorial.py
[2026-04-26T17:40:56.116+0100] {processor.py:830} INFO - Processing file /Users/malone/data-engineering-pathway/.venv/lib/python3.11/site-packages/airflow/example_dags/example_params_ui_tutorial.py for tasks to queue
[2026-04-26T17:40:56.116+0100] {logging_mixin.py:188} INFO - [2026-04-26T17:40:56.116+0100] {dagbag.py:545} INFO - Filling up the DagBag from /Users/malone/data-engineering-pathway/.venv/lib/python3.11/site-packages/airflow/example_dags/example_params_ui_tutorial.py
[2026-04-26T17:40:56.130+0100] {processor.py:840} INFO - DAG(s) 'example_params_ui_tutorial' retrieved from /Users/malone/data-engineering-pathway/.venv/lib/python3.11/site-packages/airflow/example_dags/example_params_ui_tutorial.py
[2026-04-26T17:40:56.175+0100] {logging_mixin.py:188} INFO - [2026-04-26T17:40:56.175+0100] {dag.py:3089} INFO - Sync 1 DAGs
[2026-04-26T17:40:56.178+0100] {logging_mixin.py:188} INFO - [2026-04-26T17:40:56.178+0100] {dag.py:3947} INFO - Setting next_dagrun for example_params_ui_tutorial to None, run_after=None
[2026-04-26T17:40:56.211+0100] {processor.py:183} INFO - Processing /Users/malone/data-engineering-pathway/.venv/lib/python3.11/site-packages/airflow/example_dags/example_params_ui_tutorial.py took 0.097 seconds
[2026-04-26T17:42:53.740+0100] {processor.py:161} INFO - Started process (PID=8665) to work on /Users/malone/data-engineering-pathway/.venv/lib/python3.11/site-packages/airflow/example_dags/example_params_ui_tutorial.py
[2026-04-26T17:42:53.740+0100] {processor.py:830} INFO - Processing file /Users/malone/data-engineering-pathway/.venv/lib/python3.11/site-packages/airflow/example_dags/example_params_ui_tutorial.py for tasks to queue
[2026-04-26T17:42:53.741+0100] {logging_mixin.py:188} INFO - [2026-04-26T17:42:53.741+0100] {dagbag.py:545} INFO - Filling up the DagBag from /Users/malone/data-engineering-pathway/.venv/lib/python3.11/site-packages/airflow/example_dags/example_params_ui_tutorial.py
[2026-04-26T17:42:53.759+0100] {processor.py:840} INFO - DAG(s) 'example_params_ui_tutorial' retrieved from /Users/malone/data-engineering-pathway/.venv/lib/python3.11/site-packages/airflow/example_dags/example_params_ui_tutorial.py
[2026-04-26T17:42:53.806+0100] {logging_mixin.py:188} INFO - [2026-04-26T17:42:53.806+0100] {dag.py:3089} INFO - Sync 1 DAGs
[2026-04-26T17:42:53.810+0100] {logging_mixin.py:188} INFO - [2026-04-26T17:42:53.809+0100] {dag.py:3947} INFO - Setting next_dagrun for example_params_ui_tutorial to None, run_after=None
[2026-04-26T17:42:53.844+0100] {processor.py:183} INFO - Processing /Users/malone/data-engineering-pathway/.venv/lib/python3.11/site-packages/airflow/example_dags/example_params_ui_tutorial.py took 0.105 seconds
[2026-04-26T17:44:44.749+0100] {processor.py:161} INFO - Started process (PID=8857) to work on /Users/malone/data-engineering-pathway/.venv/lib/python3.11/site-packages/airflow/example_dags/example_params_ui_tutorial.py
[2026-04-26T17:44:44.749+0100] {processor.py:830} INFO - Processing file /Users/malone/data-engineering-pathway/.venv/lib/python3.11/site-packages/airflow/example_dags/example_params_ui_tutorial.py for tasks to queue
[2026-04-26T17:44:44.750+0100] {logging_mixin.py:188} INFO - [2026-04-26T17:44:44.750+0100] {dagbag.py:545} INFO - Filling up the DagBag from /Users/malone/data-engineering-pathway/.venv/lib/python3.11/site-packages/airflow/example_dags/example_params_ui_tutorial.py
[2026-04-26T17:44:44.764+0100] {processor.py:840} INFO - DAG(s) 'example_params_ui_tutorial' retrieved from /Users/malone/data-engineering-pathway/.venv/lib/python3.11/site-packages/airflow/example_dags/example_params_ui_tutorial.py
[2026-04-26T17:44:44.808+0100] {logging_mixin.py:188} INFO - [2026-04-26T17:44:44.808+0100] {dag.py:3089} INFO - Sync 1 DAGs
[2026-04-26T17:44:44.811+0100] {logging_mixin.py:188} INFO - [2026-04-26T17:44:44.811+0100] {dag.py:3947} INFO - Setting next_dagrun for example_params_ui_tutorial to None, run_after=None
[2026-04-26T17:44:44.846+0100] {processor.py:183} INFO - Processing /Users/malone/data-engineering-pathway/.venv/lib/python3.11/site-packages/airflow/example_dags/example_params_ui_tutorial.py took 0.098 seconds
[2026-04-26T17:46:30.149+0100] {processor.py:161} INFO - Started process (PID=9025) to work on /Users/malone/data-engineering-pathway/.venv/lib/python3.11/site-packages/airflow/example_dags/example_params_ui_tutorial.py
[2026-04-26T17:46:30.149+0100] {processor.py:830} INFO - Processing file /Users/malone/data-engineering-pathway/.venv/lib/python3.11/site-packages/airflow/example_dags/example_params_ui_tutorial.py for tasks to queue
[2026-04-26T17:46:30.150+0100] {logging_mixin.py:188} INFO - [2026-04-26T17:46:30.150+0100] {dagbag.py:545} INFO - Filling up the DagBag from /Users/malone/data-engineering-pathway/.venv/lib/python3.11/site-packages/airflow/example_dags/example_params_ui_tutorial.py
[2026-04-26T17:46:30.163+0100] {processor.py:840} INFO - DAG(s) 'example_params_ui_tutorial' retrieved from /Users/malone/data-engineering-pathway/.venv/lib/python3.11/site-packages/airflow/example_dags/example_params_ui_tutorial.py
[2026-04-26T17:46:30.208+0100] {logging_mixin.py:188} INFO - [2026-04-26T17:46:30.208+0100] {dag.py:3089} INFO - Sync 1 DAGs
[2026-04-26T17:46:30.211+0100] {logging_mixin.py:188} INFO - [2026-04-26T17:46:30.211+0100] {dag.py:3947} INFO - Setting next_dagrun for example_params_ui_tutorial to None, run_after=None
[2026-04-26T17:46:30.245+0100] {processor.py:183} INFO - Processing /Users/malone/data-engineering-pathway/.venv/lib/python3.11/site-packages/airflow/example_dags/example_params_ui_tutorial.py took 0.098 seconds
[2026-04-26T17:48:23.022+0100] {processor.py:161} INFO - Started process (PID=9236) to work on /Users/malone/data-engineering-pathway/.venv/lib/python3.11/site-packages/airflow/example_dags/example_params_ui_tutorial.py
[2026-04-26T17:48:23.023+0100] {processor.py:830} INFO - Processing file /Users/malone/data-engineering-pathway/.venv/lib/python3.11/site-packages/airflow/example_dags/example_params_ui_tutorial.py for tasks to queue
[2026-04-26T17:48:23.023+0100] {logging_mixin.py:188} INFO - [2026-04-26T17:48:23.023+0100] {dagbag.py:545} INFO - Filling up the DagBag from /Users/malone/data-engineering-pathway/.venv/lib/python3.11/site-packages/airflow/example_dags/example_params_ui_tutorial.py
[2026-04-26T17:48:23.040+0100] {processor.py:840} INFO - DAG(s) 'example_params_ui_tutorial' retrieved from /Users/malone/data-engineering-pathway/.venv/lib/python3.11/site-packages/airflow/example_dags/example_params_ui_tutorial.py
[2026-04-26T17:48:23.091+0100] {logging_mixin.py:188} INFO - [2026-04-26T17:48:23.090+0100] {dag.py:3089} INFO - Sync 1 DAGs
[2026-04-26T17:48:23.094+0100] {logging_mixin.py:188} INFO - [2026-04-26T17:48:23.094+0100] {dag.py:3947} INFO - Setting next_dagrun for example_params_ui_tutorial to None, run_after=None
[2026-04-26T17:48:23.127+0100] {processor.py:183} INFO - Processing /Users/malone/data-engineering-pathway/.venv/lib/python3.11/site-packages/airflow/example_dags/example_params_ui_tutorial.py took 0.106 seconds
[2026-04-26T17:50:23.142+0100] {processor.py:161} INFO - Started process (PID=9521) to work on /Users/malone/data-engineering-pathway/.venv/lib/python3.11/site-packages/airflow/example_dags/example_params_ui_tutorial.py
[2026-04-26T17:50:23.142+0100] {processor.py:830} INFO - Processing file /Users/malone/data-engineering-pathway/.venv/lib/python3.11/site-packages/airflow/example_dags/example_params_ui_tutorial.py for tasks to queue
[2026-04-26T17:50:23.143+0100] {logging_mixin.py:188} INFO - [2026-04-26T17:50:23.142+0100] {dagbag.py:545} INFO - Filling up the DagBag from /Users/malone/data-engineering-pathway/.venv/lib/python3.11/site-packages/airflow/example_dags/example_params_ui_tutorial.py
[2026-04-26T17:50:23.158+0100] {processor.py:840} INFO - DAG(s) 'example_params_ui_tutorial' retrieved from /Users/malone/data-engineering-pathway/.venv/lib/python3.11/site-packages/airflow/example_dags/example_params_ui_tutorial.py
[2026-04-26T17:50:23.204+0100] {logging_mixin.py:188} INFO - [2026-04-26T17:50:23.204+0100] {dag.py:3089} INFO - Sync 1 DAGs
[2026-04-26T17:50:23.207+0100] {logging_mixin.py:188} INFO - [2026-04-26T17:50:23.207+0100] {dag.py:3947} INFO - Setting next_dagrun for example_params_ui_tutorial to None, run_after=None
[2026-04-26T17:50:23.242+0100] {processor.py:183} INFO - Processing /Users/malone/data-engineering-pathway/.venv/lib/python3.11/site-packages/airflow/example_dags/example_params_ui_tutorial.py took 0.102 seconds
[2026-04-26T17:52:22.453+0100] {processor.py:161} INFO - Started process (PID=9679) to work on /Users/malone/data-engineering-pathway/.venv/lib/python3.11/site-packages/airflow/example_dags/example_params_ui_tutorial.py
[2026-04-26T17:52:22.455+0100] {processor.py:830} INFO - Processing file /Users/malone/data-engineering-pathway/.venv/lib/python3.11/site-packages/airflow/example_dags/example_params_ui_tutorial.py for tasks to queue
[2026-04-26T17:52:22.456+0100] {logging_mixin.py:188} INFO - [2026-04-26T17:52:22.456+0100] {dagbag.py:545} INFO - Filling up the DagBag from /Users/malone/data-engineering-pathway/.venv/lib/python3.11/site-packages/airflow/example_dags/example_params_ui_tutorial.py
[2026-04-26T17:52:22.469+0100] {processor.py:840} INFO - DAG(s) 'example_params_ui_tutorial' retrieved from /Users/malone/data-engineering-pathway/.venv/lib/python3.11/site-packages/airflow/example_dags/example_params_ui_tutorial.py
[2026-04-26T17:52:22.517+0100] {logging_mixin.py:188} INFO - [2026-04-26T17:52:22.517+0100] {dag.py:3089} INFO - Sync 1 DAGs
[2026-04-26T17:52:22.520+0100] {logging_mixin.py:188} INFO - [2026-04-26T17:52:22.520+0100] {dag.py:3947} INFO - Setting next_dagrun for example_params_ui_tutorial to None, run_after=None
[2026-04-26T17:52:22.553+0100] {processor.py:183} INFO - Processing /Users/malone/data-engineering-pathway/.venv/lib/python3.11/site-packages/airflow/example_dags/example_params_ui_tutorial.py took 0.101 seconds
[2026-04-26T17:54:20.110+0100] {processor.py:161} INFO - Started process (PID=9837) to work on /Users/malone/data-engineering-pathway/.venv/lib/python3.11/site-packages/airflow/example_dags/example_params_ui_tutorial.py
[2026-04-26T17:54:20.112+0100] {processor.py:830} INFO - Processing file /Users/malone/data-engineering-pathway/.venv/lib/python3.11/site-packages/airflow/example_dags/example_params_ui_tutorial.py for tasks to queue
[2026-04-26T17:54:20.112+0100] {logging_mixin.py:188} INFO - [2026-04-26T17:54:20.112+0100] {dagbag.py:545} INFO - Filling up the DagBag from /Users/malone/data-engineering-pathway/.venv/lib/python3.11/site-packages/airflow/example_dags/example_params_ui_tutorial.py
[2026-04-26T17:54:20.126+0100] {processor.py:840} INFO - DAG(s) 'example_params_ui_tutorial' retrieved from /Users/malone/data-engineering-pathway/.venv/lib/python3.11/site-packages/airflow/example_dags/example_params_ui_tutorial.py
[2026-04-26T17:54:20.170+0100] {logging_mixin.py:188} INFO - [2026-04-26T17:54:20.170+0100] {dag.py:3089} INFO - Sync 1 DAGs
[2026-04-26T17:54:20.173+0100] {logging_mixin.py:188} INFO - [2026-04-26T17:54:20.173+0100] {dag.py:3947} INFO - Setting next_dagrun for example_params_ui_tutorial to None, run_after=None
[2026-04-26T17:54:20.208+0100] {processor.py:183} INFO - Processing /Users/malone/data-engineering-pathway/.venv/lib/python3.11/site-packages/airflow/example_dags/example_params_ui_tutorial.py took 0.098 seconds
[2026-04-26T17:56:22.748+0100] {processor.py:161} INFO - Started process (PID=10052) to work on /Users/malone/data-engineering-pathway/.venv/lib/python3.11/site-packages/airflow/example_dags/example_params_ui_tutorial.py
[2026-04-26T17:56:22.749+0100] {processor.py:830} INFO - Processing file /Users/malone/data-engineering-pathway/.venv/lib/python3.11/site-packages/airflow/example_dags/example_params_ui_tutorial.py for tasks to queue
[2026-04-26T17:56:22.749+0100] {logging_mixin.py:188} INFO - [2026-04-26T17:56:22.749+0100] {dagbag.py:545} INFO - Filling up the DagBag from /Users/malone/data-engineering-pathway/.venv/lib/python3.11/site-packages/airflow/example_dags/example_params_ui_tutorial.py
[2026-04-26T17:56:22.765+0100] {processor.py:840} INFO - DAG(s) 'example_params_ui_tutorial' retrieved from /Users/malone/data-engineering-pathway/.venv/lib/python3.11/site-packages/airflow/example_dags/example_params_ui_tutorial.py
[2026-04-26T17:56:22.812+0100] {logging_mixin.py:188} INFO - [2026-04-26T17:56:22.812+0100] {dag.py:3089} INFO - Sync 1 DAGs
[2026-04-26T17:56:22.816+0100] {logging_mixin.py:188} INFO - [2026-04-26T17:56:22.816+0100] {dag.py:3947} INFO - Setting next_dagrun for example_params_ui_tutorial to None, run_after=None
[2026-04-26T17:56:22.851+0100] {processor.py:183} INFO - Processing /Users/malone/data-engineering-pathway/.venv/lib/python3.11/site-packages/airflow/example_dags/example_params_ui_tutorial.py took 0.103 seconds
[2026-04-26T17:58:17.726+0100] {processor.py:161} INFO - Started process (PID=10245) to work on /Users/malone/data-engineering-pathway/.venv/lib/python3.11/site-packages/airflow/example_dags/example_params_ui_tutorial.py
[2026-04-26T17:58:17.726+0100] {processor.py:830} INFO - Processing file /Users/malone/data-engineering-pathway/.venv/lib/python3.11/site-packages/airflow/example_dags/example_params_ui_tutorial.py for tasks to queue
[2026-04-26T17:58:17.727+0100] {logging_mixin.py:188} INFO - [2026-04-26T17:58:17.727+0100] {dagbag.py:545} INFO - Filling up the DagBag from /Users/malone/data-engineering-pathway/.venv/lib/python3.11/site-packages/airflow/example_dags/example_params_ui_tutorial.py
[2026-04-26T17:58:17.743+0100] {processor.py:840} INFO - DAG(s) 'example_params_ui_tutorial' retrieved from /Users/malone/data-engineering-pathway/.venv/lib/python3.11/site-packages/airflow/example_dags/example_params_ui_tutorial.py
[2026-04-26T17:58:17.789+0100] {logging_mixin.py:188} INFO - [2026-04-26T17:58:17.789+0100] {dag.py:3089} INFO - Sync 1 DAGs
[2026-04-26T17:58:17.792+0100] {logging_mixin.py:188} INFO - [2026-04-26T17:58:17.792+0100] {dag.py:3947} INFO - Setting next_dagrun for example_params_ui_tutorial to None, run_after=None
[2026-04-26T17:58:17.828+0100] {processor.py:183} INFO - Processing /Users/malone/data-engineering-pathway/.venv/lib/python3.11/site-packages/airflow/example_dags/example_params_ui_tutorial.py took 0.103 seconds
