[2026-04-26T17:39:01.829+0100] {processor.py:161} INFO - Started process (PID=8320) to work on /Users/malone/data-engineering-pathway/.venv/lib/python3.11/site-packages/airflow/example_dags/example_trigger_controller_dag.py
[2026-04-26T17:39:01.829+0100] {processor.py:830} INFO - Processing file /Users/malone/data-engineering-pathway/.venv/lib/python3.11/site-packages/airflow/example_dags/example_trigger_controller_dag.py for tasks to queue
[2026-04-26T17:39:01.830+0100] {logging_mixin.py:188} INFO - [2026-04-26T17:39:01.830+0100] {dagbag.py:545} INFO - Filling up the DagBag from /Users/malone/data-engineering-pathway/.venv/lib/python3.11/site-packages/airflow/example_dags/example_trigger_controller_dag.py
[2026-04-26T17:39:01.835+0100] {processor.py:840} INFO - DAG(s) 'example_trigger_controller_dag' retrieved from /Users/malone/data-engineering-pathway/.venv/lib/python3.11/site-packages/airflow/example_dags/example_trigger_controller_dag.py
[2026-04-26T17:39:01.846+0100] {logging_mixin.py:188} INFO - [2026-04-26T17:39:01.846+0100] {dag.py:3089} INFO - Sync 1 DAGs
[2026-04-26T17:39:01.877+0100] {logging_mixin.py:188} INFO - [2026-04-26T17:39:01.877+0100] {dag.py:3947} INFO - Setting next_dagrun for example_trigger_controller_dag to 2021-01-01 00:00:00+00:00, run_after=2021-01-01 00:00:00+00:00
[2026-04-26T17:39:01.883+0100] {processor.py:183} INFO - Processing /Users/malone/data-engineering-pathway/.venv/lib/python3.11/site-packages/airflow/example_dags/example_trigger_controller_dag.py took 0.055 seconds
[2026-04-26T17:40:28.884+0100] {processor.py:161} INFO - Started process (PID=8472) to work on /Users/malone/data-engineering-pathway/.venv/lib/python3.11/site-packages/airflow/example_dags/example_trigger_controller_dag.py
[2026-04-26T17:40:28.885+0100] {processor.py:830} INFO - Processing file /Users/malone/data-engineering-pathway/.venv/lib/python3.11/site-packages/airflow/example_dags/example_trigger_controller_dag.py for tasks to queue
[2026-04-26T17:40:28.885+0100] {logging_mixin.py:188} INFO - [2026-04-26T17:40:28.885+0100] {dagbag.py:545} INFO - Filling up the DagBag from /Users/malone/data-engineering-pathway/.venv/lib/python3.11/site-packages/airflow/example_dags/example_trigger_controller_dag.py
[2026-04-26T17:40:28.889+0100] {processor.py:840} INFO - DAG(s) 'example_trigger_controller_dag' retrieved from /Users/malone/data-engineering-pathway/.venv/lib/python3.11/site-packages/airflow/example_dags/example_trigger_controller_dag.py
[2026-04-26T17:40:28.977+0100] {logging_mixin.py:188} INFO - [2026-04-26T17:40:28.977+0100] {dag.py:3089} INFO - Sync 1 DAGs
[2026-04-26T17:40:28.982+0100] {logging_mixin.py:188} INFO - [2026-04-26T17:40:28.982+0100] {dag.py:3947} INFO - Setting next_dagrun for example_trigger_controller_dag to 2021-01-01 00:00:00+00:00, run_after=2021-01-01 00:00:00+00:00
[2026-04-26T17:40:28.989+0100] {processor.py:183} INFO - Processing /Users/malone/data-engineering-pathway/.venv/lib/python3.11/site-packages/airflow/example_dags/example_trigger_controller_dag.py took 0.106 seconds
[2026-04-26T17:41:26.009+0100] {processor.py:161} INFO - Started process (PID=8563) to work on /Users/malone/data-engineering-pathway/.venv/lib/python3.11/site-packages/airflow/example_dags/example_trigger_controller_dag.py
[2026-04-26T17:41:26.010+0100] {processor.py:830} INFO - Processing file /Users/malone/data-engineering-pathway/.venv/lib/python3.11/site-packages/airflow/example_dags/example_trigger_controller_dag.py for tasks to queue
[2026-04-26T17:41:26.010+0100] {logging_mixin.py:188} INFO - [2026-04-26T17:41:26.010+0100] {dagbag.py:545} INFO - Filling up the DagBag from /Users/malone/data-engineering-pathway/.venv/lib/python3.11/site-packages/airflow/example_dags/example_trigger_controller_dag.py
[2026-04-26T17:41:26.015+0100] {processor.py:840} INFO - DAG(s) 'example_trigger_controller_dag' retrieved from /Users/malone/data-engineering-pathway/.venv/lib/python3.11/site-packages/airflow/example_dags/example_trigger_controller_dag.py
[2026-04-26T17:41:26.055+0100] {logging_mixin.py:188} INFO - [2026-04-26T17:41:26.054+0100] {dag.py:3089} INFO - Sync 1 DAGs
[2026-04-26T17:41:26.060+0100] {logging_mixin.py:188} INFO - [2026-04-26T17:41:26.060+0100] {dag.py:3947} INFO - Setting next_dagrun for example_trigger_controller_dag to 2021-01-01 00:00:00+00:00, run_after=2021-01-01 00:00:00+00:00
[2026-04-26T17:41:26.067+0100] {processor.py:183} INFO - Processing /Users/malone/data-engineering-pathway/.venv/lib/python3.11/site-packages/airflow/example_dags/example_trigger_controller_dag.py took 0.058 seconds
[2026-04-26T17:42:25.863+0100] {processor.py:161} INFO - Started process (PID=8639) to work on /Users/malone/data-engineering-pathway/.venv/lib/python3.11/site-packages/airflow/example_dags/example_trigger_controller_dag.py
[2026-04-26T17:42:25.863+0100] {processor.py:830} INFO - Processing file /Users/malone/data-engineering-pathway/.venv/lib/python3.11/site-packages/airflow/example_dags/example_trigger_controller_dag.py for tasks to queue
[2026-04-26T17:42:25.864+0100] {logging_mixin.py:188} INFO - [2026-04-26T17:42:25.864+0100] {dagbag.py:545} INFO - Filling up the DagBag from /Users/malone/data-engineering-pathway/.venv/lib/python3.11/site-packages/airflow/example_dags/example_trigger_controller_dag.py
[2026-04-26T17:42:25.870+0100] {processor.py:840} INFO - DAG(s) 'example_trigger_controller_dag' retrieved from /Users/malone/data-engineering-pathway/.venv/lib/python3.11/site-packages/airflow/example_dags/example_trigger_controller_dag.py
[2026-04-26T17:42:25.912+0100] {logging_mixin.py:188} INFO - [2026-04-26T17:42:25.912+0100] {dag.py:3089} INFO - Sync 1 DAGs
[2026-04-26T17:42:25.919+0100] {logging_mixin.py:188} INFO - [2026-04-26T17:42:25.919+0100] {dag.py:3947} INFO - Setting next_dagrun for example_trigger_controller_dag to 2021-01-01 00:00:00+00:00, run_after=2021-01-01 00:00:00+00:00
[2026-04-26T17:42:25.927+0100] {processor.py:183} INFO - Processing /Users/malone/data-engineering-pathway/.venv/lib/python3.11/site-packages/airflow/example_dags/example_trigger_controller_dag.py took 0.066 seconds
[2026-04-26T17:43:25.207+0100] {processor.py:161} INFO - Started process (PID=8722) to work on /Users/malone/data-engineering-pathway/.venv/lib/python3.11/site-packages/airflow/example_dags/example_trigger_controller_dag.py
[2026-04-26T17:43:25.208+0100] {processor.py:830} INFO - Processing file /Users/malone/data-engineering-pathway/.venv/lib/python3.11/site-packages/airflow/example_dags/example_trigger_controller_dag.py for tasks to queue
[2026-04-26T17:43:25.208+0100] {logging_mixin.py:188} INFO - [2026-04-26T17:43:25.208+0100] {dagbag.py:545} INFO - Filling up the DagBag from /Users/malone/data-engineering-pathway/.venv/lib/python3.11/site-packages/airflow/example_dags/example_trigger_controller_dag.py
[2026-04-26T17:43:25.214+0100] {processor.py:840} INFO - DAG(s) 'example_trigger_controller_dag' retrieved from /Users/malone/data-engineering-pathway/.venv/lib/python3.11/site-packages/airflow/example_dags/example_trigger_controller_dag.py
[2026-04-26T17:43:25.267+0100] {logging_mixin.py:188} INFO - [2026-04-26T17:43:25.267+0100] {dag.py:3089} INFO - Sync 1 DAGs
[2026-04-26T17:43:25.275+0100] {logging_mixin.py:188} INFO - [2026-04-26T17:43:25.275+0100] {dag.py:3947} INFO - Setting next_dagrun for example_trigger_controller_dag to 2021-01-01 00:00:00+00:00, run_after=2021-01-01 00:00:00+00:00
[2026-04-26T17:43:25.285+0100] {processor.py:183} INFO - Processing /Users/malone/data-engineering-pathway/.venv/lib/python3.11/site-packages/airflow/example_dags/example_trigger_controller_dag.py took 0.079 seconds
[2026-04-26T17:44:21.393+0100] {processor.py:161} INFO - Started process (PID=8824) to work on /Users/malone/data-engineering-pathway/.venv/lib/python3.11/site-packages/airflow/example_dags/example_trigger_controller_dag.py
[2026-04-26T17:44:21.394+0100] {processor.py:830} INFO - Processing file /Users/malone/data-engineering-pathway/.venv/lib/python3.11/site-packages/airflow/example_dags/example_trigger_controller_dag.py for tasks to queue
[2026-04-26T17:44:21.395+0100] {logging_mixin.py:188} INFO - [2026-04-26T17:44:21.394+0100] {dagbag.py:545} INFO - Filling up the DagBag from /Users/malone/data-engineering-pathway/.venv/lib/python3.11/site-packages/airflow/example_dags/example_trigger_controller_dag.py
[2026-04-26T17:44:21.399+0100] {processor.py:840} INFO - DAG(s) 'example_trigger_controller_dag' retrieved from /Users/malone/data-engineering-pathway/.venv/lib/python3.11/site-packages/airflow/example_dags/example_trigger_controller_dag.py
[2026-04-26T17:44:21.435+0100] {logging_mixin.py:188} INFO - [2026-04-26T17:44:21.435+0100] {dag.py:3089} INFO - Sync 1 DAGs
[2026-04-26T17:44:21.441+0100] {logging_mixin.py:188} INFO - [2026-04-26T17:44:21.441+0100] {dag.py:3947} INFO - Setting next_dagrun for example_trigger_controller_dag to 2021-01-01 00:00:00+00:00, run_after=2021-01-01 00:00:00+00:00
[2026-04-26T17:44:21.449+0100] {processor.py:183} INFO - Processing /Users/malone/data-engineering-pathway/.venv/lib/python3.11/site-packages/airflow/example_dags/example_trigger_controller_dag.py took 0.057 seconds
[2026-04-26T17:46:05.958+0100] {processor.py:161} INFO - Started process (PID=8993) to work on /Users/malone/data-engineering-pathway/.venv/lib/python3.11/site-packages/airflow/example_dags/example_trigger_controller_dag.py
[2026-04-26T17:46:05.959+0100] {processor.py:830} INFO - Processing file /Users/malone/data-engineering-pathway/.venv/lib/python3.11/site-packages/airflow/example_dags/example_trigger_controller_dag.py for tasks to queue
[2026-04-26T17:46:05.959+0100] {logging_mixin.py:188} INFO - [2026-04-26T17:46:05.959+0100] {dagbag.py:545} INFO - Filling up the DagBag from /Users/malone/data-engineering-pathway/.venv/lib/python3.11/site-packages/airflow/example_dags/example_trigger_controller_dag.py
[2026-04-26T17:46:05.967+0100] {processor.py:840} INFO - DAG(s) 'example_trigger_controller_dag' retrieved from /Users/malone/data-engineering-pathway/.venv/lib/python3.11/site-packages/airflow/example_dags/example_trigger_controller_dag.py
[2026-04-26T17:46:06.003+0100] {logging_mixin.py:188} INFO - [2026-04-26T17:46:06.003+0100] {dag.py:3089} INFO - Sync 1 DAGs
[2026-04-26T17:46:06.009+0100] {logging_mixin.py:188} INFO - [2026-04-26T17:46:06.008+0100] {dag.py:3947} INFO - Setting next_dagrun for example_trigger_controller_dag to 2021-01-01 00:00:00+00:00, run_after=2021-01-01 00:00:00+00:00
[2026-04-26T17:46:06.015+0100] {processor.py:183} INFO - Processing /Users/malone/data-engineering-pathway/.venv/lib/python3.11/site-packages/airflow/example_dags/example_trigger_controller_dag.py took 0.058 seconds
[2026-04-26T17:46:59.439+0100] {processor.py:161} INFO - Started process (PID=9070) to work on /Users/malone/data-engineering-pathway/.venv/lib/python3.11/site-packages/airflow/example_dags/example_trigger_controller_dag.py
[2026-04-26T17:46:59.439+0100] {processor.py:830} INFO - Processing file /Users/malone/data-engineering-pathway/.venv/lib/python3.11/site-packages/airflow/example_dags/example_trigger_controller_dag.py for tasks to queue
[2026-04-26T17:46:59.439+0100] {logging_mixin.py:188} INFO - [2026-04-26T17:46:59.439+0100] {dagbag.py:545} INFO - Filling up the DagBag from /Users/malone/data-engineering-pathway/.venv/lib/python3.11/site-packages/airflow/example_dags/example_trigger_controller_dag.py
[2026-04-26T17:46:59.443+0100] {processor.py:840} INFO - DAG(s) 'example_trigger_controller_dag' retrieved from /Users/malone/data-engineering-pathway/.venv/lib/python3.11/site-packages/airflow/example_dags/example_trigger_controller_dag.py
[2026-04-26T17:46:59.479+0100] {logging_mixin.py:188} INFO - [2026-04-26T17:46:59.478+0100] {dag.py:3089} INFO - Sync 1 DAGs
[2026-04-26T17:46:59.484+0100] {logging_mixin.py:188} INFO - [2026-04-26T17:46:59.484+0100] {dag.py:3947} INFO - Setting next_dagrun for example_trigger_controller_dag to 2021-01-01 00:00:00+00:00, run_after=2021-01-01 00:00:00+00:00
[2026-04-26T17:46:59.491+0100] {processor.py:183} INFO - Processing /Users/malone/data-engineering-pathway/.venv/lib/python3.11/site-packages/airflow/example_dags/example_trigger_controller_dag.py took 0.054 seconds
[2026-04-26T17:47:55.294+0100] {processor.py:161} INFO - Started process (PID=9179) to work on /Users/malone/data-engineering-pathway/.venv/lib/python3.11/site-packages/airflow/example_dags/example_trigger_controller_dag.py
[2026-04-26T17:47:55.295+0100] {processor.py:830} INFO - Processing file /Users/malone/data-engineering-pathway/.venv/lib/python3.11/site-packages/airflow/example_dags/example_trigger_controller_dag.py for tasks to queue
[2026-04-26T17:47:55.295+0100] {logging_mixin.py:188} INFO - [2026-04-26T17:47:55.295+0100] {dagbag.py:545} INFO - Filling up the DagBag from /Users/malone/data-engineering-pathway/.venv/lib/python3.11/site-packages/airflow/example_dags/example_trigger_controller_dag.py
[2026-04-26T17:47:55.299+0100] {processor.py:840} INFO - DAG(s) 'example_trigger_controller_dag' retrieved from /Users/malone/data-engineering-pathway/.venv/lib/python3.11/site-packages/airflow/example_dags/example_trigger_controller_dag.py
[2026-04-26T17:47:55.337+0100] {logging_mixin.py:188} INFO - [2026-04-26T17:47:55.337+0100] {dag.py:3089} INFO - Sync 1 DAGs
[2026-04-26T17:47:55.343+0100] {logging_mixin.py:188} INFO - [2026-04-26T17:47:55.343+0100] {dag.py:3947} INFO - Setting next_dagrun for example_trigger_controller_dag to 2021-01-01 00:00:00+00:00, run_after=2021-01-01 00:00:00+00:00
[2026-04-26T17:47:55.351+0100] {processor.py:183} INFO - Processing /Users/malone/data-engineering-pathway/.venv/lib/python3.11/site-packages/airflow/example_dags/example_trigger_controller_dag.py took 0.058 seconds
[2026-04-26T17:48:54.072+0100] {processor.py:161} INFO - Started process (PID=9346) to work on /Users/malone/data-engineering-pathway/.venv/lib/python3.11/site-packages/airflow/example_dags/example_trigger_controller_dag.py
[2026-04-26T17:48:54.073+0100] {processor.py:830} INFO - Processing file /Users/malone/data-engineering-pathway/.venv/lib/python3.11/site-packages/airflow/example_dags/example_trigger_controller_dag.py for tasks to queue
[2026-04-26T17:48:54.073+0100] {logging_mixin.py:188} INFO - [2026-04-26T17:48:54.073+0100] {dagbag.py:545} INFO - Filling up the DagBag from /Users/malone/data-engineering-pathway/.venv/lib/python3.11/site-packages/airflow/example_dags/example_trigger_controller_dag.py
[2026-04-26T17:48:54.077+0100] {processor.py:840} INFO - DAG(s) 'example_trigger_controller_dag' retrieved from /Users/malone/data-engineering-pathway/.venv/lib/python3.11/site-packages/airflow/example_dags/example_trigger_controller_dag.py
[2026-04-26T17:48:54.113+0100] {logging_mixin.py:188} INFO - [2026-04-26T17:48:54.113+0100] {dag.py:3089} INFO - Sync 1 DAGs
[2026-04-26T17:48:54.120+0100] {logging_mixin.py:188} INFO - [2026-04-26T17:48:54.120+0100] {dag.py:3947} INFO - Setting next_dagrun for example_trigger_controller_dag to 2021-01-01 00:00:00+00:00, run_after=2021-01-01 00:00:00+00:00
[2026-04-26T17:48:54.128+0100] {processor.py:183} INFO - Processing /Users/malone/data-engineering-pathway/.venv/lib/python3.11/site-packages/airflow/example_dags/example_trigger_controller_dag.py took 0.057 seconds
[2026-04-26T17:49:53.222+0100] {processor.py:161} INFO - Started process (PID=9478) to work on /Users/malone/data-engineering-pathway/.venv/lib/python3.11/site-packages/airflow/example_dags/example_trigger_controller_dag.py
[2026-04-26T17:49:53.223+0100] {processor.py:830} INFO - Processing file /Users/malone/data-engineering-pathway/.venv/lib/python3.11/site-packages/airflow/example_dags/example_trigger_controller_dag.py for tasks to queue
[2026-04-26T17:49:53.223+0100] {logging_mixin.py:188} INFO - [2026-04-26T17:49:53.223+0100] {dagbag.py:545} INFO - Filling up the DagBag from /Users/malone/data-engineering-pathway/.venv/lib/python3.11/site-packages/airflow/example_dags/example_trigger_controller_dag.py
[2026-04-26T17:49:53.228+0100] {processor.py:840} INFO - DAG(s) 'example_trigger_controller_dag' retrieved from /Users/malone/data-engineering-pathway/.venv/lib/python3.11/site-packages/airflow/example_dags/example_trigger_controller_dag.py
[2026-04-26T17:49:53.271+0100] {logging_mixin.py:188} INFO - [2026-04-26T17:49:53.271+0100] {dag.py:3089} INFO - Sync 1 DAGs
[2026-04-26T17:49:53.277+0100] {logging_mixin.py:188} INFO - [2026-04-26T17:49:53.277+0100] {dag.py:3947} INFO - Setting next_dagrun for example_trigger_controller_dag to 2021-01-01 00:00:00+00:00, run_after=2021-01-01 00:00:00+00:00
[2026-04-26T17:49:53.285+0100] {processor.py:183} INFO - Processing /Users/malone/data-engineering-pathway/.venv/lib/python3.11/site-packages/airflow/example_dags/example_trigger_controller_dag.py took 0.064 seconds
[2026-04-26T17:50:53.401+0100] {processor.py:161} INFO - Started process (PID=9565) to work on /Users/malone/data-engineering-pathway/.venv/lib/python3.11/site-packages/airflow/example_dags/example_trigger_controller_dag.py
[2026-04-26T17:50:53.402+0100] {processor.py:830} INFO - Processing file /Users/malone/data-engineering-pathway/.venv/lib/python3.11/site-packages/airflow/example_dags/example_trigger_controller_dag.py for tasks to queue
[2026-04-26T17:50:53.402+0100] {logging_mixin.py:188} INFO - [2026-04-26T17:50:53.402+0100] {dagbag.py:545} INFO - Filling up the DagBag from /Users/malone/data-engineering-pathway/.venv/lib/python3.11/site-packages/airflow/example_dags/example_trigger_controller_dag.py
[2026-04-26T17:50:53.406+0100] {processor.py:840} INFO - DAG(s) 'example_trigger_controller_dag' retrieved from /Users/malone/data-engineering-pathway/.venv/lib/python3.11/site-packages/airflow/example_dags/example_trigger_controller_dag.py
[2026-04-26T17:50:53.440+0100] {logging_mixin.py:188} INFO - [2026-04-26T17:50:53.440+0100] {dag.py:3089} INFO - Sync 1 DAGs
[2026-04-26T17:50:53.446+0100] {logging_mixin.py:188} INFO - [2026-04-26T17:50:53.446+0100] {dag.py:3947} INFO - Setting next_dagrun for example_trigger_controller_dag to 2021-01-01 00:00:00+00:00, run_after=2021-01-01 00:00:00+00:00
[2026-04-26T17:50:53.453+0100] {processor.py:183} INFO - Processing /Users/malone/data-engineering-pathway/.venv/lib/python3.11/site-packages/airflow/example_dags/example_trigger_controller_dag.py took 0.053 seconds
[2026-04-26T17:51:55.856+0100] {processor.py:161} INFO - Started process (PID=9654) to work on /Users/malone/data-engineering-pathway/.venv/lib/python3.11/site-packages/airflow/example_dags/example_trigger_controller_dag.py
[2026-04-26T17:51:55.856+0100] {processor.py:830} INFO - Processing file /Users/malone/data-engineering-pathway/.venv/lib/python3.11/site-packages/airflow/example_dags/example_trigger_controller_dag.py for tasks to queue
[2026-04-26T17:51:55.857+0100] {logging_mixin.py:188} INFO - [2026-04-26T17:51:55.857+0100] {dagbag.py:545} INFO - Filling up the DagBag from /Users/malone/data-engineering-pathway/.venv/lib/python3.11/site-packages/airflow/example_dags/example_trigger_controller_dag.py
[2026-04-26T17:51:55.861+0100] {processor.py:840} INFO - DAG(s) 'example_trigger_controller_dag' retrieved from /Users/malone/data-engineering-pathway/.venv/lib/python3.11/site-packages/airflow/example_dags/example_trigger_controller_dag.py
[2026-04-26T17:51:55.897+0100] {logging_mixin.py:188} INFO - [2026-04-26T17:51:55.897+0100] {dag.py:3089} INFO - Sync 1 DAGs
[2026-04-26T17:51:55.903+0100] {logging_mixin.py:188} INFO - [2026-04-26T17:51:55.903+0100] {dag.py:3947} INFO - Setting next_dagrun for example_trigger_controller_dag to 2021-01-01 00:00:00+00:00, run_after=2021-01-01 00:00:00+00:00
[2026-04-26T17:51:55.910+0100] {processor.py:183} INFO - Processing /Users/malone/data-engineering-pathway/.venv/lib/python3.11/site-packages/airflow/example_dags/example_trigger_controller_dag.py took 0.055 seconds
[2026-04-26T17:52:56.257+0100] {processor.py:161} INFO - Started process (PID=9716) to work on /Users/malone/data-engineering-pathway/.venv/lib/python3.11/site-packages/airflow/example_dags/example_trigger_controller_dag.py
[2026-04-26T17:52:56.258+0100] {processor.py:830} INFO - Processing file /Users/malone/data-engineering-pathway/.venv/lib/python3.11/site-packages/airflow/example_dags/example_trigger_controller_dag.py for tasks to queue
[2026-04-26T17:52:56.258+0100] {logging_mixin.py:188} INFO - [2026-04-26T17:52:56.258+0100] {dagbag.py:545} INFO - Filling up the DagBag from /Users/malone/data-engineering-pathway/.venv/lib/python3.11/site-packages/airflow/example_dags/example_trigger_controller_dag.py
[2026-04-26T17:52:56.262+0100] {processor.py:840} INFO - DAG(s) 'example_trigger_controller_dag' retrieved from /Users/malone/data-engineering-pathway/.venv/lib/python3.11/site-packages/airflow/example_dags/example_trigger_controller_dag.py
[2026-04-26T17:52:56.297+0100] {logging_mixin.py:188} INFO - [2026-04-26T17:52:56.297+0100] {dag.py:3089} INFO - Sync 1 DAGs
[2026-04-26T17:52:56.303+0100] {logging_mixin.py:188} INFO - [2026-04-26T17:52:56.303+0100] {dag.py:3947} INFO - Setting next_dagrun for example_trigger_controller_dag to 2021-01-01 00:00:00+00:00, run_after=2021-01-01 00:00:00+00:00
[2026-04-26T17:52:56.310+0100] {processor.py:183} INFO - Processing /Users/malone/data-engineering-pathway/.venv/lib/python3.11/site-packages/airflow/example_dags/example_trigger_controller_dag.py took 0.054 seconds
[2026-04-26T17:53:51.612+0100] {processor.py:161} INFO - Started process (PID=9801) to work on /Users/malone/data-engineering-pathway/.venv/lib/python3.11/site-packages/airflow/example_dags/example_trigger_controller_dag.py
[2026-04-26T17:53:51.613+0100] {processor.py:830} INFO - Processing file /Users/malone/data-engineering-pathway/.venv/lib/python3.11/site-packages/airflow/example_dags/example_trigger_controller_dag.py for tasks to queue
[2026-04-26T17:53:51.613+0100] {logging_mixin.py:188} INFO - [2026-04-26T17:53:51.613+0100] {dagbag.py:545} INFO - Filling up the DagBag from /Users/malone/data-engineering-pathway/.venv/lib/python3.11/site-packages/airflow/example_dags/example_trigger_controller_dag.py
[2026-04-26T17:53:51.622+0100] {processor.py:840} INFO - DAG(s) 'example_trigger_controller_dag' retrieved from /Users/malone/data-engineering-pathway/.venv/lib/python3.11/site-packages/airflow/example_dags/example_trigger_controller_dag.py
[2026-04-26T17:53:51.686+0100] {logging_mixin.py:188} INFO - [2026-04-26T17:53:51.686+0100] {dag.py:3089} INFO - Sync 1 DAGs
[2026-04-26T17:53:51.696+0100] {logging_mixin.py:188} INFO - [2026-04-26T17:53:51.696+0100] {dag.py:3947} INFO - Setting next_dagrun for example_trigger_controller_dag to 2021-01-01 00:00:00+00:00, run_after=2021-01-01 00:00:00+00:00
[2026-04-26T17:53:51.707+0100] {processor.py:183} INFO - Processing /Users/malone/data-engineering-pathway/.venv/lib/python3.11/site-packages/airflow/example_dags/example_trigger_controller_dag.py took 0.098 seconds
[2026-04-26T17:54:53.522+0100] {processor.py:161} INFO - Started process (PID=9862) to work on /Users/malone/data-engineering-pathway/.venv/lib/python3.11/site-packages/airflow/example_dags/example_trigger_controller_dag.py
[2026-04-26T17:54:53.523+0100] {processor.py:830} INFO - Processing file /Users/malone/data-engineering-pathway/.venv/lib/python3.11/site-packages/airflow/example_dags/example_trigger_controller_dag.py for tasks to queue
[2026-04-26T17:54:53.523+0100] {logging_mixin.py:188} INFO - [2026-04-26T17:54:53.523+0100] {dagbag.py:545} INFO - Filling up the DagBag from /Users/malone/data-engineering-pathway/.venv/lib/python3.11/site-packages/airflow/example_dags/example_trigger_controller_dag.py
[2026-04-26T17:54:53.527+0100] {processor.py:840} INFO - DAG(s) 'example_trigger_controller_dag' retrieved from /Users/malone/data-engineering-pathway/.venv/lib/python3.11/site-packages/airflow/example_dags/example_trigger_controller_dag.py
[2026-04-26T17:54:53.566+0100] {logging_mixin.py:188} INFO - [2026-04-26T17:54:53.566+0100] {dag.py:3089} INFO - Sync 1 DAGs
[2026-04-26T17:54:53.572+0100] {logging_mixin.py:188} INFO - [2026-04-26T17:54:53.572+0100] {dag.py:3947} INFO - Setting next_dagrun for example_trigger_controller_dag to 2021-01-01 00:00:00+00:00, run_after=2021-01-01 00:00:00+00:00
[2026-04-26T17:54:53.579+0100] {processor.py:183} INFO - Processing /Users/malone/data-engineering-pathway/.venv/lib/python3.11/site-packages/airflow/example_dags/example_trigger_controller_dag.py took 0.058 seconds
[2026-04-26T17:55:55.693+0100] {processor.py:161} INFO - Started process (PID=9994) to work on /Users/malone/data-engineering-pathway/.venv/lib/python3.11/site-packages/airflow/example_dags/example_trigger_controller_dag.py
[2026-04-26T17:55:55.694+0100] {processor.py:830} INFO - Processing file /Users/malone/data-engineering-pathway/.venv/lib/python3.11/site-packages/airflow/example_dags/example_trigger_controller_dag.py for tasks to queue
[2026-04-26T17:55:55.694+0100] {logging_mixin.py:188} INFO - [2026-04-26T17:55:55.694+0100] {dagbag.py:545} INFO - Filling up the DagBag from /Users/malone/data-engineering-pathway/.venv/lib/python3.11/site-packages/airflow/example_dags/example_trigger_controller_dag.py
[2026-04-26T17:55:55.698+0100] {processor.py:840} INFO - DAG(s) 'example_trigger_controller_dag' retrieved from /Users/malone/data-engineering-pathway/.venv/lib/python3.11/site-packages/airflow/example_dags/example_trigger_controller_dag.py
[2026-04-26T17:55:55.736+0100] {logging_mixin.py:188} INFO - [2026-04-26T17:55:55.736+0100] {dag.py:3089} INFO - Sync 1 DAGs
[2026-04-26T17:55:55.742+0100] {logging_mixin.py:188} INFO - [2026-04-26T17:55:55.742+0100] {dag.py:3947} INFO - Setting next_dagrun for example_trigger_controller_dag to 2021-01-01 00:00:00+00:00, run_after=2021-01-01 00:00:00+00:00
[2026-04-26T17:55:55.750+0100] {processor.py:183} INFO - Processing /Users/malone/data-engineering-pathway/.venv/lib/python3.11/site-packages/airflow/example_dags/example_trigger_controller_dag.py took 0.058 seconds
[2026-04-26T17:56:54.849+0100] {processor.py:161} INFO - Started process (PID=10112) to work on /Users/malone/data-engineering-pathway/.venv/lib/python3.11/site-packages/airflow/example_dags/example_trigger_controller_dag.py
[2026-04-26T17:56:54.849+0100] {processor.py:830} INFO - Processing file /Users/malone/data-engineering-pathway/.venv/lib/python3.11/site-packages/airflow/example_dags/example_trigger_controller_dag.py for tasks to queue
[2026-04-26T17:56:54.850+0100] {logging_mixin.py:188} INFO - [2026-04-26T17:56:54.850+0100] {dagbag.py:545} INFO - Filling up the DagBag from /Users/malone/data-engineering-pathway/.venv/lib/python3.11/site-packages/airflow/example_dags/example_trigger_controller_dag.py
[2026-04-26T17:56:54.855+0100] {processor.py:840} INFO - DAG(s) 'example_trigger_controller_dag' retrieved from /Users/malone/data-engineering-pathway/.venv/lib/python3.11/site-packages/airflow/example_dags/example_trigger_controller_dag.py
[2026-04-26T17:56:54.896+0100] {logging_mixin.py:188} INFO - [2026-04-26T17:56:54.896+0100] {dag.py:3089} INFO - Sync 1 DAGs
[2026-04-26T17:56:54.902+0100] {logging_mixin.py:188} INFO - [2026-04-26T17:56:54.902+0100] {dag.py:3947} INFO - Setting next_dagrun for example_trigger_controller_dag to 2021-01-01 00:00:00+00:00, run_after=2021-01-01 00:00:00+00:00
[2026-04-26T17:56:54.911+0100] {processor.py:183} INFO - Processing /Users/malone/data-engineering-pathway/.venv/lib/python3.11/site-packages/airflow/example_dags/example_trigger_controller_dag.py took 0.063 seconds
[2026-04-26T17:57:54.554+0100] {processor.py:161} INFO - Started process (PID=10208) to work on /Users/malone/data-engineering-pathway/.venv/lib/python3.11/site-packages/airflow/example_dags/example_trigger_controller_dag.py
[2026-04-26T17:57:54.556+0100] {processor.py:830} INFO - Processing file /Users/malone/data-engineering-pathway/.venv/lib/python3.11/site-packages/airflow/example_dags/example_trigger_controller_dag.py for tasks to queue
[2026-04-26T17:57:54.556+0100] {logging_mixin.py:188} INFO - [2026-04-26T17:57:54.556+0100] {dagbag.py:545} INFO - Filling up the DagBag from /Users/malone/data-engineering-pathway/.venv/lib/python3.11/site-packages/airflow/example_dags/example_trigger_controller_dag.py
[2026-04-26T17:57:54.560+0100] {processor.py:840} INFO - DAG(s) 'example_trigger_controller_dag' retrieved from /Users/malone/data-engineering-pathway/.venv/lib/python3.11/site-packages/airflow/example_dags/example_trigger_controller_dag.py
[2026-04-26T17:57:54.597+0100] {logging_mixin.py:188} INFO - [2026-04-26T17:57:54.597+0100] {dag.py:3089} INFO - Sync 1 DAGs
[2026-04-26T17:57:54.603+0100] {logging_mixin.py:188} INFO - [2026-04-26T17:57:54.603+0100] {dag.py:3947} INFO - Setting next_dagrun for example_trigger_controller_dag to 2021-01-01 00:00:00+00:00, run_after=2021-01-01 00:00:00+00:00
[2026-04-26T17:57:54.610+0100] {processor.py:183} INFO - Processing /Users/malone/data-engineering-pathway/.venv/lib/python3.11/site-packages/airflow/example_dags/example_trigger_controller_dag.py took 0.057 seconds
[2026-04-26T17:58:49.001+0100] {processor.py:161} INFO - Started process (PID=10297) to work on /Users/malone/data-engineering-pathway/.venv/lib/python3.11/site-packages/airflow/example_dags/example_trigger_controller_dag.py
[2026-04-26T17:58:49.001+0100] {processor.py:830} INFO - Processing file /Users/malone/data-engineering-pathway/.venv/lib/python3.11/site-packages/airflow/example_dags/example_trigger_controller_dag.py for tasks to queue
[2026-04-26T17:58:49.002+0100] {logging_mixin.py:188} INFO - [2026-04-26T17:58:49.001+0100] {dagbag.py:545} INFO - Filling up the DagBag from /Users/malone/data-engineering-pathway/.venv/lib/python3.11/site-packages/airflow/example_dags/example_trigger_controller_dag.py
[2026-04-26T17:58:49.006+0100] {processor.py:840} INFO - DAG(s) 'example_trigger_controller_dag' retrieved from /Users/malone/data-engineering-pathway/.venv/lib/python3.11/site-packages/airflow/example_dags/example_trigger_controller_dag.py
[2026-04-26T17:58:49.042+0100] {logging_mixin.py:188} INFO - [2026-04-26T17:58:49.042+0100] {dag.py:3089} INFO - Sync 1 DAGs
[2026-04-26T17:58:49.048+0100] {logging_mixin.py:188} INFO - [2026-04-26T17:58:49.048+0100] {dag.py:3947} INFO - Setting next_dagrun for example_trigger_controller_dag to 2021-01-01 00:00:00+00:00, run_after=2021-01-01 00:00:00+00:00
[2026-04-26T17:58:49.054+0100] {processor.py:183} INFO - Processing /Users/malone/data-engineering-pathway/.venv/lib/python3.11/site-packages/airflow/example_dags/example_trigger_controller_dag.py took 0.055 seconds
