[2026-04-26T17:39:48.239+0100] {processor.py:161} INFO - Started process (PID=8401) to work on /Users/malone/data-engineering-pathway/.venv/lib/python3.11/site-packages/airflow/example_dags/example_dag_decorator.py
[2026-04-26T17:39:48.239+0100] {processor.py:830} INFO - Processing file /Users/malone/data-engineering-pathway/.venv/lib/python3.11/site-packages/airflow/example_dags/example_dag_decorator.py for tasks to queue
[2026-04-26T17:39:48.239+0100] {logging_mixin.py:188} INFO - [2026-04-26T17:39:48.239+0100] {dagbag.py:545} INFO - Filling up the DagBag from /Users/malone/data-engineering-pathway/.venv/lib/python3.11/site-packages/airflow/example_dags/example_dag_decorator.py
[2026-04-26T17:39:48.346+0100] {processor.py:840} INFO - DAG(s) 'example_dag_decorator' retrieved from /Users/malone/data-engineering-pathway/.venv/lib/python3.11/site-packages/airflow/example_dags/example_dag_decorator.py
[2026-04-26T17:39:48.409+0100] {logging_mixin.py:188} INFO - [2026-04-26T17:39:48.409+0100] {dag.py:3089} INFO - Sync 1 DAGs
[2026-04-26T17:39:48.412+0100] {logging_mixin.py:188} INFO - [2026-04-26T17:39:48.412+0100] {dag.py:3947} INFO - Setting next_dagrun for example_dag_decorator to None, run_after=None
[2026-04-26T17:39:48.419+0100] {processor.py:183} INFO - Processing /Users/malone/data-engineering-pathway/.venv/lib/python3.11/site-packages/airflow/example_dags/example_dag_decorator.py took 0.182 seconds
[2026-04-26T17:41:44.370+0100] {processor.py:161} INFO - Started process (PID=8592) to work on /Users/malone/data-engineering-pathway/.venv/lib/python3.11/site-packages/airflow/example_dags/example_dag_decorator.py
[2026-04-26T17:41:44.370+0100] {processor.py:830} INFO - Processing file /Users/malone/data-engineering-pathway/.venv/lib/python3.11/site-packages/airflow/example_dags/example_dag_decorator.py for tasks to queue
[2026-04-26T17:41:44.370+0100] {logging_mixin.py:188} INFO - [2026-04-26T17:41:44.370+0100] {dagbag.py:545} INFO - Filling up the DagBag from /Users/malone/data-engineering-pathway/.venv/lib/python3.11/site-packages/airflow/example_dags/example_dag_decorator.py
[2026-04-26T17:41:44.484+0100] {processor.py:840} INFO - DAG(s) 'example_dag_decorator' retrieved from /Users/malone/data-engineering-pathway/.venv/lib/python3.11/site-packages/airflow/example_dags/example_dag_decorator.py
[2026-04-26T17:41:44.563+0100] {logging_mixin.py:188} INFO - [2026-04-26T17:41:44.563+0100] {dag.py:3089} INFO - Sync 1 DAGs
[2026-04-26T17:41:44.566+0100] {logging_mixin.py:188} INFO - [2026-04-26T17:41:44.566+0100] {dag.py:3947} INFO - Setting next_dagrun for example_dag_decorator to None, run_after=None
[2026-04-26T17:41:44.573+0100] {processor.py:183} INFO - Processing /Users/malone/data-engineering-pathway/.venv/lib/python3.11/site-packages/airflow/example_dags/example_dag_decorator.py took 0.204 seconds
[2026-04-26T17:43:41.569+0100] {processor.py:161} INFO - Started process (PID=8764) to work on /Users/malone/data-engineering-pathway/.venv/lib/python3.11/site-packages/airflow/example_dags/example_dag_decorator.py
[2026-04-26T17:43:41.570+0100] {processor.py:830} INFO - Processing file /Users/malone/data-engineering-pathway/.venv/lib/python3.11/site-packages/airflow/example_dags/example_dag_decorator.py for tasks to queue
[2026-04-26T17:43:41.570+0100] {logging_mixin.py:188} INFO - [2026-04-26T17:43:41.570+0100] {dagbag.py:545} INFO - Filling up the DagBag from /Users/malone/data-engineering-pathway/.venv/lib/python3.11/site-packages/airflow/example_dags/example_dag_decorator.py
[2026-04-26T17:43:41.684+0100] {processor.py:840} INFO - DAG(s) 'example_dag_decorator' retrieved from /Users/malone/data-engineering-pathway/.venv/lib/python3.11/site-packages/airflow/example_dags/example_dag_decorator.py
[2026-04-26T17:43:41.764+0100] {logging_mixin.py:188} INFO - [2026-04-26T17:43:41.764+0100] {dag.py:3089} INFO - Sync 1 DAGs
[2026-04-26T17:43:41.767+0100] {logging_mixin.py:188} INFO - [2026-04-26T17:43:41.767+0100] {dag.py:3947} INFO - Setting next_dagrun for example_dag_decorator to None, run_after=None
[2026-04-26T17:43:41.773+0100] {processor.py:183} INFO - Processing /Users/malone/data-engineering-pathway/.venv/lib/python3.11/site-packages/airflow/example_dags/example_dag_decorator.py took 0.205 seconds
[2026-04-26T17:45:27.827+0100] {processor.py:161} INFO - Started process (PID=8931) to work on /Users/malone/data-engineering-pathway/.venv/lib/python3.11/site-packages/airflow/example_dags/example_dag_decorator.py
[2026-04-26T17:45:27.828+0100] {processor.py:830} INFO - Processing file /Users/malone/data-engineering-pathway/.venv/lib/python3.11/site-packages/airflow/example_dags/example_dag_decorator.py for tasks to queue
[2026-04-26T17:45:27.828+0100] {logging_mixin.py:188} INFO - [2026-04-26T17:45:27.828+0100] {dagbag.py:545} INFO - Filling up the DagBag from /Users/malone/data-engineering-pathway/.venv/lib/python3.11/site-packages/airflow/example_dags/example_dag_decorator.py
[2026-04-26T17:45:27.940+0100] {processor.py:840} INFO - DAG(s) 'example_dag_decorator' retrieved from /Users/malone/data-engineering-pathway/.venv/lib/python3.11/site-packages/airflow/example_dags/example_dag_decorator.py
[2026-04-26T17:45:28.023+0100] {logging_mixin.py:188} INFO - [2026-04-26T17:45:28.023+0100] {dag.py:3089} INFO - Sync 1 DAGs
[2026-04-26T17:45:28.026+0100] {logging_mixin.py:188} INFO - [2026-04-26T17:45:28.026+0100] {dag.py:3947} INFO - Setting next_dagrun for example_dag_decorator to None, run_after=None
[2026-04-26T17:45:28.034+0100] {processor.py:183} INFO - Processing /Users/malone/data-engineering-pathway/.venv/lib/python3.11/site-packages/airflow/example_dags/example_dag_decorator.py took 0.208 seconds
[2026-04-26T17:47:15.885+0100] {processor.py:161} INFO - Started process (PID=9103) to work on /Users/malone/data-engineering-pathway/.venv/lib/python3.11/site-packages/airflow/example_dags/example_dag_decorator.py
[2026-04-26T17:47:15.886+0100] {processor.py:830} INFO - Processing file /Users/malone/data-engineering-pathway/.venv/lib/python3.11/site-packages/airflow/example_dags/example_dag_decorator.py for tasks to queue
[2026-04-26T17:47:15.886+0100] {logging_mixin.py:188} INFO - [2026-04-26T17:47:15.886+0100] {dagbag.py:545} INFO - Filling up the DagBag from /Users/malone/data-engineering-pathway/.venv/lib/python3.11/site-packages/airflow/example_dags/example_dag_decorator.py
[2026-04-26T17:47:16.002+0100] {processor.py:840} INFO - DAG(s) 'example_dag_decorator' retrieved from /Users/malone/data-engineering-pathway/.venv/lib/python3.11/site-packages/airflow/example_dags/example_dag_decorator.py
[2026-04-26T17:47:16.081+0100] {logging_mixin.py:188} INFO - [2026-04-26T17:47:16.081+0100] {dag.py:3089} INFO - Sync 1 DAGs
[2026-04-26T17:47:16.084+0100] {logging_mixin.py:188} INFO - [2026-04-26T17:47:16.084+0100] {dag.py:3947} INFO - Setting next_dagrun for example_dag_decorator to None, run_after=None
[2026-04-26T17:47:16.091+0100] {processor.py:183} INFO - Processing /Users/malone/data-engineering-pathway/.venv/lib/python3.11/site-packages/airflow/example_dags/example_dag_decorator.py took 0.207 seconds
[2026-04-26T17:49:14.199+0100] {processor.py:161} INFO - Started process (PID=9433) to work on /Users/malone/data-engineering-pathway/.venv/lib/python3.11/site-packages/airflow/example_dags/example_dag_decorator.py
[2026-04-26T17:49:14.200+0100] {processor.py:830} INFO - Processing file /Users/malone/data-engineering-pathway/.venv/lib/python3.11/site-packages/airflow/example_dags/example_dag_decorator.py for tasks to queue
[2026-04-26T17:49:14.200+0100] {logging_mixin.py:188} INFO - [2026-04-26T17:49:14.200+0100] {dagbag.py:545} INFO - Filling up the DagBag from /Users/malone/data-engineering-pathway/.venv/lib/python3.11/site-packages/airflow/example_dags/example_dag_decorator.py
[2026-04-26T17:49:14.322+0100] {processor.py:840} INFO - DAG(s) 'example_dag_decorator' retrieved from /Users/malone/data-engineering-pathway/.venv/lib/python3.11/site-packages/airflow/example_dags/example_dag_decorator.py
[2026-04-26T17:49:14.407+0100] {logging_mixin.py:188} INFO - [2026-04-26T17:49:14.406+0100] {dag.py:3089} INFO - Sync 1 DAGs
[2026-04-26T17:49:14.410+0100] {logging_mixin.py:188} INFO - [2026-04-26T17:49:14.410+0100] {dag.py:3947} INFO - Setting next_dagrun for example_dag_decorator to None, run_after=None
[2026-04-26T17:49:14.417+0100] {processor.py:183} INFO - Processing /Users/malone/data-engineering-pathway/.venv/lib/python3.11/site-packages/airflow/example_dags/example_dag_decorator.py took 0.219 seconds
[2026-04-26T17:51:17.508+0100] {processor.py:161} INFO - Started process (PID=9598) to work on /Users/malone/data-engineering-pathway/.venv/lib/python3.11/site-packages/airflow/example_dags/example_dag_decorator.py
[2026-04-26T17:51:17.509+0100] {processor.py:830} INFO - Processing file /Users/malone/data-engineering-pathway/.venv/lib/python3.11/site-packages/airflow/example_dags/example_dag_decorator.py for tasks to queue
[2026-04-26T17:51:17.509+0100] {logging_mixin.py:188} INFO - [2026-04-26T17:51:17.509+0100] {dagbag.py:545} INFO - Filling up the DagBag from /Users/malone/data-engineering-pathway/.venv/lib/python3.11/site-packages/airflow/example_dags/example_dag_decorator.py
[2026-04-26T17:51:17.638+0100] {processor.py:840} INFO - DAG(s) 'example_dag_decorator' retrieved from /Users/malone/data-engineering-pathway/.venv/lib/python3.11/site-packages/airflow/example_dags/example_dag_decorator.py
[2026-04-26T17:51:17.724+0100] {logging_mixin.py:188} INFO - [2026-04-26T17:51:17.723+0100] {dag.py:3089} INFO - Sync 1 DAGs
[2026-04-26T17:51:17.727+0100] {logging_mixin.py:188} INFO - [2026-04-26T17:51:17.727+0100] {dag.py:3947} INFO - Setting next_dagrun for example_dag_decorator to None, run_after=None
[2026-04-26T17:51:17.734+0100] {processor.py:183} INFO - Processing /Users/malone/data-engineering-pathway/.venv/lib/python3.11/site-packages/airflow/example_dags/example_dag_decorator.py took 0.227 seconds
[2026-04-26T17:53:12.391+0100] {processor.py:161} INFO - Started process (PID=9733) to work on /Users/malone/data-engineering-pathway/.venv/lib/python3.11/site-packages/airflow/example_dags/example_dag_decorator.py
[2026-04-26T17:53:12.391+0100] {processor.py:830} INFO - Processing file /Users/malone/data-engineering-pathway/.venv/lib/python3.11/site-packages/airflow/example_dags/example_dag_decorator.py for tasks to queue
[2026-04-26T17:53:12.391+0100] {logging_mixin.py:188} INFO - [2026-04-26T17:53:12.391+0100] {dagbag.py:545} INFO - Filling up the DagBag from /Users/malone/data-engineering-pathway/.venv/lib/python3.11/site-packages/airflow/example_dags/example_dag_decorator.py
[2026-04-26T17:53:12.502+0100] {processor.py:840} INFO - DAG(s) 'example_dag_decorator' retrieved from /Users/malone/data-engineering-pathway/.venv/lib/python3.11/site-packages/airflow/example_dags/example_dag_decorator.py
[2026-04-26T17:53:12.581+0100] {logging_mixin.py:188} INFO - [2026-04-26T17:53:12.581+0100] {dag.py:3089} INFO - Sync 1 DAGs
[2026-04-26T17:53:12.584+0100] {logging_mixin.py:188} INFO - [2026-04-26T17:53:12.584+0100] {dag.py:3947} INFO - Setting next_dagrun for example_dag_decorator to None, run_after=None
[2026-04-26T17:53:12.591+0100] {processor.py:183} INFO - Processing /Users/malone/data-engineering-pathway/.venv/lib/python3.11/site-packages/airflow/example_dags/example_dag_decorator.py took 0.202 seconds
[2026-04-26T17:55:13.631+0100] {processor.py:161} INFO - Started process (PID=9889) to work on /Users/malone/data-engineering-pathway/.venv/lib/python3.11/site-packages/airflow/example_dags/example_dag_decorator.py
[2026-04-26T17:55:13.632+0100] {processor.py:830} INFO - Processing file /Users/malone/data-engineering-pathway/.venv/lib/python3.11/site-packages/airflow/example_dags/example_dag_decorator.py for tasks to queue
[2026-04-26T17:55:13.632+0100] {logging_mixin.py:188} INFO - [2026-04-26T17:55:13.632+0100] {dagbag.py:545} INFO - Filling up the DagBag from /Users/malone/data-engineering-pathway/.venv/lib/python3.11/site-packages/airflow/example_dags/example_dag_decorator.py
[2026-04-26T17:55:13.744+0100] {processor.py:840} INFO - DAG(s) 'example_dag_decorator' retrieved from /Users/malone/data-engineering-pathway/.venv/lib/python3.11/site-packages/airflow/example_dags/example_dag_decorator.py
[2026-04-26T17:55:13.823+0100] {logging_mixin.py:188} INFO - [2026-04-26T17:55:13.823+0100] {dag.py:3089} INFO - Sync 1 DAGs
[2026-04-26T17:55:13.826+0100] {logging_mixin.py:188} INFO - [2026-04-26T17:55:13.826+0100] {dag.py:3947} INFO - Setting next_dagrun for example_dag_decorator to None, run_after=None
[2026-04-26T17:55:13.833+0100] {processor.py:183} INFO - Processing /Users/malone/data-engineering-pathway/.venv/lib/python3.11/site-packages/airflow/example_dags/example_dag_decorator.py took 0.202 seconds
[2026-04-26T17:57:15.939+0100] {processor.py:161} INFO - Started process (PID=10136) to work on /Users/malone/data-engineering-pathway/.venv/lib/python3.11/site-packages/airflow/example_dags/example_dag_decorator.py
[2026-04-26T17:57:15.940+0100] {processor.py:830} INFO - Processing file /Users/malone/data-engineering-pathway/.venv/lib/python3.11/site-packages/airflow/example_dags/example_dag_decorator.py for tasks to queue
[2026-04-26T17:57:15.940+0100] {logging_mixin.py:188} INFO - [2026-04-26T17:57:15.940+0100] {dagbag.py:545} INFO - Filling up the DagBag from /Users/malone/data-engineering-pathway/.venv/lib/python3.11/site-packages/airflow/example_dags/example_dag_decorator.py
[2026-04-26T17:57:16.076+0100] {processor.py:840} INFO - DAG(s) 'example_dag_decorator' retrieved from /Users/malone/data-engineering-pathway/.venv/lib/python3.11/site-packages/airflow/example_dags/example_dag_decorator.py
[2026-04-26T17:57:16.160+0100] {logging_mixin.py:188} INFO - [2026-04-26T17:57:16.160+0100] {dag.py:3089} INFO - Sync 1 DAGs
[2026-04-26T17:57:16.163+0100] {logging_mixin.py:188} INFO - [2026-04-26T17:57:16.163+0100] {dag.py:3947} INFO - Setting next_dagrun for example_dag_decorator to None, run_after=None
[2026-04-26T17:57:16.170+0100] {processor.py:183} INFO - Processing /Users/malone/data-engineering-pathway/.venv/lib/python3.11/site-packages/airflow/example_dags/example_dag_decorator.py took 0.232 seconds
[2026-04-26T17:59:06.629+0100] {processor.py:161} INFO - Started process (PID=10325) to work on /Users/malone/data-engineering-pathway/.venv/lib/python3.11/site-packages/airflow/example_dags/example_dag_decorator.py
[2026-04-26T17:59:06.629+0100] {processor.py:830} INFO - Processing file /Users/malone/data-engineering-pathway/.venv/lib/python3.11/site-packages/airflow/example_dags/example_dag_decorator.py for tasks to queue
[2026-04-26T17:59:06.630+0100] {logging_mixin.py:188} INFO - [2026-04-26T17:59:06.630+0100] {dagbag.py:545} INFO - Filling up the DagBag from /Users/malone/data-engineering-pathway/.venv/lib/python3.11/site-packages/airflow/example_dags/example_dag_decorator.py
[2026-04-26T17:59:06.745+0100] {processor.py:840} INFO - DAG(s) 'example_dag_decorator' retrieved from /Users/malone/data-engineering-pathway/.venv/lib/python3.11/site-packages/airflow/example_dags/example_dag_decorator.py
[2026-04-26T17:59:06.825+0100] {logging_mixin.py:188} INFO - [2026-04-26T17:59:06.824+0100] {dag.py:3089} INFO - Sync 1 DAGs
[2026-04-26T17:59:06.827+0100] {logging_mixin.py:188} INFO - [2026-04-26T17:59:06.827+0100] {dag.py:3947} INFO - Setting next_dagrun for example_dag_decorator to None, run_after=None
[2026-04-26T17:59:06.836+0100] {processor.py:183} INFO - Processing /Users/malone/data-engineering-pathway/.venv/lib/python3.11/site-packages/airflow/example_dags/example_dag_decorator.py took 0.208 seconds
