[2026-04-26T17:39:08.749+0100] {processor.py:161} INFO - Started process (PID=8332) to work on /Users/malone/data-engineering-pathway/.venv/lib/python3.11/site-packages/airflow/example_dags/example_subdag_operator.py
[2026-04-26T17:39:08.750+0100] {processor.py:830} INFO - Processing file /Users/malone/data-engineering-pathway/.venv/lib/python3.11/site-packages/airflow/example_dags/example_subdag_operator.py for tasks to queue
[2026-04-26T17:39:08.750+0100] {logging_mixin.py:188} INFO - [2026-04-26T17:39:08.750+0100] {dagbag.py:545} INFO - Filling up the DagBag from /Users/malone/data-engineering-pathway/.venv/lib/python3.11/site-packages/airflow/example_dags/example_subdag_operator.py
[2026-04-26T17:39:08.784+0100] {processor.py:840} INFO - DAG(s) 'example_subdag_operator.section-1', 'example_subdag_operator.section-2', 'example_subdag_operator' retrieved from /Users/malone/data-engineering-pathway/.venv/lib/python3.11/site-packages/airflow/example_dags/example_subdag_operator.py
[2026-04-26T17:39:08.856+0100] {logging_mixin.py:188} INFO - [2026-04-26T17:39:08.856+0100] {dag.py:3089} INFO - Sync 3 DAGs
[2026-04-26T17:39:08.862+0100] {logging_mixin.py:188} INFO - [2026-04-26T17:39:08.862+0100] {dag.py:3947} INFO - Setting next_dagrun for example_subdag_operator to 2022-01-01 00:00:00+00:00, run_after=2022-01-01 00:00:00+00:00
[2026-04-26T17:39:08.863+0100] {logging_mixin.py:188} INFO - [2026-04-26T17:39:08.863+0100] {dag.py:3947} INFO - Setting next_dagrun for example_subdag_operator.section-1 to None, run_after=None
[2026-04-26T17:39:08.863+0100] {logging_mixin.py:188} INFO - [2026-04-26T17:39:08.863+0100] {dag.py:3947} INFO - Setting next_dagrun for example_subdag_operator.section-2 to None, run_after=None
[2026-04-26T17:39:08.866+0100] {logging_mixin.py:188} INFO - [2026-04-26T17:39:08.866+0100] {dag.py:3089} INFO - Sync 2 DAGs
[2026-04-26T17:39:08.867+0100] {logging_mixin.py:188} INFO - [2026-04-26T17:39:08.867+0100] {dag.py:3947} INFO - Setting next_dagrun for example_subdag_operator.section-1 to None, run_after=None
[2026-04-26T17:39:08.867+0100] {logging_mixin.py:188} INFO - [2026-04-26T17:39:08.867+0100] {dag.py:3947} INFO - Setting next_dagrun for example_subdag_operator.section-2 to None, run_after=None
[2026-04-26T17:39:08.872+0100] {processor.py:183} INFO - Processing /Users/malone/data-engineering-pathway/.venv/lib/python3.11/site-packages/airflow/example_dags/example_subdag_operator.py took 0.124 seconds
[2026-04-26T17:40:36.221+0100] {processor.py:161} INFO - Started process (PID=8485) to work on /Users/malone/data-engineering-pathway/.venv/lib/python3.11/site-packages/airflow/example_dags/example_subdag_operator.py
[2026-04-26T17:40:36.221+0100] {processor.py:830} INFO - Processing file /Users/malone/data-engineering-pathway/.venv/lib/python3.11/site-packages/airflow/example_dags/example_subdag_operator.py for tasks to queue
[2026-04-26T17:40:36.221+0100] {logging_mixin.py:188} INFO - [2026-04-26T17:40:36.221+0100] {dagbag.py:545} INFO - Filling up the DagBag from /Users/malone/data-engineering-pathway/.venv/lib/python3.11/site-packages/airflow/example_dags/example_subdag_operator.py
[2026-04-26T17:40:36.254+0100] {processor.py:840} INFO - DAG(s) 'example_subdag_operator.section-1', 'example_subdag_operator.section-2', 'example_subdag_operator' retrieved from /Users/malone/data-engineering-pathway/.venv/lib/python3.11/site-packages/airflow/example_dags/example_subdag_operator.py
[2026-04-26T17:40:36.272+0100] {logging_mixin.py:188} INFO - [2026-04-26T17:40:36.272+0100] {dag.py:3089} INFO - Sync 3 DAGs
[2026-04-26T17:40:36.278+0100] {logging_mixin.py:188} INFO - [2026-04-26T17:40:36.278+0100] {dag.py:3947} INFO - Setting next_dagrun for example_subdag_operator to 2022-01-01 00:00:00+00:00, run_after=2022-01-01 00:00:00+00:00
[2026-04-26T17:40:36.279+0100] {logging_mixin.py:188} INFO - [2026-04-26T17:40:36.279+0100] {dag.py:3947} INFO - Setting next_dagrun for example_subdag_operator.section-1 to None, run_after=None
[2026-04-26T17:40:36.279+0100] {logging_mixin.py:188} INFO - [2026-04-26T17:40:36.279+0100] {dag.py:3947} INFO - Setting next_dagrun for example_subdag_operator.section-2 to None, run_after=None
[2026-04-26T17:40:36.281+0100] {logging_mixin.py:188} INFO - [2026-04-26T17:40:36.281+0100] {dag.py:3089} INFO - Sync 2 DAGs
[2026-04-26T17:40:36.282+0100] {logging_mixin.py:188} INFO - [2026-04-26T17:40:36.282+0100] {dag.py:3947} INFO - Setting next_dagrun for example_subdag_operator.section-1 to None, run_after=None
[2026-04-26T17:40:36.282+0100] {logging_mixin.py:188} INFO - [2026-04-26T17:40:36.282+0100] {dag.py:3947} INFO - Setting next_dagrun for example_subdag_operator.section-2 to None, run_after=None
[2026-04-26T17:40:36.287+0100] {processor.py:183} INFO - Processing /Users/malone/data-engineering-pathway/.venv/lib/python3.11/site-packages/airflow/example_dags/example_subdag_operator.py took 0.067 seconds
[2026-04-26T17:42:32.542+0100] {processor.py:161} INFO - Started process (PID=8643) to work on /Users/malone/data-engineering-pathway/.venv/lib/python3.11/site-packages/airflow/example_dags/example_subdag_operator.py
[2026-04-26T17:42:32.543+0100] {processor.py:830} INFO - Processing file /Users/malone/data-engineering-pathway/.venv/lib/python3.11/site-packages/airflow/example_dags/example_subdag_operator.py for tasks to queue
[2026-04-26T17:42:32.543+0100] {logging_mixin.py:188} INFO - [2026-04-26T17:42:32.543+0100] {dagbag.py:545} INFO - Filling up the DagBag from /Users/malone/data-engineering-pathway/.venv/lib/python3.11/site-packages/airflow/example_dags/example_subdag_operator.py
[2026-04-26T17:42:32.578+0100] {processor.py:840} INFO - DAG(s) 'example_subdag_operator.section-1', 'example_subdag_operator.section-2', 'example_subdag_operator' retrieved from /Users/malone/data-engineering-pathway/.venv/lib/python3.11/site-packages/airflow/example_dags/example_subdag_operator.py
[2026-04-26T17:42:32.599+0100] {logging_mixin.py:188} INFO - [2026-04-26T17:42:32.599+0100] {dag.py:3089} INFO - Sync 3 DAGs
[2026-04-26T17:42:32.605+0100] {logging_mixin.py:188} INFO - [2026-04-26T17:42:32.604+0100] {dag.py:3947} INFO - Setting next_dagrun for example_subdag_operator to 2022-01-01 00:00:00+00:00, run_after=2022-01-01 00:00:00+00:00
[2026-04-26T17:42:32.606+0100] {logging_mixin.py:188} INFO - [2026-04-26T17:42:32.605+0100] {dag.py:3947} INFO - Setting next_dagrun for example_subdag_operator.section-1 to None, run_after=None
[2026-04-26T17:42:32.606+0100] {logging_mixin.py:188} INFO - [2026-04-26T17:42:32.606+0100] {dag.py:3947} INFO - Setting next_dagrun for example_subdag_operator.section-2 to None, run_after=None
[2026-04-26T17:42:32.608+0100] {logging_mixin.py:188} INFO - [2026-04-26T17:42:32.608+0100] {dag.py:3089} INFO - Sync 2 DAGs
[2026-04-26T17:42:32.609+0100] {logging_mixin.py:188} INFO - [2026-04-26T17:42:32.609+0100] {dag.py:3947} INFO - Setting next_dagrun for example_subdag_operator.section-1 to None, run_after=None
[2026-04-26T17:42:32.609+0100] {logging_mixin.py:188} INFO - [2026-04-26T17:42:32.609+0100] {dag.py:3947} INFO - Setting next_dagrun for example_subdag_operator.section-2 to None, run_after=None
[2026-04-26T17:42:32.613+0100] {processor.py:183} INFO - Processing /Users/malone/data-engineering-pathway/.venv/lib/python3.11/site-packages/airflow/example_dags/example_subdag_operator.py took 0.072 seconds
[2026-04-26T17:44:24.981+0100] {processor.py:161} INFO - Started process (PID=8826) to work on /Users/malone/data-engineering-pathway/.venv/lib/python3.11/site-packages/airflow/example_dags/example_subdag_operator.py
[2026-04-26T17:44:24.981+0100] {processor.py:830} INFO - Processing file /Users/malone/data-engineering-pathway/.venv/lib/python3.11/site-packages/airflow/example_dags/example_subdag_operator.py for tasks to queue
[2026-04-26T17:44:24.982+0100] {logging_mixin.py:188} INFO - [2026-04-26T17:44:24.982+0100] {dagbag.py:545} INFO - Filling up the DagBag from /Users/malone/data-engineering-pathway/.venv/lib/python3.11/site-packages/airflow/example_dags/example_subdag_operator.py
[2026-04-26T17:44:25.015+0100] {processor.py:840} INFO - DAG(s) 'example_subdag_operator.section-1', 'example_subdag_operator.section-2', 'example_subdag_operator' retrieved from /Users/malone/data-engineering-pathway/.venv/lib/python3.11/site-packages/airflow/example_dags/example_subdag_operator.py
[2026-04-26T17:44:25.035+0100] {logging_mixin.py:188} INFO - [2026-04-26T17:44:25.035+0100] {dag.py:3089} INFO - Sync 3 DAGs
[2026-04-26T17:44:25.041+0100] {logging_mixin.py:188} INFO - [2026-04-26T17:44:25.041+0100] {dag.py:3947} INFO - Setting next_dagrun for example_subdag_operator to 2022-01-01 00:00:00+00:00, run_after=2022-01-01 00:00:00+00:00
[2026-04-26T17:44:25.042+0100] {logging_mixin.py:188} INFO - [2026-04-26T17:44:25.042+0100] {dag.py:3947} INFO - Setting next_dagrun for example_subdag_operator.section-1 to None, run_after=None
[2026-04-26T17:44:25.043+0100] {logging_mixin.py:188} INFO - [2026-04-26T17:44:25.042+0100] {dag.py:3947} INFO - Setting next_dagrun for example_subdag_operator.section-2 to None, run_after=None
[2026-04-26T17:44:25.045+0100] {logging_mixin.py:188} INFO - [2026-04-26T17:44:25.044+0100] {dag.py:3089} INFO - Sync 2 DAGs
[2026-04-26T17:44:25.046+0100] {logging_mixin.py:188} INFO - [2026-04-26T17:44:25.046+0100] {dag.py:3947} INFO - Setting next_dagrun for example_subdag_operator.section-1 to None, run_after=None
[2026-04-26T17:44:25.046+0100] {logging_mixin.py:188} INFO - [2026-04-26T17:44:25.046+0100] {dag.py:3947} INFO - Setting next_dagrun for example_subdag_operator.section-2 to None, run_after=None
[2026-04-26T17:44:25.051+0100] {processor.py:183} INFO - Processing /Users/malone/data-engineering-pathway/.venv/lib/python3.11/site-packages/airflow/example_dags/example_subdag_operator.py took 0.071 seconds
[2026-04-26T17:46:09.871+0100] {processor.py:161} INFO - Started process (PID=8997) to work on /Users/malone/data-engineering-pathway/.venv/lib/python3.11/site-packages/airflow/example_dags/example_subdag_operator.py
[2026-04-26T17:46:09.871+0100] {processor.py:830} INFO - Processing file /Users/malone/data-engineering-pathway/.venv/lib/python3.11/site-packages/airflow/example_dags/example_subdag_operator.py for tasks to queue
[2026-04-26T17:46:09.872+0100] {logging_mixin.py:188} INFO - [2026-04-26T17:46:09.872+0100] {dagbag.py:545} INFO - Filling up the DagBag from /Users/malone/data-engineering-pathway/.venv/lib/python3.11/site-packages/airflow/example_dags/example_subdag_operator.py
[2026-04-26T17:46:09.905+0100] {processor.py:840} INFO - DAG(s) 'example_subdag_operator.section-1', 'example_subdag_operator.section-2', 'example_subdag_operator' retrieved from /Users/malone/data-engineering-pathway/.venv/lib/python3.11/site-packages/airflow/example_dags/example_subdag_operator.py
[2026-04-26T17:46:09.924+0100] {logging_mixin.py:188} INFO - [2026-04-26T17:46:09.924+0100] {dag.py:3089} INFO - Sync 3 DAGs
[2026-04-26T17:46:09.929+0100] {logging_mixin.py:188} INFO - [2026-04-26T17:46:09.929+0100] {dag.py:3947} INFO - Setting next_dagrun for example_subdag_operator to 2022-01-01 00:00:00+00:00, run_after=2022-01-01 00:00:00+00:00
[2026-04-26T17:46:09.930+0100] {logging_mixin.py:188} INFO - [2026-04-26T17:46:09.930+0100] {dag.py:3947} INFO - Setting next_dagrun for example_subdag_operator.section-1 to None, run_after=None
[2026-04-26T17:46:09.931+0100] {logging_mixin.py:188} INFO - [2026-04-26T17:46:09.931+0100] {dag.py:3947} INFO - Setting next_dagrun for example_subdag_operator.section-2 to None, run_after=None
[2026-04-26T17:46:09.933+0100] {logging_mixin.py:188} INFO - [2026-04-26T17:46:09.932+0100] {dag.py:3089} INFO - Sync 2 DAGs
[2026-04-26T17:46:09.934+0100] {logging_mixin.py:188} INFO - [2026-04-26T17:46:09.934+0100] {dag.py:3947} INFO - Setting next_dagrun for example_subdag_operator.section-1 to None, run_after=None
[2026-04-26T17:46:09.934+0100] {logging_mixin.py:188} INFO - [2026-04-26T17:46:09.934+0100] {dag.py:3947} INFO - Setting next_dagrun for example_subdag_operator.section-2 to None, run_after=None
[2026-04-26T17:46:09.938+0100] {processor.py:183} INFO - Processing /Users/malone/data-engineering-pathway/.venv/lib/python3.11/site-packages/airflow/example_dags/example_subdag_operator.py took 0.069 seconds
[2026-04-26T17:48:01.720+0100] {processor.py:161} INFO - Started process (PID=9200) to work on /Users/malone/data-engineering-pathway/.venv/lib/python3.11/site-packages/airflow/example_dags/example_subdag_operator.py
[2026-04-26T17:48:01.721+0100] {processor.py:830} INFO - Processing file /Users/malone/data-engineering-pathway/.venv/lib/python3.11/site-packages/airflow/example_dags/example_subdag_operator.py for tasks to queue
[2026-04-26T17:48:01.721+0100] {logging_mixin.py:188} INFO - [2026-04-26T17:48:01.721+0100] {dagbag.py:545} INFO - Filling up the DagBag from /Users/malone/data-engineering-pathway/.venv/lib/python3.11/site-packages/airflow/example_dags/example_subdag_operator.py
[2026-04-26T17:48:01.755+0100] {processor.py:840} INFO - DAG(s) 'example_subdag_operator.section-1', 'example_subdag_operator.section-2', 'example_subdag_operator' retrieved from /Users/malone/data-engineering-pathway/.venv/lib/python3.11/site-packages/airflow/example_dags/example_subdag_operator.py
[2026-04-26T17:48:01.773+0100] {logging_mixin.py:188} INFO - [2026-04-26T17:48:01.773+0100] {dag.py:3089} INFO - Sync 3 DAGs
[2026-04-26T17:48:01.779+0100] {logging_mixin.py:188} INFO - [2026-04-26T17:48:01.779+0100] {dag.py:3947} INFO - Setting next_dagrun for example_subdag_operator to 2022-01-01 00:00:00+00:00, run_after=2022-01-01 00:00:00+00:00
[2026-04-26T17:48:01.780+0100] {logging_mixin.py:188} INFO - [2026-04-26T17:48:01.780+0100] {dag.py:3947} INFO - Setting next_dagrun for example_subdag_operator.section-1 to None, run_after=None
[2026-04-26T17:48:01.780+0100] {logging_mixin.py:188} INFO - [2026-04-26T17:48:01.780+0100] {dag.py:3947} INFO - Setting next_dagrun for example_subdag_operator.section-2 to None, run_after=None
[2026-04-26T17:48:01.783+0100] {logging_mixin.py:188} INFO - [2026-04-26T17:48:01.783+0100] {dag.py:3089} INFO - Sync 2 DAGs
[2026-04-26T17:48:01.784+0100] {logging_mixin.py:188} INFO - [2026-04-26T17:48:01.784+0100] {dag.py:3947} INFO - Setting next_dagrun for example_subdag_operator.section-1 to None, run_after=None
[2026-04-26T17:48:01.784+0100] {logging_mixin.py:188} INFO - [2026-04-26T17:48:01.784+0100] {dag.py:3947} INFO - Setting next_dagrun for example_subdag_operator.section-2 to None, run_after=None
[2026-04-26T17:48:01.789+0100] {processor.py:183} INFO - Processing /Users/malone/data-engineering-pathway/.venv/lib/python3.11/site-packages/airflow/example_dags/example_subdag_operator.py took 0.070 seconds
[2026-04-26T17:49:59.864+0100] {processor.py:161} INFO - Started process (PID=9487) to work on /Users/malone/data-engineering-pathway/.venv/lib/python3.11/site-packages/airflow/example_dags/example_subdag_operator.py
[2026-04-26T17:49:59.865+0100] {processor.py:830} INFO - Processing file /Users/malone/data-engineering-pathway/.venv/lib/python3.11/site-packages/airflow/example_dags/example_subdag_operator.py for tasks to queue
[2026-04-26T17:49:59.865+0100] {logging_mixin.py:188} INFO - [2026-04-26T17:49:59.865+0100] {dagbag.py:545} INFO - Filling up the DagBag from /Users/malone/data-engineering-pathway/.venv/lib/python3.11/site-packages/airflow/example_dags/example_subdag_operator.py
[2026-04-26T17:49:59.898+0100] {processor.py:840} INFO - DAG(s) 'example_subdag_operator.section-1', 'example_subdag_operator.section-2', 'example_subdag_operator' retrieved from /Users/malone/data-engineering-pathway/.venv/lib/python3.11/site-packages/airflow/example_dags/example_subdag_operator.py
[2026-04-26T17:49:59.916+0100] {logging_mixin.py:188} INFO - [2026-04-26T17:49:59.916+0100] {dag.py:3089} INFO - Sync 3 DAGs
[2026-04-26T17:49:59.922+0100] {logging_mixin.py:188} INFO - [2026-04-26T17:49:59.922+0100] {dag.py:3947} INFO - Setting next_dagrun for example_subdag_operator to 2022-01-01 00:00:00+00:00, run_after=2022-01-01 00:00:00+00:00
[2026-04-26T17:49:59.923+0100] {logging_mixin.py:188} INFO - [2026-04-26T17:49:59.923+0100] {dag.py:3947} INFO - Setting next_dagrun for example_subdag_operator.section-1 to None, run_after=None
[2026-04-26T17:49:59.923+0100] {logging_mixin.py:188} INFO - [2026-04-26T17:49:59.923+0100] {dag.py:3947} INFO - Setting next_dagrun for example_subdag_operator.section-2 to None, run_after=None
[2026-04-26T17:49:59.926+0100] {logging_mixin.py:188} INFO - [2026-04-26T17:49:59.926+0100] {dag.py:3089} INFO - Sync 2 DAGs
[2026-04-26T17:49:59.927+0100] {logging_mixin.py:188} INFO - [2026-04-26T17:49:59.927+0100] {dag.py:3947} INFO - Setting next_dagrun for example_subdag_operator.section-1 to None, run_after=None
[2026-04-26T17:49:59.928+0100] {logging_mixin.py:188} INFO - [2026-04-26T17:49:59.928+0100] {dag.py:3947} INFO - Setting next_dagrun for example_subdag_operator.section-2 to None, run_after=None
[2026-04-26T17:49:59.932+0100] {processor.py:183} INFO - Processing /Users/malone/data-engineering-pathway/.venv/lib/python3.11/site-packages/airflow/example_dags/example_subdag_operator.py took 0.069 seconds
[2026-04-26T17:51:00.818+0100] {processor.py:161} INFO - Started process (PID=9573) to work on /Users/malone/data-engineering-pathway/.venv/lib/python3.11/site-packages/airflow/example_dags/example_subdag_operator.py
[2026-04-26T17:51:00.819+0100] {processor.py:830} INFO - Processing file /Users/malone/data-engineering-pathway/.venv/lib/python3.11/site-packages/airflow/example_dags/example_subdag_operator.py for tasks to queue
[2026-04-26T17:51:00.819+0100] {logging_mixin.py:188} INFO - [2026-04-26T17:51:00.819+0100] {dagbag.py:545} INFO - Filling up the DagBag from /Users/malone/data-engineering-pathway/.venv/lib/python3.11/site-packages/airflow/example_dags/example_subdag_operator.py
[2026-04-26T17:51:00.854+0100] {processor.py:840} INFO - DAG(s) 'example_subdag_operator.section-1', 'example_subdag_operator.section-2', 'example_subdag_operator' retrieved from /Users/malone/data-engineering-pathway/.venv/lib/python3.11/site-packages/airflow/example_dags/example_subdag_operator.py
[2026-04-26T17:51:00.877+0100] {logging_mixin.py:188} INFO - [2026-04-26T17:51:00.877+0100] {dag.py:3089} INFO - Sync 3 DAGs
[2026-04-26T17:51:00.883+0100] {logging_mixin.py:188} INFO - [2026-04-26T17:51:00.883+0100] {dag.py:3947} INFO - Setting next_dagrun for example_subdag_operator to 2022-01-01 00:00:00+00:00, run_after=2022-01-01 00:00:00+00:00
[2026-04-26T17:51:00.884+0100] {logging_mixin.py:188} INFO - [2026-04-26T17:51:00.884+0100] {dag.py:3947} INFO - Setting next_dagrun for example_subdag_operator.section-1 to None, run_after=None
[2026-04-26T17:51:00.884+0100] {logging_mixin.py:188} INFO - [2026-04-26T17:51:00.884+0100] {dag.py:3947} INFO - Setting next_dagrun for example_subdag_operator.section-2 to None, run_after=None
[2026-04-26T17:51:00.887+0100] {logging_mixin.py:188} INFO - [2026-04-26T17:51:00.887+0100] {dag.py:3089} INFO - Sync 2 DAGs
[2026-04-26T17:51:00.888+0100] {logging_mixin.py:188} INFO - [2026-04-26T17:51:00.888+0100] {dag.py:3947} INFO - Setting next_dagrun for example_subdag_operator.section-1 to None, run_after=None
[2026-04-26T17:51:00.888+0100] {logging_mixin.py:188} INFO - [2026-04-26T17:51:00.888+0100] {dag.py:3947} INFO - Setting next_dagrun for example_subdag_operator.section-2 to None, run_after=None
[2026-04-26T17:51:00.893+0100] {processor.py:183} INFO - Processing /Users/malone/data-engineering-pathway/.venv/lib/python3.11/site-packages/airflow/example_dags/example_subdag_operator.py took 0.076 seconds
[2026-04-26T17:52:02.566+0100] {processor.py:161} INFO - Started process (PID=9658) to work on /Users/malone/data-engineering-pathway/.venv/lib/python3.11/site-packages/airflow/example_dags/example_subdag_operator.py
[2026-04-26T17:52:02.567+0100] {processor.py:830} INFO - Processing file /Users/malone/data-engineering-pathway/.venv/lib/python3.11/site-packages/airflow/example_dags/example_subdag_operator.py for tasks to queue
[2026-04-26T17:52:02.567+0100] {logging_mixin.py:188} INFO - [2026-04-26T17:52:02.567+0100] {dagbag.py:545} INFO - Filling up the DagBag from /Users/malone/data-engineering-pathway/.venv/lib/python3.11/site-packages/airflow/example_dags/example_subdag_operator.py
[2026-04-26T17:52:02.603+0100] {processor.py:840} INFO - DAG(s) 'example_subdag_operator.section-1', 'example_subdag_operator.section-2', 'example_subdag_operator' retrieved from /Users/malone/data-engineering-pathway/.venv/lib/python3.11/site-packages/airflow/example_dags/example_subdag_operator.py
[2026-04-26T17:52:02.622+0100] {logging_mixin.py:188} INFO - [2026-04-26T17:52:02.622+0100] {dag.py:3089} INFO - Sync 3 DAGs
[2026-04-26T17:52:02.628+0100] {logging_mixin.py:188} INFO - [2026-04-26T17:52:02.628+0100] {dag.py:3947} INFO - Setting next_dagrun for example_subdag_operator to 2022-01-01 00:00:00+00:00, run_after=2022-01-01 00:00:00+00:00
[2026-04-26T17:52:02.629+0100] {logging_mixin.py:188} INFO - [2026-04-26T17:52:02.629+0100] {dag.py:3947} INFO - Setting next_dagrun for example_subdag_operator.section-1 to None, run_after=None
[2026-04-26T17:52:02.629+0100] {logging_mixin.py:188} INFO - [2026-04-26T17:52:02.629+0100] {dag.py:3947} INFO - Setting next_dagrun for example_subdag_operator.section-2 to None, run_after=None
[2026-04-26T17:52:02.632+0100] {logging_mixin.py:188} INFO - [2026-04-26T17:52:02.632+0100] {dag.py:3089} INFO - Sync 2 DAGs
[2026-04-26T17:52:02.633+0100] {logging_mixin.py:188} INFO - [2026-04-26T17:52:02.633+0100] {dag.py:3947} INFO - Setting next_dagrun for example_subdag_operator.section-1 to None, run_after=None
[2026-04-26T17:52:02.633+0100] {logging_mixin.py:188} INFO - [2026-04-26T17:52:02.633+0100] {dag.py:3947} INFO - Setting next_dagrun for example_subdag_operator.section-2 to None, run_after=None
[2026-04-26T17:52:02.637+0100] {processor.py:183} INFO - Processing /Users/malone/data-engineering-pathway/.venv/lib/python3.11/site-packages/airflow/example_dags/example_subdag_operator.py took 0.072 seconds
[2026-04-26T17:53:57.208+0100] {processor.py:161} INFO - Started process (PID=9806) to work on /Users/malone/data-engineering-pathway/.venv/lib/python3.11/site-packages/airflow/example_dags/example_subdag_operator.py
[2026-04-26T17:53:57.209+0100] {processor.py:830} INFO - Processing file /Users/malone/data-engineering-pathway/.venv/lib/python3.11/site-packages/airflow/example_dags/example_subdag_operator.py for tasks to queue
[2026-04-26T17:53:57.209+0100] {logging_mixin.py:188} INFO - [2026-04-26T17:53:57.209+0100] {dagbag.py:545} INFO - Filling up the DagBag from /Users/malone/data-engineering-pathway/.venv/lib/python3.11/site-packages/airflow/example_dags/example_subdag_operator.py
[2026-04-26T17:53:57.244+0100] {processor.py:840} INFO - DAG(s) 'example_subdag_operator.section-1', 'example_subdag_operator.section-2', 'example_subdag_operator' retrieved from /Users/malone/data-engineering-pathway/.venv/lib/python3.11/site-packages/airflow/example_dags/example_subdag_operator.py
[2026-04-26T17:53:57.264+0100] {logging_mixin.py:188} INFO - [2026-04-26T17:53:57.264+0100] {dag.py:3089} INFO - Sync 3 DAGs
[2026-04-26T17:53:57.270+0100] {logging_mixin.py:188} INFO - [2026-04-26T17:53:57.270+0100] {dag.py:3947} INFO - Setting next_dagrun for example_subdag_operator to 2022-01-01 00:00:00+00:00, run_after=2022-01-01 00:00:00+00:00
[2026-04-26T17:53:57.271+0100] {logging_mixin.py:188} INFO - [2026-04-26T17:53:57.271+0100] {dag.py:3947} INFO - Setting next_dagrun for example_subdag_operator.section-1 to None, run_after=None
[2026-04-26T17:53:57.271+0100] {logging_mixin.py:188} INFO - [2026-04-26T17:53:57.271+0100] {dag.py:3947} INFO - Setting next_dagrun for example_subdag_operator.section-2 to None, run_after=None
[2026-04-26T17:53:57.274+0100] {logging_mixin.py:188} INFO - [2026-04-26T17:53:57.274+0100] {dag.py:3089} INFO - Sync 2 DAGs
[2026-04-26T17:53:57.275+0100] {logging_mixin.py:188} INFO - [2026-04-26T17:53:57.275+0100] {dag.py:3947} INFO - Setting next_dagrun for example_subdag_operator.section-1 to None, run_after=None
[2026-04-26T17:53:57.275+0100] {logging_mixin.py:188} INFO - [2026-04-26T17:53:57.275+0100] {dag.py:3947} INFO - Setting next_dagrun for example_subdag_operator.section-2 to None, run_after=None
[2026-04-26T17:53:57.279+0100] {processor.py:183} INFO - Processing /Users/malone/data-engineering-pathway/.venv/lib/python3.11/site-packages/airflow/example_dags/example_subdag_operator.py took 0.072 seconds
[2026-04-26T17:55:00.780+0100] {processor.py:161} INFO - Started process (PID=9866) to work on /Users/malone/data-engineering-pathway/.venv/lib/python3.11/site-packages/airflow/example_dags/example_subdag_operator.py
[2026-04-26T17:55:00.781+0100] {processor.py:830} INFO - Processing file /Users/malone/data-engineering-pathway/.venv/lib/python3.11/site-packages/airflow/example_dags/example_subdag_operator.py for tasks to queue
[2026-04-26T17:55:00.781+0100] {logging_mixin.py:188} INFO - [2026-04-26T17:55:00.781+0100] {dagbag.py:545} INFO - Filling up the DagBag from /Users/malone/data-engineering-pathway/.venv/lib/python3.11/site-packages/airflow/example_dags/example_subdag_operator.py
[2026-04-26T17:55:00.816+0100] {processor.py:840} INFO - DAG(s) 'example_subdag_operator.section-1', 'example_subdag_operator.section-2', 'example_subdag_operator' retrieved from /Users/malone/data-engineering-pathway/.venv/lib/python3.11/site-packages/airflow/example_dags/example_subdag_operator.py
[2026-04-26T17:55:00.835+0100] {logging_mixin.py:188} INFO - [2026-04-26T17:55:00.835+0100] {dag.py:3089} INFO - Sync 3 DAGs
[2026-04-26T17:55:00.841+0100] {logging_mixin.py:188} INFO - [2026-04-26T17:55:00.841+0100] {dag.py:3947} INFO - Setting next_dagrun for example_subdag_operator to 2022-01-01 00:00:00+00:00, run_after=2022-01-01 00:00:00+00:00
[2026-04-26T17:55:00.842+0100] {logging_mixin.py:188} INFO - [2026-04-26T17:55:00.842+0100] {dag.py:3947} INFO - Setting next_dagrun for example_subdag_operator.section-1 to None, run_after=None
[2026-04-26T17:55:00.842+0100] {logging_mixin.py:188} INFO - [2026-04-26T17:55:00.842+0100] {dag.py:3947} INFO - Setting next_dagrun for example_subdag_operator.section-2 to None, run_after=None
[2026-04-26T17:55:00.844+0100] {logging_mixin.py:188} INFO - [2026-04-26T17:55:00.844+0100] {dag.py:3089} INFO - Sync 2 DAGs
[2026-04-26T17:55:00.846+0100] {logging_mixin.py:188} INFO - [2026-04-26T17:55:00.845+0100] {dag.py:3947} INFO - Setting next_dagrun for example_subdag_operator.section-1 to None, run_after=None
[2026-04-26T17:55:00.846+0100] {logging_mixin.py:188} INFO - [2026-04-26T17:55:00.846+0100] {dag.py:3947} INFO - Setting next_dagrun for example_subdag_operator.section-2 to None, run_after=None
[2026-04-26T17:55:00.850+0100] {processor.py:183} INFO - Processing /Users/malone/data-engineering-pathway/.venv/lib/python3.11/site-packages/airflow/example_dags/example_subdag_operator.py took 0.071 seconds
[2026-04-26T17:56:02.030+0100] {processor.py:161} INFO - Started process (PID=10013) to work on /Users/malone/data-engineering-pathway/.venv/lib/python3.11/site-packages/airflow/example_dags/example_subdag_operator.py
[2026-04-26T17:56:02.032+0100] {processor.py:830} INFO - Processing file /Users/malone/data-engineering-pathway/.venv/lib/python3.11/site-packages/airflow/example_dags/example_subdag_operator.py for tasks to queue
[2026-04-26T17:56:02.033+0100] {logging_mixin.py:188} INFO - [2026-04-26T17:56:02.032+0100] {dagbag.py:545} INFO - Filling up the DagBag from /Users/malone/data-engineering-pathway/.venv/lib/python3.11/site-packages/airflow/example_dags/example_subdag_operator.py
[2026-04-26T17:56:02.066+0100] {processor.py:840} INFO - DAG(s) 'example_subdag_operator.section-1', 'example_subdag_operator.section-2', 'example_subdag_operator' retrieved from /Users/malone/data-engineering-pathway/.venv/lib/python3.11/site-packages/airflow/example_dags/example_subdag_operator.py
[2026-04-26T17:56:02.086+0100] {logging_mixin.py:188} INFO - [2026-04-26T17:56:02.086+0100] {dag.py:3089} INFO - Sync 3 DAGs
[2026-04-26T17:56:02.092+0100] {logging_mixin.py:188} INFO - [2026-04-26T17:56:02.092+0100] {dag.py:3947} INFO - Setting next_dagrun for example_subdag_operator to 2022-01-01 00:00:00+00:00, run_after=2022-01-01 00:00:00+00:00
[2026-04-26T17:56:02.093+0100] {logging_mixin.py:188} INFO - [2026-04-26T17:56:02.093+0100] {dag.py:3947} INFO - Setting next_dagrun for example_subdag_operator.section-1 to None, run_after=None
[2026-04-26T17:56:02.093+0100] {logging_mixin.py:188} INFO - [2026-04-26T17:56:02.093+0100] {dag.py:3947} INFO - Setting next_dagrun for example_subdag_operator.section-2 to None, run_after=None
[2026-04-26T17:56:02.096+0100] {logging_mixin.py:188} INFO - [2026-04-26T17:56:02.096+0100] {dag.py:3089} INFO - Sync 2 DAGs
[2026-04-26T17:56:02.097+0100] {logging_mixin.py:188} INFO - [2026-04-26T17:56:02.097+0100] {dag.py:3947} INFO - Setting next_dagrun for example_subdag_operator.section-1 to None, run_after=None
[2026-04-26T17:56:02.097+0100] {logging_mixin.py:188} INFO - [2026-04-26T17:56:02.097+0100] {dag.py:3947} INFO - Setting next_dagrun for example_subdag_operator.section-2 to None, run_after=None
[2026-04-26T17:56:02.102+0100] {processor.py:183} INFO - Processing /Users/malone/data-engineering-pathway/.venv/lib/python3.11/site-packages/airflow/example_dags/example_subdag_operator.py took 0.075 seconds
[2026-04-26T17:57:01.851+0100] {processor.py:161} INFO - Started process (PID=10116) to work on /Users/malone/data-engineering-pathway/.venv/lib/python3.11/site-packages/airflow/example_dags/example_subdag_operator.py
[2026-04-26T17:57:01.852+0100] {processor.py:830} INFO - Processing file /Users/malone/data-engineering-pathway/.venv/lib/python3.11/site-packages/airflow/example_dags/example_subdag_operator.py for tasks to queue
[2026-04-26T17:57:01.852+0100] {logging_mixin.py:188} INFO - [2026-04-26T17:57:01.852+0100] {dagbag.py:545} INFO - Filling up the DagBag from /Users/malone/data-engineering-pathway/.venv/lib/python3.11/site-packages/airflow/example_dags/example_subdag_operator.py
[2026-04-26T17:57:01.893+0100] {processor.py:840} INFO - DAG(s) 'example_subdag_operator.section-1', 'example_subdag_operator.section-2', 'example_subdag_operator' retrieved from /Users/malone/data-engineering-pathway/.venv/lib/python3.11/site-packages/airflow/example_dags/example_subdag_operator.py
[2026-04-26T17:57:01.912+0100] {logging_mixin.py:188} INFO - [2026-04-26T17:57:01.912+0100] {dag.py:3089} INFO - Sync 3 DAGs
[2026-04-26T17:57:01.918+0100] {logging_mixin.py:188} INFO - [2026-04-26T17:57:01.918+0100] {dag.py:3947} INFO - Setting next_dagrun for example_subdag_operator to 2022-01-01 00:00:00+00:00, run_after=2022-01-01 00:00:00+00:00
[2026-04-26T17:57:01.919+0100] {logging_mixin.py:188} INFO - [2026-04-26T17:57:01.919+0100] {dag.py:3947} INFO - Setting next_dagrun for example_subdag_operator.section-1 to None, run_after=None
[2026-04-26T17:57:01.919+0100] {logging_mixin.py:188} INFO - [2026-04-26T17:57:01.919+0100] {dag.py:3947} INFO - Setting next_dagrun for example_subdag_operator.section-2 to None, run_after=None
[2026-04-26T17:57:01.922+0100] {logging_mixin.py:188} INFO - [2026-04-26T17:57:01.922+0100] {dag.py:3089} INFO - Sync 2 DAGs
[2026-04-26T17:57:01.923+0100] {logging_mixin.py:188} INFO - [2026-04-26T17:57:01.923+0100] {dag.py:3947} INFO - Setting next_dagrun for example_subdag_operator.section-1 to None, run_after=None
[2026-04-26T17:57:01.923+0100] {logging_mixin.py:188} INFO - [2026-04-26T17:57:01.923+0100] {dag.py:3947} INFO - Setting next_dagrun for example_subdag_operator.section-2 to None, run_after=None
[2026-04-26T17:57:01.929+0100] {processor.py:183} INFO - Processing /Users/malone/data-engineering-pathway/.venv/lib/python3.11/site-packages/airflow/example_dags/example_subdag_operator.py took 0.080 seconds
[2026-04-26T17:58:00.655+0100] {processor.py:161} INFO - Started process (PID=10216) to work on /Users/malone/data-engineering-pathway/.venv/lib/python3.11/site-packages/airflow/example_dags/example_subdag_operator.py
[2026-04-26T17:58:00.655+0100] {processor.py:830} INFO - Processing file /Users/malone/data-engineering-pathway/.venv/lib/python3.11/site-packages/airflow/example_dags/example_subdag_operator.py for tasks to queue
[2026-04-26T17:58:00.656+0100] {logging_mixin.py:188} INFO - [2026-04-26T17:58:00.656+0100] {dagbag.py:545} INFO - Filling up the DagBag from /Users/malone/data-engineering-pathway/.venv/lib/python3.11/site-packages/airflow/example_dags/example_subdag_operator.py
[2026-04-26T17:58:00.689+0100] {processor.py:840} INFO - DAG(s) 'example_subdag_operator.section-1', 'example_subdag_operator.section-2', 'example_subdag_operator' retrieved from /Users/malone/data-engineering-pathway/.venv/lib/python3.11/site-packages/airflow/example_dags/example_subdag_operator.py
[2026-04-26T17:58:00.708+0100] {logging_mixin.py:188} INFO - [2026-04-26T17:58:00.708+0100] {dag.py:3089} INFO - Sync 3 DAGs
[2026-04-26T17:58:00.713+0100] {logging_mixin.py:188} INFO - [2026-04-26T17:58:00.713+0100] {dag.py:3947} INFO - Setting next_dagrun for example_subdag_operator to 2022-01-01 00:00:00+00:00, run_after=2022-01-01 00:00:00+00:00
[2026-04-26T17:58:00.714+0100] {logging_mixin.py:188} INFO - [2026-04-26T17:58:00.714+0100] {dag.py:3947} INFO - Setting next_dagrun for example_subdag_operator.section-1 to None, run_after=None
[2026-04-26T17:58:00.714+0100] {logging_mixin.py:188} INFO - [2026-04-26T17:58:00.714+0100] {dag.py:3947} INFO - Setting next_dagrun for example_subdag_operator.section-2 to None, run_after=None
[2026-04-26T17:58:00.716+0100] {logging_mixin.py:188} INFO - [2026-04-26T17:58:00.716+0100] {dag.py:3089} INFO - Sync 2 DAGs
[2026-04-26T17:58:00.717+0100] {logging_mixin.py:188} INFO - [2026-04-26T17:58:00.717+0100] {dag.py:3947} INFO - Setting next_dagrun for example_subdag_operator.section-1 to None, run_after=None
[2026-04-26T17:58:00.718+0100] {logging_mixin.py:188} INFO - [2026-04-26T17:58:00.718+0100] {dag.py:3947} INFO - Setting next_dagrun for example_subdag_operator.section-2 to None, run_after=None
[2026-04-26T17:58:00.722+0100] {processor.py:183} INFO - Processing /Users/malone/data-engineering-pathway/.venv/lib/python3.11/site-packages/airflow/example_dags/example_subdag_operator.py took 0.068 seconds
