[2026-04-26T17:39:30.437+0100] {processor.py:161} INFO - Started process (PID=8376) to work on /Users/malone/data-engineering-pathway/.venv/lib/python3.11/site-packages/airflow/example_dags/example_params_trigger_ui.py
[2026-04-26T17:39:30.438+0100] {processor.py:830} INFO - Processing file /Users/malone/data-engineering-pathway/.venv/lib/python3.11/site-packages/airflow/example_dags/example_params_trigger_ui.py for tasks to queue
[2026-04-26T17:39:30.438+0100] {logging_mixin.py:188} INFO - [2026-04-26T17:39:30.438+0100] {dagbag.py:545} INFO - Filling up the DagBag from /Users/malone/data-engineering-pathway/.venv/lib/python3.11/site-packages/airflow/example_dags/example_params_trigger_ui.py
[2026-04-26T17:39:30.452+0100] {processor.py:840} INFO - DAG(s) 'example_params_trigger_ui' retrieved from /Users/malone/data-engineering-pathway/.venv/lib/python3.11/site-packages/airflow/example_dags/example_params_trigger_ui.py
[2026-04-26T17:39:30.551+0100] {logging_mixin.py:188} INFO - [2026-04-26T17:39:30.551+0100] {dag.py:3089} INFO - Sync 1 DAGs
[2026-04-26T17:39:30.554+0100] {logging_mixin.py:188} INFO - [2026-04-26T17:39:30.554+0100] {dag.py:3947} INFO - Setting next_dagrun for example_params_trigger_ui to None, run_after=None
[2026-04-26T17:39:30.561+0100] {processor.py:183} INFO - Processing /Users/malone/data-engineering-pathway/.venv/lib/python3.11/site-packages/airflow/example_dags/example_params_trigger_ui.py took 0.125 seconds
[2026-04-26T17:40:57.941+0100] {processor.py:161} INFO - Started process (PID=8518) to work on /Users/malone/data-engineering-pathway/.venv/lib/python3.11/site-packages/airflow/example_dags/example_params_trigger_ui.py
[2026-04-26T17:40:57.942+0100] {processor.py:830} INFO - Processing file /Users/malone/data-engineering-pathway/.venv/lib/python3.11/site-packages/airflow/example_dags/example_params_trigger_ui.py for tasks to queue
[2026-04-26T17:40:57.942+0100] {logging_mixin.py:188} INFO - [2026-04-26T17:40:57.942+0100] {dagbag.py:545} INFO - Filling up the DagBag from /Users/malone/data-engineering-pathway/.venv/lib/python3.11/site-packages/airflow/example_dags/example_params_trigger_ui.py
[2026-04-26T17:40:57.957+0100] {processor.py:840} INFO - DAG(s) 'example_params_trigger_ui' retrieved from /Users/malone/data-engineering-pathway/.venv/lib/python3.11/site-packages/airflow/example_dags/example_params_trigger_ui.py
[2026-04-26T17:40:58.002+0100] {logging_mixin.py:188} INFO - [2026-04-26T17:40:58.002+0100] {dag.py:3089} INFO - Sync 1 DAGs
[2026-04-26T17:40:58.005+0100] {logging_mixin.py:188} INFO - [2026-04-26T17:40:58.005+0100] {dag.py:3947} INFO - Setting next_dagrun for example_params_trigger_ui to None, run_after=None
[2026-04-26T17:40:58.041+0100] {processor.py:183} INFO - Processing /Users/malone/data-engineering-pathway/.venv/lib/python3.11/site-packages/airflow/example_dags/example_params_trigger_ui.py took 0.100 seconds
[2026-04-26T17:42:55.593+0100] {processor.py:161} INFO - Started process (PID=8666) to work on /Users/malone/data-engineering-pathway/.venv/lib/python3.11/site-packages/airflow/example_dags/example_params_trigger_ui.py
[2026-04-26T17:42:55.593+0100] {processor.py:830} INFO - Processing file /Users/malone/data-engineering-pathway/.venv/lib/python3.11/site-packages/airflow/example_dags/example_params_trigger_ui.py for tasks to queue
[2026-04-26T17:42:55.594+0100] {logging_mixin.py:188} INFO - [2026-04-26T17:42:55.594+0100] {dagbag.py:545} INFO - Filling up the DagBag from /Users/malone/data-engineering-pathway/.venv/lib/python3.11/site-packages/airflow/example_dags/example_params_trigger_ui.py
[2026-04-26T17:42:55.610+0100] {processor.py:840} INFO - DAG(s) 'example_params_trigger_ui' retrieved from /Users/malone/data-engineering-pathway/.venv/lib/python3.11/site-packages/airflow/example_dags/example_params_trigger_ui.py
[2026-04-26T17:42:55.659+0100] {logging_mixin.py:188} INFO - [2026-04-26T17:42:55.658+0100] {dag.py:3089} INFO - Sync 1 DAGs
[2026-04-26T17:42:55.663+0100] {logging_mixin.py:188} INFO - [2026-04-26T17:42:55.662+0100] {dag.py:3947} INFO - Setting next_dagrun for example_params_trigger_ui to None, run_after=None
[2026-04-26T17:42:55.698+0100] {processor.py:183} INFO - Processing /Users/malone/data-engineering-pathway/.venv/lib/python3.11/site-packages/airflow/example_dags/example_params_trigger_ui.py took 0.106 seconds
[2026-04-26T17:44:45.639+0100] {processor.py:161} INFO - Started process (PID=8862) to work on /Users/malone/data-engineering-pathway/.venv/lib/python3.11/site-packages/airflow/example_dags/example_params_trigger_ui.py
[2026-04-26T17:44:45.640+0100] {processor.py:830} INFO - Processing file /Users/malone/data-engineering-pathway/.venv/lib/python3.11/site-packages/airflow/example_dags/example_params_trigger_ui.py for tasks to queue
[2026-04-26T17:44:45.640+0100] {logging_mixin.py:188} INFO - [2026-04-26T17:44:45.640+0100] {dagbag.py:545} INFO - Filling up the DagBag from /Users/malone/data-engineering-pathway/.venv/lib/python3.11/site-packages/airflow/example_dags/example_params_trigger_ui.py
[2026-04-26T17:44:45.655+0100] {processor.py:840} INFO - DAG(s) 'example_params_trigger_ui' retrieved from /Users/malone/data-engineering-pathway/.venv/lib/python3.11/site-packages/airflow/example_dags/example_params_trigger_ui.py
[2026-04-26T17:44:45.701+0100] {logging_mixin.py:188} INFO - [2026-04-26T17:44:45.701+0100] {dag.py:3089} INFO - Sync 1 DAGs
[2026-04-26T17:44:45.704+0100] {logging_mixin.py:188} INFO - [2026-04-26T17:44:45.704+0100] {dag.py:3947} INFO - Setting next_dagrun for example_params_trigger_ui to None, run_after=None
[2026-04-26T17:44:45.741+0100] {processor.py:183} INFO - Processing /Users/malone/data-engineering-pathway/.venv/lib/python3.11/site-packages/airflow/example_dags/example_params_trigger_ui.py took 0.103 seconds
[2026-04-26T17:46:31.951+0100] {processor.py:161} INFO - Started process (PID=9030) to work on /Users/malone/data-engineering-pathway/.venv/lib/python3.11/site-packages/airflow/example_dags/example_params_trigger_ui.py
[2026-04-26T17:46:31.952+0100] {processor.py:830} INFO - Processing file /Users/malone/data-engineering-pathway/.venv/lib/python3.11/site-packages/airflow/example_dags/example_params_trigger_ui.py for tasks to queue
[2026-04-26T17:46:31.952+0100] {logging_mixin.py:188} INFO - [2026-04-26T17:46:31.952+0100] {dagbag.py:545} INFO - Filling up the DagBag from /Users/malone/data-engineering-pathway/.venv/lib/python3.11/site-packages/airflow/example_dags/example_params_trigger_ui.py
[2026-04-26T17:46:31.970+0100] {processor.py:840} INFO - DAG(s) 'example_params_trigger_ui' retrieved from /Users/malone/data-engineering-pathway/.venv/lib/python3.11/site-packages/airflow/example_dags/example_params_trigger_ui.py
[2026-04-26T17:46:32.015+0100] {logging_mixin.py:188} INFO - [2026-04-26T17:46:32.015+0100] {dag.py:3089} INFO - Sync 1 DAGs
[2026-04-26T17:46:32.019+0100] {logging_mixin.py:188} INFO - [2026-04-26T17:46:32.019+0100] {dag.py:3947} INFO - Setting next_dagrun for example_params_trigger_ui to None, run_after=None
[2026-04-26T17:46:32.055+0100] {processor.py:183} INFO - Processing /Users/malone/data-engineering-pathway/.venv/lib/python3.11/site-packages/airflow/example_dags/example_params_trigger_ui.py took 0.106 seconds
[2026-04-26T17:48:24.870+0100] {processor.py:161} INFO - Started process (PID=9237) to work on /Users/malone/data-engineering-pathway/.venv/lib/python3.11/site-packages/airflow/example_dags/example_params_trigger_ui.py
[2026-04-26T17:48:24.871+0100] {processor.py:830} INFO - Processing file /Users/malone/data-engineering-pathway/.venv/lib/python3.11/site-packages/airflow/example_dags/example_params_trigger_ui.py for tasks to queue
[2026-04-26T17:48:24.871+0100] {logging_mixin.py:188} INFO - [2026-04-26T17:48:24.871+0100] {dagbag.py:545} INFO - Filling up the DagBag from /Users/malone/data-engineering-pathway/.venv/lib/python3.11/site-packages/airflow/example_dags/example_params_trigger_ui.py
[2026-04-26T17:48:24.888+0100] {processor.py:840} INFO - DAG(s) 'example_params_trigger_ui' retrieved from /Users/malone/data-engineering-pathway/.venv/lib/python3.11/site-packages/airflow/example_dags/example_params_trigger_ui.py
[2026-04-26T17:48:24.936+0100] {logging_mixin.py:188} INFO - [2026-04-26T17:48:24.935+0100] {dag.py:3089} INFO - Sync 1 DAGs
[2026-04-26T17:48:24.939+0100] {logging_mixin.py:188} INFO - [2026-04-26T17:48:24.939+0100] {dag.py:3947} INFO - Setting next_dagrun for example_params_trigger_ui to None, run_after=None
[2026-04-26T17:48:24.973+0100] {processor.py:183} INFO - Processing /Users/malone/data-engineering-pathway/.venv/lib/python3.11/site-packages/airflow/example_dags/example_params_trigger_ui.py took 0.104 seconds
[2026-04-26T17:50:24.406+0100] {processor.py:161} INFO - Started process (PID=9522) to work on /Users/malone/data-engineering-pathway/.venv/lib/python3.11/site-packages/airflow/example_dags/example_params_trigger_ui.py
[2026-04-26T17:50:24.407+0100] {processor.py:830} INFO - Processing file /Users/malone/data-engineering-pathway/.venv/lib/python3.11/site-packages/airflow/example_dags/example_params_trigger_ui.py for tasks to queue
[2026-04-26T17:50:24.407+0100] {logging_mixin.py:188} INFO - [2026-04-26T17:50:24.407+0100] {dagbag.py:545} INFO - Filling up the DagBag from /Users/malone/data-engineering-pathway/.venv/lib/python3.11/site-packages/airflow/example_dags/example_params_trigger_ui.py
[2026-04-26T17:50:24.421+0100] {processor.py:840} INFO - DAG(s) 'example_params_trigger_ui' retrieved from /Users/malone/data-engineering-pathway/.venv/lib/python3.11/site-packages/airflow/example_dags/example_params_trigger_ui.py
[2026-04-26T17:50:24.466+0100] {logging_mixin.py:188} INFO - [2026-04-26T17:50:24.465+0100] {dag.py:3089} INFO - Sync 1 DAGs
[2026-04-26T17:50:24.469+0100] {logging_mixin.py:188} INFO - [2026-04-26T17:50:24.469+0100] {dag.py:3947} INFO - Setting next_dagrun for example_params_trigger_ui to None, run_after=None
[2026-04-26T17:50:24.503+0100] {processor.py:183} INFO - Processing /Users/malone/data-engineering-pathway/.venv/lib/python3.11/site-packages/airflow/example_dags/example_params_trigger_ui.py took 0.099 seconds
[2026-04-26T17:52:24.289+0100] {processor.py:161} INFO - Started process (PID=9680) to work on /Users/malone/data-engineering-pathway/.venv/lib/python3.11/site-packages/airflow/example_dags/example_params_trigger_ui.py
[2026-04-26T17:52:24.289+0100] {processor.py:830} INFO - Processing file /Users/malone/data-engineering-pathway/.venv/lib/python3.11/site-packages/airflow/example_dags/example_params_trigger_ui.py for tasks to queue
[2026-04-26T17:52:24.290+0100] {logging_mixin.py:188} INFO - [2026-04-26T17:52:24.290+0100] {dagbag.py:545} INFO - Filling up the DagBag from /Users/malone/data-engineering-pathway/.venv/lib/python3.11/site-packages/airflow/example_dags/example_params_trigger_ui.py
[2026-04-26T17:52:24.304+0100] {processor.py:840} INFO - DAG(s) 'example_params_trigger_ui' retrieved from /Users/malone/data-engineering-pathway/.venv/lib/python3.11/site-packages/airflow/example_dags/example_params_trigger_ui.py
[2026-04-26T17:52:24.348+0100] {logging_mixin.py:188} INFO - [2026-04-26T17:52:24.348+0100] {dag.py:3089} INFO - Sync 1 DAGs
[2026-04-26T17:52:24.351+0100] {logging_mixin.py:188} INFO - [2026-04-26T17:52:24.351+0100] {dag.py:3947} INFO - Setting next_dagrun for example_params_trigger_ui to None, run_after=None
[2026-04-26T17:52:24.387+0100] {processor.py:183} INFO - Processing /Users/malone/data-engineering-pathway/.venv/lib/python3.11/site-packages/airflow/example_dags/example_params_trigger_ui.py took 0.100 seconds
[2026-04-26T17:54:21.958+0100] {processor.py:161} INFO - Started process (PID=9840) to work on /Users/malone/data-engineering-pathway/.venv/lib/python3.11/site-packages/airflow/example_dags/example_params_trigger_ui.py
[2026-04-26T17:54:21.959+0100] {processor.py:830} INFO - Processing file /Users/malone/data-engineering-pathway/.venv/lib/python3.11/site-packages/airflow/example_dags/example_params_trigger_ui.py for tasks to queue
[2026-04-26T17:54:21.959+0100] {logging_mixin.py:188} INFO - [2026-04-26T17:54:21.959+0100] {dagbag.py:545} INFO - Filling up the DagBag from /Users/malone/data-engineering-pathway/.venv/lib/python3.11/site-packages/airflow/example_dags/example_params_trigger_ui.py
[2026-04-26T17:54:21.973+0100] {processor.py:840} INFO - DAG(s) 'example_params_trigger_ui' retrieved from /Users/malone/data-engineering-pathway/.venv/lib/python3.11/site-packages/airflow/example_dags/example_params_trigger_ui.py
[2026-04-26T17:54:22.016+0100] {logging_mixin.py:188} INFO - [2026-04-26T17:54:22.016+0100] {dag.py:3089} INFO - Sync 1 DAGs
[2026-04-26T17:54:22.020+0100] {logging_mixin.py:188} INFO - [2026-04-26T17:54:22.019+0100] {dag.py:3947} INFO - Setting next_dagrun for example_params_trigger_ui to None, run_after=None
[2026-04-26T17:54:22.053+0100] {processor.py:183} INFO - Processing /Users/malone/data-engineering-pathway/.venv/lib/python3.11/site-packages/airflow/example_dags/example_params_trigger_ui.py took 0.096 seconds
[2026-04-26T17:56:24.815+0100] {processor.py:161} INFO - Started process (PID=10053) to work on /Users/malone/data-engineering-pathway/.venv/lib/python3.11/site-packages/airflow/example_dags/example_params_trigger_ui.py
[2026-04-26T17:56:24.816+0100] {processor.py:830} INFO - Processing file /Users/malone/data-engineering-pathway/.venv/lib/python3.11/site-packages/airflow/example_dags/example_params_trigger_ui.py for tasks to queue
[2026-04-26T17:56:24.816+0100] {logging_mixin.py:188} INFO - [2026-04-26T17:56:24.816+0100] {dagbag.py:545} INFO - Filling up the DagBag from /Users/malone/data-engineering-pathway/.venv/lib/python3.11/site-packages/airflow/example_dags/example_params_trigger_ui.py
[2026-04-26T17:56:24.835+0100] {processor.py:840} INFO - DAG(s) 'example_params_trigger_ui' retrieved from /Users/malone/data-engineering-pathway/.venv/lib/python3.11/site-packages/airflow/example_dags/example_params_trigger_ui.py
[2026-04-26T17:56:24.886+0100] {logging_mixin.py:188} INFO - [2026-04-26T17:56:24.886+0100] {dag.py:3089} INFO - Sync 1 DAGs
[2026-04-26T17:56:24.890+0100] {logging_mixin.py:188} INFO - [2026-04-26T17:56:24.889+0100] {dag.py:3947} INFO - Setting next_dagrun for example_params_trigger_ui to None, run_after=None
[2026-04-26T17:56:24.935+0100] {processor.py:183} INFO - Processing /Users/malone/data-engineering-pathway/.venv/lib/python3.11/site-packages/airflow/example_dags/example_params_trigger_ui.py took 0.121 seconds
[2026-04-26T17:58:19.571+0100] {processor.py:161} INFO - Started process (PID=10250) to work on /Users/malone/data-engineering-pathway/.venv/lib/python3.11/site-packages/airflow/example_dags/example_params_trigger_ui.py
[2026-04-26T17:58:19.572+0100] {processor.py:830} INFO - Processing file /Users/malone/data-engineering-pathway/.venv/lib/python3.11/site-packages/airflow/example_dags/example_params_trigger_ui.py for tasks to queue
[2026-04-26T17:58:19.572+0100] {logging_mixin.py:188} INFO - [2026-04-26T17:58:19.572+0100] {dagbag.py:545} INFO - Filling up the DagBag from /Users/malone/data-engineering-pathway/.venv/lib/python3.11/site-packages/airflow/example_dags/example_params_trigger_ui.py
[2026-04-26T17:58:19.587+0100] {processor.py:840} INFO - DAG(s) 'example_params_trigger_ui' retrieved from /Users/malone/data-engineering-pathway/.venv/lib/python3.11/site-packages/airflow/example_dags/example_params_trigger_ui.py
[2026-04-26T17:58:19.631+0100] {logging_mixin.py:188} INFO - [2026-04-26T17:58:19.631+0100] {dag.py:3089} INFO - Sync 1 DAGs
[2026-04-26T17:58:19.634+0100] {logging_mixin.py:188} INFO - [2026-04-26T17:58:19.634+0100] {dag.py:3947} INFO - Setting next_dagrun for example_params_trigger_ui to None, run_after=None
[2026-04-26T17:58:19.668+0100] {processor.py:183} INFO - Processing /Users/malone/data-engineering-pathway/.venv/lib/python3.11/site-packages/airflow/example_dags/example_params_trigger_ui.py took 0.097 seconds
