[2026-04-26T17:40:01.051+0100] {processor.py:161} INFO - Started process (PID=8430) to work on /Users/malone/data-engineering-pathway/.venv/lib/python3.11/site-packages/airflow/example_dags/example_branch_datetime_operator.py
[2026-04-26T17:40:01.052+0100] {processor.py:830} INFO - Processing file /Users/malone/data-engineering-pathway/.venv/lib/python3.11/site-packages/airflow/example_dags/example_branch_datetime_operator.py for tasks to queue
[2026-04-26T17:40:01.052+0100] {logging_mixin.py:188} INFO - [2026-04-26T17:40:01.052+0100] {dagbag.py:545} INFO - Filling up the DagBag from /Users/malone/data-engineering-pathway/.venv/lib/python3.11/site-packages/airflow/example_dags/example_branch_datetime_operator.py
[2026-04-26T17:40:01.056+0100] {processor.py:840} INFO - DAG(s) 'example_branch_datetime_operator_3', 'example_branch_datetime_operator', 'example_branch_datetime_operator_2' retrieved from /Users/malone/data-engineering-pathway/.venv/lib/python3.11/site-packages/airflow/example_dags/example_branch_datetime_operator.py
[2026-04-26T17:40:01.153+0100] {logging_mixin.py:188} INFO - [2026-04-26T17:40:01.152+0100] {dag.py:3089} INFO - Sync 3 DAGs
[2026-04-26T17:40:01.158+0100] {logging_mixin.py:188} INFO - [2026-04-26T17:40:01.158+0100] {dag.py:3947} INFO - Setting next_dagrun for example_branch_datetime_operator to 2026-04-25 00:00:00+00:00, run_after=2026-04-26 00:00:00+00:00
[2026-04-26T17:40:01.159+0100] {logging_mixin.py:188} INFO - [2026-04-26T17:40:01.159+0100] {dag.py:3947} INFO - Setting next_dagrun for example_branch_datetime_operator_2 to 2026-04-25 00:00:00+00:00, run_after=2026-04-26 00:00:00+00:00
[2026-04-26T17:40:01.160+0100] {logging_mixin.py:188} INFO - [2026-04-26T17:40:01.160+0100] {dag.py:3947} INFO - Setting next_dagrun for example_branch_datetime_operator_3 to 2026-04-25 00:00:00+00:00, run_after=2026-04-26 00:00:00+00:00
[2026-04-26T17:40:01.167+0100] {processor.py:183} INFO - Processing /Users/malone/data-engineering-pathway/.venv/lib/python3.11/site-packages/airflow/example_dags/example_branch_datetime_operator.py took 0.118 seconds
[2026-04-26T17:41:56.778+0100] {processor.py:161} INFO - Started process (PID=8608) to work on /Users/malone/data-engineering-pathway/.venv/lib/python3.11/site-packages/airflow/example_dags/example_branch_datetime_operator.py
[2026-04-26T17:41:56.778+0100] {processor.py:830} INFO - Processing file /Users/malone/data-engineering-pathway/.venv/lib/python3.11/site-packages/airflow/example_dags/example_branch_datetime_operator.py for tasks to queue
[2026-04-26T17:41:56.778+0100] {logging_mixin.py:188} INFO - [2026-04-26T17:41:56.778+0100] {dagbag.py:545} INFO - Filling up the DagBag from /Users/malone/data-engineering-pathway/.venv/lib/python3.11/site-packages/airflow/example_dags/example_branch_datetime_operator.py
[2026-04-26T17:41:56.783+0100] {processor.py:840} INFO - DAG(s) 'example_branch_datetime_operator', 'example_branch_datetime_operator_2', 'example_branch_datetime_operator_3' retrieved from /Users/malone/data-engineering-pathway/.venv/lib/python3.11/site-packages/airflow/example_dags/example_branch_datetime_operator.py
[2026-04-26T17:41:56.822+0100] {logging_mixin.py:188} INFO - [2026-04-26T17:41:56.822+0100] {dag.py:3089} INFO - Sync 3 DAGs
[2026-04-26T17:41:56.829+0100] {logging_mixin.py:188} INFO - [2026-04-26T17:41:56.829+0100] {dag.py:3947} INFO - Setting next_dagrun for example_branch_datetime_operator to 2026-04-25 00:00:00+00:00, run_after=2026-04-26 00:00:00+00:00
[2026-04-26T17:41:56.830+0100] {logging_mixin.py:188} INFO - [2026-04-26T17:41:56.830+0100] {dag.py:3947} INFO - Setting next_dagrun for example_branch_datetime_operator_2 to 2026-04-25 00:00:00+00:00, run_after=2026-04-26 00:00:00+00:00
[2026-04-26T17:41:56.831+0100] {logging_mixin.py:188} INFO - [2026-04-26T17:41:56.831+0100] {dag.py:3947} INFO - Setting next_dagrun for example_branch_datetime_operator_3 to 2026-04-25 00:00:00+00:00, run_after=2026-04-26 00:00:00+00:00
[2026-04-26T17:41:56.837+0100] {processor.py:183} INFO - Processing /Users/malone/data-engineering-pathway/.venv/lib/python3.11/site-packages/airflow/example_dags/example_branch_datetime_operator.py took 0.060 seconds
[2026-04-26T17:43:53.840+0100] {processor.py:161} INFO - Started process (PID=8783) to work on /Users/malone/data-engineering-pathway/.venv/lib/python3.11/site-packages/airflow/example_dags/example_branch_datetime_operator.py
[2026-04-26T17:43:53.841+0100] {processor.py:830} INFO - Processing file /Users/malone/data-engineering-pathway/.venv/lib/python3.11/site-packages/airflow/example_dags/example_branch_datetime_operator.py for tasks to queue
[2026-04-26T17:43:53.841+0100] {logging_mixin.py:188} INFO - [2026-04-26T17:43:53.841+0100] {dagbag.py:545} INFO - Filling up the DagBag from /Users/malone/data-engineering-pathway/.venv/lib/python3.11/site-packages/airflow/example_dags/example_branch_datetime_operator.py
[2026-04-26T17:43:53.846+0100] {processor.py:840} INFO - DAG(s) 'example_branch_datetime_operator_3', 'example_branch_datetime_operator', 'example_branch_datetime_operator_2' retrieved from /Users/malone/data-engineering-pathway/.venv/lib/python3.11/site-packages/airflow/example_dags/example_branch_datetime_operator.py
[2026-04-26T17:43:53.886+0100] {logging_mixin.py:188} INFO - [2026-04-26T17:43:53.886+0100] {dag.py:3089} INFO - Sync 3 DAGs
[2026-04-26T17:43:53.892+0100] {logging_mixin.py:188} INFO - [2026-04-26T17:43:53.892+0100] {dag.py:3947} INFO - Setting next_dagrun for example_branch_datetime_operator to 2026-04-25 00:00:00+00:00, run_after=2026-04-26 00:00:00+00:00
[2026-04-26T17:43:53.894+0100] {logging_mixin.py:188} INFO - [2026-04-26T17:43:53.894+0100] {dag.py:3947} INFO - Setting next_dagrun for example_branch_datetime_operator_2 to 2026-04-25 00:00:00+00:00, run_after=2026-04-26 00:00:00+00:00
[2026-04-26T17:43:53.894+0100] {logging_mixin.py:188} INFO - [2026-04-26T17:43:53.894+0100] {dag.py:3947} INFO - Setting next_dagrun for example_branch_datetime_operator_3 to 2026-04-25 00:00:00+00:00, run_after=2026-04-26 00:00:00+00:00
[2026-04-26T17:43:53.900+0100] {processor.py:183} INFO - Processing /Users/malone/data-engineering-pathway/.venv/lib/python3.11/site-packages/airflow/example_dags/example_branch_datetime_operator.py took 0.061 seconds
[2026-04-26T17:45:39.196+0100] {processor.py:161} INFO - Started process (PID=8951) to work on /Users/malone/data-engineering-pathway/.venv/lib/python3.11/site-packages/airflow/example_dags/example_branch_datetime_operator.py
[2026-04-26T17:45:39.197+0100] {processor.py:830} INFO - Processing file /Users/malone/data-engineering-pathway/.venv/lib/python3.11/site-packages/airflow/example_dags/example_branch_datetime_operator.py for tasks to queue
[2026-04-26T17:45:39.197+0100] {logging_mixin.py:188} INFO - [2026-04-26T17:45:39.197+0100] {dagbag.py:545} INFO - Filling up the DagBag from /Users/malone/data-engineering-pathway/.venv/lib/python3.11/site-packages/airflow/example_dags/example_branch_datetime_operator.py
[2026-04-26T17:45:39.203+0100] {processor.py:840} INFO - DAG(s) 'example_branch_datetime_operator_3', 'example_branch_datetime_operator', 'example_branch_datetime_operator_2' retrieved from /Users/malone/data-engineering-pathway/.venv/lib/python3.11/site-packages/airflow/example_dags/example_branch_datetime_operator.py
[2026-04-26T17:45:39.242+0100] {logging_mixin.py:188} INFO - [2026-04-26T17:45:39.242+0100] {dag.py:3089} INFO - Sync 3 DAGs
[2026-04-26T17:45:39.249+0100] {logging_mixin.py:188} INFO - [2026-04-26T17:45:39.249+0100] {dag.py:3947} INFO - Setting next_dagrun for example_branch_datetime_operator to 2026-04-25 00:00:00+00:00, run_after=2026-04-26 00:00:00+00:00
[2026-04-26T17:45:39.250+0100] {logging_mixin.py:188} INFO - [2026-04-26T17:45:39.250+0100] {dag.py:3947} INFO - Setting next_dagrun for example_branch_datetime_operator_2 to 2026-04-25 00:00:00+00:00, run_after=2026-04-26 00:00:00+00:00
[2026-04-26T17:45:39.251+0100] {logging_mixin.py:188} INFO - [2026-04-26T17:45:39.251+0100] {dag.py:3947} INFO - Setting next_dagrun for example_branch_datetime_operator_3 to 2026-04-25 00:00:00+00:00, run_after=2026-04-26 00:00:00+00:00
[2026-04-26T17:45:39.257+0100] {processor.py:183} INFO - Processing /Users/malone/data-engineering-pathway/.venv/lib/python3.11/site-packages/airflow/example_dags/example_branch_datetime_operator.py took 0.062 seconds
[2026-04-26T17:47:28.324+0100] {processor.py:161} INFO - Started process (PID=9127) to work on /Users/malone/data-engineering-pathway/.venv/lib/python3.11/site-packages/airflow/example_dags/example_branch_datetime_operator.py
[2026-04-26T17:47:28.324+0100] {processor.py:830} INFO - Processing file /Users/malone/data-engineering-pathway/.venv/lib/python3.11/site-packages/airflow/example_dags/example_branch_datetime_operator.py for tasks to queue
[2026-04-26T17:47:28.325+0100] {logging_mixin.py:188} INFO - [2026-04-26T17:47:28.324+0100] {dagbag.py:545} INFO - Filling up the DagBag from /Users/malone/data-engineering-pathway/.venv/lib/python3.11/site-packages/airflow/example_dags/example_branch_datetime_operator.py
[2026-04-26T17:47:28.330+0100] {processor.py:840} INFO - DAG(s) 'example_branch_datetime_operator_2', 'example_branch_datetime_operator', 'example_branch_datetime_operator_3' retrieved from /Users/malone/data-engineering-pathway/.venv/lib/python3.11/site-packages/airflow/example_dags/example_branch_datetime_operator.py
[2026-04-26T17:47:28.371+0100] {logging_mixin.py:188} INFO - [2026-04-26T17:47:28.371+0100] {dag.py:3089} INFO - Sync 3 DAGs
[2026-04-26T17:47:28.378+0100] {logging_mixin.py:188} INFO - [2026-04-26T17:47:28.378+0100] {dag.py:3947} INFO - Setting next_dagrun for example_branch_datetime_operator to 2026-04-25 00:00:00+00:00, run_after=2026-04-26 00:00:00+00:00
[2026-04-26T17:47:28.379+0100] {logging_mixin.py:188} INFO - [2026-04-26T17:47:28.379+0100] {dag.py:3947} INFO - Setting next_dagrun for example_branch_datetime_operator_2 to 2026-04-25 00:00:00+00:00, run_after=2026-04-26 00:00:00+00:00
[2026-04-26T17:47:28.380+0100] {logging_mixin.py:188} INFO - [2026-04-26T17:47:28.380+0100] {dag.py:3947} INFO - Setting next_dagrun for example_branch_datetime_operator_3 to 2026-04-25 00:00:00+00:00, run_after=2026-04-26 00:00:00+00:00
[2026-04-26T17:47:28.386+0100] {processor.py:183} INFO - Processing /Users/malone/data-engineering-pathway/.venv/lib/python3.11/site-packages/airflow/example_dags/example_branch_datetime_operator.py took 0.063 seconds
[2026-04-26T17:49:25.462+0100] {processor.py:161} INFO - Started process (PID=9452) to work on /Users/malone/data-engineering-pathway/.venv/lib/python3.11/site-packages/airflow/example_dags/example_branch_datetime_operator.py
[2026-04-26T17:49:25.464+0100] {processor.py:830} INFO - Processing file /Users/malone/data-engineering-pathway/.venv/lib/python3.11/site-packages/airflow/example_dags/example_branch_datetime_operator.py for tasks to queue
[2026-04-26T17:49:25.464+0100] {logging_mixin.py:188} INFO - [2026-04-26T17:49:25.464+0100] {dagbag.py:545} INFO - Filling up the DagBag from /Users/malone/data-engineering-pathway/.venv/lib/python3.11/site-packages/airflow/example_dags/example_branch_datetime_operator.py
[2026-04-26T17:49:25.469+0100] {processor.py:840} INFO - DAG(s) 'example_branch_datetime_operator_2', 'example_branch_datetime_operator_3', 'example_branch_datetime_operator' retrieved from /Users/malone/data-engineering-pathway/.venv/lib/python3.11/site-packages/airflow/example_dags/example_branch_datetime_operator.py
[2026-04-26T17:49:25.510+0100] {logging_mixin.py:188} INFO - [2026-04-26T17:49:25.510+0100] {dag.py:3089} INFO - Sync 3 DAGs
[2026-04-26T17:49:25.516+0100] {logging_mixin.py:188} INFO - [2026-04-26T17:49:25.516+0100] {dag.py:3947} INFO - Setting next_dagrun for example_branch_datetime_operator to 2026-04-25 00:00:00+00:00, run_after=2026-04-26 00:00:00+00:00
[2026-04-26T17:49:25.518+0100] {logging_mixin.py:188} INFO - [2026-04-26T17:49:25.518+0100] {dag.py:3947} INFO - Setting next_dagrun for example_branch_datetime_operator_2 to 2026-04-25 00:00:00+00:00, run_after=2026-04-26 00:00:00+00:00
[2026-04-26T17:49:25.519+0100] {logging_mixin.py:188} INFO - [2026-04-26T17:49:25.518+0100] {dag.py:3947} INFO - Setting next_dagrun for example_branch_datetime_operator_3 to 2026-04-25 00:00:00+00:00, run_after=2026-04-26 00:00:00+00:00
[2026-04-26T17:49:25.525+0100] {processor.py:183} INFO - Processing /Users/malone/data-engineering-pathway/.venv/lib/python3.11/site-packages/airflow/example_dags/example_branch_datetime_operator.py took 0.063 seconds
[2026-04-26T17:51:29.515+0100] {processor.py:161} INFO - Started process (PID=9617) to work on /Users/malone/data-engineering-pathway/.venv/lib/python3.11/site-packages/airflow/example_dags/example_branch_datetime_operator.py
[2026-04-26T17:51:29.516+0100] {processor.py:830} INFO - Processing file /Users/malone/data-engineering-pathway/.venv/lib/python3.11/site-packages/airflow/example_dags/example_branch_datetime_operator.py for tasks to queue
[2026-04-26T17:51:29.516+0100] {logging_mixin.py:188} INFO - [2026-04-26T17:51:29.516+0100] {dagbag.py:545} INFO - Filling up the DagBag from /Users/malone/data-engineering-pathway/.venv/lib/python3.11/site-packages/airflow/example_dags/example_branch_datetime_operator.py
[2026-04-26T17:51:29.521+0100] {processor.py:840} INFO - DAG(s) 'example_branch_datetime_operator', 'example_branch_datetime_operator_2', 'example_branch_datetime_operator_3' retrieved from /Users/malone/data-engineering-pathway/.venv/lib/python3.11/site-packages/airflow/example_dags/example_branch_datetime_operator.py
[2026-04-26T17:51:29.561+0100] {logging_mixin.py:188} INFO - [2026-04-26T17:51:29.561+0100] {dag.py:3089} INFO - Sync 3 DAGs
[2026-04-26T17:51:29.567+0100] {logging_mixin.py:188} INFO - [2026-04-26T17:51:29.567+0100] {dag.py:3947} INFO - Setting next_dagrun for example_branch_datetime_operator to 2026-04-25 00:00:00+00:00, run_after=2026-04-26 00:00:00+00:00
[2026-04-26T17:51:29.569+0100] {logging_mixin.py:188} INFO - [2026-04-26T17:51:29.569+0100] {dag.py:3947} INFO - Setting next_dagrun for example_branch_datetime_operator_2 to 2026-04-25 00:00:00+00:00, run_after=2026-04-26 00:00:00+00:00
[2026-04-26T17:51:29.569+0100] {logging_mixin.py:188} INFO - [2026-04-26T17:51:29.569+0100] {dag.py:3947} INFO - Setting next_dagrun for example_branch_datetime_operator_3 to 2026-04-25 00:00:00+00:00, run_after=2026-04-26 00:00:00+00:00
[2026-04-26T17:51:29.575+0100] {processor.py:183} INFO - Processing /Users/malone/data-engineering-pathway/.venv/lib/python3.11/site-packages/airflow/example_dags/example_branch_datetime_operator.py took 0.061 seconds
[2026-04-26T17:53:25.292+0100] {processor.py:161} INFO - Started process (PID=9756) to work on /Users/malone/data-engineering-pathway/.venv/lib/python3.11/site-packages/airflow/example_dags/example_branch_datetime_operator.py
[2026-04-26T17:53:25.292+0100] {processor.py:830} INFO - Processing file /Users/malone/data-engineering-pathway/.venv/lib/python3.11/site-packages/airflow/example_dags/example_branch_datetime_operator.py for tasks to queue
[2026-04-26T17:53:25.292+0100] {logging_mixin.py:188} INFO - [2026-04-26T17:53:25.292+0100] {dagbag.py:545} INFO - Filling up the DagBag from /Users/malone/data-engineering-pathway/.venv/lib/python3.11/site-packages/airflow/example_dags/example_branch_datetime_operator.py
[2026-04-26T17:53:25.297+0100] {processor.py:840} INFO - DAG(s) 'example_branch_datetime_operator_2', 'example_branch_datetime_operator', 'example_branch_datetime_operator_3' retrieved from /Users/malone/data-engineering-pathway/.venv/lib/python3.11/site-packages/airflow/example_dags/example_branch_datetime_operator.py
[2026-04-26T17:53:25.337+0100] {logging_mixin.py:188} INFO - [2026-04-26T17:53:25.336+0100] {dag.py:3089} INFO - Sync 3 DAGs
[2026-04-26T17:53:25.343+0100] {logging_mixin.py:188} INFO - [2026-04-26T17:53:25.343+0100] {dag.py:3947} INFO - Setting next_dagrun for example_branch_datetime_operator to 2026-04-25 00:00:00+00:00, run_after=2026-04-26 00:00:00+00:00
[2026-04-26T17:53:25.345+0100] {logging_mixin.py:188} INFO - [2026-04-26T17:53:25.345+0100] {dag.py:3947} INFO - Setting next_dagrun for example_branch_datetime_operator_2 to 2026-04-25 00:00:00+00:00, run_after=2026-04-26 00:00:00+00:00
[2026-04-26T17:53:25.345+0100] {logging_mixin.py:188} INFO - [2026-04-26T17:53:25.345+0100] {dag.py:3947} INFO - Setting next_dagrun for example_branch_datetime_operator_3 to 2026-04-25 00:00:00+00:00, run_after=2026-04-26 00:00:00+00:00
[2026-04-26T17:53:25.351+0100] {processor.py:183} INFO - Processing /Users/malone/data-engineering-pathway/.venv/lib/python3.11/site-packages/airflow/example_dags/example_branch_datetime_operator.py took 0.061 seconds
[2026-04-26T17:55:26.486+0100] {processor.py:161} INFO - Started process (PID=9930) to work on /Users/malone/data-engineering-pathway/.venv/lib/python3.11/site-packages/airflow/example_dags/example_branch_datetime_operator.py
[2026-04-26T17:55:26.487+0100] {processor.py:830} INFO - Processing file /Users/malone/data-engineering-pathway/.venv/lib/python3.11/site-packages/airflow/example_dags/example_branch_datetime_operator.py for tasks to queue
[2026-04-26T17:55:26.487+0100] {logging_mixin.py:188} INFO - [2026-04-26T17:55:26.487+0100] {dagbag.py:545} INFO - Filling up the DagBag from /Users/malone/data-engineering-pathway/.venv/lib/python3.11/site-packages/airflow/example_dags/example_branch_datetime_operator.py
[2026-04-26T17:55:26.495+0100] {processor.py:840} INFO - DAG(s) 'example_branch_datetime_operator', 'example_branch_datetime_operator_2', 'example_branch_datetime_operator_3' retrieved from /Users/malone/data-engineering-pathway/.venv/lib/python3.11/site-packages/airflow/example_dags/example_branch_datetime_operator.py
[2026-04-26T17:55:26.543+0100] {logging_mixin.py:188} INFO - [2026-04-26T17:55:26.543+0100] {dag.py:3089} INFO - Sync 3 DAGs
[2026-04-26T17:55:26.552+0100] {logging_mixin.py:188} INFO - [2026-04-26T17:55:26.551+0100] {dag.py:3947} INFO - Setting next_dagrun for example_branch_datetime_operator to 2026-04-25 00:00:00+00:00, run_after=2026-04-26 00:00:00+00:00
[2026-04-26T17:55:26.554+0100] {logging_mixin.py:188} INFO - [2026-04-26T17:55:26.554+0100] {dag.py:3947} INFO - Setting next_dagrun for example_branch_datetime_operator_2 to 2026-04-25 00:00:00+00:00, run_after=2026-04-26 00:00:00+00:00
[2026-04-26T17:55:26.555+0100] {logging_mixin.py:188} INFO - [2026-04-26T17:55:26.555+0100] {dag.py:3947} INFO - Setting next_dagrun for example_branch_datetime_operator_3 to 2026-04-25 00:00:00+00:00, run_after=2026-04-26 00:00:00+00:00
[2026-04-26T17:55:26.565+0100] {processor.py:183} INFO - Processing /Users/malone/data-engineering-pathway/.venv/lib/python3.11/site-packages/airflow/example_dags/example_branch_datetime_operator.py took 0.081 seconds
[2026-04-26T17:57:28.021+0100] {processor.py:161} INFO - Started process (PID=10160) to work on /Users/malone/data-engineering-pathway/.venv/lib/python3.11/site-packages/airflow/example_dags/example_branch_datetime_operator.py
[2026-04-26T17:57:28.022+0100] {processor.py:830} INFO - Processing file /Users/malone/data-engineering-pathway/.venv/lib/python3.11/site-packages/airflow/example_dags/example_branch_datetime_operator.py for tasks to queue
[2026-04-26T17:57:28.022+0100] {logging_mixin.py:188} INFO - [2026-04-26T17:57:28.022+0100] {dagbag.py:545} INFO - Filling up the DagBag from /Users/malone/data-engineering-pathway/.venv/lib/python3.11/site-packages/airflow/example_dags/example_branch_datetime_operator.py
[2026-04-26T17:57:28.027+0100] {processor.py:840} INFO - DAG(s) 'example_branch_datetime_operator_2', 'example_branch_datetime_operator_3', 'example_branch_datetime_operator' retrieved from /Users/malone/data-engineering-pathway/.venv/lib/python3.11/site-packages/airflow/example_dags/example_branch_datetime_operator.py
[2026-04-26T17:57:28.069+0100] {logging_mixin.py:188} INFO - [2026-04-26T17:57:28.069+0100] {dag.py:3089} INFO - Sync 3 DAGs
[2026-04-26T17:57:28.076+0100] {logging_mixin.py:188} INFO - [2026-04-26T17:57:28.075+0100] {dag.py:3947} INFO - Setting next_dagrun for example_branch_datetime_operator to 2026-04-25 00:00:00+00:00, run_after=2026-04-26 00:00:00+00:00
[2026-04-26T17:57:28.077+0100] {logging_mixin.py:188} INFO - [2026-04-26T17:57:28.077+0100] {dag.py:3947} INFO - Setting next_dagrun for example_branch_datetime_operator_2 to 2026-04-25 00:00:00+00:00, run_after=2026-04-26 00:00:00+00:00
[2026-04-26T17:57:28.078+0100] {logging_mixin.py:188} INFO - [2026-04-26T17:57:28.078+0100] {dag.py:3947} INFO - Setting next_dagrun for example_branch_datetime_operator_3 to 2026-04-25 00:00:00+00:00, run_after=2026-04-26 00:00:00+00:00
[2026-04-26T17:57:28.084+0100] {processor.py:183} INFO - Processing /Users/malone/data-engineering-pathway/.venv/lib/python3.11/site-packages/airflow/example_dags/example_branch_datetime_operator.py took 0.064 seconds
[2026-04-26T17:59:19.069+0100] {processor.py:161} INFO - Started process (PID=10346) to work on /Users/malone/data-engineering-pathway/.venv/lib/python3.11/site-packages/airflow/example_dags/example_branch_datetime_operator.py
[2026-04-26T17:59:19.069+0100] {processor.py:830} INFO - Processing file /Users/malone/data-engineering-pathway/.venv/lib/python3.11/site-packages/airflow/example_dags/example_branch_datetime_operator.py for tasks to queue
[2026-04-26T17:59:19.070+0100] {logging_mixin.py:188} INFO - [2026-04-26T17:59:19.070+0100] {dagbag.py:545} INFO - Filling up the DagBag from /Users/malone/data-engineering-pathway/.venv/lib/python3.11/site-packages/airflow/example_dags/example_branch_datetime_operator.py
[2026-04-26T17:59:19.074+0100] {processor.py:840} INFO - DAG(s) 'example_branch_datetime_operator_2', 'example_branch_datetime_operator_3', 'example_branch_datetime_operator' retrieved from /Users/malone/data-engineering-pathway/.venv/lib/python3.11/site-packages/airflow/example_dags/example_branch_datetime_operator.py
[2026-04-26T17:59:19.114+0100] {logging_mixin.py:188} INFO - [2026-04-26T17:59:19.114+0100] {dag.py:3089} INFO - Sync 3 DAGs
[2026-04-26T17:59:19.120+0100] {logging_mixin.py:188} INFO - [2026-04-26T17:59:19.120+0100] {dag.py:3947} INFO - Setting next_dagrun for example_branch_datetime_operator to 2026-04-25 00:00:00+00:00, run_after=2026-04-26 00:00:00+00:00
[2026-04-26T17:59:19.122+0100] {logging_mixin.py:188} INFO - [2026-04-26T17:59:19.122+0100] {dag.py:3947} INFO - Setting next_dagrun for example_branch_datetime_operator_2 to 2026-04-25 00:00:00+00:00, run_after=2026-04-26 00:00:00+00:00
[2026-04-26T17:59:19.122+0100] {logging_mixin.py:188} INFO - [2026-04-26T17:59:19.122+0100] {dag.py:3947} INFO - Setting next_dagrun for example_branch_datetime_operator_3 to 2026-04-25 00:00:00+00:00, run_after=2026-04-26 00:00:00+00:00
[2026-04-26T17:59:19.129+0100] {processor.py:183} INFO - Processing /Users/malone/data-engineering-pathway/.venv/lib/python3.11/site-packages/airflow/example_dags/example_branch_datetime_operator.py took 0.062 seconds
