[2026-04-26T17:39:03.611+0100] {processor.py:161} INFO - Started process (PID=8325) to work on /Users/malone/data-engineering-pathway/.venv/lib/python3.11/site-packages/airflow/example_dags/example_time_delta_sensor_async.py
[2026-04-26T17:39:03.611+0100] {processor.py:830} INFO - Processing file /Users/malone/data-engineering-pathway/.venv/lib/python3.11/site-packages/airflow/example_dags/example_time_delta_sensor_async.py for tasks to queue
[2026-04-26T17:39:03.611+0100] {logging_mixin.py:188} INFO - [2026-04-26T17:39:03.611+0100] {dagbag.py:545} INFO - Filling up the DagBag from /Users/malone/data-engineering-pathway/.venv/lib/python3.11/site-packages/airflow/example_dags/example_time_delta_sensor_async.py
[2026-04-26T17:39:03.614+0100] {processor.py:840} INFO - DAG(s) 'example_time_delta_sensor_async' retrieved from /Users/malone/data-engineering-pathway/.venv/lib/python3.11/site-packages/airflow/example_dags/example_time_delta_sensor_async.py
[2026-04-26T17:39:03.730+0100] {logging_mixin.py:188} INFO - [2026-04-26T17:39:03.730+0100] {dag.py:3089} INFO - Sync 1 DAGs
[2026-04-26T17:39:03.733+0100] {logging_mixin.py:188} INFO - [2026-04-26T17:39:03.733+0100] {dag.py:3947} INFO - Setting next_dagrun for example_time_delta_sensor_async to None, run_after=None
[2026-04-26T17:39:03.740+0100] {processor.py:183} INFO - Processing /Users/malone/data-engineering-pathway/.venv/lib/python3.11/site-packages/airflow/example_dags/example_time_delta_sensor_async.py took 0.131 seconds
[2026-04-26T17:40:30.767+0100] {processor.py:161} INFO - Started process (PID=8477) to work on /Users/malone/data-engineering-pathway/.venv/lib/python3.11/site-packages/airflow/example_dags/example_time_delta_sensor_async.py
[2026-04-26T17:40:30.768+0100] {processor.py:830} INFO - Processing file /Users/malone/data-engineering-pathway/.venv/lib/python3.11/site-packages/airflow/example_dags/example_time_delta_sensor_async.py for tasks to queue
[2026-04-26T17:40:30.768+0100] {logging_mixin.py:188} INFO - [2026-04-26T17:40:30.768+0100] {dagbag.py:545} INFO - Filling up the DagBag from /Users/malone/data-engineering-pathway/.venv/lib/python3.11/site-packages/airflow/example_dags/example_time_delta_sensor_async.py
[2026-04-26T17:40:30.772+0100] {processor.py:840} INFO - DAG(s) 'example_time_delta_sensor_async' retrieved from /Users/malone/data-engineering-pathway/.venv/lib/python3.11/site-packages/airflow/example_dags/example_time_delta_sensor_async.py
[2026-04-26T17:40:30.815+0100] {logging_mixin.py:188} INFO - [2026-04-26T17:40:30.815+0100] {dag.py:3089} INFO - Sync 1 DAGs
[2026-04-26T17:40:30.819+0100] {logging_mixin.py:188} INFO - [2026-04-26T17:40:30.818+0100] {dag.py:3947} INFO - Setting next_dagrun for example_time_delta_sensor_async to None, run_after=None
[2026-04-26T17:40:30.827+0100] {processor.py:183} INFO - Processing /Users/malone/data-engineering-pathway/.venv/lib/python3.11/site-packages/airflow/example_dags/example_time_delta_sensor_async.py took 0.061 seconds
[2026-04-26T17:41:27.759+0100] {processor.py:161} INFO - Started process (PID=8564) to work on /Users/malone/data-engineering-pathway/.venv/lib/python3.11/site-packages/airflow/example_dags/example_time_delta_sensor_async.py
[2026-04-26T17:41:27.760+0100] {processor.py:830} INFO - Processing file /Users/malone/data-engineering-pathway/.venv/lib/python3.11/site-packages/airflow/example_dags/example_time_delta_sensor_async.py for tasks to queue
[2026-04-26T17:41:27.760+0100] {logging_mixin.py:188} INFO - [2026-04-26T17:41:27.760+0100] {dagbag.py:545} INFO - Filling up the DagBag from /Users/malone/data-engineering-pathway/.venv/lib/python3.11/site-packages/airflow/example_dags/example_time_delta_sensor_async.py
[2026-04-26T17:41:27.764+0100] {processor.py:840} INFO - DAG(s) 'example_time_delta_sensor_async' retrieved from /Users/malone/data-engineering-pathway/.venv/lib/python3.11/site-packages/airflow/example_dags/example_time_delta_sensor_async.py
[2026-04-26T17:41:27.809+0100] {logging_mixin.py:188} INFO - [2026-04-26T17:41:27.808+0100] {dag.py:3089} INFO - Sync 1 DAGs
[2026-04-26T17:41:27.812+0100] {logging_mixin.py:188} INFO - [2026-04-26T17:41:27.812+0100] {dag.py:3947} INFO - Setting next_dagrun for example_time_delta_sensor_async to None, run_after=None
[2026-04-26T17:41:27.821+0100] {processor.py:183} INFO - Processing /Users/malone/data-engineering-pathway/.venv/lib/python3.11/site-packages/airflow/example_dags/example_time_delta_sensor_async.py took 0.062 seconds
[2026-04-26T17:42:27.702+0100] {processor.py:161} INFO - Started process (PID=8640) to work on /Users/malone/data-engineering-pathway/.venv/lib/python3.11/site-packages/airflow/example_dags/example_time_delta_sensor_async.py
[2026-04-26T17:42:27.704+0100] {processor.py:830} INFO - Processing file /Users/malone/data-engineering-pathway/.venv/lib/python3.11/site-packages/airflow/example_dags/example_time_delta_sensor_async.py for tasks to queue
[2026-04-26T17:42:27.704+0100] {logging_mixin.py:188} INFO - [2026-04-26T17:42:27.704+0100] {dagbag.py:545} INFO - Filling up the DagBag from /Users/malone/data-engineering-pathway/.venv/lib/python3.11/site-packages/airflow/example_dags/example_time_delta_sensor_async.py
[2026-04-26T17:42:27.708+0100] {processor.py:840} INFO - DAG(s) 'example_time_delta_sensor_async' retrieved from /Users/malone/data-engineering-pathway/.venv/lib/python3.11/site-packages/airflow/example_dags/example_time_delta_sensor_async.py
[2026-04-26T17:42:27.751+0100] {logging_mixin.py:188} INFO - [2026-04-26T17:42:27.751+0100] {dag.py:3089} INFO - Sync 1 DAGs
[2026-04-26T17:42:27.754+0100] {logging_mixin.py:188} INFO - [2026-04-26T17:42:27.754+0100] {dag.py:3947} INFO - Setting next_dagrun for example_time_delta_sensor_async to None, run_after=None
[2026-04-26T17:42:27.761+0100] {processor.py:183} INFO - Processing /Users/malone/data-engineering-pathway/.venv/lib/python3.11/site-packages/airflow/example_dags/example_time_delta_sensor_async.py took 0.061 seconds
[2026-04-26T17:43:26.354+0100] {processor.py:161} INFO - Started process (PID=8728) to work on /Users/malone/data-engineering-pathway/.venv/lib/python3.11/site-packages/airflow/example_dags/example_time_delta_sensor_async.py
[2026-04-26T17:43:26.355+0100] {processor.py:830} INFO - Processing file /Users/malone/data-engineering-pathway/.venv/lib/python3.11/site-packages/airflow/example_dags/example_time_delta_sensor_async.py for tasks to queue
[2026-04-26T17:43:26.355+0100] {logging_mixin.py:188} INFO - [2026-04-26T17:43:26.355+0100] {dagbag.py:545} INFO - Filling up the DagBag from /Users/malone/data-engineering-pathway/.venv/lib/python3.11/site-packages/airflow/example_dags/example_time_delta_sensor_async.py
[2026-04-26T17:43:26.358+0100] {processor.py:840} INFO - DAG(s) 'example_time_delta_sensor_async' retrieved from /Users/malone/data-engineering-pathway/.venv/lib/python3.11/site-packages/airflow/example_dags/example_time_delta_sensor_async.py
[2026-04-26T17:43:26.401+0100] {logging_mixin.py:188} INFO - [2026-04-26T17:43:26.401+0100] {dag.py:3089} INFO - Sync 1 DAGs
[2026-04-26T17:43:26.406+0100] {logging_mixin.py:188} INFO - [2026-04-26T17:43:26.406+0100] {dag.py:3947} INFO - Setting next_dagrun for example_time_delta_sensor_async to None, run_after=None
[2026-04-26T17:43:26.414+0100] {processor.py:183} INFO - Processing /Users/malone/data-engineering-pathway/.venv/lib/python3.11/site-packages/airflow/example_dags/example_time_delta_sensor_async.py took 0.061 seconds
[2026-04-26T17:44:23.162+0100] {processor.py:161} INFO - Started process (PID=8825) to work on /Users/malone/data-engineering-pathway/.venv/lib/python3.11/site-packages/airflow/example_dags/example_time_delta_sensor_async.py
[2026-04-26T17:44:23.163+0100] {processor.py:830} INFO - Processing file /Users/malone/data-engineering-pathway/.venv/lib/python3.11/site-packages/airflow/example_dags/example_time_delta_sensor_async.py for tasks to queue
[2026-04-26T17:44:23.163+0100] {logging_mixin.py:188} INFO - [2026-04-26T17:44:23.163+0100] {dagbag.py:545} INFO - Filling up the DagBag from /Users/malone/data-engineering-pathway/.venv/lib/python3.11/site-packages/airflow/example_dags/example_time_delta_sensor_async.py
[2026-04-26T17:44:23.169+0100] {processor.py:840} INFO - DAG(s) 'example_time_delta_sensor_async' retrieved from /Users/malone/data-engineering-pathway/.venv/lib/python3.11/site-packages/airflow/example_dags/example_time_delta_sensor_async.py
[2026-04-26T17:44:23.212+0100] {logging_mixin.py:188} INFO - [2026-04-26T17:44:23.212+0100] {dag.py:3089} INFO - Sync 1 DAGs
[2026-04-26T17:44:23.215+0100] {logging_mixin.py:188} INFO - [2026-04-26T17:44:23.215+0100] {dag.py:3947} INFO - Setting next_dagrun for example_time_delta_sensor_async to None, run_after=None
[2026-04-26T17:44:23.222+0100] {processor.py:183} INFO - Processing /Users/malone/data-engineering-pathway/.venv/lib/python3.11/site-packages/airflow/example_dags/example_time_delta_sensor_async.py took 0.061 seconds
[2026-04-26T17:46:07.174+0100] {processor.py:161} INFO - Started process (PID=8994) to work on /Users/malone/data-engineering-pathway/.venv/lib/python3.11/site-packages/airflow/example_dags/example_time_delta_sensor_async.py
[2026-04-26T17:46:07.174+0100] {processor.py:830} INFO - Processing file /Users/malone/data-engineering-pathway/.venv/lib/python3.11/site-packages/airflow/example_dags/example_time_delta_sensor_async.py for tasks to queue
[2026-04-26T17:46:07.174+0100] {logging_mixin.py:188} INFO - [2026-04-26T17:46:07.174+0100] {dagbag.py:545} INFO - Filling up the DagBag from /Users/malone/data-engineering-pathway/.venv/lib/python3.11/site-packages/airflow/example_dags/example_time_delta_sensor_async.py
[2026-04-26T17:46:07.179+0100] {processor.py:840} INFO - DAG(s) 'example_time_delta_sensor_async' retrieved from /Users/malone/data-engineering-pathway/.venv/lib/python3.11/site-packages/airflow/example_dags/example_time_delta_sensor_async.py
[2026-04-26T17:46:07.224+0100] {logging_mixin.py:188} INFO - [2026-04-26T17:46:07.224+0100] {dag.py:3089} INFO - Sync 1 DAGs
[2026-04-26T17:46:07.227+0100] {logging_mixin.py:188} INFO - [2026-04-26T17:46:07.227+0100] {dag.py:3947} INFO - Setting next_dagrun for example_time_delta_sensor_async to None, run_after=None
[2026-04-26T17:46:07.235+0100] {processor.py:183} INFO - Processing /Users/malone/data-engineering-pathway/.venv/lib/python3.11/site-packages/airflow/example_dags/example_time_delta_sensor_async.py took 0.063 seconds
[2026-04-26T17:47:00.311+0100] {processor.py:161} INFO - Started process (PID=9071) to work on /Users/malone/data-engineering-pathway/.venv/lib/python3.11/site-packages/airflow/example_dags/example_time_delta_sensor_async.py
[2026-04-26T17:47:00.311+0100] {processor.py:830} INFO - Processing file /Users/malone/data-engineering-pathway/.venv/lib/python3.11/site-packages/airflow/example_dags/example_time_delta_sensor_async.py for tasks to queue
[2026-04-26T17:47:00.312+0100] {logging_mixin.py:188} INFO - [2026-04-26T17:47:00.311+0100] {dagbag.py:545} INFO - Filling up the DagBag from /Users/malone/data-engineering-pathway/.venv/lib/python3.11/site-packages/airflow/example_dags/example_time_delta_sensor_async.py
[2026-04-26T17:47:00.315+0100] {processor.py:840} INFO - DAG(s) 'example_time_delta_sensor_async' retrieved from /Users/malone/data-engineering-pathway/.venv/lib/python3.11/site-packages/airflow/example_dags/example_time_delta_sensor_async.py
[2026-04-26T17:47:00.358+0100] {logging_mixin.py:188} INFO - [2026-04-26T17:47:00.358+0100] {dag.py:3089} INFO - Sync 1 DAGs
[2026-04-26T17:47:00.361+0100] {logging_mixin.py:188} INFO - [2026-04-26T17:47:00.361+0100] {dag.py:3947} INFO - Setting next_dagrun for example_time_delta_sensor_async to None, run_after=None
[2026-04-26T17:47:00.370+0100] {processor.py:183} INFO - Processing /Users/malone/data-engineering-pathway/.venv/lib/python3.11/site-packages/airflow/example_dags/example_time_delta_sensor_async.py took 0.060 seconds
[2026-04-26T17:47:57.093+0100] {processor.py:161} INFO - Started process (PID=9185) to work on /Users/malone/data-engineering-pathway/.venv/lib/python3.11/site-packages/airflow/example_dags/example_time_delta_sensor_async.py
[2026-04-26T17:47:57.094+0100] {processor.py:830} INFO - Processing file /Users/malone/data-engineering-pathway/.venv/lib/python3.11/site-packages/airflow/example_dags/example_time_delta_sensor_async.py for tasks to queue
[2026-04-26T17:47:57.094+0100] {logging_mixin.py:188} INFO - [2026-04-26T17:47:57.094+0100] {dagbag.py:545} INFO - Filling up the DagBag from /Users/malone/data-engineering-pathway/.venv/lib/python3.11/site-packages/airflow/example_dags/example_time_delta_sensor_async.py
[2026-04-26T17:47:57.097+0100] {processor.py:840} INFO - DAG(s) 'example_time_delta_sensor_async' retrieved from /Users/malone/data-engineering-pathway/.venv/lib/python3.11/site-packages/airflow/example_dags/example_time_delta_sensor_async.py
[2026-04-26T17:47:57.140+0100] {logging_mixin.py:188} INFO - [2026-04-26T17:47:57.140+0100] {dag.py:3089} INFO - Sync 1 DAGs
[2026-04-26T17:47:57.143+0100] {logging_mixin.py:188} INFO - [2026-04-26T17:47:57.143+0100] {dag.py:3947} INFO - Setting next_dagrun for example_time_delta_sensor_async to None, run_after=None
[2026-04-26T17:47:57.149+0100] {processor.py:183} INFO - Processing /Users/malone/data-engineering-pathway/.venv/lib/python3.11/site-packages/airflow/example_dags/example_time_delta_sensor_async.py took 0.058 seconds
[2026-04-26T17:48:56.002+0100] {processor.py:161} INFO - Started process (PID=9350) to work on /Users/malone/data-engineering-pathway/.venv/lib/python3.11/site-packages/airflow/example_dags/example_time_delta_sensor_async.py
[2026-04-26T17:48:56.004+0100] {processor.py:830} INFO - Processing file /Users/malone/data-engineering-pathway/.venv/lib/python3.11/site-packages/airflow/example_dags/example_time_delta_sensor_async.py for tasks to queue
[2026-04-26T17:48:56.004+0100] {logging_mixin.py:188} INFO - [2026-04-26T17:48:56.004+0100] {dagbag.py:545} INFO - Filling up the DagBag from /Users/malone/data-engineering-pathway/.venv/lib/python3.11/site-packages/airflow/example_dags/example_time_delta_sensor_async.py
[2026-04-26T17:48:56.012+0100] {processor.py:840} INFO - DAG(s) 'example_time_delta_sensor_async' retrieved from /Users/malone/data-engineering-pathway/.venv/lib/python3.11/site-packages/airflow/example_dags/example_time_delta_sensor_async.py
[2026-04-26T17:48:56.066+0100] {logging_mixin.py:188} INFO - [2026-04-26T17:48:56.066+0100] {dag.py:3089} INFO - Sync 1 DAGs
[2026-04-26T17:48:56.071+0100] {logging_mixin.py:188} INFO - [2026-04-26T17:48:56.071+0100] {dag.py:3947} INFO - Setting next_dagrun for example_time_delta_sensor_async to None, run_after=None
[2026-04-26T17:48:56.081+0100] {processor.py:183} INFO - Processing /Users/malone/data-engineering-pathway/.venv/lib/python3.11/site-packages/airflow/example_dags/example_time_delta_sensor_async.py took 0.081 seconds
[2026-04-26T17:49:54.374+0100] {processor.py:161} INFO - Started process (PID=9482) to work on /Users/malone/data-engineering-pathway/.venv/lib/python3.11/site-packages/airflow/example_dags/example_time_delta_sensor_async.py
[2026-04-26T17:49:54.375+0100] {processor.py:830} INFO - Processing file /Users/malone/data-engineering-pathway/.venv/lib/python3.11/site-packages/airflow/example_dags/example_time_delta_sensor_async.py for tasks to queue
[2026-04-26T17:49:54.376+0100] {logging_mixin.py:188} INFO - [2026-04-26T17:49:54.376+0100] {dagbag.py:545} INFO - Filling up the DagBag from /Users/malone/data-engineering-pathway/.venv/lib/python3.11/site-packages/airflow/example_dags/example_time_delta_sensor_async.py
[2026-04-26T17:49:54.379+0100] {processor.py:840} INFO - DAG(s) 'example_time_delta_sensor_async' retrieved from /Users/malone/data-engineering-pathway/.venv/lib/python3.11/site-packages/airflow/example_dags/example_time_delta_sensor_async.py
[2026-04-26T17:49:54.421+0100] {logging_mixin.py:188} INFO - [2026-04-26T17:49:54.421+0100] {dag.py:3089} INFO - Sync 1 DAGs
[2026-04-26T17:49:54.425+0100] {logging_mixin.py:188} INFO - [2026-04-26T17:49:54.425+0100] {dag.py:3947} INFO - Setting next_dagrun for example_time_delta_sensor_async to None, run_after=None
[2026-04-26T17:49:54.431+0100] {processor.py:183} INFO - Processing /Users/malone/data-engineering-pathway/.venv/lib/python3.11/site-packages/airflow/example_dags/example_time_delta_sensor_async.py took 0.058 seconds
[2026-04-26T17:50:55.160+0100] {processor.py:161} INFO - Started process (PID=9566) to work on /Users/malone/data-engineering-pathway/.venv/lib/python3.11/site-packages/airflow/example_dags/example_time_delta_sensor_async.py
[2026-04-26T17:50:55.160+0100] {processor.py:830} INFO - Processing file /Users/malone/data-engineering-pathway/.venv/lib/python3.11/site-packages/airflow/example_dags/example_time_delta_sensor_async.py for tasks to queue
[2026-04-26T17:50:55.160+0100] {logging_mixin.py:188} INFO - [2026-04-26T17:50:55.160+0100] {dagbag.py:545} INFO - Filling up the DagBag from /Users/malone/data-engineering-pathway/.venv/lib/python3.11/site-packages/airflow/example_dags/example_time_delta_sensor_async.py
[2026-04-26T17:50:55.164+0100] {processor.py:840} INFO - DAG(s) 'example_time_delta_sensor_async' retrieved from /Users/malone/data-engineering-pathway/.venv/lib/python3.11/site-packages/airflow/example_dags/example_time_delta_sensor_async.py
[2026-04-26T17:50:55.216+0100] {logging_mixin.py:188} INFO - [2026-04-26T17:50:55.216+0100] {dag.py:3089} INFO - Sync 1 DAGs
[2026-04-26T17:50:55.220+0100] {logging_mixin.py:188} INFO - [2026-04-26T17:50:55.220+0100] {dag.py:3947} INFO - Setting next_dagrun for example_time_delta_sensor_async to None, run_after=None
[2026-04-26T17:50:55.233+0100] {processor.py:183} INFO - Processing /Users/malone/data-engineering-pathway/.venv/lib/python3.11/site-packages/airflow/example_dags/example_time_delta_sensor_async.py took 0.074 seconds
[2026-04-26T17:51:57.639+0100] {processor.py:161} INFO - Started process (PID=9655) to work on /Users/malone/data-engineering-pathway/.venv/lib/python3.11/site-packages/airflow/example_dags/example_time_delta_sensor_async.py
[2026-04-26T17:51:57.640+0100] {processor.py:830} INFO - Processing file /Users/malone/data-engineering-pathway/.venv/lib/python3.11/site-packages/airflow/example_dags/example_time_delta_sensor_async.py for tasks to queue
[2026-04-26T17:51:57.640+0100] {logging_mixin.py:188} INFO - [2026-04-26T17:51:57.640+0100] {dagbag.py:545} INFO - Filling up the DagBag from /Users/malone/data-engineering-pathway/.venv/lib/python3.11/site-packages/airflow/example_dags/example_time_delta_sensor_async.py
[2026-04-26T17:51:57.644+0100] {processor.py:840} INFO - DAG(s) 'example_time_delta_sensor_async' retrieved from /Users/malone/data-engineering-pathway/.venv/lib/python3.11/site-packages/airflow/example_dags/example_time_delta_sensor_async.py
[2026-04-26T17:51:57.689+0100] {logging_mixin.py:188} INFO - [2026-04-26T17:51:57.689+0100] {dag.py:3089} INFO - Sync 1 DAGs
[2026-04-26T17:51:57.692+0100] {logging_mixin.py:188} INFO - [2026-04-26T17:51:57.692+0100] {dag.py:3947} INFO - Setting next_dagrun for example_time_delta_sensor_async to None, run_after=None
[2026-04-26T17:51:57.699+0100] {processor.py:183} INFO - Processing /Users/malone/data-engineering-pathway/.venv/lib/python3.11/site-packages/airflow/example_dags/example_time_delta_sensor_async.py took 0.061 seconds
[2026-04-26T17:52:58.056+0100] {processor.py:161} INFO - Started process (PID=9717) to work on /Users/malone/data-engineering-pathway/.venv/lib/python3.11/site-packages/airflow/example_dags/example_time_delta_sensor_async.py
[2026-04-26T17:52:58.057+0100] {processor.py:830} INFO - Processing file /Users/malone/data-engineering-pathway/.venv/lib/python3.11/site-packages/airflow/example_dags/example_time_delta_sensor_async.py for tasks to queue
[2026-04-26T17:52:58.057+0100] {logging_mixin.py:188} INFO - [2026-04-26T17:52:58.057+0100] {dagbag.py:545} INFO - Filling up the DagBag from /Users/malone/data-engineering-pathway/.venv/lib/python3.11/site-packages/airflow/example_dags/example_time_delta_sensor_async.py
[2026-04-26T17:52:58.061+0100] {processor.py:840} INFO - DAG(s) 'example_time_delta_sensor_async' retrieved from /Users/malone/data-engineering-pathway/.venv/lib/python3.11/site-packages/airflow/example_dags/example_time_delta_sensor_async.py
[2026-04-26T17:52:58.102+0100] {logging_mixin.py:188} INFO - [2026-04-26T17:52:58.102+0100] {dag.py:3089} INFO - Sync 1 DAGs
[2026-04-26T17:52:58.105+0100] {logging_mixin.py:188} INFO - [2026-04-26T17:52:58.105+0100] {dag.py:3947} INFO - Setting next_dagrun for example_time_delta_sensor_async to None, run_after=None
[2026-04-26T17:52:58.112+0100] {processor.py:183} INFO - Processing /Users/malone/data-engineering-pathway/.venv/lib/python3.11/site-packages/airflow/example_dags/example_time_delta_sensor_async.py took 0.056 seconds
[2026-04-26T17:53:53.535+0100] {processor.py:161} INFO - Started process (PID=9802) to work on /Users/malone/data-engineering-pathway/.venv/lib/python3.11/site-packages/airflow/example_dags/example_time_delta_sensor_async.py
[2026-04-26T17:53:53.535+0100] {processor.py:830} INFO - Processing file /Users/malone/data-engineering-pathway/.venv/lib/python3.11/site-packages/airflow/example_dags/example_time_delta_sensor_async.py for tasks to queue
[2026-04-26T17:53:53.536+0100] {logging_mixin.py:188} INFO - [2026-04-26T17:53:53.535+0100] {dagbag.py:545} INFO - Filling up the DagBag from /Users/malone/data-engineering-pathway/.venv/lib/python3.11/site-packages/airflow/example_dags/example_time_delta_sensor_async.py
[2026-04-26T17:53:53.539+0100] {processor.py:840} INFO - DAG(s) 'example_time_delta_sensor_async' retrieved from /Users/malone/data-engineering-pathway/.venv/lib/python3.11/site-packages/airflow/example_dags/example_time_delta_sensor_async.py
[2026-04-26T17:53:53.585+0100] {logging_mixin.py:188} INFO - [2026-04-26T17:53:53.585+0100] {dag.py:3089} INFO - Sync 1 DAGs
[2026-04-26T17:53:53.589+0100] {logging_mixin.py:188} INFO - [2026-04-26T17:53:53.588+0100] {dag.py:3947} INFO - Setting next_dagrun for example_time_delta_sensor_async to None, run_after=None
[2026-04-26T17:53:53.597+0100] {processor.py:183} INFO - Processing /Users/malone/data-engineering-pathway/.venv/lib/python3.11/site-packages/airflow/example_dags/example_time_delta_sensor_async.py took 0.063 seconds
[2026-04-26T17:54:55.305+0100] {processor.py:161} INFO - Started process (PID=9863) to work on /Users/malone/data-engineering-pathway/.venv/lib/python3.11/site-packages/airflow/example_dags/example_time_delta_sensor_async.py
[2026-04-26T17:54:55.305+0100] {processor.py:830} INFO - Processing file /Users/malone/data-engineering-pathway/.venv/lib/python3.11/site-packages/airflow/example_dags/example_time_delta_sensor_async.py for tasks to queue
[2026-04-26T17:54:55.306+0100] {logging_mixin.py:188} INFO - [2026-04-26T17:54:55.306+0100] {dagbag.py:545} INFO - Filling up the DagBag from /Users/malone/data-engineering-pathway/.venv/lib/python3.11/site-packages/airflow/example_dags/example_time_delta_sensor_async.py
[2026-04-26T17:54:55.309+0100] {processor.py:840} INFO - DAG(s) 'example_time_delta_sensor_async' retrieved from /Users/malone/data-engineering-pathway/.venv/lib/python3.11/site-packages/airflow/example_dags/example_time_delta_sensor_async.py
[2026-04-26T17:54:55.353+0100] {logging_mixin.py:188} INFO - [2026-04-26T17:54:55.353+0100] {dag.py:3089} INFO - Sync 1 DAGs
[2026-04-26T17:54:55.356+0100] {logging_mixin.py:188} INFO - [2026-04-26T17:54:55.356+0100] {dag.py:3947} INFO - Setting next_dagrun for example_time_delta_sensor_async to None, run_after=None
[2026-04-26T17:54:55.364+0100] {processor.py:183} INFO - Processing /Users/malone/data-engineering-pathway/.venv/lib/python3.11/site-packages/airflow/example_dags/example_time_delta_sensor_async.py took 0.060 seconds
[2026-04-26T17:55:57.479+0100] {processor.py:161} INFO - Started process (PID=9999) to work on /Users/malone/data-engineering-pathway/.venv/lib/python3.11/site-packages/airflow/example_dags/example_time_delta_sensor_async.py
[2026-04-26T17:55:57.479+0100] {processor.py:830} INFO - Processing file /Users/malone/data-engineering-pathway/.venv/lib/python3.11/site-packages/airflow/example_dags/example_time_delta_sensor_async.py for tasks to queue
[2026-04-26T17:55:57.480+0100] {logging_mixin.py:188} INFO - [2026-04-26T17:55:57.480+0100] {dagbag.py:545} INFO - Filling up the DagBag from /Users/malone/data-engineering-pathway/.venv/lib/python3.11/site-packages/airflow/example_dags/example_time_delta_sensor_async.py
[2026-04-26T17:55:57.483+0100] {processor.py:840} INFO - DAG(s) 'example_time_delta_sensor_async' retrieved from /Users/malone/data-engineering-pathway/.venv/lib/python3.11/site-packages/airflow/example_dags/example_time_delta_sensor_async.py
[2026-04-26T17:55:57.528+0100] {logging_mixin.py:188} INFO - [2026-04-26T17:55:57.527+0100] {dag.py:3089} INFO - Sync 1 DAGs
[2026-04-26T17:55:57.531+0100] {logging_mixin.py:188} INFO - [2026-04-26T17:55:57.531+0100] {dag.py:3947} INFO - Setting next_dagrun for example_time_delta_sensor_async to None, run_after=None
[2026-04-26T17:55:57.538+0100] {processor.py:183} INFO - Processing /Users/malone/data-engineering-pathway/.venv/lib/python3.11/site-packages/airflow/example_dags/example_time_delta_sensor_async.py took 0.060 seconds
[2026-04-26T17:56:56.427+0100] {processor.py:161} INFO - Started process (PID=10113) to work on /Users/malone/data-engineering-pathway/.venv/lib/python3.11/site-packages/airflow/example_dags/example_time_delta_sensor_async.py
[2026-04-26T17:56:56.427+0100] {processor.py:830} INFO - Processing file /Users/malone/data-engineering-pathway/.venv/lib/python3.11/site-packages/airflow/example_dags/example_time_delta_sensor_async.py for tasks to queue
[2026-04-26T17:56:56.427+0100] {logging_mixin.py:188} INFO - [2026-04-26T17:56:56.427+0100] {dagbag.py:545} INFO - Filling up the DagBag from /Users/malone/data-engineering-pathway/.venv/lib/python3.11/site-packages/airflow/example_dags/example_time_delta_sensor_async.py
[2026-04-26T17:56:56.431+0100] {processor.py:840} INFO - DAG(s) 'example_time_delta_sensor_async' retrieved from /Users/malone/data-engineering-pathway/.venv/lib/python3.11/site-packages/airflow/example_dags/example_time_delta_sensor_async.py
[2026-04-26T17:56:56.474+0100] {logging_mixin.py:188} INFO - [2026-04-26T17:56:56.473+0100] {dag.py:3089} INFO - Sync 1 DAGs
[2026-04-26T17:56:56.477+0100] {logging_mixin.py:188} INFO - [2026-04-26T17:56:56.477+0100] {dag.py:3947} INFO - Setting next_dagrun for example_time_delta_sensor_async to None, run_after=None
[2026-04-26T17:56:56.483+0100] {processor.py:183} INFO - Processing /Users/malone/data-engineering-pathway/.venv/lib/python3.11/site-packages/airflow/example_dags/example_time_delta_sensor_async.py took 0.058 seconds
[2026-04-26T17:57:55.308+0100] {processor.py:161} INFO - Started process (PID=10209) to work on /Users/malone/data-engineering-pathway/.venv/lib/python3.11/site-packages/airflow/example_dags/example_time_delta_sensor_async.py
[2026-04-26T17:57:55.308+0100] {processor.py:830} INFO - Processing file /Users/malone/data-engineering-pathway/.venv/lib/python3.11/site-packages/airflow/example_dags/example_time_delta_sensor_async.py for tasks to queue
[2026-04-26T17:57:55.309+0100] {logging_mixin.py:188} INFO - [2026-04-26T17:57:55.309+0100] {dagbag.py:545} INFO - Filling up the DagBag from /Users/malone/data-engineering-pathway/.venv/lib/python3.11/site-packages/airflow/example_dags/example_time_delta_sensor_async.py
[2026-04-26T17:57:55.312+0100] {processor.py:840} INFO - DAG(s) 'example_time_delta_sensor_async' retrieved from /Users/malone/data-engineering-pathway/.venv/lib/python3.11/site-packages/airflow/example_dags/example_time_delta_sensor_async.py
[2026-04-26T17:57:55.358+0100] {logging_mixin.py:188} INFO - [2026-04-26T17:57:55.358+0100] {dag.py:3089} INFO - Sync 1 DAGs
[2026-04-26T17:57:55.362+0100] {logging_mixin.py:188} INFO - [2026-04-26T17:57:55.361+0100] {dag.py:3947} INFO - Setting next_dagrun for example_time_delta_sensor_async to None, run_after=None
[2026-04-26T17:57:55.370+0100] {processor.py:183} INFO - Processing /Users/malone/data-engineering-pathway/.venv/lib/python3.11/site-packages/airflow/example_dags/example_time_delta_sensor_async.py took 0.063 seconds
[2026-04-26T17:58:50.776+0100] {processor.py:161} INFO - Started process (PID=10298) to work on /Users/malone/data-engineering-pathway/.venv/lib/python3.11/site-packages/airflow/example_dags/example_time_delta_sensor_async.py
[2026-04-26T17:58:50.777+0100] {processor.py:830} INFO - Processing file /Users/malone/data-engineering-pathway/.venv/lib/python3.11/site-packages/airflow/example_dags/example_time_delta_sensor_async.py for tasks to queue
[2026-04-26T17:58:50.778+0100] {logging_mixin.py:188} INFO - [2026-04-26T17:58:50.778+0100] {dagbag.py:545} INFO - Filling up the DagBag from /Users/malone/data-engineering-pathway/.venv/lib/python3.11/site-packages/airflow/example_dags/example_time_delta_sensor_async.py
[2026-04-26T17:58:50.781+0100] {processor.py:840} INFO - DAG(s) 'example_time_delta_sensor_async' retrieved from /Users/malone/data-engineering-pathway/.venv/lib/python3.11/site-packages/airflow/example_dags/example_time_delta_sensor_async.py
[2026-04-26T17:58:50.824+0100] {logging_mixin.py:188} INFO - [2026-04-26T17:58:50.824+0100] {dag.py:3089} INFO - Sync 1 DAGs
[2026-04-26T17:58:50.827+0100] {logging_mixin.py:188} INFO - [2026-04-26T17:58:50.827+0100] {dag.py:3947} INFO - Setting next_dagrun for example_time_delta_sensor_async to None, run_after=None
[2026-04-26T17:58:50.836+0100] {processor.py:183} INFO - Processing /Users/malone/data-engineering-pathway/.venv/lib/python3.11/site-packages/airflow/example_dags/example_time_delta_sensor_async.py took 0.061 seconds
