[2026-04-26T17:39:31.266+0100] {processor.py:161} INFO - Started process (PID=8377) to work on /Users/malone/data-engineering-pathway/.venv/lib/python3.11/site-packages/airflow/example_dags/example_nested_branch_dag.py
[2026-04-26T17:39:31.267+0100] {processor.py:830} INFO - Processing file /Users/malone/data-engineering-pathway/.venv/lib/python3.11/site-packages/airflow/example_dags/example_nested_branch_dag.py for tasks to queue
[2026-04-26T17:39:31.267+0100] {logging_mixin.py:188} INFO - [2026-04-26T17:39:31.267+0100] {dagbag.py:545} INFO - Filling up the DagBag from /Users/malone/data-engineering-pathway/.venv/lib/python3.11/site-packages/airflow/example_dags/example_nested_branch_dag.py
[2026-04-26T17:39:31.283+0100] {processor.py:840} INFO - DAG(s) 'example_nested_branch_dag' retrieved from /Users/malone/data-engineering-pathway/.venv/lib/python3.11/site-packages/airflow/example_dags/example_nested_branch_dag.py
[2026-04-26T17:39:31.375+0100] {logging_mixin.py:188} INFO - [2026-04-26T17:39:31.375+0100] {dag.py:3089} INFO - Sync 1 DAGs
[2026-04-26T17:39:31.382+0100] {logging_mixin.py:188} INFO - [2026-04-26T17:39:31.381+0100] {dag.py:3947} INFO - Setting next_dagrun for example_nested_branch_dag to 2026-04-25 00:00:00+00:00, run_after=2026-04-26 00:00:00+00:00
[2026-04-26T17:39:31.388+0100] {processor.py:183} INFO - Processing /Users/malone/data-engineering-pathway/.venv/lib/python3.11/site-packages/airflow/example_dags/example_nested_branch_dag.py took 0.123 seconds
[2026-04-26T17:40:59.860+0100] {processor.py:161} INFO - Started process (PID=8523) to work on /Users/malone/data-engineering-pathway/.venv/lib/python3.11/site-packages/airflow/example_dags/example_nested_branch_dag.py
[2026-04-26T17:40:59.861+0100] {processor.py:830} INFO - Processing file /Users/malone/data-engineering-pathway/.venv/lib/python3.11/site-packages/airflow/example_dags/example_nested_branch_dag.py for tasks to queue
[2026-04-26T17:40:59.861+0100] {logging_mixin.py:188} INFO - [2026-04-26T17:40:59.861+0100] {dagbag.py:545} INFO - Filling up the DagBag from /Users/malone/data-engineering-pathway/.venv/lib/python3.11/site-packages/airflow/example_dags/example_nested_branch_dag.py
[2026-04-26T17:40:59.894+0100] {processor.py:840} INFO - DAG(s) 'example_nested_branch_dag' retrieved from /Users/malone/data-engineering-pathway/.venv/lib/python3.11/site-packages/airflow/example_dags/example_nested_branch_dag.py
[2026-04-26T17:40:59.951+0100] {logging_mixin.py:188} INFO - [2026-04-26T17:40:59.951+0100] {dag.py:3089} INFO - Sync 1 DAGs
[2026-04-26T17:40:59.957+0100] {logging_mixin.py:188} INFO - [2026-04-26T17:40:59.957+0100] {dag.py:3947} INFO - Setting next_dagrun for example_nested_branch_dag to 2026-04-25 00:00:00+00:00, run_after=2026-04-26 00:00:00+00:00
[2026-04-26T17:41:00.002+0100] {processor.py:183} INFO - Processing /Users/malone/data-engineering-pathway/.venv/lib/python3.11/site-packages/airflow/example_dags/example_nested_branch_dag.py took 0.145 seconds
[2026-04-26T17:42:57.428+0100] {processor.py:161} INFO - Started process (PID=8667) to work on /Users/malone/data-engineering-pathway/.venv/lib/python3.11/site-packages/airflow/example_dags/example_nested_branch_dag.py
[2026-04-26T17:42:57.428+0100] {processor.py:830} INFO - Processing file /Users/malone/data-engineering-pathway/.venv/lib/python3.11/site-packages/airflow/example_dags/example_nested_branch_dag.py for tasks to queue
[2026-04-26T17:42:57.428+0100] {logging_mixin.py:188} INFO - [2026-04-26T17:42:57.428+0100] {dagbag.py:545} INFO - Filling up the DagBag from /Users/malone/data-engineering-pathway/.venv/lib/python3.11/site-packages/airflow/example_dags/example_nested_branch_dag.py
[2026-04-26T17:42:57.449+0100] {processor.py:840} INFO - DAG(s) 'example_nested_branch_dag' retrieved from /Users/malone/data-engineering-pathway/.venv/lib/python3.11/site-packages/airflow/example_dags/example_nested_branch_dag.py
[2026-04-26T17:42:57.488+0100] {logging_mixin.py:188} INFO - [2026-04-26T17:42:57.488+0100] {dag.py:3089} INFO - Sync 1 DAGs
[2026-04-26T17:42:57.494+0100] {logging_mixin.py:188} INFO - [2026-04-26T17:42:57.494+0100] {dag.py:3947} INFO - Setting next_dagrun for example_nested_branch_dag to 2026-04-25 00:00:00+00:00, run_after=2026-04-26 00:00:00+00:00
[2026-04-26T17:42:57.528+0100] {processor.py:183} INFO - Processing /Users/malone/data-engineering-pathway/.venv/lib/python3.11/site-packages/airflow/example_dags/example_nested_branch_dag.py took 0.102 seconds
[2026-04-26T17:44:47.486+0100] {processor.py:161} INFO - Started process (PID=8863) to work on /Users/malone/data-engineering-pathway/.venv/lib/python3.11/site-packages/airflow/example_dags/example_nested_branch_dag.py
[2026-04-26T17:44:47.487+0100] {processor.py:830} INFO - Processing file /Users/malone/data-engineering-pathway/.venv/lib/python3.11/site-packages/airflow/example_dags/example_nested_branch_dag.py for tasks to queue
[2026-04-26T17:44:47.487+0100] {logging_mixin.py:188} INFO - [2026-04-26T17:44:47.487+0100] {dagbag.py:545} INFO - Filling up the DagBag from /Users/malone/data-engineering-pathway/.venv/lib/python3.11/site-packages/airflow/example_dags/example_nested_branch_dag.py
[2026-04-26T17:44:47.502+0100] {processor.py:840} INFO - DAG(s) 'example_nested_branch_dag' retrieved from /Users/malone/data-engineering-pathway/.venv/lib/python3.11/site-packages/airflow/example_dags/example_nested_branch_dag.py
[2026-04-26T17:44:47.540+0100] {logging_mixin.py:188} INFO - [2026-04-26T17:44:47.540+0100] {dag.py:3089} INFO - Sync 1 DAGs
[2026-04-26T17:44:47.546+0100] {logging_mixin.py:188} INFO - [2026-04-26T17:44:47.546+0100] {dag.py:3947} INFO - Setting next_dagrun for example_nested_branch_dag to 2026-04-25 00:00:00+00:00, run_after=2026-04-26 00:00:00+00:00
[2026-04-26T17:44:47.580+0100] {processor.py:183} INFO - Processing /Users/malone/data-engineering-pathway/.venv/lib/python3.11/site-packages/airflow/example_dags/example_nested_branch_dag.py took 0.095 seconds
[2026-04-26T17:46:33.782+0100] {processor.py:161} INFO - Started process (PID=9031) to work on /Users/malone/data-engineering-pathway/.venv/lib/python3.11/site-packages/airflow/example_dags/example_nested_branch_dag.py
[2026-04-26T17:46:33.783+0100] {processor.py:830} INFO - Processing file /Users/malone/data-engineering-pathway/.venv/lib/python3.11/site-packages/airflow/example_dags/example_nested_branch_dag.py for tasks to queue
[2026-04-26T17:46:33.783+0100] {logging_mixin.py:188} INFO - [2026-04-26T17:46:33.783+0100] {dagbag.py:545} INFO - Filling up the DagBag from /Users/malone/data-engineering-pathway/.venv/lib/python3.11/site-packages/airflow/example_dags/example_nested_branch_dag.py
[2026-04-26T17:46:33.798+0100] {processor.py:840} INFO - DAG(s) 'example_nested_branch_dag' retrieved from /Users/malone/data-engineering-pathway/.venv/lib/python3.11/site-packages/airflow/example_dags/example_nested_branch_dag.py
[2026-04-26T17:46:33.836+0100] {logging_mixin.py:188} INFO - [2026-04-26T17:46:33.836+0100] {dag.py:3089} INFO - Sync 1 DAGs
[2026-04-26T17:46:33.841+0100] {logging_mixin.py:188} INFO - [2026-04-26T17:46:33.841+0100] {dag.py:3947} INFO - Setting next_dagrun for example_nested_branch_dag to 2026-04-25 00:00:00+00:00, run_after=2026-04-26 00:00:00+00:00
[2026-04-26T17:46:33.876+0100] {processor.py:183} INFO - Processing /Users/malone/data-engineering-pathway/.venv/lib/python3.11/site-packages/airflow/example_dags/example_nested_branch_dag.py took 0.095 seconds
[2026-04-26T17:48:26.749+0100] {processor.py:161} INFO - Started process (PID=9240) to work on /Users/malone/data-engineering-pathway/.venv/lib/python3.11/site-packages/airflow/example_dags/example_nested_branch_dag.py
[2026-04-26T17:48:26.749+0100] {processor.py:830} INFO - Processing file /Users/malone/data-engineering-pathway/.venv/lib/python3.11/site-packages/airflow/example_dags/example_nested_branch_dag.py for tasks to queue
[2026-04-26T17:48:26.750+0100] {logging_mixin.py:188} INFO - [2026-04-26T17:48:26.750+0100] {dagbag.py:545} INFO - Filling up the DagBag from /Users/malone/data-engineering-pathway/.venv/lib/python3.11/site-packages/airflow/example_dags/example_nested_branch_dag.py
[2026-04-26T17:48:26.767+0100] {processor.py:840} INFO - DAG(s) 'example_nested_branch_dag' retrieved from /Users/malone/data-engineering-pathway/.venv/lib/python3.11/site-packages/airflow/example_dags/example_nested_branch_dag.py
[2026-04-26T17:48:26.810+0100] {logging_mixin.py:188} INFO - [2026-04-26T17:48:26.810+0100] {dag.py:3089} INFO - Sync 1 DAGs
[2026-04-26T17:48:26.817+0100] {logging_mixin.py:188} INFO - [2026-04-26T17:48:26.817+0100] {dag.py:3947} INFO - Setting next_dagrun for example_nested_branch_dag to 2026-04-25 00:00:00+00:00, run_after=2026-04-26 00:00:00+00:00
[2026-04-26T17:48:26.861+0100] {processor.py:183} INFO - Processing /Users/malone/data-engineering-pathway/.venv/lib/python3.11/site-packages/airflow/example_dags/example_nested_branch_dag.py took 0.113 seconds
[2026-04-26T17:50:26.197+0100] {processor.py:161} INFO - Started process (PID=9523) to work on /Users/malone/data-engineering-pathway/.venv/lib/python3.11/site-packages/airflow/example_dags/example_nested_branch_dag.py
[2026-04-26T17:50:26.199+0100] {processor.py:830} INFO - Processing file /Users/malone/data-engineering-pathway/.venv/lib/python3.11/site-packages/airflow/example_dags/example_nested_branch_dag.py for tasks to queue
[2026-04-26T17:50:26.199+0100] {logging_mixin.py:188} INFO - [2026-04-26T17:50:26.199+0100] {dagbag.py:545} INFO - Filling up the DagBag from /Users/malone/data-engineering-pathway/.venv/lib/python3.11/site-packages/airflow/example_dags/example_nested_branch_dag.py
[2026-04-26T17:50:26.214+0100] {processor.py:840} INFO - DAG(s) 'example_nested_branch_dag' retrieved from /Users/malone/data-engineering-pathway/.venv/lib/python3.11/site-packages/airflow/example_dags/example_nested_branch_dag.py
[2026-04-26T17:50:26.252+0100] {logging_mixin.py:188} INFO - [2026-04-26T17:50:26.252+0100] {dag.py:3089} INFO - Sync 1 DAGs
[2026-04-26T17:50:26.259+0100] {logging_mixin.py:188} INFO - [2026-04-26T17:50:26.259+0100] {dag.py:3947} INFO - Setting next_dagrun for example_nested_branch_dag to 2026-04-25 00:00:00+00:00, run_after=2026-04-26 00:00:00+00:00
[2026-04-26T17:50:26.292+0100] {processor.py:183} INFO - Processing /Users/malone/data-engineering-pathway/.venv/lib/python3.11/site-packages/airflow/example_dags/example_nested_branch_dag.py took 0.096 seconds
[2026-04-26T17:52:26.120+0100] {processor.py:161} INFO - Started process (PID=9683) to work on /Users/malone/data-engineering-pathway/.venv/lib/python3.11/site-packages/airflow/example_dags/example_nested_branch_dag.py
[2026-04-26T17:52:26.120+0100] {processor.py:830} INFO - Processing file /Users/malone/data-engineering-pathway/.venv/lib/python3.11/site-packages/airflow/example_dags/example_nested_branch_dag.py for tasks to queue
[2026-04-26T17:52:26.121+0100] {logging_mixin.py:188} INFO - [2026-04-26T17:52:26.121+0100] {dagbag.py:545} INFO - Filling up the DagBag from /Users/malone/data-engineering-pathway/.venv/lib/python3.11/site-packages/airflow/example_dags/example_nested_branch_dag.py
[2026-04-26T17:52:26.135+0100] {processor.py:840} INFO - DAG(s) 'example_nested_branch_dag' retrieved from /Users/malone/data-engineering-pathway/.venv/lib/python3.11/site-packages/airflow/example_dags/example_nested_branch_dag.py
[2026-04-26T17:52:26.171+0100] {logging_mixin.py:188} INFO - [2026-04-26T17:52:26.171+0100] {dag.py:3089} INFO - Sync 1 DAGs
[2026-04-26T17:52:26.177+0100] {logging_mixin.py:188} INFO - [2026-04-26T17:52:26.176+0100] {dag.py:3947} INFO - Setting next_dagrun for example_nested_branch_dag to 2026-04-25 00:00:00+00:00, run_after=2026-04-26 00:00:00+00:00
[2026-04-26T17:52:26.209+0100] {processor.py:183} INFO - Processing /Users/malone/data-engineering-pathway/.venv/lib/python3.11/site-packages/airflow/example_dags/example_nested_branch_dag.py took 0.091 seconds
[2026-04-26T17:54:23.815+0100] {processor.py:161} INFO - Started process (PID=9841) to work on /Users/malone/data-engineering-pathway/.venv/lib/python3.11/site-packages/airflow/example_dags/example_nested_branch_dag.py
[2026-04-26T17:54:23.816+0100] {processor.py:830} INFO - Processing file /Users/malone/data-engineering-pathway/.venv/lib/python3.11/site-packages/airflow/example_dags/example_nested_branch_dag.py for tasks to queue
[2026-04-26T17:54:23.816+0100] {logging_mixin.py:188} INFO - [2026-04-26T17:54:23.816+0100] {dagbag.py:545} INFO - Filling up the DagBag from /Users/malone/data-engineering-pathway/.venv/lib/python3.11/site-packages/airflow/example_dags/example_nested_branch_dag.py
[2026-04-26T17:54:23.832+0100] {processor.py:840} INFO - DAG(s) 'example_nested_branch_dag' retrieved from /Users/malone/data-engineering-pathway/.venv/lib/python3.11/site-packages/airflow/example_dags/example_nested_branch_dag.py
[2026-04-26T17:54:23.871+0100] {logging_mixin.py:188} INFO - [2026-04-26T17:54:23.871+0100] {dag.py:3089} INFO - Sync 1 DAGs
[2026-04-26T17:54:23.877+0100] {logging_mixin.py:188} INFO - [2026-04-26T17:54:23.877+0100] {dag.py:3947} INFO - Setting next_dagrun for example_nested_branch_dag to 2026-04-25 00:00:00+00:00, run_after=2026-04-26 00:00:00+00:00
[2026-04-26T17:54:23.910+0100] {processor.py:183} INFO - Processing /Users/malone/data-engineering-pathway/.venv/lib/python3.11/site-packages/airflow/example_dags/example_nested_branch_dag.py took 0.096 seconds
[2026-04-26T17:56:26.766+0100] {processor.py:161} INFO - Started process (PID=10072) to work on /Users/malone/data-engineering-pathway/.venv/lib/python3.11/site-packages/airflow/example_dags/example_nested_branch_dag.py
[2026-04-26T17:56:26.767+0100] {processor.py:830} INFO - Processing file /Users/malone/data-engineering-pathway/.venv/lib/python3.11/site-packages/airflow/example_dags/example_nested_branch_dag.py for tasks to queue
[2026-04-26T17:56:26.767+0100] {logging_mixin.py:188} INFO - [2026-04-26T17:56:26.767+0100] {dagbag.py:545} INFO - Filling up the DagBag from /Users/malone/data-engineering-pathway/.venv/lib/python3.11/site-packages/airflow/example_dags/example_nested_branch_dag.py
[2026-04-26T17:56:26.787+0100] {processor.py:840} INFO - DAG(s) 'example_nested_branch_dag' retrieved from /Users/malone/data-engineering-pathway/.venv/lib/python3.11/site-packages/airflow/example_dags/example_nested_branch_dag.py
[2026-04-26T17:56:26.826+0100] {logging_mixin.py:188} INFO - [2026-04-26T17:56:26.826+0100] {dag.py:3089} INFO - Sync 1 DAGs
[2026-04-26T17:56:26.832+0100] {logging_mixin.py:188} INFO - [2026-04-26T17:56:26.832+0100] {dag.py:3947} INFO - Setting next_dagrun for example_nested_branch_dag to 2026-04-25 00:00:00+00:00, run_after=2026-04-26 00:00:00+00:00
[2026-04-26T17:56:26.867+0100] {processor.py:183} INFO - Processing /Users/malone/data-engineering-pathway/.venv/lib/python3.11/site-packages/airflow/example_dags/example_nested_branch_dag.py took 0.101 seconds
[2026-04-26T17:58:21.411+0100] {processor.py:161} INFO - Started process (PID=10251) to work on /Users/malone/data-engineering-pathway/.venv/lib/python3.11/site-packages/airflow/example_dags/example_nested_branch_dag.py
[2026-04-26T17:58:21.412+0100] {processor.py:830} INFO - Processing file /Users/malone/data-engineering-pathway/.venv/lib/python3.11/site-packages/airflow/example_dags/example_nested_branch_dag.py for tasks to queue
[2026-04-26T17:58:21.413+0100] {logging_mixin.py:188} INFO - [2026-04-26T17:58:21.412+0100] {dagbag.py:545} INFO - Filling up the DagBag from /Users/malone/data-engineering-pathway/.venv/lib/python3.11/site-packages/airflow/example_dags/example_nested_branch_dag.py
[2026-04-26T17:58:21.427+0100] {processor.py:840} INFO - DAG(s) 'example_nested_branch_dag' retrieved from /Users/malone/data-engineering-pathway/.venv/lib/python3.11/site-packages/airflow/example_dags/example_nested_branch_dag.py
[2026-04-26T17:58:21.465+0100] {logging_mixin.py:188} INFO - [2026-04-26T17:58:21.465+0100] {dag.py:3089} INFO - Sync 1 DAGs
[2026-04-26T17:58:21.471+0100] {logging_mixin.py:188} INFO - [2026-04-26T17:58:21.471+0100] {dag.py:3947} INFO - Setting next_dagrun for example_nested_branch_dag to 2026-04-25 00:00:00+00:00, run_after=2026-04-26 00:00:00+00:00
[2026-04-26T17:58:21.505+0100] {processor.py:183} INFO - Processing /Users/malone/data-engineering-pathway/.venv/lib/python3.11/site-packages/airflow/example_dags/example_nested_branch_dag.py took 0.095 seconds
