[2026-04-26T17:39:12.443+0100] {processor.py:161} INFO - Started process (PID=8334) to work on /Users/malone/data-engineering-pathway/.venv/lib/python3.11/site-packages/airflow/example_dags/example_skip_dag.py
[2026-04-26T17:39:12.443+0100] {processor.py:830} INFO - Processing file /Users/malone/data-engineering-pathway/.venv/lib/python3.11/site-packages/airflow/example_dags/example_skip_dag.py for tasks to queue
[2026-04-26T17:39:12.444+0100] {logging_mixin.py:188} INFO - [2026-04-26T17:39:12.443+0100] {dagbag.py:545} INFO - Filling up the DagBag from /Users/malone/data-engineering-pathway/.venv/lib/python3.11/site-packages/airflow/example_dags/example_skip_dag.py
[2026-04-26T17:39:12.447+0100] {processor.py:840} INFO - DAG(s) 'example_skip_dag' retrieved from /Users/malone/data-engineering-pathway/.venv/lib/python3.11/site-packages/airflow/example_dags/example_skip_dag.py
[2026-04-26T17:39:12.548+0100] {logging_mixin.py:188} INFO - [2026-04-26T17:39:12.548+0100] {dag.py:3089} INFO - Sync 1 DAGs
[2026-04-26T17:39:12.555+0100] {logging_mixin.py:188} INFO - [2026-04-26T17:39:12.555+0100] {dag.py:3947} INFO - Setting next_dagrun for example_skip_dag to 2026-04-25 00:00:00+00:00, run_after=2026-04-26 00:00:00+00:00
[2026-04-26T17:39:12.563+0100] {processor.py:183} INFO - Processing /Users/malone/data-engineering-pathway/.venv/lib/python3.11/site-packages/airflow/example_dags/example_skip_dag.py took 0.121 seconds
[2026-04-26T17:40:39.929+0100] {processor.py:161} INFO - Started process (PID=8494) to work on /Users/malone/data-engineering-pathway/.venv/lib/python3.11/site-packages/airflow/example_dags/example_skip_dag.py
[2026-04-26T17:40:39.930+0100] {processor.py:830} INFO - Processing file /Users/malone/data-engineering-pathway/.venv/lib/python3.11/site-packages/airflow/example_dags/example_skip_dag.py for tasks to queue
[2026-04-26T17:40:39.931+0100] {logging_mixin.py:188} INFO - [2026-04-26T17:40:39.930+0100] {dagbag.py:545} INFO - Filling up the DagBag from /Users/malone/data-engineering-pathway/.venv/lib/python3.11/site-packages/airflow/example_dags/example_skip_dag.py
[2026-04-26T17:40:39.935+0100] {processor.py:840} INFO - DAG(s) 'example_skip_dag' retrieved from /Users/malone/data-engineering-pathway/.venv/lib/python3.11/site-packages/airflow/example_dags/example_skip_dag.py
[2026-04-26T17:40:39.976+0100] {logging_mixin.py:188} INFO - [2026-04-26T17:40:39.976+0100] {dag.py:3089} INFO - Sync 1 DAGs
[2026-04-26T17:40:39.982+0100] {logging_mixin.py:188} INFO - [2026-04-26T17:40:39.982+0100] {dag.py:3947} INFO - Setting next_dagrun for example_skip_dag to 2026-04-25 00:00:00+00:00, run_after=2026-04-26 00:00:00+00:00
[2026-04-26T17:40:39.988+0100] {processor.py:183} INFO - Processing /Users/malone/data-engineering-pathway/.venv/lib/python3.11/site-packages/airflow/example_dags/example_skip_dag.py took 0.060 seconds
[2026-04-26T17:42:35.467+0100] {processor.py:161} INFO - Started process (PID=8645) to work on /Users/malone/data-engineering-pathway/.venv/lib/python3.11/site-packages/airflow/example_dags/example_skip_dag.py
[2026-04-26T17:42:35.470+0100] {processor.py:830} INFO - Processing file /Users/malone/data-engineering-pathway/.venv/lib/python3.11/site-packages/airflow/example_dags/example_skip_dag.py for tasks to queue
[2026-04-26T17:42:35.470+0100] {logging_mixin.py:188} INFO - [2026-04-26T17:42:35.470+0100] {dagbag.py:545} INFO - Filling up the DagBag from /Users/malone/data-engineering-pathway/.venv/lib/python3.11/site-packages/airflow/example_dags/example_skip_dag.py
[2026-04-26T17:42:35.474+0100] {processor.py:840} INFO - DAG(s) 'example_skip_dag' retrieved from /Users/malone/data-engineering-pathway/.venv/lib/python3.11/site-packages/airflow/example_dags/example_skip_dag.py
[2026-04-26T17:42:35.522+0100] {logging_mixin.py:188} INFO - [2026-04-26T17:42:35.522+0100] {dag.py:3089} INFO - Sync 1 DAGs
[2026-04-26T17:42:35.528+0100] {logging_mixin.py:188} INFO - [2026-04-26T17:42:35.528+0100] {dag.py:3947} INFO - Setting next_dagrun for example_skip_dag to 2026-04-25 00:00:00+00:00, run_after=2026-04-26 00:00:00+00:00
[2026-04-26T17:42:35.536+0100] {processor.py:183} INFO - Processing /Users/malone/data-engineering-pathway/.venv/lib/python3.11/site-packages/airflow/example_dags/example_skip_dag.py took 0.072 seconds
[2026-04-26T17:44:28.590+0100] {processor.py:161} INFO - Started process (PID=8832) to work on /Users/malone/data-engineering-pathway/.venv/lib/python3.11/site-packages/airflow/example_dags/example_skip_dag.py
[2026-04-26T17:44:28.591+0100] {processor.py:830} INFO - Processing file /Users/malone/data-engineering-pathway/.venv/lib/python3.11/site-packages/airflow/example_dags/example_skip_dag.py for tasks to queue
[2026-04-26T17:44:28.592+0100] {logging_mixin.py:188} INFO - [2026-04-26T17:44:28.592+0100] {dagbag.py:545} INFO - Filling up the DagBag from /Users/malone/data-engineering-pathway/.venv/lib/python3.11/site-packages/airflow/example_dags/example_skip_dag.py
[2026-04-26T17:44:28.595+0100] {processor.py:840} INFO - DAG(s) 'example_skip_dag' retrieved from /Users/malone/data-engineering-pathway/.venv/lib/python3.11/site-packages/airflow/example_dags/example_skip_dag.py
[2026-04-26T17:44:28.634+0100] {logging_mixin.py:188} INFO - [2026-04-26T17:44:28.634+0100] {dag.py:3089} INFO - Sync 1 DAGs
[2026-04-26T17:44:28.640+0100] {logging_mixin.py:188} INFO - [2026-04-26T17:44:28.640+0100] {dag.py:3947} INFO - Setting next_dagrun for example_skip_dag to 2026-04-25 00:00:00+00:00, run_after=2026-04-26 00:00:00+00:00
[2026-04-26T17:44:28.647+0100] {processor.py:183} INFO - Processing /Users/malone/data-engineering-pathway/.venv/lib/python3.11/site-packages/airflow/example_dags/example_skip_dag.py took 0.058 seconds
[2026-04-26T17:46:13.429+0100] {processor.py:161} INFO - Started process (PID=9003) to work on /Users/malone/data-engineering-pathway/.venv/lib/python3.11/site-packages/airflow/example_dags/example_skip_dag.py
[2026-04-26T17:46:13.430+0100] {processor.py:830} INFO - Processing file /Users/malone/data-engineering-pathway/.venv/lib/python3.11/site-packages/airflow/example_dags/example_skip_dag.py for tasks to queue
[2026-04-26T17:46:13.430+0100] {logging_mixin.py:188} INFO - [2026-04-26T17:46:13.430+0100] {dagbag.py:545} INFO - Filling up the DagBag from /Users/malone/data-engineering-pathway/.venv/lib/python3.11/site-packages/airflow/example_dags/example_skip_dag.py
[2026-04-26T17:46:13.433+0100] {processor.py:840} INFO - DAG(s) 'example_skip_dag' retrieved from /Users/malone/data-engineering-pathway/.venv/lib/python3.11/site-packages/airflow/example_dags/example_skip_dag.py
[2026-04-26T17:46:13.473+0100] {logging_mixin.py:188} INFO - [2026-04-26T17:46:13.473+0100] {dag.py:3089} INFO - Sync 1 DAGs
[2026-04-26T17:46:13.479+0100] {logging_mixin.py:188} INFO - [2026-04-26T17:46:13.479+0100] {dag.py:3947} INFO - Setting next_dagrun for example_skip_dag to 2026-04-25 00:00:00+00:00, run_after=2026-04-26 00:00:00+00:00
[2026-04-26T17:46:13.487+0100] {processor.py:183} INFO - Processing /Users/malone/data-engineering-pathway/.venv/lib/python3.11/site-packages/airflow/example_dags/example_skip_dag.py took 0.059 seconds
[2026-04-26T17:48:05.385+0100] {processor.py:161} INFO - Started process (PID=9202) to work on /Users/malone/data-engineering-pathway/.venv/lib/python3.11/site-packages/airflow/example_dags/example_skip_dag.py
[2026-04-26T17:48:05.386+0100] {processor.py:830} INFO - Processing file /Users/malone/data-engineering-pathway/.venv/lib/python3.11/site-packages/airflow/example_dags/example_skip_dag.py for tasks to queue
[2026-04-26T17:48:05.386+0100] {logging_mixin.py:188} INFO - [2026-04-26T17:48:05.386+0100] {dagbag.py:545} INFO - Filling up the DagBag from /Users/malone/data-engineering-pathway/.venv/lib/python3.11/site-packages/airflow/example_dags/example_skip_dag.py
[2026-04-26T17:48:05.389+0100] {processor.py:840} INFO - DAG(s) 'example_skip_dag' retrieved from /Users/malone/data-engineering-pathway/.venv/lib/python3.11/site-packages/airflow/example_dags/example_skip_dag.py
[2026-04-26T17:48:05.429+0100] {logging_mixin.py:188} INFO - [2026-04-26T17:48:05.429+0100] {dag.py:3089} INFO - Sync 1 DAGs
[2026-04-26T17:48:05.435+0100] {logging_mixin.py:188} INFO - [2026-04-26T17:48:05.435+0100] {dag.py:3947} INFO - Setting next_dagrun for example_skip_dag to 2026-04-25 00:00:00+00:00, run_after=2026-04-26 00:00:00+00:00
[2026-04-26T17:48:05.441+0100] {processor.py:183} INFO - Processing /Users/malone/data-engineering-pathway/.venv/lib/python3.11/site-packages/airflow/example_dags/example_skip_dag.py took 0.057 seconds
[2026-04-26T17:50:04.646+0100] {processor.py:161} INFO - Started process (PID=9493) to work on /Users/malone/data-engineering-pathway/.venv/lib/python3.11/site-packages/airflow/example_dags/example_skip_dag.py
[2026-04-26T17:50:04.646+0100] {processor.py:830} INFO - Processing file /Users/malone/data-engineering-pathway/.venv/lib/python3.11/site-packages/airflow/example_dags/example_skip_dag.py for tasks to queue
[2026-04-26T17:50:04.647+0100] {logging_mixin.py:188} INFO - [2026-04-26T17:50:04.647+0100] {dagbag.py:545} INFO - Filling up the DagBag from /Users/malone/data-engineering-pathway/.venv/lib/python3.11/site-packages/airflow/example_dags/example_skip_dag.py
[2026-04-26T17:50:04.653+0100] {processor.py:840} INFO - DAG(s) 'example_skip_dag' retrieved from /Users/malone/data-engineering-pathway/.venv/lib/python3.11/site-packages/airflow/example_dags/example_skip_dag.py
[2026-04-26T17:50:04.739+0100] {logging_mixin.py:188} INFO - [2026-04-26T17:50:04.738+0100] {dag.py:3089} INFO - Sync 1 DAGs
[2026-04-26T17:50:04.751+0100] {logging_mixin.py:188} INFO - [2026-04-26T17:50:04.750+0100] {dag.py:3947} INFO - Setting next_dagrun for example_skip_dag to 2026-04-25 00:00:00+00:00, run_after=2026-04-26 00:00:00+00:00
[2026-04-26T17:50:04.762+0100] {processor.py:183} INFO - Processing /Users/malone/data-engineering-pathway/.venv/lib/python3.11/site-packages/airflow/example_dags/example_skip_dag.py took 0.117 seconds
[2026-04-26T17:52:05.288+0100] {processor.py:161} INFO - Started process (PID=9660) to work on /Users/malone/data-engineering-pathway/.venv/lib/python3.11/site-packages/airflow/example_dags/example_skip_dag.py
[2026-04-26T17:52:05.289+0100] {processor.py:830} INFO - Processing file /Users/malone/data-engineering-pathway/.venv/lib/python3.11/site-packages/airflow/example_dags/example_skip_dag.py for tasks to queue
[2026-04-26T17:52:05.289+0100] {logging_mixin.py:188} INFO - [2026-04-26T17:52:05.289+0100] {dagbag.py:545} INFO - Filling up the DagBag from /Users/malone/data-engineering-pathway/.venv/lib/python3.11/site-packages/airflow/example_dags/example_skip_dag.py
[2026-04-26T17:52:05.292+0100] {processor.py:840} INFO - DAG(s) 'example_skip_dag' retrieved from /Users/malone/data-engineering-pathway/.venv/lib/python3.11/site-packages/airflow/example_dags/example_skip_dag.py
[2026-04-26T17:52:05.332+0100] {logging_mixin.py:188} INFO - [2026-04-26T17:52:05.332+0100] {dag.py:3089} INFO - Sync 1 DAGs
[2026-04-26T17:52:05.338+0100] {logging_mixin.py:188} INFO - [2026-04-26T17:52:05.338+0100] {dag.py:3947} INFO - Setting next_dagrun for example_skip_dag to 2026-04-25 00:00:00+00:00, run_after=2026-04-26 00:00:00+00:00
[2026-04-26T17:52:05.345+0100] {processor.py:183} INFO - Processing /Users/malone/data-engineering-pathway/.venv/lib/python3.11/site-packages/airflow/example_dags/example_skip_dag.py took 0.057 seconds
[2026-04-26T17:54:00.845+0100] {processor.py:161} INFO - Started process (PID=9808) to work on /Users/malone/data-engineering-pathway/.venv/lib/python3.11/site-packages/airflow/example_dags/example_skip_dag.py
[2026-04-26T17:54:00.846+0100] {processor.py:830} INFO - Processing file /Users/malone/data-engineering-pathway/.venv/lib/python3.11/site-packages/airflow/example_dags/example_skip_dag.py for tasks to queue
[2026-04-26T17:54:00.846+0100] {logging_mixin.py:188} INFO - [2026-04-26T17:54:00.846+0100] {dagbag.py:545} INFO - Filling up the DagBag from /Users/malone/data-engineering-pathway/.venv/lib/python3.11/site-packages/airflow/example_dags/example_skip_dag.py
[2026-04-26T17:54:00.850+0100] {processor.py:840} INFO - DAG(s) 'example_skip_dag' retrieved from /Users/malone/data-engineering-pathway/.venv/lib/python3.11/site-packages/airflow/example_dags/example_skip_dag.py
[2026-04-26T17:54:00.890+0100] {logging_mixin.py:188} INFO - [2026-04-26T17:54:00.890+0100] {dag.py:3089} INFO - Sync 1 DAGs
[2026-04-26T17:54:00.896+0100] {logging_mixin.py:188} INFO - [2026-04-26T17:54:00.896+0100] {dag.py:3947} INFO - Setting next_dagrun for example_skip_dag to 2026-04-25 00:00:00+00:00, run_after=2026-04-26 00:00:00+00:00
[2026-04-26T17:54:00.903+0100] {processor.py:183} INFO - Processing /Users/malone/data-engineering-pathway/.venv/lib/python3.11/site-packages/airflow/example_dags/example_skip_dag.py took 0.059 seconds
[2026-04-26T17:56:04.299+0100] {processor.py:161} INFO - Started process (PID=10017) to work on /Users/malone/data-engineering-pathway/.venv/lib/python3.11/site-packages/airflow/example_dags/example_skip_dag.py
[2026-04-26T17:56:04.300+0100] {processor.py:830} INFO - Processing file /Users/malone/data-engineering-pathway/.venv/lib/python3.11/site-packages/airflow/example_dags/example_skip_dag.py for tasks to queue
[2026-04-26T17:56:04.301+0100] {logging_mixin.py:188} INFO - [2026-04-26T17:56:04.301+0100] {dagbag.py:545} INFO - Filling up the DagBag from /Users/malone/data-engineering-pathway/.venv/lib/python3.11/site-packages/airflow/example_dags/example_skip_dag.py
[2026-04-26T17:56:04.305+0100] {processor.py:840} INFO - DAG(s) 'example_skip_dag' retrieved from /Users/malone/data-engineering-pathway/.venv/lib/python3.11/site-packages/airflow/example_dags/example_skip_dag.py
[2026-04-26T17:56:04.370+0100] {logging_mixin.py:188} INFO - [2026-04-26T17:56:04.370+0100] {dag.py:3089} INFO - Sync 1 DAGs
[2026-04-26T17:56:04.379+0100] {logging_mixin.py:188} INFO - [2026-04-26T17:56:04.379+0100] {dag.py:3947} INFO - Setting next_dagrun for example_skip_dag to 2026-04-25 00:00:00+00:00, run_after=2026-04-26 00:00:00+00:00
[2026-04-26T17:56:04.388+0100] {processor.py:183} INFO - Processing /Users/malone/data-engineering-pathway/.venv/lib/python3.11/site-packages/airflow/example_dags/example_skip_dag.py took 0.090 seconds
[2026-04-26T17:58:02.431+0100] {processor.py:161} INFO - Started process (PID=10217) to work on /Users/malone/data-engineering-pathway/.venv/lib/python3.11/site-packages/airflow/example_dags/example_skip_dag.py
[2026-04-26T17:58:02.432+0100] {processor.py:830} INFO - Processing file /Users/malone/data-engineering-pathway/.venv/lib/python3.11/site-packages/airflow/example_dags/example_skip_dag.py for tasks to queue
[2026-04-26T17:58:02.432+0100] {logging_mixin.py:188} INFO - [2026-04-26T17:58:02.432+0100] {dagbag.py:545} INFO - Filling up the DagBag from /Users/malone/data-engineering-pathway/.venv/lib/python3.11/site-packages/airflow/example_dags/example_skip_dag.py
[2026-04-26T17:58:02.435+0100] {processor.py:840} INFO - DAG(s) 'example_skip_dag' retrieved from /Users/malone/data-engineering-pathway/.venv/lib/python3.11/site-packages/airflow/example_dags/example_skip_dag.py
[2026-04-26T17:58:02.474+0100] {logging_mixin.py:188} INFO - [2026-04-26T17:58:02.474+0100] {dag.py:3089} INFO - Sync 1 DAGs
[2026-04-26T17:58:02.479+0100] {logging_mixin.py:188} INFO - [2026-04-26T17:58:02.479+0100] {dag.py:3947} INFO - Setting next_dagrun for example_skip_dag to 2026-04-25 00:00:00+00:00, run_after=2026-04-26 00:00:00+00:00
[2026-04-26T17:58:02.486+0100] {processor.py:183} INFO - Processing /Users/malone/data-engineering-pathway/.venv/lib/python3.11/site-packages/airflow/example_dags/example_skip_dag.py took 0.056 seconds
