[2026-04-26T17:39:10.588+0100] {processor.py:161} INFO - Started process (PID=8333) to work on /Users/malone/data-engineering-pathway/.venv/lib/python3.11/site-packages/airflow/example_dags/example_sla_dag.py
[2026-04-26T17:39:10.588+0100] {processor.py:830} INFO - Processing file /Users/malone/data-engineering-pathway/.venv/lib/python3.11/site-packages/airflow/example_dags/example_sla_dag.py for tasks to queue
[2026-04-26T17:39:10.589+0100] {logging_mixin.py:188} INFO - [2026-04-26T17:39:10.588+0100] {dagbag.py:545} INFO - Filling up the DagBag from /Users/malone/data-engineering-pathway/.venv/lib/python3.11/site-packages/airflow/example_dags/example_sla_dag.py
[2026-04-26T17:39:10.603+0100] {processor.py:840} INFO - DAG(s) 'example_sla_dag' retrieved from /Users/malone/data-engineering-pathway/.venv/lib/python3.11/site-packages/airflow/example_dags/example_sla_dag.py
[2026-04-26T17:39:10.698+0100] {logging_mixin.py:188} INFO - [2026-04-26T17:39:10.698+0100] {dag.py:3089} INFO - Sync 1 DAGs
[2026-04-26T17:39:10.705+0100] {logging_mixin.py:188} INFO - [2026-04-26T17:39:10.705+0100] {dag.py:3947} INFO - Setting next_dagrun for example_sla_dag to 2026-04-26 16:36:00+00:00, run_after=2026-04-26 16:38:00+00:00
[2026-04-26T17:39:10.711+0100] {processor.py:183} INFO - Processing /Users/malone/data-engineering-pathway/.venv/lib/python3.11/site-packages/airflow/example_dags/example_sla_dag.py took 0.124 seconds
[2026-04-26T17:40:38.056+0100] {processor.py:161} INFO - Started process (PID=8486) to work on /Users/malone/data-engineering-pathway/.venv/lib/python3.11/site-packages/airflow/example_dags/example_sla_dag.py
[2026-04-26T17:40:38.057+0100] {processor.py:830} INFO - Processing file /Users/malone/data-engineering-pathway/.venv/lib/python3.11/site-packages/airflow/example_dags/example_sla_dag.py for tasks to queue
[2026-04-26T17:40:38.057+0100] {logging_mixin.py:188} INFO - [2026-04-26T17:40:38.057+0100] {dagbag.py:545} INFO - Filling up the DagBag from /Users/malone/data-engineering-pathway/.venv/lib/python3.11/site-packages/airflow/example_dags/example_sla_dag.py
[2026-04-26T17:40:38.072+0100] {processor.py:840} INFO - DAG(s) 'example_sla_dag' retrieved from /Users/malone/data-engineering-pathway/.venv/lib/python3.11/site-packages/airflow/example_dags/example_sla_dag.py
[2026-04-26T17:40:38.113+0100] {logging_mixin.py:188} INFO - [2026-04-26T17:40:38.112+0100] {dag.py:3089} INFO - Sync 1 DAGs
[2026-04-26T17:40:38.121+0100] {logging_mixin.py:188} INFO - [2026-04-26T17:40:38.121+0100] {dag.py:3947} INFO - Setting next_dagrun for example_sla_dag to 2026-04-26 16:38:00+00:00, run_after=2026-04-26 16:40:00+00:00
[2026-04-26T17:40:38.162+0100] {processor.py:183} INFO - Processing /Users/malone/data-engineering-pathway/.venv/lib/python3.11/site-packages/airflow/example_dags/example_sla_dag.py took 0.107 seconds
[2026-04-26T17:42:33.488+0100] {processor.py:161} INFO - Started process (PID=8644) to work on /Users/malone/data-engineering-pathway/.venv/lib/python3.11/site-packages/airflow/example_dags/example_sla_dag.py
[2026-04-26T17:42:33.489+0100] {processor.py:830} INFO - Processing file /Users/malone/data-engineering-pathway/.venv/lib/python3.11/site-packages/airflow/example_dags/example_sla_dag.py for tasks to queue
[2026-04-26T17:42:33.489+0100] {logging_mixin.py:188} INFO - [2026-04-26T17:42:33.489+0100] {dagbag.py:545} INFO - Filling up the DagBag from /Users/malone/data-engineering-pathway/.venv/lib/python3.11/site-packages/airflow/example_dags/example_sla_dag.py
[2026-04-26T17:42:33.505+0100] {processor.py:840} INFO - DAG(s) 'example_sla_dag' retrieved from /Users/malone/data-engineering-pathway/.venv/lib/python3.11/site-packages/airflow/example_dags/example_sla_dag.py
[2026-04-26T17:42:33.544+0100] {logging_mixin.py:188} INFO - [2026-04-26T17:42:33.544+0100] {dag.py:3089} INFO - Sync 1 DAGs
[2026-04-26T17:42:33.551+0100] {logging_mixin.py:188} INFO - [2026-04-26T17:42:33.551+0100] {dag.py:3947} INFO - Setting next_dagrun for example_sla_dag to 2026-04-26 16:40:00+00:00, run_after=2026-04-26 16:42:00+00:00
[2026-04-26T17:42:33.589+0100] {processor.py:183} INFO - Processing /Users/malone/data-engineering-pathway/.venv/lib/python3.11/site-packages/airflow/example_dags/example_sla_dag.py took 0.102 seconds
[2026-04-26T17:44:26.779+0100] {processor.py:161} INFO - Started process (PID=8831) to work on /Users/malone/data-engineering-pathway/.venv/lib/python3.11/site-packages/airflow/example_dags/example_sla_dag.py
[2026-04-26T17:44:26.779+0100] {processor.py:830} INFO - Processing file /Users/malone/data-engineering-pathway/.venv/lib/python3.11/site-packages/airflow/example_dags/example_sla_dag.py for tasks to queue
[2026-04-26T17:44:26.779+0100] {logging_mixin.py:188} INFO - [2026-04-26T17:44:26.779+0100] {dagbag.py:545} INFO - Filling up the DagBag from /Users/malone/data-engineering-pathway/.venv/lib/python3.11/site-packages/airflow/example_dags/example_sla_dag.py
[2026-04-26T17:44:26.794+0100] {processor.py:840} INFO - DAG(s) 'example_sla_dag' retrieved from /Users/malone/data-engineering-pathway/.venv/lib/python3.11/site-packages/airflow/example_dags/example_sla_dag.py
[2026-04-26T17:44:26.830+0100] {logging_mixin.py:188} INFO - [2026-04-26T17:44:26.830+0100] {dag.py:3089} INFO - Sync 1 DAGs
[2026-04-26T17:44:26.837+0100] {logging_mixin.py:188} INFO - [2026-04-26T17:44:26.837+0100] {dag.py:3947} INFO - Setting next_dagrun for example_sla_dag to 2026-04-26 16:42:00+00:00, run_after=2026-04-26 16:44:00+00:00
[2026-04-26T17:44:26.875+0100] {processor.py:183} INFO - Processing /Users/malone/data-engineering-pathway/.venv/lib/python3.11/site-packages/airflow/example_dags/example_sla_dag.py took 0.098 seconds
[2026-04-26T17:46:11.664+0100] {processor.py:161} INFO - Started process (PID=9002) to work on /Users/malone/data-engineering-pathway/.venv/lib/python3.11/site-packages/airflow/example_dags/example_sla_dag.py
[2026-04-26T17:46:11.666+0100] {processor.py:830} INFO - Processing file /Users/malone/data-engineering-pathway/.venv/lib/python3.11/site-packages/airflow/example_dags/example_sla_dag.py for tasks to queue
[2026-04-26T17:46:11.666+0100] {logging_mixin.py:188} INFO - [2026-04-26T17:46:11.666+0100] {dagbag.py:545} INFO - Filling up the DagBag from /Users/malone/data-engineering-pathway/.venv/lib/python3.11/site-packages/airflow/example_dags/example_sla_dag.py
[2026-04-26T17:46:11.680+0100] {processor.py:840} INFO - DAG(s) 'example_sla_dag' retrieved from /Users/malone/data-engineering-pathway/.venv/lib/python3.11/site-packages/airflow/example_dags/example_sla_dag.py
[2026-04-26T17:46:11.716+0100] {logging_mixin.py:188} INFO - [2026-04-26T17:46:11.716+0100] {dag.py:3089} INFO - Sync 1 DAGs
[2026-04-26T17:46:11.723+0100] {logging_mixin.py:188} INFO - [2026-04-26T17:46:11.722+0100] {dag.py:3947} INFO - Setting next_dagrun for example_sla_dag to 2026-04-26 16:44:00+00:00, run_after=2026-04-26 16:46:00+00:00
[2026-04-26T17:46:11.757+0100] {processor.py:183} INFO - Processing /Users/malone/data-engineering-pathway/.venv/lib/python3.11/site-packages/airflow/example_dags/example_sla_dag.py took 0.094 seconds
[2026-04-26T17:48:03.520+0100] {processor.py:161} INFO - Started process (PID=9201) to work on /Users/malone/data-engineering-pathway/.venv/lib/python3.11/site-packages/airflow/example_dags/example_sla_dag.py
[2026-04-26T17:48:03.521+0100] {processor.py:830} INFO - Processing file /Users/malone/data-engineering-pathway/.venv/lib/python3.11/site-packages/airflow/example_dags/example_sla_dag.py for tasks to queue
[2026-04-26T17:48:03.522+0100] {logging_mixin.py:188} INFO - [2026-04-26T17:48:03.522+0100] {dagbag.py:545} INFO - Filling up the DagBag from /Users/malone/data-engineering-pathway/.venv/lib/python3.11/site-packages/airflow/example_dags/example_sla_dag.py
[2026-04-26T17:48:03.537+0100] {processor.py:840} INFO - DAG(s) 'example_sla_dag' retrieved from /Users/malone/data-engineering-pathway/.venv/lib/python3.11/site-packages/airflow/example_dags/example_sla_dag.py
[2026-04-26T17:48:03.576+0100] {logging_mixin.py:188} INFO - [2026-04-26T17:48:03.576+0100] {dag.py:3089} INFO - Sync 1 DAGs
[2026-04-26T17:48:03.582+0100] {logging_mixin.py:188} INFO - [2026-04-26T17:48:03.582+0100] {dag.py:3947} INFO - Setting next_dagrun for example_sla_dag to 2026-04-26 16:46:00+00:00, run_after=2026-04-26 16:48:00+00:00
[2026-04-26T17:48:03.617+0100] {processor.py:183} INFO - Processing /Users/malone/data-engineering-pathway/.venv/lib/python3.11/site-packages/airflow/example_dags/example_sla_dag.py took 0.097 seconds
[2026-04-26T17:50:02.429+0100] {processor.py:161} INFO - Started process (PID=9490) to work on /Users/malone/data-engineering-pathway/.venv/lib/python3.11/site-packages/airflow/example_dags/example_sla_dag.py
[2026-04-26T17:50:02.430+0100] {processor.py:830} INFO - Processing file /Users/malone/data-engineering-pathway/.venv/lib/python3.11/site-packages/airflow/example_dags/example_sla_dag.py for tasks to queue
[2026-04-26T17:50:02.430+0100] {logging_mixin.py:188} INFO - [2026-04-26T17:50:02.430+0100] {dagbag.py:545} INFO - Filling up the DagBag from /Users/malone/data-engineering-pathway/.venv/lib/python3.11/site-packages/airflow/example_dags/example_sla_dag.py
[2026-04-26T17:50:02.450+0100] {processor.py:840} INFO - DAG(s) 'example_sla_dag' retrieved from /Users/malone/data-engineering-pathway/.venv/lib/python3.11/site-packages/airflow/example_dags/example_sla_dag.py
[2026-04-26T17:50:02.490+0100] {logging_mixin.py:188} INFO - [2026-04-26T17:50:02.490+0100] {dag.py:3089} INFO - Sync 1 DAGs
[2026-04-26T17:50:02.497+0100] {logging_mixin.py:188} INFO - [2026-04-26T17:50:02.497+0100] {dag.py:3947} INFO - Setting next_dagrun for example_sla_dag to 2026-04-26 16:48:00+00:00, run_after=2026-04-26 16:50:00+00:00
[2026-04-26T17:50:02.535+0100] {processor.py:183} INFO - Processing /Users/malone/data-engineering-pathway/.venv/lib/python3.11/site-packages/airflow/example_dags/example_sla_dag.py took 0.108 seconds
[2026-04-26T17:52:03.383+0100] {processor.py:161} INFO - Started process (PID=9659) to work on /Users/malone/data-engineering-pathway/.venv/lib/python3.11/site-packages/airflow/example_dags/example_sla_dag.py
[2026-04-26T17:52:03.384+0100] {processor.py:830} INFO - Processing file /Users/malone/data-engineering-pathway/.venv/lib/python3.11/site-packages/airflow/example_dags/example_sla_dag.py for tasks to queue
[2026-04-26T17:52:03.384+0100] {logging_mixin.py:188} INFO - [2026-04-26T17:52:03.384+0100] {dagbag.py:545} INFO - Filling up the DagBag from /Users/malone/data-engineering-pathway/.venv/lib/python3.11/site-packages/airflow/example_dags/example_sla_dag.py
[2026-04-26T17:52:03.398+0100] {processor.py:840} INFO - DAG(s) 'example_sla_dag' retrieved from /Users/malone/data-engineering-pathway/.venv/lib/python3.11/site-packages/airflow/example_dags/example_sla_dag.py
[2026-04-26T17:52:03.434+0100] {logging_mixin.py:188} INFO - [2026-04-26T17:52:03.434+0100] {dag.py:3089} INFO - Sync 1 DAGs
[2026-04-26T17:52:03.441+0100] {logging_mixin.py:188} INFO - [2026-04-26T17:52:03.441+0100] {dag.py:3947} INFO - Setting next_dagrun for example_sla_dag to 2026-04-26 16:50:00+00:00, run_after=2026-04-26 16:52:00+00:00
[2026-04-26T17:52:03.475+0100] {processor.py:183} INFO - Processing /Users/malone/data-engineering-pathway/.venv/lib/python3.11/site-packages/airflow/example_dags/example_sla_dag.py took 0.093 seconds
[2026-04-26T17:53:59.025+0100] {processor.py:161} INFO - Started process (PID=9807) to work on /Users/malone/data-engineering-pathway/.venv/lib/python3.11/site-packages/airflow/example_dags/example_sla_dag.py
[2026-04-26T17:53:59.026+0100] {processor.py:830} INFO - Processing file /Users/malone/data-engineering-pathway/.venv/lib/python3.11/site-packages/airflow/example_dags/example_sla_dag.py for tasks to queue
[2026-04-26T17:53:59.027+0100] {logging_mixin.py:188} INFO - [2026-04-26T17:53:59.027+0100] {dagbag.py:545} INFO - Filling up the DagBag from /Users/malone/data-engineering-pathway/.venv/lib/python3.11/site-packages/airflow/example_dags/example_sla_dag.py
[2026-04-26T17:53:59.041+0100] {processor.py:840} INFO - DAG(s) 'example_sla_dag' retrieved from /Users/malone/data-engineering-pathway/.venv/lib/python3.11/site-packages/airflow/example_dags/example_sla_dag.py
[2026-04-26T17:53:59.077+0100] {logging_mixin.py:188} INFO - [2026-04-26T17:53:59.077+0100] {dag.py:3089} INFO - Sync 1 DAGs
[2026-04-26T17:53:59.084+0100] {logging_mixin.py:188} INFO - [2026-04-26T17:53:59.084+0100] {dag.py:3947} INFO - Setting next_dagrun for example_sla_dag to 2026-04-26 16:50:00+00:00, run_after=2026-04-26 16:52:00+00:00
[2026-04-26T17:53:59.118+0100] {processor.py:183} INFO - Processing /Users/malone/data-engineering-pathway/.venv/lib/python3.11/site-packages/airflow/example_dags/example_sla_dag.py took 0.094 seconds
[2026-04-26T17:55:02.658+0100] {processor.py:161} INFO - Started process (PID=9867) to work on /Users/malone/data-engineering-pathway/.venv/lib/python3.11/site-packages/airflow/example_dags/example_sla_dag.py
[2026-04-26T17:55:02.659+0100] {processor.py:830} INFO - Processing file /Users/malone/data-engineering-pathway/.venv/lib/python3.11/site-packages/airflow/example_dags/example_sla_dag.py for tasks to queue
[2026-04-26T17:55:02.659+0100] {logging_mixin.py:188} INFO - [2026-04-26T17:55:02.659+0100] {dagbag.py:545} INFO - Filling up the DagBag from /Users/malone/data-engineering-pathway/.venv/lib/python3.11/site-packages/airflow/example_dags/example_sla_dag.py
[2026-04-26T17:55:02.678+0100] {processor.py:840} INFO - DAG(s) 'example_sla_dag' retrieved from /Users/malone/data-engineering-pathway/.venv/lib/python3.11/site-packages/airflow/example_dags/example_sla_dag.py
[2026-04-26T17:55:02.750+0100] {logging_mixin.py:188} INFO - [2026-04-26T17:55:02.749+0100] {dag.py:3089} INFO - Sync 1 DAGs
[2026-04-26T17:55:02.767+0100] {logging_mixin.py:188} INFO - [2026-04-26T17:55:02.766+0100] {dag.py:3947} INFO - Setting next_dagrun for example_sla_dag to 2026-04-26 16:52:00+00:00, run_after=2026-04-26 16:54:00+00:00
[2026-04-26T17:55:02.826+0100] {processor.py:183} INFO - Processing /Users/malone/data-engineering-pathway/.venv/lib/python3.11/site-packages/airflow/example_dags/example_sla_dag.py took 0.170 seconds
[2026-04-26T17:57:03.697+0100] {processor.py:161} INFO - Started process (PID=10117) to work on /Users/malone/data-engineering-pathway/.venv/lib/python3.11/site-packages/airflow/example_dags/example_sla_dag.py
[2026-04-26T17:57:03.697+0100] {processor.py:830} INFO - Processing file /Users/malone/data-engineering-pathway/.venv/lib/python3.11/site-packages/airflow/example_dags/example_sla_dag.py for tasks to queue
[2026-04-26T17:57:03.697+0100] {logging_mixin.py:188} INFO - [2026-04-26T17:57:03.697+0100] {dagbag.py:545} INFO - Filling up the DagBag from /Users/malone/data-engineering-pathway/.venv/lib/python3.11/site-packages/airflow/example_dags/example_sla_dag.py
[2026-04-26T17:57:03.713+0100] {processor.py:840} INFO - DAG(s) 'example_sla_dag' retrieved from /Users/malone/data-engineering-pathway/.venv/lib/python3.11/site-packages/airflow/example_dags/example_sla_dag.py
[2026-04-26T17:57:03.749+0100] {logging_mixin.py:188} INFO - [2026-04-26T17:57:03.749+0100] {dag.py:3089} INFO - Sync 1 DAGs
[2026-04-26T17:57:03.756+0100] {logging_mixin.py:188} INFO - [2026-04-26T17:57:03.756+0100] {dag.py:3947} INFO - Setting next_dagrun for example_sla_dag to 2026-04-26 16:54:00+00:00, run_after=2026-04-26 16:56:00+00:00
[2026-04-26T17:57:03.790+0100] {processor.py:183} INFO - Processing /Users/malone/data-engineering-pathway/.venv/lib/python3.11/site-packages/airflow/example_dags/example_sla_dag.py took 0.095 seconds
[2026-04-26T17:58:54.473+0100] {processor.py:161} INFO - Started process (PID=10305) to work on /Users/malone/data-engineering-pathway/.venv/lib/python3.11/site-packages/airflow/example_dags/example_sla_dag.py
[2026-04-26T17:58:54.474+0100] {processor.py:830} INFO - Processing file /Users/malone/data-engineering-pathway/.venv/lib/python3.11/site-packages/airflow/example_dags/example_sla_dag.py for tasks to queue
[2026-04-26T17:58:54.474+0100] {logging_mixin.py:188} INFO - [2026-04-26T17:58:54.474+0100] {dagbag.py:545} INFO - Filling up the DagBag from /Users/malone/data-engineering-pathway/.venv/lib/python3.11/site-packages/airflow/example_dags/example_sla_dag.py
[2026-04-26T17:58:54.489+0100] {processor.py:840} INFO - DAG(s) 'example_sla_dag' retrieved from /Users/malone/data-engineering-pathway/.venv/lib/python3.11/site-packages/airflow/example_dags/example_sla_dag.py
[2026-04-26T17:58:54.525+0100] {logging_mixin.py:188} INFO - [2026-04-26T17:58:54.525+0100] {dag.py:3089} INFO - Sync 1 DAGs
[2026-04-26T17:58:54.531+0100] {logging_mixin.py:188} INFO - [2026-04-26T17:58:54.531+0100] {dag.py:3947} INFO - Setting next_dagrun for example_sla_dag to 2026-04-26 16:56:00+00:00, run_after=2026-04-26 16:58:00+00:00
[2026-04-26T17:58:54.565+0100] {processor.py:183} INFO - Processing /Users/malone/data-engineering-pathway/.venv/lib/python3.11/site-packages/airflow/example_dags/example_sla_dag.py took 0.093 seconds
