[2026-04-26T17:39:25.460+0100] {processor.py:161} INFO - Started process (PID=8366) to work on /Users/malone/data-engineering-pathway/.venv/lib/python3.11/site-packages/airflow/example_dags/example_python_decorator.py
[2026-04-26T17:39:25.461+0100] {processor.py:830} INFO - Processing file /Users/malone/data-engineering-pathway/.venv/lib/python3.11/site-packages/airflow/example_dags/example_python_decorator.py for tasks to queue
[2026-04-26T17:39:25.461+0100] {logging_mixin.py:188} INFO - [2026-04-26T17:39:25.461+0100] {dagbag.py:545} INFO - Filling up the DagBag from /Users/malone/data-engineering-pathway/.venv/lib/python3.11/site-packages/airflow/example_dags/example_python_decorator.py
[2026-04-26T17:39:25.475+0100] {logging_mixin.py:188} INFO - [2026-04-26T17:39:25.475+0100] {example_python_decorator.py:80} WARNING - The virtalenv_python example task requires virtualenv, please install it.
[2026-04-26T17:39:25.476+0100] {processor.py:840} INFO - DAG(s) 'example_python_decorator' retrieved from /Users/malone/data-engineering-pathway/.venv/lib/python3.11/site-packages/airflow/example_dags/example_python_decorator.py
[2026-04-26T17:39:25.570+0100] {logging_mixin.py:188} INFO - [2026-04-26T17:39:25.570+0100] {dag.py:3089} INFO - Sync 1 DAGs
[2026-04-26T17:39:25.573+0100] {logging_mixin.py:188} INFO - [2026-04-26T17:39:25.573+0100] {dag.py:3947} INFO - Setting next_dagrun for example_python_decorator to None, run_after=None
[2026-04-26T17:39:25.580+0100] {processor.py:183} INFO - Processing /Users/malone/data-engineering-pathway/.venv/lib/python3.11/site-packages/airflow/example_dags/example_python_decorator.py took 0.120 seconds
[2026-04-26T17:40:52.581+0100] {processor.py:161} INFO - Started process (PID=8510) to work on /Users/malone/data-engineering-pathway/.venv/lib/python3.11/site-packages/airflow/example_dags/example_python_decorator.py
[2026-04-26T17:40:52.582+0100] {processor.py:830} INFO - Processing file /Users/malone/data-engineering-pathway/.venv/lib/python3.11/site-packages/airflow/example_dags/example_python_decorator.py for tasks to queue
[2026-04-26T17:40:52.583+0100] {logging_mixin.py:188} INFO - [2026-04-26T17:40:52.582+0100] {dagbag.py:545} INFO - Filling up the DagBag from /Users/malone/data-engineering-pathway/.venv/lib/python3.11/site-packages/airflow/example_dags/example_python_decorator.py
[2026-04-26T17:40:52.597+0100] {logging_mixin.py:188} INFO - [2026-04-26T17:40:52.596+0100] {example_python_decorator.py:80} WARNING - The virtalenv_python example task requires virtualenv, please install it.
[2026-04-26T17:40:52.597+0100] {processor.py:840} INFO - DAG(s) 'example_python_decorator' retrieved from /Users/malone/data-engineering-pathway/.venv/lib/python3.11/site-packages/airflow/example_dags/example_python_decorator.py
[2026-04-26T17:40:52.635+0100] {logging_mixin.py:188} INFO - [2026-04-26T17:40:52.634+0100] {dag.py:3089} INFO - Sync 1 DAGs
[2026-04-26T17:40:52.638+0100] {logging_mixin.py:188} INFO - [2026-04-26T17:40:52.638+0100] {dag.py:3947} INFO - Setting next_dagrun for example_python_decorator to None, run_after=None
[2026-04-26T17:40:52.645+0100] {processor.py:183} INFO - Processing /Users/malone/data-engineering-pathway/.venv/lib/python3.11/site-packages/airflow/example_dags/example_python_decorator.py took 0.065 seconds
[2026-04-26T17:42:50.135+0100] {processor.py:161} INFO - Started process (PID=8661) to work on /Users/malone/data-engineering-pathway/.venv/lib/python3.11/site-packages/airflow/example_dags/example_python_decorator.py
[2026-04-26T17:42:50.136+0100] {processor.py:830} INFO - Processing file /Users/malone/data-engineering-pathway/.venv/lib/python3.11/site-packages/airflow/example_dags/example_python_decorator.py for tasks to queue
[2026-04-26T17:42:50.136+0100] {logging_mixin.py:188} INFO - [2026-04-26T17:42:50.136+0100] {dagbag.py:545} INFO - Filling up the DagBag from /Users/malone/data-engineering-pathway/.venv/lib/python3.11/site-packages/airflow/example_dags/example_python_decorator.py
[2026-04-26T17:42:50.150+0100] {logging_mixin.py:188} INFO - [2026-04-26T17:42:50.150+0100] {example_python_decorator.py:80} WARNING - The virtalenv_python example task requires virtualenv, please install it.
[2026-04-26T17:42:50.151+0100] {processor.py:840} INFO - DAG(s) 'example_python_decorator' retrieved from /Users/malone/data-engineering-pathway/.venv/lib/python3.11/site-packages/airflow/example_dags/example_python_decorator.py
[2026-04-26T17:42:50.193+0100] {logging_mixin.py:188} INFO - [2026-04-26T17:42:50.193+0100] {dag.py:3089} INFO - Sync 1 DAGs
[2026-04-26T17:42:50.196+0100] {logging_mixin.py:188} INFO - [2026-04-26T17:42:50.196+0100] {dag.py:3947} INFO - Setting next_dagrun for example_python_decorator to None, run_after=None
[2026-04-26T17:42:50.203+0100] {processor.py:183} INFO - Processing /Users/malone/data-engineering-pathway/.venv/lib/python3.11/site-packages/airflow/example_dags/example_python_decorator.py took 0.069 seconds
[2026-04-26T17:44:41.171+0100] {processor.py:161} INFO - Started process (PID=8855) to work on /Users/malone/data-engineering-pathway/.venv/lib/python3.11/site-packages/airflow/example_dags/example_python_decorator.py
[2026-04-26T17:44:41.172+0100] {processor.py:830} INFO - Processing file /Users/malone/data-engineering-pathway/.venv/lib/python3.11/site-packages/airflow/example_dags/example_python_decorator.py for tasks to queue
[2026-04-26T17:44:41.172+0100] {logging_mixin.py:188} INFO - [2026-04-26T17:44:41.172+0100] {dagbag.py:545} INFO - Filling up the DagBag from /Users/malone/data-engineering-pathway/.venv/lib/python3.11/site-packages/airflow/example_dags/example_python_decorator.py
[2026-04-26T17:44:41.186+0100] {logging_mixin.py:188} INFO - [2026-04-26T17:44:41.186+0100] {example_python_decorator.py:80} WARNING - The virtalenv_python example task requires virtualenv, please install it.
[2026-04-26T17:44:41.187+0100] {processor.py:840} INFO - DAG(s) 'example_python_decorator' retrieved from /Users/malone/data-engineering-pathway/.venv/lib/python3.11/site-packages/airflow/example_dags/example_python_decorator.py
[2026-04-26T17:44:41.224+0100] {logging_mixin.py:188} INFO - [2026-04-26T17:44:41.224+0100] {dag.py:3089} INFO - Sync 1 DAGs
[2026-04-26T17:44:41.227+0100] {logging_mixin.py:188} INFO - [2026-04-26T17:44:41.227+0100] {dag.py:3947} INFO - Setting next_dagrun for example_python_decorator to None, run_after=None
[2026-04-26T17:44:41.235+0100] {processor.py:183} INFO - Processing /Users/malone/data-engineering-pathway/.venv/lib/python3.11/site-packages/airflow/example_dags/example_python_decorator.py took 0.065 seconds
[2026-04-26T17:46:27.973+0100] {processor.py:161} INFO - Started process (PID=9023) to work on /Users/malone/data-engineering-pathway/.venv/lib/python3.11/site-packages/airflow/example_dags/example_python_decorator.py
[2026-04-26T17:46:27.973+0100] {processor.py:830} INFO - Processing file /Users/malone/data-engineering-pathway/.venv/lib/python3.11/site-packages/airflow/example_dags/example_python_decorator.py for tasks to queue
[2026-04-26T17:46:27.973+0100] {logging_mixin.py:188} INFO - [2026-04-26T17:46:27.973+0100] {dagbag.py:545} INFO - Filling up the DagBag from /Users/malone/data-engineering-pathway/.venv/lib/python3.11/site-packages/airflow/example_dags/example_python_decorator.py
[2026-04-26T17:46:27.987+0100] {logging_mixin.py:188} INFO - [2026-04-26T17:46:27.987+0100] {example_python_decorator.py:80} WARNING - The virtalenv_python example task requires virtualenv, please install it.
[2026-04-26T17:46:27.988+0100] {processor.py:840} INFO - DAG(s) 'example_python_decorator' retrieved from /Users/malone/data-engineering-pathway/.venv/lib/python3.11/site-packages/airflow/example_dags/example_python_decorator.py
[2026-04-26T17:46:28.024+0100] {logging_mixin.py:188} INFO - [2026-04-26T17:46:28.024+0100] {dag.py:3089} INFO - Sync 1 DAGs
[2026-04-26T17:46:28.027+0100] {logging_mixin.py:188} INFO - [2026-04-26T17:46:28.027+0100] {dag.py:3947} INFO - Setting next_dagrun for example_python_decorator to None, run_after=None
[2026-04-26T17:46:28.034+0100] {processor.py:183} INFO - Processing /Users/malone/data-engineering-pathway/.venv/lib/python3.11/site-packages/airflow/example_dags/example_python_decorator.py took 0.063 seconds
[2026-04-26T17:48:19.371+0100] {processor.py:161} INFO - Started process (PID=9230) to work on /Users/malone/data-engineering-pathway/.venv/lib/python3.11/site-packages/airflow/example_dags/example_python_decorator.py
[2026-04-26T17:48:19.371+0100] {processor.py:830} INFO - Processing file /Users/malone/data-engineering-pathway/.venv/lib/python3.11/site-packages/airflow/example_dags/example_python_decorator.py for tasks to queue
[2026-04-26T17:48:19.372+0100] {logging_mixin.py:188} INFO - [2026-04-26T17:48:19.371+0100] {dagbag.py:545} INFO - Filling up the DagBag from /Users/malone/data-engineering-pathway/.venv/lib/python3.11/site-packages/airflow/example_dags/example_python_decorator.py
[2026-04-26T17:48:19.386+0100] {logging_mixin.py:188} INFO - [2026-04-26T17:48:19.386+0100] {example_python_decorator.py:80} WARNING - The virtalenv_python example task requires virtualenv, please install it.
[2026-04-26T17:48:19.387+0100] {processor.py:840} INFO - DAG(s) 'example_python_decorator' retrieved from /Users/malone/data-engineering-pathway/.venv/lib/python3.11/site-packages/airflow/example_dags/example_python_decorator.py
[2026-04-26T17:48:19.424+0100] {logging_mixin.py:188} INFO - [2026-04-26T17:48:19.424+0100] {dag.py:3089} INFO - Sync 1 DAGs
[2026-04-26T17:48:19.427+0100] {logging_mixin.py:188} INFO - [2026-04-26T17:48:19.427+0100] {dag.py:3947} INFO - Setting next_dagrun for example_python_decorator to None, run_after=None
[2026-04-26T17:48:19.435+0100] {processor.py:183} INFO - Processing /Users/malone/data-engineering-pathway/.venv/lib/python3.11/site-packages/airflow/example_dags/example_python_decorator.py took 0.066 seconds
[2026-04-26T17:50:19.390+0100] {processor.py:161} INFO - Started process (PID=9519) to work on /Users/malone/data-engineering-pathway/.venv/lib/python3.11/site-packages/airflow/example_dags/example_python_decorator.py
[2026-04-26T17:50:19.390+0100] {processor.py:830} INFO - Processing file /Users/malone/data-engineering-pathway/.venv/lib/python3.11/site-packages/airflow/example_dags/example_python_decorator.py for tasks to queue
[2026-04-26T17:50:19.390+0100] {logging_mixin.py:188} INFO - [2026-04-26T17:50:19.390+0100] {dagbag.py:545} INFO - Filling up the DagBag from /Users/malone/data-engineering-pathway/.venv/lib/python3.11/site-packages/airflow/example_dags/example_python_decorator.py
[2026-04-26T17:50:19.405+0100] {logging_mixin.py:188} INFO - [2026-04-26T17:50:19.405+0100] {example_python_decorator.py:80} WARNING - The virtalenv_python example task requires virtualenv, please install it.
[2026-04-26T17:50:19.406+0100] {processor.py:840} INFO - DAG(s) 'example_python_decorator' retrieved from /Users/malone/data-engineering-pathway/.venv/lib/python3.11/site-packages/airflow/example_dags/example_python_decorator.py
[2026-04-26T17:50:19.445+0100] {logging_mixin.py:188} INFO - [2026-04-26T17:50:19.445+0100] {dag.py:3089} INFO - Sync 1 DAGs
[2026-04-26T17:50:19.450+0100] {logging_mixin.py:188} INFO - [2026-04-26T17:50:19.450+0100] {dag.py:3947} INFO - Setting next_dagrun for example_python_decorator to None, run_after=None
[2026-04-26T17:50:19.458+0100] {processor.py:183} INFO - Processing /Users/malone/data-engineering-pathway/.venv/lib/python3.11/site-packages/airflow/example_dags/example_python_decorator.py took 0.070 seconds
[2026-04-26T17:52:19.498+0100] {processor.py:161} INFO - Started process (PID=9675) to work on /Users/malone/data-engineering-pathway/.venv/lib/python3.11/site-packages/airflow/example_dags/example_python_decorator.py
[2026-04-26T17:52:19.499+0100] {processor.py:830} INFO - Processing file /Users/malone/data-engineering-pathway/.venv/lib/python3.11/site-packages/airflow/example_dags/example_python_decorator.py for tasks to queue
[2026-04-26T17:52:19.499+0100] {logging_mixin.py:188} INFO - [2026-04-26T17:52:19.499+0100] {dagbag.py:545} INFO - Filling up the DagBag from /Users/malone/data-engineering-pathway/.venv/lib/python3.11/site-packages/airflow/example_dags/example_python_decorator.py
[2026-04-26T17:52:19.523+0100] {logging_mixin.py:188} INFO - [2026-04-26T17:52:19.523+0100] {example_python_decorator.py:80} WARNING - The virtalenv_python example task requires virtualenv, please install it.
[2026-04-26T17:52:19.526+0100] {processor.py:840} INFO - DAG(s) 'example_python_decorator' retrieved from /Users/malone/data-engineering-pathway/.venv/lib/python3.11/site-packages/airflow/example_dags/example_python_decorator.py
[2026-04-26T17:52:19.577+0100] {logging_mixin.py:188} INFO - [2026-04-26T17:52:19.577+0100] {dag.py:3089} INFO - Sync 1 DAGs
[2026-04-26T17:52:19.585+0100] {logging_mixin.py:188} INFO - [2026-04-26T17:52:19.585+0100] {dag.py:3947} INFO - Setting next_dagrun for example_python_decorator to None, run_after=None
[2026-04-26T17:52:19.597+0100] {processor.py:183} INFO - Processing /Users/malone/data-engineering-pathway/.venv/lib/python3.11/site-packages/airflow/example_dags/example_python_decorator.py took 0.101 seconds
[2026-04-26T17:54:17.006+0100] {processor.py:161} INFO - Started process (PID=9834) to work on /Users/malone/data-engineering-pathway/.venv/lib/python3.11/site-packages/airflow/example_dags/example_python_decorator.py
[2026-04-26T17:54:17.007+0100] {processor.py:830} INFO - Processing file /Users/malone/data-engineering-pathway/.venv/lib/python3.11/site-packages/airflow/example_dags/example_python_decorator.py for tasks to queue
[2026-04-26T17:54:17.009+0100] {logging_mixin.py:188} INFO - [2026-04-26T17:54:17.008+0100] {dagbag.py:545} INFO - Filling up the DagBag from /Users/malone/data-engineering-pathway/.venv/lib/python3.11/site-packages/airflow/example_dags/example_python_decorator.py
[2026-04-26T17:54:17.068+0100] {logging_mixin.py:188} INFO - [2026-04-26T17:54:17.067+0100] {example_python_decorator.py:80} WARNING - The virtalenv_python example task requires virtualenv, please install it.
[2026-04-26T17:54:17.071+0100] {processor.py:840} INFO - DAG(s) 'example_python_decorator' retrieved from /Users/malone/data-engineering-pathway/.venv/lib/python3.11/site-packages/airflow/example_dags/example_python_decorator.py
[2026-04-26T17:54:17.152+0100] {logging_mixin.py:188} INFO - [2026-04-26T17:54:17.152+0100] {dag.py:3089} INFO - Sync 1 DAGs
[2026-04-26T17:54:17.160+0100] {logging_mixin.py:188} INFO - [2026-04-26T17:54:17.160+0100] {dag.py:3947} INFO - Setting next_dagrun for example_python_decorator to None, run_after=None
[2026-04-26T17:54:17.173+0100] {processor.py:183} INFO - Processing /Users/malone/data-engineering-pathway/.venv/lib/python3.11/site-packages/airflow/example_dags/example_python_decorator.py took 0.172 seconds
[2026-04-26T17:56:19.107+0100] {processor.py:161} INFO - Started process (PID=10044) to work on /Users/malone/data-engineering-pathway/.venv/lib/python3.11/site-packages/airflow/example_dags/example_python_decorator.py
[2026-04-26T17:56:19.108+0100] {processor.py:830} INFO - Processing file /Users/malone/data-engineering-pathway/.venv/lib/python3.11/site-packages/airflow/example_dags/example_python_decorator.py for tasks to queue
[2026-04-26T17:56:19.108+0100] {logging_mixin.py:188} INFO - [2026-04-26T17:56:19.108+0100] {dagbag.py:545} INFO - Filling up the DagBag from /Users/malone/data-engineering-pathway/.venv/lib/python3.11/site-packages/airflow/example_dags/example_python_decorator.py
[2026-04-26T17:56:19.121+0100] {logging_mixin.py:188} INFO - [2026-04-26T17:56:19.121+0100] {example_python_decorator.py:80} WARNING - The virtalenv_python example task requires virtualenv, please install it.
[2026-04-26T17:56:19.122+0100] {processor.py:840} INFO - DAG(s) 'example_python_decorator' retrieved from /Users/malone/data-engineering-pathway/.venv/lib/python3.11/site-packages/airflow/example_dags/example_python_decorator.py
[2026-04-26T17:56:19.160+0100] {logging_mixin.py:188} INFO - [2026-04-26T17:56:19.160+0100] {dag.py:3089} INFO - Sync 1 DAGs
[2026-04-26T17:56:19.163+0100] {logging_mixin.py:188} INFO - [2026-04-26T17:56:19.163+0100] {dag.py:3947} INFO - Setting next_dagrun for example_python_decorator to None, run_after=None
[2026-04-26T17:56:19.170+0100] {processor.py:183} INFO - Processing /Users/malone/data-engineering-pathway/.venv/lib/python3.11/site-packages/airflow/example_dags/example_python_decorator.py took 0.064 seconds
[2026-04-26T17:58:14.644+0100] {processor.py:161} INFO - Started process (PID=10242) to work on /Users/malone/data-engineering-pathway/.venv/lib/python3.11/site-packages/airflow/example_dags/example_python_decorator.py
[2026-04-26T17:58:14.645+0100] {processor.py:830} INFO - Processing file /Users/malone/data-engineering-pathway/.venv/lib/python3.11/site-packages/airflow/example_dags/example_python_decorator.py for tasks to queue
[2026-04-26T17:58:14.645+0100] {logging_mixin.py:188} INFO - [2026-04-26T17:58:14.645+0100] {dagbag.py:545} INFO - Filling up the DagBag from /Users/malone/data-engineering-pathway/.venv/lib/python3.11/site-packages/airflow/example_dags/example_python_decorator.py
[2026-04-26T17:58:14.659+0100] {logging_mixin.py:188} INFO - [2026-04-26T17:58:14.659+0100] {example_python_decorator.py:80} WARNING - The virtalenv_python example task requires virtualenv, please install it.
[2026-04-26T17:58:14.660+0100] {processor.py:840} INFO - DAG(s) 'example_python_decorator' retrieved from /Users/malone/data-engineering-pathway/.venv/lib/python3.11/site-packages/airflow/example_dags/example_python_decorator.py
[2026-04-26T17:58:14.701+0100] {logging_mixin.py:188} INFO - [2026-04-26T17:58:14.701+0100] {dag.py:3089} INFO - Sync 1 DAGs
[2026-04-26T17:58:14.705+0100] {logging_mixin.py:188} INFO - [2026-04-26T17:58:14.704+0100] {dag.py:3947} INFO - Setting next_dagrun for example_python_decorator to None, run_after=None
[2026-04-26T17:58:14.712+0100] {processor.py:183} INFO - Processing /Users/malone/data-engineering-pathway/.venv/lib/python3.11/site-packages/airflow/example_dags/example_python_decorator.py took 0.069 seconds
