[2026-04-26T17:39:57.350+0100] {processor.py:161} INFO - Started process (PID=8422) to work on /Users/malone/data-engineering-pathway/.venv/lib/python3.11/site-packages/airflow/example_dags/example_branch_labels.py
[2026-04-26T17:39:57.351+0100] {processor.py:830} INFO - Processing file /Users/malone/data-engineering-pathway/.venv/lib/python3.11/site-packages/airflow/example_dags/example_branch_labels.py for tasks to queue
[2026-04-26T17:39:57.351+0100] {logging_mixin.py:188} INFO - [2026-04-26T17:39:57.351+0100] {dagbag.py:545} INFO - Filling up the DagBag from /Users/malone/data-engineering-pathway/.venv/lib/python3.11/site-packages/airflow/example_dags/example_branch_labels.py
[2026-04-26T17:39:57.355+0100] {processor.py:840} INFO - DAG(s) 'example_branch_labels' retrieved from /Users/malone/data-engineering-pathway/.venv/lib/python3.11/site-packages/airflow/example_dags/example_branch_labels.py
[2026-04-26T17:39:57.447+0100] {logging_mixin.py:188} INFO - [2026-04-26T17:39:57.447+0100] {dag.py:3089} INFO - Sync 1 DAGs
[2026-04-26T17:39:57.452+0100] {logging_mixin.py:188} INFO - [2026-04-26T17:39:57.452+0100] {dag.py:3947} INFO - Setting next_dagrun for example_branch_labels to 2026-04-25 00:00:00+00:00, run_after=2026-04-26 00:00:00+00:00
[2026-04-26T17:39:57.460+0100] {processor.py:183} INFO - Processing /Users/malone/data-engineering-pathway/.venv/lib/python3.11/site-packages/airflow/example_dags/example_branch_labels.py took 0.110 seconds
[2026-04-26T17:41:53.242+0100] {processor.py:161} INFO - Started process (PID=8601) to work on /Users/malone/data-engineering-pathway/.venv/lib/python3.11/site-packages/airflow/example_dags/example_branch_labels.py
[2026-04-26T17:41:53.243+0100] {processor.py:830} INFO - Processing file /Users/malone/data-engineering-pathway/.venv/lib/python3.11/site-packages/airflow/example_dags/example_branch_labels.py for tasks to queue
[2026-04-26T17:41:53.243+0100] {logging_mixin.py:188} INFO - [2026-04-26T17:41:53.243+0100] {dagbag.py:545} INFO - Filling up the DagBag from /Users/malone/data-engineering-pathway/.venv/lib/python3.11/site-packages/airflow/example_dags/example_branch_labels.py
[2026-04-26T17:41:53.248+0100] {processor.py:840} INFO - DAG(s) 'example_branch_labels' retrieved from /Users/malone/data-engineering-pathway/.venv/lib/python3.11/site-packages/airflow/example_dags/example_branch_labels.py
[2026-04-26T17:41:53.288+0100] {logging_mixin.py:188} INFO - [2026-04-26T17:41:53.288+0100] {dag.py:3089} INFO - Sync 1 DAGs
[2026-04-26T17:41:53.294+0100] {logging_mixin.py:188} INFO - [2026-04-26T17:41:53.294+0100] {dag.py:3947} INFO - Setting next_dagrun for example_branch_labels to 2026-04-25 00:00:00+00:00, run_after=2026-04-26 00:00:00+00:00
[2026-04-26T17:41:53.301+0100] {processor.py:183} INFO - Processing /Users/malone/data-engineering-pathway/.venv/lib/python3.11/site-packages/airflow/example_dags/example_branch_labels.py took 0.060 seconds
[2026-04-26T17:43:50.880+0100] {processor.py:161} INFO - Started process (PID=8781) to work on /Users/malone/data-engineering-pathway/.venv/lib/python3.11/site-packages/airflow/example_dags/example_branch_labels.py
[2026-04-26T17:43:50.882+0100] {processor.py:830} INFO - Processing file /Users/malone/data-engineering-pathway/.venv/lib/python3.11/site-packages/airflow/example_dags/example_branch_labels.py for tasks to queue
[2026-04-26T17:43:50.883+0100] {logging_mixin.py:188} INFO - [2026-04-26T17:43:50.883+0100] {dagbag.py:545} INFO - Filling up the DagBag from /Users/malone/data-engineering-pathway/.venv/lib/python3.11/site-packages/airflow/example_dags/example_branch_labels.py
[2026-04-26T17:43:50.889+0100] {processor.py:840} INFO - DAG(s) 'example_branch_labels' retrieved from /Users/malone/data-engineering-pathway/.venv/lib/python3.11/site-packages/airflow/example_dags/example_branch_labels.py
[2026-04-26T17:43:50.932+0100] {logging_mixin.py:188} INFO - [2026-04-26T17:43:50.932+0100] {dag.py:3089} INFO - Sync 1 DAGs
[2026-04-26T17:43:50.938+0100] {logging_mixin.py:188} INFO - [2026-04-26T17:43:50.938+0100] {dag.py:3947} INFO - Setting next_dagrun for example_branch_labels to 2026-04-25 00:00:00+00:00, run_after=2026-04-26 00:00:00+00:00
[2026-04-26T17:43:50.945+0100] {processor.py:183} INFO - Processing /Users/malone/data-engineering-pathway/.venv/lib/python3.11/site-packages/airflow/example_dags/example_branch_labels.py took 0.066 seconds
[2026-04-26T17:45:35.535+0100] {processor.py:161} INFO - Started process (PID=8944) to work on /Users/malone/data-engineering-pathway/.venv/lib/python3.11/site-packages/airflow/example_dags/example_branch_labels.py
[2026-04-26T17:45:35.536+0100] {processor.py:830} INFO - Processing file /Users/malone/data-engineering-pathway/.venv/lib/python3.11/site-packages/airflow/example_dags/example_branch_labels.py for tasks to queue
[2026-04-26T17:45:35.536+0100] {logging_mixin.py:188} INFO - [2026-04-26T17:45:35.536+0100] {dagbag.py:545} INFO - Filling up the DagBag from /Users/malone/data-engineering-pathway/.venv/lib/python3.11/site-packages/airflow/example_dags/example_branch_labels.py
[2026-04-26T17:45:35.541+0100] {processor.py:840} INFO - DAG(s) 'example_branch_labels' retrieved from /Users/malone/data-engineering-pathway/.venv/lib/python3.11/site-packages/airflow/example_dags/example_branch_labels.py
[2026-04-26T17:45:35.581+0100] {logging_mixin.py:188} INFO - [2026-04-26T17:45:35.581+0100] {dag.py:3089} INFO - Sync 1 DAGs
[2026-04-26T17:45:35.587+0100] {logging_mixin.py:188} INFO - [2026-04-26T17:45:35.587+0100] {dag.py:3947} INFO - Setting next_dagrun for example_branch_labels to 2026-04-25 00:00:00+00:00, run_after=2026-04-26 00:00:00+00:00
[2026-04-26T17:45:35.606+0100] {processor.py:183} INFO - Processing /Users/malone/data-engineering-pathway/.venv/lib/python3.11/site-packages/airflow/example_dags/example_branch_labels.py took 0.072 seconds
[2026-04-26T17:47:24.774+0100] {processor.py:161} INFO - Started process (PID=9121) to work on /Users/malone/data-engineering-pathway/.venv/lib/python3.11/site-packages/airflow/example_dags/example_branch_labels.py
[2026-04-26T17:47:24.775+0100] {processor.py:830} INFO - Processing file /Users/malone/data-engineering-pathway/.venv/lib/python3.11/site-packages/airflow/example_dags/example_branch_labels.py for tasks to queue
[2026-04-26T17:47:24.775+0100] {logging_mixin.py:188} INFO - [2026-04-26T17:47:24.775+0100] {dagbag.py:545} INFO - Filling up the DagBag from /Users/malone/data-engineering-pathway/.venv/lib/python3.11/site-packages/airflow/example_dags/example_branch_labels.py
[2026-04-26T17:47:24.778+0100] {processor.py:840} INFO - DAG(s) 'example_branch_labels' retrieved from /Users/malone/data-engineering-pathway/.venv/lib/python3.11/site-packages/airflow/example_dags/example_branch_labels.py
[2026-04-26T17:47:24.818+0100] {logging_mixin.py:188} INFO - [2026-04-26T17:47:24.818+0100] {dag.py:3089} INFO - Sync 1 DAGs
[2026-04-26T17:47:24.824+0100] {logging_mixin.py:188} INFO - [2026-04-26T17:47:24.824+0100] {dag.py:3947} INFO - Setting next_dagrun for example_branch_labels to 2026-04-25 00:00:00+00:00, run_after=2026-04-26 00:00:00+00:00
[2026-04-26T17:47:24.832+0100] {processor.py:183} INFO - Processing /Users/malone/data-engineering-pathway/.venv/lib/python3.11/site-packages/airflow/example_dags/example_branch_labels.py took 0.059 seconds
[2026-04-26T17:49:22.754+0100] {processor.py:161} INFO - Started process (PID=9450) to work on /Users/malone/data-engineering-pathway/.venv/lib/python3.11/site-packages/airflow/example_dags/example_branch_labels.py
[2026-04-26T17:49:22.755+0100] {processor.py:830} INFO - Processing file /Users/malone/data-engineering-pathway/.venv/lib/python3.11/site-packages/airflow/example_dags/example_branch_labels.py for tasks to queue
[2026-04-26T17:49:22.755+0100] {logging_mixin.py:188} INFO - [2026-04-26T17:49:22.755+0100] {dagbag.py:545} INFO - Filling up the DagBag from /Users/malone/data-engineering-pathway/.venv/lib/python3.11/site-packages/airflow/example_dags/example_branch_labels.py
[2026-04-26T17:49:22.759+0100] {processor.py:840} INFO - DAG(s) 'example_branch_labels' retrieved from /Users/malone/data-engineering-pathway/.venv/lib/python3.11/site-packages/airflow/example_dags/example_branch_labels.py
[2026-04-26T17:49:22.803+0100] {logging_mixin.py:188} INFO - [2026-04-26T17:49:22.803+0100] {dag.py:3089} INFO - Sync 1 DAGs
[2026-04-26T17:49:22.810+0100] {logging_mixin.py:188} INFO - [2026-04-26T17:49:22.810+0100] {dag.py:3947} INFO - Setting next_dagrun for example_branch_labels to 2026-04-25 00:00:00+00:00, run_after=2026-04-26 00:00:00+00:00
[2026-04-26T17:49:22.821+0100] {processor.py:183} INFO - Processing /Users/malone/data-engineering-pathway/.venv/lib/python3.11/site-packages/airflow/example_dags/example_branch_labels.py took 0.068 seconds
[2026-04-26T17:51:26.345+0100] {processor.py:161} INFO - Started process (PID=9614) to work on /Users/malone/data-engineering-pathway/.venv/lib/python3.11/site-packages/airflow/example_dags/example_branch_labels.py
[2026-04-26T17:51:26.345+0100] {processor.py:830} INFO - Processing file /Users/malone/data-engineering-pathway/.venv/lib/python3.11/site-packages/airflow/example_dags/example_branch_labels.py for tasks to queue
[2026-04-26T17:51:26.346+0100] {logging_mixin.py:188} INFO - [2026-04-26T17:51:26.346+0100] {dagbag.py:545} INFO - Filling up the DagBag from /Users/malone/data-engineering-pathway/.venv/lib/python3.11/site-packages/airflow/example_dags/example_branch_labels.py
[2026-04-26T17:51:26.349+0100] {processor.py:840} INFO - DAG(s) 'example_branch_labels' retrieved from /Users/malone/data-engineering-pathway/.venv/lib/python3.11/site-packages/airflow/example_dags/example_branch_labels.py
[2026-04-26T17:51:26.391+0100] {logging_mixin.py:188} INFO - [2026-04-26T17:51:26.391+0100] {dag.py:3089} INFO - Sync 1 DAGs
[2026-04-26T17:51:26.399+0100] {logging_mixin.py:188} INFO - [2026-04-26T17:51:26.399+0100] {dag.py:3947} INFO - Setting next_dagrun for example_branch_labels to 2026-04-25 00:00:00+00:00, run_after=2026-04-26 00:00:00+00:00
[2026-04-26T17:51:26.406+0100] {processor.py:183} INFO - Processing /Users/malone/data-engineering-pathway/.venv/lib/python3.11/site-packages/airflow/example_dags/example_branch_labels.py took 0.062 seconds
[2026-04-26T17:53:21.692+0100] {processor.py:161} INFO - Started process (PID=9746) to work on /Users/malone/data-engineering-pathway/.venv/lib/python3.11/site-packages/airflow/example_dags/example_branch_labels.py
[2026-04-26T17:53:21.693+0100] {processor.py:830} INFO - Processing file /Users/malone/data-engineering-pathway/.venv/lib/python3.11/site-packages/airflow/example_dags/example_branch_labels.py for tasks to queue
[2026-04-26T17:53:21.693+0100] {logging_mixin.py:188} INFO - [2026-04-26T17:53:21.693+0100] {dagbag.py:545} INFO - Filling up the DagBag from /Users/malone/data-engineering-pathway/.venv/lib/python3.11/site-packages/airflow/example_dags/example_branch_labels.py
[2026-04-26T17:53:21.697+0100] {processor.py:840} INFO - DAG(s) 'example_branch_labels' retrieved from /Users/malone/data-engineering-pathway/.venv/lib/python3.11/site-packages/airflow/example_dags/example_branch_labels.py
[2026-04-26T17:53:21.737+0100] {logging_mixin.py:188} INFO - [2026-04-26T17:53:21.736+0100] {dag.py:3089} INFO - Sync 1 DAGs
[2026-04-26T17:53:21.743+0100] {logging_mixin.py:188} INFO - [2026-04-26T17:53:21.743+0100] {dag.py:3947} INFO - Setting next_dagrun for example_branch_labels to 2026-04-25 00:00:00+00:00, run_after=2026-04-26 00:00:00+00:00
[2026-04-26T17:53:21.750+0100] {processor.py:183} INFO - Processing /Users/malone/data-engineering-pathway/.venv/lib/python3.11/site-packages/airflow/example_dags/example_branch_labels.py took 0.058 seconds
[2026-04-26T17:55:23.048+0100] {processor.py:161} INFO - Started process (PID=9917) to work on /Users/malone/data-engineering-pathway/.venv/lib/python3.11/site-packages/airflow/example_dags/example_branch_labels.py
[2026-04-26T17:55:23.048+0100] {processor.py:830} INFO - Processing file /Users/malone/data-engineering-pathway/.venv/lib/python3.11/site-packages/airflow/example_dags/example_branch_labels.py for tasks to queue
[2026-04-26T17:55:23.049+0100] {logging_mixin.py:188} INFO - [2026-04-26T17:55:23.049+0100] {dagbag.py:545} INFO - Filling up the DagBag from /Users/malone/data-engineering-pathway/.venv/lib/python3.11/site-packages/airflow/example_dags/example_branch_labels.py
[2026-04-26T17:55:23.053+0100] {processor.py:840} INFO - DAG(s) 'example_branch_labels' retrieved from /Users/malone/data-engineering-pathway/.venv/lib/python3.11/site-packages/airflow/example_dags/example_branch_labels.py
[2026-04-26T17:55:23.100+0100] {logging_mixin.py:188} INFO - [2026-04-26T17:55:23.099+0100] {dag.py:3089} INFO - Sync 1 DAGs
[2026-04-26T17:55:23.108+0100] {logging_mixin.py:188} INFO - [2026-04-26T17:55:23.108+0100] {dag.py:3947} INFO - Setting next_dagrun for example_branch_labels to 2026-04-25 00:00:00+00:00, run_after=2026-04-26 00:00:00+00:00
[2026-04-26T17:55:23.117+0100] {processor.py:183} INFO - Processing /Users/malone/data-engineering-pathway/.venv/lib/python3.11/site-packages/airflow/example_dags/example_branch_labels.py took 0.070 seconds
[2026-04-26T17:57:25.197+0100] {processor.py:161} INFO - Started process (PID=10158) to work on /Users/malone/data-engineering-pathway/.venv/lib/python3.11/site-packages/airflow/example_dags/example_branch_labels.py
[2026-04-26T17:57:25.197+0100] {processor.py:830} INFO - Processing file /Users/malone/data-engineering-pathway/.venv/lib/python3.11/site-packages/airflow/example_dags/example_branch_labels.py for tasks to queue
[2026-04-26T17:57:25.198+0100] {logging_mixin.py:188} INFO - [2026-04-26T17:57:25.198+0100] {dagbag.py:545} INFO - Filling up the DagBag from /Users/malone/data-engineering-pathway/.venv/lib/python3.11/site-packages/airflow/example_dags/example_branch_labels.py
[2026-04-26T17:57:25.201+0100] {processor.py:840} INFO - DAG(s) 'example_branch_labels' retrieved from /Users/malone/data-engineering-pathway/.venv/lib/python3.11/site-packages/airflow/example_dags/example_branch_labels.py
[2026-04-26T17:57:25.241+0100] {logging_mixin.py:188} INFO - [2026-04-26T17:57:25.240+0100] {dag.py:3089} INFO - Sync 1 DAGs
[2026-04-26T17:57:25.247+0100] {logging_mixin.py:188} INFO - [2026-04-26T17:57:25.247+0100] {dag.py:3947} INFO - Setting next_dagrun for example_branch_labels to 2026-04-25 00:00:00+00:00, run_after=2026-04-26 00:00:00+00:00
[2026-04-26T17:57:25.259+0100] {processor.py:183} INFO - Processing /Users/malone/data-engineering-pathway/.venv/lib/python3.11/site-packages/airflow/example_dags/example_branch_labels.py took 0.064 seconds
[2026-04-26T17:59:15.663+0100] {processor.py:161} INFO - Started process (PID=10340) to work on /Users/malone/data-engineering-pathway/.venv/lib/python3.11/site-packages/airflow/example_dags/example_branch_labels.py
[2026-04-26T17:59:15.664+0100] {processor.py:830} INFO - Processing file /Users/malone/data-engineering-pathway/.venv/lib/python3.11/site-packages/airflow/example_dags/example_branch_labels.py for tasks to queue
[2026-04-26T17:59:15.664+0100] {logging_mixin.py:188} INFO - [2026-04-26T17:59:15.664+0100] {dagbag.py:545} INFO - Filling up the DagBag from /Users/malone/data-engineering-pathway/.venv/lib/python3.11/site-packages/airflow/example_dags/example_branch_labels.py
[2026-04-26T17:59:15.668+0100] {processor.py:840} INFO - DAG(s) 'example_branch_labels' retrieved from /Users/malone/data-engineering-pathway/.venv/lib/python3.11/site-packages/airflow/example_dags/example_branch_labels.py
[2026-04-26T17:59:15.709+0100] {logging_mixin.py:188} INFO - [2026-04-26T17:59:15.709+0100] {dag.py:3089} INFO - Sync 1 DAGs
[2026-04-26T17:59:15.716+0100] {logging_mixin.py:188} INFO - [2026-04-26T17:59:15.716+0100] {dag.py:3947} INFO - Setting next_dagrun for example_branch_labels to 2026-04-25 00:00:00+00:00, run_after=2026-04-26 00:00:00+00:00
[2026-04-26T17:59:15.724+0100] {processor.py:183} INFO - Processing /Users/malone/data-engineering-pathway/.venv/lib/python3.11/site-packages/airflow/example_dags/example_branch_labels.py took 0.062 seconds
