[2026-04-26T17:39:38.005+0100] {processor.py:161} INFO - Started process (PID=8385) to work on /Users/malone/data-engineering-pathway/.venv/lib/python3.11/site-packages/airflow/example_dags/example_kubernetes_executor.py
[2026-04-26T17:39:38.005+0100] {processor.py:830} INFO - Processing file /Users/malone/data-engineering-pathway/.venv/lib/python3.11/site-packages/airflow/example_dags/example_kubernetes_executor.py for tasks to queue
[2026-04-26T17:39:38.005+0100] {logging_mixin.py:188} INFO - [2026-04-26T17:39:38.005+0100] {dagbag.py:545} INFO - Filling up the DagBag from /Users/malone/data-engineering-pathway/.venv/lib/python3.11/site-packages/airflow/example_dags/example_kubernetes_executor.py
[2026-04-26T17:39:38.022+0100] {logging_mixin.py:188} INFO - [2026-04-26T17:39:38.022+0100] {example_kubernetes_executor.py:39} WARNING - The example_kubernetes_executor example DAG requires the kubernetes provider. Please install it with: pip install apache-airflow[cncf.kubernetes]
[2026-04-26T17:39:38.022+0100] {processor.py:842} WARNING - No viable dags retrieved from /Users/malone/data-engineering-pathway/.venv/lib/python3.11/site-packages/airflow/example_dags/example_kubernetes_executor.py
[2026-04-26T17:39:38.049+0100] {processor.py:183} INFO - Processing /Users/malone/data-engineering-pathway/.venv/lib/python3.11/site-packages/airflow/example_dags/example_kubernetes_executor.py took 0.045 seconds
[2026-04-26T17:41:33.546+0100] {processor.py:161} INFO - Started process (PID=8572) to work on /Users/malone/data-engineering-pathway/.venv/lib/python3.11/site-packages/airflow/example_dags/example_kubernetes_executor.py
[2026-04-26T17:41:33.549+0100] {processor.py:830} INFO - Processing file /Users/malone/data-engineering-pathway/.venv/lib/python3.11/site-packages/airflow/example_dags/example_kubernetes_executor.py for tasks to queue
[2026-04-26T17:41:33.549+0100] {logging_mixin.py:188} INFO - [2026-04-26T17:41:33.549+0100] {dagbag.py:545} INFO - Filling up the DagBag from /Users/malone/data-engineering-pathway/.venv/lib/python3.11/site-packages/airflow/example_dags/example_kubernetes_executor.py
[2026-04-26T17:41:33.564+0100] {logging_mixin.py:188} INFO - [2026-04-26T17:41:33.563+0100] {example_kubernetes_executor.py:39} WARNING - The example_kubernetes_executor example DAG requires the kubernetes provider. Please install it with: pip install apache-airflow[cncf.kubernetes]
[2026-04-26T17:41:33.564+0100] {processor.py:842} WARNING - No viable dags retrieved from /Users/malone/data-engineering-pathway/.venv/lib/python3.11/site-packages/airflow/example_dags/example_kubernetes_executor.py
[2026-04-26T17:41:33.590+0100] {processor.py:183} INFO - Processing /Users/malone/data-engineering-pathway/.venv/lib/python3.11/site-packages/airflow/example_dags/example_kubernetes_executor.py took 0.045 seconds
[2026-04-26T17:43:32.916+0100] {processor.py:161} INFO - Started process (PID=8747) to work on /Users/malone/data-engineering-pathway/.venv/lib/python3.11/site-packages/airflow/example_dags/example_kubernetes_executor.py
[2026-04-26T17:43:32.916+0100] {processor.py:830} INFO - Processing file /Users/malone/data-engineering-pathway/.venv/lib/python3.11/site-packages/airflow/example_dags/example_kubernetes_executor.py for tasks to queue
[2026-04-26T17:43:32.917+0100] {logging_mixin.py:188} INFO - [2026-04-26T17:43:32.917+0100] {dagbag.py:545} INFO - Filling up the DagBag from /Users/malone/data-engineering-pathway/.venv/lib/python3.11/site-packages/airflow/example_dags/example_kubernetes_executor.py
[2026-04-26T17:43:32.934+0100] {logging_mixin.py:188} INFO - [2026-04-26T17:43:32.934+0100] {example_kubernetes_executor.py:39} WARNING - The example_kubernetes_executor example DAG requires the kubernetes provider. Please install it with: pip install apache-airflow[cncf.kubernetes]
[2026-04-26T17:43:32.934+0100] {processor.py:842} WARNING - No viable dags retrieved from /Users/malone/data-engineering-pathway/.venv/lib/python3.11/site-packages/airflow/example_dags/example_kubernetes_executor.py
[2026-04-26T17:43:32.961+0100] {processor.py:183} INFO - Processing /Users/malone/data-engineering-pathway/.venv/lib/python3.11/site-packages/airflow/example_dags/example_kubernetes_executor.py took 0.047 seconds
[2026-04-26T17:45:16.840+0100] {processor.py:161} INFO - Started process (PID=8909) to work on /Users/malone/data-engineering-pathway/.venv/lib/python3.11/site-packages/airflow/example_dags/example_kubernetes_executor.py
[2026-04-26T17:45:16.840+0100] {processor.py:830} INFO - Processing file /Users/malone/data-engineering-pathway/.venv/lib/python3.11/site-packages/airflow/example_dags/example_kubernetes_executor.py for tasks to queue
[2026-04-26T17:45:16.841+0100] {logging_mixin.py:188} INFO - [2026-04-26T17:45:16.841+0100] {dagbag.py:545} INFO - Filling up the DagBag from /Users/malone/data-engineering-pathway/.venv/lib/python3.11/site-packages/airflow/example_dags/example_kubernetes_executor.py
[2026-04-26T17:45:16.872+0100] {logging_mixin.py:188} INFO - [2026-04-26T17:45:16.871+0100] {example_kubernetes_executor.py:39} WARNING - The example_kubernetes_executor example DAG requires the kubernetes provider. Please install it with: pip install apache-airflow[cncf.kubernetes]
[2026-04-26T17:45:16.872+0100] {processor.py:842} WARNING - No viable dags retrieved from /Users/malone/data-engineering-pathway/.venv/lib/python3.11/site-packages/airflow/example_dags/example_kubernetes_executor.py
[2026-04-26T17:45:16.917+0100] {processor.py:183} INFO - Processing /Users/malone/data-engineering-pathway/.venv/lib/python3.11/site-packages/airflow/example_dags/example_kubernetes_executor.py took 0.079 seconds
[2026-04-26T17:47:05.203+0100] {processor.py:161} INFO - Started process (PID=9080) to work on /Users/malone/data-engineering-pathway/.venv/lib/python3.11/site-packages/airflow/example_dags/example_kubernetes_executor.py
[2026-04-26T17:47:05.204+0100] {processor.py:830} INFO - Processing file /Users/malone/data-engineering-pathway/.venv/lib/python3.11/site-packages/airflow/example_dags/example_kubernetes_executor.py for tasks to queue
[2026-04-26T17:47:05.204+0100] {logging_mixin.py:188} INFO - [2026-04-26T17:47:05.204+0100] {dagbag.py:545} INFO - Filling up the DagBag from /Users/malone/data-engineering-pathway/.venv/lib/python3.11/site-packages/airflow/example_dags/example_kubernetes_executor.py
[2026-04-26T17:47:05.218+0100] {logging_mixin.py:188} INFO - [2026-04-26T17:47:05.218+0100] {example_kubernetes_executor.py:39} WARNING - The example_kubernetes_executor example DAG requires the kubernetes provider. Please install it with: pip install apache-airflow[cncf.kubernetes]
[2026-04-26T17:47:05.218+0100] {processor.py:842} WARNING - No viable dags retrieved from /Users/malone/data-engineering-pathway/.venv/lib/python3.11/site-packages/airflow/example_dags/example_kubernetes_executor.py
[2026-04-26T17:47:05.247+0100] {processor.py:183} INFO - Processing /Users/malone/data-engineering-pathway/.venv/lib/python3.11/site-packages/airflow/example_dags/example_kubernetes_executor.py took 0.044 seconds
[2026-04-26T17:49:03.130+0100] {processor.py:161} INFO - Started process (PID=9379) to work on /Users/malone/data-engineering-pathway/.venv/lib/python3.11/site-packages/airflow/example_dags/example_kubernetes_executor.py
[2026-04-26T17:49:03.131+0100] {processor.py:830} INFO - Processing file /Users/malone/data-engineering-pathway/.venv/lib/python3.11/site-packages/airflow/example_dags/example_kubernetes_executor.py for tasks to queue
[2026-04-26T17:49:03.131+0100] {logging_mixin.py:188} INFO - [2026-04-26T17:49:03.131+0100] {dagbag.py:545} INFO - Filling up the DagBag from /Users/malone/data-engineering-pathway/.venv/lib/python3.11/site-packages/airflow/example_dags/example_kubernetes_executor.py
[2026-04-26T17:49:03.152+0100] {logging_mixin.py:188} INFO - [2026-04-26T17:49:03.152+0100] {example_kubernetes_executor.py:39} WARNING - The example_kubernetes_executor example DAG requires the kubernetes provider. Please install it with: pip install apache-airflow[cncf.kubernetes]
[2026-04-26T17:49:03.152+0100] {processor.py:842} WARNING - No viable dags retrieved from /Users/malone/data-engineering-pathway/.venv/lib/python3.11/site-packages/airflow/example_dags/example_kubernetes_executor.py
[2026-04-26T17:49:03.185+0100] {processor.py:183} INFO - Processing /Users/malone/data-engineering-pathway/.venv/lib/python3.11/site-packages/airflow/example_dags/example_kubernetes_executor.py took 0.056 seconds
[2026-04-26T17:51:04.589+0100] {processor.py:161} INFO - Started process (PID=9577) to work on /Users/malone/data-engineering-pathway/.venv/lib/python3.11/site-packages/airflow/example_dags/example_kubernetes_executor.py
[2026-04-26T17:51:04.590+0100] {processor.py:830} INFO - Processing file /Users/malone/data-engineering-pathway/.venv/lib/python3.11/site-packages/airflow/example_dags/example_kubernetes_executor.py for tasks to queue
[2026-04-26T17:51:04.590+0100] {logging_mixin.py:188} INFO - [2026-04-26T17:51:04.590+0100] {dagbag.py:545} INFO - Filling up the DagBag from /Users/malone/data-engineering-pathway/.venv/lib/python3.11/site-packages/airflow/example_dags/example_kubernetes_executor.py
[2026-04-26T17:51:04.605+0100] {logging_mixin.py:188} INFO - [2026-04-26T17:51:04.605+0100] {example_kubernetes_executor.py:39} WARNING - The example_kubernetes_executor example DAG requires the kubernetes provider. Please install it with: pip install apache-airflow[cncf.kubernetes]
[2026-04-26T17:51:04.605+0100] {processor.py:842} WARNING - No viable dags retrieved from /Users/malone/data-engineering-pathway/.venv/lib/python3.11/site-packages/airflow/example_dags/example_kubernetes_executor.py
[2026-04-26T17:51:04.633+0100] {processor.py:183} INFO - Processing /Users/malone/data-engineering-pathway/.venv/lib/python3.11/site-packages/airflow/example_dags/example_kubernetes_executor.py took 0.045 seconds
[2026-04-26T17:53:02.608+0100] {processor.py:161} INFO - Started process (PID=9722) to work on /Users/malone/data-engineering-pathway/.venv/lib/python3.11/site-packages/airflow/example_dags/example_kubernetes_executor.py
[2026-04-26T17:53:02.609+0100] {processor.py:830} INFO - Processing file /Users/malone/data-engineering-pathway/.venv/lib/python3.11/site-packages/airflow/example_dags/example_kubernetes_executor.py for tasks to queue
[2026-04-26T17:53:02.609+0100] {logging_mixin.py:188} INFO - [2026-04-26T17:53:02.609+0100] {dagbag.py:545} INFO - Filling up the DagBag from /Users/malone/data-engineering-pathway/.venv/lib/python3.11/site-packages/airflow/example_dags/example_kubernetes_executor.py
[2026-04-26T17:53:02.623+0100] {logging_mixin.py:188} INFO - [2026-04-26T17:53:02.623+0100] {example_kubernetes_executor.py:39} WARNING - The example_kubernetes_executor example DAG requires the kubernetes provider. Please install it with: pip install apache-airflow[cncf.kubernetes]
[2026-04-26T17:53:02.624+0100] {processor.py:842} WARNING - No viable dags retrieved from /Users/malone/data-engineering-pathway/.venv/lib/python3.11/site-packages/airflow/example_dags/example_kubernetes_executor.py
[2026-04-26T17:53:02.649+0100] {processor.py:183} INFO - Processing /Users/malone/data-engineering-pathway/.venv/lib/python3.11/site-packages/airflow/example_dags/example_kubernetes_executor.py took 0.043 seconds
[2026-04-26T17:55:04.623+0100] {processor.py:161} INFO - Started process (PID=9872) to work on /Users/malone/data-engineering-pathway/.venv/lib/python3.11/site-packages/airflow/example_dags/example_kubernetes_executor.py
[2026-04-26T17:55:04.624+0100] {processor.py:830} INFO - Processing file /Users/malone/data-engineering-pathway/.venv/lib/python3.11/site-packages/airflow/example_dags/example_kubernetes_executor.py for tasks to queue
[2026-04-26T17:55:04.624+0100] {logging_mixin.py:188} INFO - [2026-04-26T17:55:04.624+0100] {dagbag.py:545} INFO - Filling up the DagBag from /Users/malone/data-engineering-pathway/.venv/lib/python3.11/site-packages/airflow/example_dags/example_kubernetes_executor.py
[2026-04-26T17:55:04.638+0100] {logging_mixin.py:188} INFO - [2026-04-26T17:55:04.638+0100] {example_kubernetes_executor.py:39} WARNING - The example_kubernetes_executor example DAG requires the kubernetes provider. Please install it with: pip install apache-airflow[cncf.kubernetes]
[2026-04-26T17:55:04.638+0100] {processor.py:842} WARNING - No viable dags retrieved from /Users/malone/data-engineering-pathway/.venv/lib/python3.11/site-packages/airflow/example_dags/example_kubernetes_executor.py
[2026-04-26T17:55:04.665+0100] {processor.py:183} INFO - Processing /Users/malone/data-engineering-pathway/.venv/lib/python3.11/site-packages/airflow/example_dags/example_kubernetes_executor.py took 0.043 seconds
[2026-04-26T17:57:05.600+0100] {processor.py:161} INFO - Started process (PID=10119) to work on /Users/malone/data-engineering-pathway/.venv/lib/python3.11/site-packages/airflow/example_dags/example_kubernetes_executor.py
[2026-04-26T17:57:05.601+0100] {processor.py:830} INFO - Processing file /Users/malone/data-engineering-pathway/.venv/lib/python3.11/site-packages/airflow/example_dags/example_kubernetes_executor.py for tasks to queue
[2026-04-26T17:57:05.601+0100] {logging_mixin.py:188} INFO - [2026-04-26T17:57:05.601+0100] {dagbag.py:545} INFO - Filling up the DagBag from /Users/malone/data-engineering-pathway/.venv/lib/python3.11/site-packages/airflow/example_dags/example_kubernetes_executor.py
[2026-04-26T17:57:05.614+0100] {logging_mixin.py:188} INFO - [2026-04-26T17:57:05.614+0100] {example_kubernetes_executor.py:39} WARNING - The example_kubernetes_executor example DAG requires the kubernetes provider. Please install it with: pip install apache-airflow[cncf.kubernetes]
[2026-04-26T17:57:05.614+0100] {processor.py:842} WARNING - No viable dags retrieved from /Users/malone/data-engineering-pathway/.venv/lib/python3.11/site-packages/airflow/example_dags/example_kubernetes_executor.py
[2026-04-26T17:57:05.641+0100] {processor.py:183} INFO - Processing /Users/malone/data-engineering-pathway/.venv/lib/python3.11/site-packages/airflow/example_dags/example_kubernetes_executor.py took 0.043 seconds
[2026-04-26T17:58:56.206+0100] {processor.py:161} INFO - Started process (PID=10306) to work on /Users/malone/data-engineering-pathway/.venv/lib/python3.11/site-packages/airflow/example_dags/example_kubernetes_executor.py
[2026-04-26T17:58:56.207+0100] {processor.py:830} INFO - Processing file /Users/malone/data-engineering-pathway/.venv/lib/python3.11/site-packages/airflow/example_dags/example_kubernetes_executor.py for tasks to queue
[2026-04-26T17:58:56.207+0100] {logging_mixin.py:188} INFO - [2026-04-26T17:58:56.207+0100] {dagbag.py:545} INFO - Filling up the DagBag from /Users/malone/data-engineering-pathway/.venv/lib/python3.11/site-packages/airflow/example_dags/example_kubernetes_executor.py
[2026-04-26T17:58:56.223+0100] {logging_mixin.py:188} INFO - [2026-04-26T17:58:56.223+0100] {example_kubernetes_executor.py:39} WARNING - The example_kubernetes_executor example DAG requires the kubernetes provider. Please install it with: pip install apache-airflow[cncf.kubernetes]
[2026-04-26T17:58:56.223+0100] {processor.py:842} WARNING - No viable dags retrieved from /Users/malone/data-engineering-pathway/.venv/lib/python3.11/site-packages/airflow/example_dags/example_kubernetes_executor.py
[2026-04-26T17:58:56.249+0100] {processor.py:183} INFO - Processing /Users/malone/data-engineering-pathway/.venv/lib/python3.11/site-packages/airflow/example_dags/example_kubernetes_executor.py took 0.044 seconds
