[2026-04-26T17:39:14.413+0100] {processor.py:161} INFO - Started process (PID=8340) to work on /Users/malone/data-engineering-pathway/.venv/lib/python3.11/site-packages/airflow/example_dags/example_short_circuit_operator.py
[2026-04-26T17:39:14.413+0100] {processor.py:830} INFO - Processing file /Users/malone/data-engineering-pathway/.venv/lib/python3.11/site-packages/airflow/example_dags/example_short_circuit_operator.py for tasks to queue
[2026-04-26T17:39:14.414+0100] {logging_mixin.py:188} INFO - [2026-04-26T17:39:14.414+0100] {dagbag.py:545} INFO - Filling up the DagBag from /Users/malone/data-engineering-pathway/.venv/lib/python3.11/site-packages/airflow/example_dags/example_short_circuit_operator.py
[2026-04-26T17:39:14.432+0100] {processor.py:840} INFO - DAG(s) 'example_short_circuit_operator' retrieved from /Users/malone/data-engineering-pathway/.venv/lib/python3.11/site-packages/airflow/example_dags/example_short_circuit_operator.py
[2026-04-26T17:39:14.529+0100] {logging_mixin.py:188} INFO - [2026-04-26T17:39:14.528+0100] {dag.py:3089} INFO - Sync 1 DAGs
[2026-04-26T17:39:14.534+0100] {logging_mixin.py:188} INFO - [2026-04-26T17:39:14.534+0100] {dag.py:3947} INFO - Setting next_dagrun for example_short_circuit_operator to 2026-04-25 00:00:00+00:00, run_after=2026-04-26 00:00:00+00:00
[2026-04-26T17:39:14.541+0100] {processor.py:183} INFO - Processing /Users/malone/data-engineering-pathway/.venv/lib/python3.11/site-packages/airflow/example_dags/example_short_circuit_operator.py took 0.130 seconds
[2026-04-26T17:40:41.706+0100] {processor.py:161} INFO - Started process (PID=8495) to work on /Users/malone/data-engineering-pathway/.venv/lib/python3.11/site-packages/airflow/example_dags/example_short_circuit_operator.py
[2026-04-26T17:40:41.708+0100] {processor.py:830} INFO - Processing file /Users/malone/data-engineering-pathway/.venv/lib/python3.11/site-packages/airflow/example_dags/example_short_circuit_operator.py for tasks to queue
[2026-04-26T17:40:41.708+0100] {logging_mixin.py:188} INFO - [2026-04-26T17:40:41.708+0100] {dagbag.py:545} INFO - Filling up the DagBag from /Users/malone/data-engineering-pathway/.venv/lib/python3.11/site-packages/airflow/example_dags/example_short_circuit_operator.py
[2026-04-26T17:40:41.719+0100] {processor.py:840} INFO - DAG(s) 'example_short_circuit_operator' retrieved from /Users/malone/data-engineering-pathway/.venv/lib/python3.11/site-packages/airflow/example_dags/example_short_circuit_operator.py
[2026-04-26T17:40:41.758+0100] {logging_mixin.py:188} INFO - [2026-04-26T17:40:41.757+0100] {dag.py:3089} INFO - Sync 1 DAGs
[2026-04-26T17:40:41.763+0100] {logging_mixin.py:188} INFO - [2026-04-26T17:40:41.763+0100] {dag.py:3947} INFO - Setting next_dagrun for example_short_circuit_operator to 2026-04-25 00:00:00+00:00, run_after=2026-04-26 00:00:00+00:00
[2026-04-26T17:40:41.769+0100] {processor.py:183} INFO - Processing /Users/malone/data-engineering-pathway/.venv/lib/python3.11/site-packages/airflow/example_dags/example_short_circuit_operator.py took 0.064 seconds
[2026-04-26T17:42:37.285+0100] {processor.py:161} INFO - Started process (PID=8646) to work on /Users/malone/data-engineering-pathway/.venv/lib/python3.11/site-packages/airflow/example_dags/example_short_circuit_operator.py
[2026-04-26T17:42:37.286+0100] {processor.py:830} INFO - Processing file /Users/malone/data-engineering-pathway/.venv/lib/python3.11/site-packages/airflow/example_dags/example_short_circuit_operator.py for tasks to queue
[2026-04-26T17:42:37.287+0100] {logging_mixin.py:188} INFO - [2026-04-26T17:42:37.286+0100] {dagbag.py:545} INFO - Filling up the DagBag from /Users/malone/data-engineering-pathway/.venv/lib/python3.11/site-packages/airflow/example_dags/example_short_circuit_operator.py
[2026-04-26T17:42:37.300+0100] {processor.py:840} INFO - DAG(s) 'example_short_circuit_operator' retrieved from /Users/malone/data-engineering-pathway/.venv/lib/python3.11/site-packages/airflow/example_dags/example_short_circuit_operator.py
[2026-04-26T17:42:37.342+0100] {logging_mixin.py:188} INFO - [2026-04-26T17:42:37.342+0100] {dag.py:3089} INFO - Sync 1 DAGs
[2026-04-26T17:42:37.348+0100] {logging_mixin.py:188} INFO - [2026-04-26T17:42:37.348+0100] {dag.py:3947} INFO - Setting next_dagrun for example_short_circuit_operator to 2026-04-25 00:00:00+00:00, run_after=2026-04-26 00:00:00+00:00
[2026-04-26T17:42:37.354+0100] {processor.py:183} INFO - Processing /Users/malone/data-engineering-pathway/.venv/lib/python3.11/site-packages/airflow/example_dags/example_short_circuit_operator.py took 0.071 seconds
[2026-04-26T17:44:30.344+0100] {processor.py:161} INFO - Started process (PID=8837) to work on /Users/malone/data-engineering-pathway/.venv/lib/python3.11/site-packages/airflow/example_dags/example_short_circuit_operator.py
[2026-04-26T17:44:30.345+0100] {processor.py:830} INFO - Processing file /Users/malone/data-engineering-pathway/.venv/lib/python3.11/site-packages/airflow/example_dags/example_short_circuit_operator.py for tasks to queue
[2026-04-26T17:44:30.345+0100] {logging_mixin.py:188} INFO - [2026-04-26T17:44:30.345+0100] {dagbag.py:545} INFO - Filling up the DagBag from /Users/malone/data-engineering-pathway/.venv/lib/python3.11/site-packages/airflow/example_dags/example_short_circuit_operator.py
[2026-04-26T17:44:30.356+0100] {processor.py:840} INFO - DAG(s) 'example_short_circuit_operator' retrieved from /Users/malone/data-engineering-pathway/.venv/lib/python3.11/site-packages/airflow/example_dags/example_short_circuit_operator.py
[2026-04-26T17:44:30.394+0100] {logging_mixin.py:188} INFO - [2026-04-26T17:44:30.394+0100] {dag.py:3089} INFO - Sync 1 DAGs
[2026-04-26T17:44:30.400+0100] {logging_mixin.py:188} INFO - [2026-04-26T17:44:30.400+0100] {dag.py:3947} INFO - Setting next_dagrun for example_short_circuit_operator to 2026-04-25 00:00:00+00:00, run_after=2026-04-26 00:00:00+00:00
[2026-04-26T17:44:30.406+0100] {processor.py:183} INFO - Processing /Users/malone/data-engineering-pathway/.venv/lib/python3.11/site-packages/airflow/example_dags/example_short_circuit_operator.py took 0.063 seconds
[2026-04-26T17:46:15.207+0100] {processor.py:161} INFO - Started process (PID=9004) to work on /Users/malone/data-engineering-pathway/.venv/lib/python3.11/site-packages/airflow/example_dags/example_short_circuit_operator.py
[2026-04-26T17:46:15.208+0100] {processor.py:830} INFO - Processing file /Users/malone/data-engineering-pathway/.venv/lib/python3.11/site-packages/airflow/example_dags/example_short_circuit_operator.py for tasks to queue
[2026-04-26T17:46:15.208+0100] {logging_mixin.py:188} INFO - [2026-04-26T17:46:15.208+0100] {dagbag.py:545} INFO - Filling up the DagBag from /Users/malone/data-engineering-pathway/.venv/lib/python3.11/site-packages/airflow/example_dags/example_short_circuit_operator.py
[2026-04-26T17:46:15.219+0100] {processor.py:840} INFO - DAG(s) 'example_short_circuit_operator' retrieved from /Users/malone/data-engineering-pathway/.venv/lib/python3.11/site-packages/airflow/example_dags/example_short_circuit_operator.py
[2026-04-26T17:46:15.258+0100] {logging_mixin.py:188} INFO - [2026-04-26T17:46:15.258+0100] {dag.py:3089} INFO - Sync 1 DAGs
[2026-04-26T17:46:15.263+0100] {logging_mixin.py:188} INFO - [2026-04-26T17:46:15.263+0100] {dag.py:3947} INFO - Setting next_dagrun for example_short_circuit_operator to 2026-04-25 00:00:00+00:00, run_after=2026-04-26 00:00:00+00:00
[2026-04-26T17:46:15.270+0100] {processor.py:183} INFO - Processing /Users/malone/data-engineering-pathway/.venv/lib/python3.11/site-packages/airflow/example_dags/example_short_circuit_operator.py took 0.063 seconds
[2026-04-26T17:48:07.187+0100] {processor.py:161} INFO - Started process (PID=9209) to work on /Users/malone/data-engineering-pathway/.venv/lib/python3.11/site-packages/airflow/example_dags/example_short_circuit_operator.py
[2026-04-26T17:48:07.187+0100] {processor.py:830} INFO - Processing file /Users/malone/data-engineering-pathway/.venv/lib/python3.11/site-packages/airflow/example_dags/example_short_circuit_operator.py for tasks to queue
[2026-04-26T17:48:07.187+0100] {logging_mixin.py:188} INFO - [2026-04-26T17:48:07.187+0100] {dagbag.py:545} INFO - Filling up the DagBag from /Users/malone/data-engineering-pathway/.venv/lib/python3.11/site-packages/airflow/example_dags/example_short_circuit_operator.py
[2026-04-26T17:48:07.198+0100] {processor.py:840} INFO - DAG(s) 'example_short_circuit_operator' retrieved from /Users/malone/data-engineering-pathway/.venv/lib/python3.11/site-packages/airflow/example_dags/example_short_circuit_operator.py
[2026-04-26T17:48:07.237+0100] {logging_mixin.py:188} INFO - [2026-04-26T17:48:07.237+0100] {dag.py:3089} INFO - Sync 1 DAGs
[2026-04-26T17:48:07.243+0100] {logging_mixin.py:188} INFO - [2026-04-26T17:48:07.243+0100] {dag.py:3947} INFO - Setting next_dagrun for example_short_circuit_operator to 2026-04-25 00:00:00+00:00, run_after=2026-04-26 00:00:00+00:00
[2026-04-26T17:48:07.252+0100] {processor.py:183} INFO - Processing /Users/malone/data-engineering-pathway/.venv/lib/python3.11/site-packages/airflow/example_dags/example_short_circuit_operator.py took 0.066 seconds
[2026-04-26T17:50:06.312+0100] {processor.py:161} INFO - Started process (PID=9494) to work on /Users/malone/data-engineering-pathway/.venv/lib/python3.11/site-packages/airflow/example_dags/example_short_circuit_operator.py
[2026-04-26T17:50:06.313+0100] {processor.py:830} INFO - Processing file /Users/malone/data-engineering-pathway/.venv/lib/python3.11/site-packages/airflow/example_dags/example_short_circuit_operator.py for tasks to queue
[2026-04-26T17:50:06.313+0100] {logging_mixin.py:188} INFO - [2026-04-26T17:50:06.313+0100] {dagbag.py:545} INFO - Filling up the DagBag from /Users/malone/data-engineering-pathway/.venv/lib/python3.11/site-packages/airflow/example_dags/example_short_circuit_operator.py
[2026-04-26T17:50:06.329+0100] {processor.py:840} INFO - DAG(s) 'example_short_circuit_operator' retrieved from /Users/malone/data-engineering-pathway/.venv/lib/python3.11/site-packages/airflow/example_dags/example_short_circuit_operator.py
[2026-04-26T17:50:06.377+0100] {logging_mixin.py:188} INFO - [2026-04-26T17:50:06.376+0100] {dag.py:3089} INFO - Sync 1 DAGs
[2026-04-26T17:50:06.383+0100] {logging_mixin.py:188} INFO - [2026-04-26T17:50:06.383+0100] {dag.py:3947} INFO - Setting next_dagrun for example_short_circuit_operator to 2026-04-25 00:00:00+00:00, run_after=2026-04-26 00:00:00+00:00
[2026-04-26T17:50:06.393+0100] {processor.py:183} INFO - Processing /Users/malone/data-engineering-pathway/.venv/lib/python3.11/site-packages/airflow/example_dags/example_short_circuit_operator.py took 0.083 seconds
[2026-04-26T17:52:07.069+0100] {processor.py:161} INFO - Started process (PID=9661) to work on /Users/malone/data-engineering-pathway/.venv/lib/python3.11/site-packages/airflow/example_dags/example_short_circuit_operator.py
[2026-04-26T17:52:07.070+0100] {processor.py:830} INFO - Processing file /Users/malone/data-engineering-pathway/.venv/lib/python3.11/site-packages/airflow/example_dags/example_short_circuit_operator.py for tasks to queue
[2026-04-26T17:52:07.070+0100] {logging_mixin.py:188} INFO - [2026-04-26T17:52:07.070+0100] {dagbag.py:545} INFO - Filling up the DagBag from /Users/malone/data-engineering-pathway/.venv/lib/python3.11/site-packages/airflow/example_dags/example_short_circuit_operator.py
[2026-04-26T17:52:07.081+0100] {processor.py:840} INFO - DAG(s) 'example_short_circuit_operator' retrieved from /Users/malone/data-engineering-pathway/.venv/lib/python3.11/site-packages/airflow/example_dags/example_short_circuit_operator.py
[2026-04-26T17:52:07.120+0100] {logging_mixin.py:188} INFO - [2026-04-26T17:52:07.119+0100] {dag.py:3089} INFO - Sync 1 DAGs
[2026-04-26T17:52:07.125+0100] {logging_mixin.py:188} INFO - [2026-04-26T17:52:07.125+0100] {dag.py:3947} INFO - Setting next_dagrun for example_short_circuit_operator to 2026-04-25 00:00:00+00:00, run_after=2026-04-26 00:00:00+00:00
[2026-04-26T17:52:07.131+0100] {processor.py:183} INFO - Processing /Users/malone/data-engineering-pathway/.venv/lib/python3.11/site-packages/airflow/example_dags/example_short_circuit_operator.py took 0.064 seconds
[2026-04-26T17:54:02.914+0100] {processor.py:161} INFO - Started process (PID=9811) to work on /Users/malone/data-engineering-pathway/.venv/lib/python3.11/site-packages/airflow/example_dags/example_short_circuit_operator.py
[2026-04-26T17:54:02.914+0100] {processor.py:830} INFO - Processing file /Users/malone/data-engineering-pathway/.venv/lib/python3.11/site-packages/airflow/example_dags/example_short_circuit_operator.py for tasks to queue
[2026-04-26T17:54:02.915+0100] {logging_mixin.py:188} INFO - [2026-04-26T17:54:02.915+0100] {dagbag.py:545} INFO - Filling up the DagBag from /Users/malone/data-engineering-pathway/.venv/lib/python3.11/site-packages/airflow/example_dags/example_short_circuit_operator.py
[2026-04-26T17:54:02.925+0100] {processor.py:840} INFO - DAG(s) 'example_short_circuit_operator' retrieved from /Users/malone/data-engineering-pathway/.venv/lib/python3.11/site-packages/airflow/example_dags/example_short_circuit_operator.py
[2026-04-26T17:54:02.963+0100] {logging_mixin.py:188} INFO - [2026-04-26T17:54:02.963+0100] {dag.py:3089} INFO - Sync 1 DAGs
[2026-04-26T17:54:02.969+0100] {logging_mixin.py:188} INFO - [2026-04-26T17:54:02.969+0100] {dag.py:3947} INFO - Setting next_dagrun for example_short_circuit_operator to 2026-04-25 00:00:00+00:00, run_after=2026-04-26 00:00:00+00:00
[2026-04-26T17:54:02.976+0100] {processor.py:183} INFO - Processing /Users/malone/data-engineering-pathway/.venv/lib/python3.11/site-packages/airflow/example_dags/example_short_circuit_operator.py took 0.064 seconds
[2026-04-26T17:56:06.414+0100] {processor.py:161} INFO - Started process (PID=10024) to work on /Users/malone/data-engineering-pathway/.venv/lib/python3.11/site-packages/airflow/example_dags/example_short_circuit_operator.py
[2026-04-26T17:56:06.415+0100] {processor.py:830} INFO - Processing file /Users/malone/data-engineering-pathway/.venv/lib/python3.11/site-packages/airflow/example_dags/example_short_circuit_operator.py for tasks to queue
[2026-04-26T17:56:06.415+0100] {logging_mixin.py:188} INFO - [2026-04-26T17:56:06.415+0100] {dagbag.py:545} INFO - Filling up the DagBag from /Users/malone/data-engineering-pathway/.venv/lib/python3.11/site-packages/airflow/example_dags/example_short_circuit_operator.py
[2026-04-26T17:56:06.429+0100] {processor.py:840} INFO - DAG(s) 'example_short_circuit_operator' retrieved from /Users/malone/data-engineering-pathway/.venv/lib/python3.11/site-packages/airflow/example_dags/example_short_circuit_operator.py
[2026-04-26T17:56:06.468+0100] {logging_mixin.py:188} INFO - [2026-04-26T17:56:06.468+0100] {dag.py:3089} INFO - Sync 1 DAGs
[2026-04-26T17:56:06.474+0100] {logging_mixin.py:188} INFO - [2026-04-26T17:56:06.473+0100] {dag.py:3947} INFO - Setting next_dagrun for example_short_circuit_operator to 2026-04-25 00:00:00+00:00, run_after=2026-04-26 00:00:00+00:00
[2026-04-26T17:56:06.480+0100] {processor.py:183} INFO - Processing /Users/malone/data-engineering-pathway/.venv/lib/python3.11/site-packages/airflow/example_dags/example_short_circuit_operator.py took 0.068 seconds
[2026-04-26T17:58:03.561+0100] {processor.py:161} INFO - Started process (PID=10218) to work on /Users/malone/data-engineering-pathway/.venv/lib/python3.11/site-packages/airflow/example_dags/example_short_circuit_operator.py
[2026-04-26T17:58:03.562+0100] {processor.py:830} INFO - Processing file /Users/malone/data-engineering-pathway/.venv/lib/python3.11/site-packages/airflow/example_dags/example_short_circuit_operator.py for tasks to queue
[2026-04-26T17:58:03.563+0100] {logging_mixin.py:188} INFO - [2026-04-26T17:58:03.563+0100] {dagbag.py:545} INFO - Filling up the DagBag from /Users/malone/data-engineering-pathway/.venv/lib/python3.11/site-packages/airflow/example_dags/example_short_circuit_operator.py
[2026-04-26T17:58:03.573+0100] {processor.py:840} INFO - DAG(s) 'example_short_circuit_operator' retrieved from /Users/malone/data-engineering-pathway/.venv/lib/python3.11/site-packages/airflow/example_dags/example_short_circuit_operator.py
[2026-04-26T17:58:03.612+0100] {logging_mixin.py:188} INFO - [2026-04-26T17:58:03.612+0100] {dag.py:3089} INFO - Sync 1 DAGs
[2026-04-26T17:58:03.617+0100] {logging_mixin.py:188} INFO - [2026-04-26T17:58:03.617+0100] {dag.py:3947} INFO - Setting next_dagrun for example_short_circuit_operator to 2026-04-25 00:00:00+00:00, run_after=2026-04-26 00:00:00+00:00
[2026-04-26T17:58:03.624+0100] {processor.py:183} INFO - Processing /Users/malone/data-engineering-pathway/.venv/lib/python3.11/site-packages/airflow/example_dags/example_short_circuit_operator.py took 0.063 seconds
