[2026-04-26T17:40:02.902+0100] {processor.py:161} INFO - Started process (PID=8431) to work on /Users/malone/data-engineering-pathway/.venv/lib/python3.11/site-packages/airflow/example_dags/example_bash_operator.py
[2026-04-26T17:40:02.903+0100] {processor.py:830} INFO - Processing file /Users/malone/data-engineering-pathway/.venv/lib/python3.11/site-packages/airflow/example_dags/example_bash_operator.py for tasks to queue
[2026-04-26T17:40:02.903+0100] {logging_mixin.py:188} INFO - [2026-04-26T17:40:02.903+0100] {dagbag.py:545} INFO - Filling up the DagBag from /Users/malone/data-engineering-pathway/.venv/lib/python3.11/site-packages/airflow/example_dags/example_bash_operator.py
[2026-04-26T17:40:02.909+0100] {processor.py:840} INFO - DAG(s) 'example_bash_operator' retrieved from /Users/malone/data-engineering-pathway/.venv/lib/python3.11/site-packages/airflow/example_dags/example_bash_operator.py
[2026-04-26T17:40:03.009+0100] {logging_mixin.py:188} INFO - [2026-04-26T17:40:03.008+0100] {dag.py:3089} INFO - Sync 1 DAGs
[2026-04-26T17:40:03.015+0100] {logging_mixin.py:188} INFO - [2026-04-26T17:40:03.015+0100] {dag.py:3947} INFO - Setting next_dagrun for example_bash_operator to 2026-04-25 00:00:00+00:00, run_after=2026-04-26 00:00:00+00:00
[2026-04-26T17:40:03.025+0100] {processor.py:183} INFO - Processing /Users/malone/data-engineering-pathway/.venv/lib/python3.11/site-packages/airflow/example_dags/example_bash_operator.py took 0.124 seconds
[2026-04-26T17:41:58.560+0100] {processor.py:161} INFO - Started process (PID=8609) to work on /Users/malone/data-engineering-pathway/.venv/lib/python3.11/site-packages/airflow/example_dags/example_bash_operator.py
[2026-04-26T17:41:58.561+0100] {processor.py:830} INFO - Processing file /Users/malone/data-engineering-pathway/.venv/lib/python3.11/site-packages/airflow/example_dags/example_bash_operator.py for tasks to queue
[2026-04-26T17:41:58.561+0100] {logging_mixin.py:188} INFO - [2026-04-26T17:41:58.561+0100] {dagbag.py:545} INFO - Filling up the DagBag from /Users/malone/data-engineering-pathway/.venv/lib/python3.11/site-packages/airflow/example_dags/example_bash_operator.py
[2026-04-26T17:41:58.566+0100] {processor.py:840} INFO - DAG(s) 'example_bash_operator' retrieved from /Users/malone/data-engineering-pathway/.venv/lib/python3.11/site-packages/airflow/example_dags/example_bash_operator.py
[2026-04-26T17:41:58.608+0100] {logging_mixin.py:188} INFO - [2026-04-26T17:41:58.608+0100] {dag.py:3089} INFO - Sync 1 DAGs
[2026-04-26T17:41:58.614+0100] {logging_mixin.py:188} INFO - [2026-04-26T17:41:58.614+0100] {dag.py:3947} INFO - Setting next_dagrun for example_bash_operator to 2026-04-25 00:00:00+00:00, run_after=2026-04-26 00:00:00+00:00
[2026-04-26T17:41:58.620+0100] {processor.py:183} INFO - Processing /Users/malone/data-engineering-pathway/.venv/lib/python3.11/site-packages/airflow/example_dags/example_bash_operator.py took 0.061 seconds
[2026-04-26T17:43:55.597+0100] {processor.py:161} INFO - Started process (PID=8788) to work on /Users/malone/data-engineering-pathway/.venv/lib/python3.11/site-packages/airflow/example_dags/example_bash_operator.py
[2026-04-26T17:43:55.597+0100] {processor.py:830} INFO - Processing file /Users/malone/data-engineering-pathway/.venv/lib/python3.11/site-packages/airflow/example_dags/example_bash_operator.py for tasks to queue
[2026-04-26T17:43:55.598+0100] {logging_mixin.py:188} INFO - [2026-04-26T17:43:55.598+0100] {dagbag.py:545} INFO - Filling up the DagBag from /Users/malone/data-engineering-pathway/.venv/lib/python3.11/site-packages/airflow/example_dags/example_bash_operator.py
[2026-04-26T17:43:55.602+0100] {processor.py:840} INFO - DAG(s) 'example_bash_operator' retrieved from /Users/malone/data-engineering-pathway/.venv/lib/python3.11/site-packages/airflow/example_dags/example_bash_operator.py
[2026-04-26T17:43:55.644+0100] {logging_mixin.py:188} INFO - [2026-04-26T17:43:55.644+0100] {dag.py:3089} INFO - Sync 1 DAGs
[2026-04-26T17:43:55.650+0100] {logging_mixin.py:188} INFO - [2026-04-26T17:43:55.650+0100] {dag.py:3947} INFO - Setting next_dagrun for example_bash_operator to 2026-04-25 00:00:00+00:00, run_after=2026-04-26 00:00:00+00:00
[2026-04-26T17:43:55.658+0100] {processor.py:183} INFO - Processing /Users/malone/data-engineering-pathway/.venv/lib/python3.11/site-packages/airflow/example_dags/example_bash_operator.py took 0.063 seconds
[2026-04-26T17:45:40.659+0100] {processor.py:161} INFO - Started process (PID=8958) to work on /Users/malone/data-engineering-pathway/.venv/lib/python3.11/site-packages/airflow/example_dags/example_bash_operator.py
[2026-04-26T17:45:40.659+0100] {processor.py:830} INFO - Processing file /Users/malone/data-engineering-pathway/.venv/lib/python3.11/site-packages/airflow/example_dags/example_bash_operator.py for tasks to queue
[2026-04-26T17:45:40.659+0100] {logging_mixin.py:188} INFO - [2026-04-26T17:45:40.659+0100] {dagbag.py:545} INFO - Filling up the DagBag from /Users/malone/data-engineering-pathway/.venv/lib/python3.11/site-packages/airflow/example_dags/example_bash_operator.py
[2026-04-26T17:45:40.664+0100] {processor.py:840} INFO - DAG(s) 'example_bash_operator' retrieved from /Users/malone/data-engineering-pathway/.venv/lib/python3.11/site-packages/airflow/example_dags/example_bash_operator.py
[2026-04-26T17:45:40.707+0100] {logging_mixin.py:188} INFO - [2026-04-26T17:45:40.707+0100] {dag.py:3089} INFO - Sync 1 DAGs
[2026-04-26T17:45:40.713+0100] {logging_mixin.py:188} INFO - [2026-04-26T17:45:40.713+0100] {dag.py:3947} INFO - Setting next_dagrun for example_bash_operator to 2026-04-25 00:00:00+00:00, run_after=2026-04-26 00:00:00+00:00
[2026-04-26T17:45:40.719+0100] {processor.py:183} INFO - Processing /Users/malone/data-engineering-pathway/.venv/lib/python3.11/site-packages/airflow/example_dags/example_bash_operator.py took 0.062 seconds
[2026-04-26T17:47:30.076+0100] {processor.py:161} INFO - Started process (PID=9128) to work on /Users/malone/data-engineering-pathway/.venv/lib/python3.11/site-packages/airflow/example_dags/example_bash_operator.py
[2026-04-26T17:47:30.080+0100] {processor.py:830} INFO - Processing file /Users/malone/data-engineering-pathway/.venv/lib/python3.11/site-packages/airflow/example_dags/example_bash_operator.py for tasks to queue
[2026-04-26T17:47:30.080+0100] {logging_mixin.py:188} INFO - [2026-04-26T17:47:30.080+0100] {dagbag.py:545} INFO - Filling up the DagBag from /Users/malone/data-engineering-pathway/.venv/lib/python3.11/site-packages/airflow/example_dags/example_bash_operator.py
[2026-04-26T17:47:30.085+0100] {processor.py:840} INFO - DAG(s) 'example_bash_operator' retrieved from /Users/malone/data-engineering-pathway/.venv/lib/python3.11/site-packages/airflow/example_dags/example_bash_operator.py
[2026-04-26T17:47:30.126+0100] {logging_mixin.py:188} INFO - [2026-04-26T17:47:30.126+0100] {dag.py:3089} INFO - Sync 1 DAGs
[2026-04-26T17:47:30.131+0100] {logging_mixin.py:188} INFO - [2026-04-26T17:47:30.131+0100] {dag.py:3947} INFO - Setting next_dagrun for example_bash_operator to 2026-04-25 00:00:00+00:00, run_after=2026-04-26 00:00:00+00:00
[2026-04-26T17:47:30.138+0100] {processor.py:183} INFO - Processing /Users/malone/data-engineering-pathway/.venv/lib/python3.11/site-packages/airflow/example_dags/example_bash_operator.py took 0.062 seconds
[2026-04-26T17:49:27.229+0100] {processor.py:161} INFO - Started process (PID=9453) to work on /Users/malone/data-engineering-pathway/.venv/lib/python3.11/site-packages/airflow/example_dags/example_bash_operator.py
[2026-04-26T17:49:27.229+0100] {processor.py:830} INFO - Processing file /Users/malone/data-engineering-pathway/.venv/lib/python3.11/site-packages/airflow/example_dags/example_bash_operator.py for tasks to queue
[2026-04-26T17:49:27.229+0100] {logging_mixin.py:188} INFO - [2026-04-26T17:49:27.229+0100] {dagbag.py:545} INFO - Filling up the DagBag from /Users/malone/data-engineering-pathway/.venv/lib/python3.11/site-packages/airflow/example_dags/example_bash_operator.py
[2026-04-26T17:49:27.234+0100] {processor.py:840} INFO - DAG(s) 'example_bash_operator' retrieved from /Users/malone/data-engineering-pathway/.venv/lib/python3.11/site-packages/airflow/example_dags/example_bash_operator.py
[2026-04-26T17:49:27.275+0100] {logging_mixin.py:188} INFO - [2026-04-26T17:49:27.275+0100] {dag.py:3089} INFO - Sync 1 DAGs
[2026-04-26T17:49:27.281+0100] {logging_mixin.py:188} INFO - [2026-04-26T17:49:27.281+0100] {dag.py:3947} INFO - Setting next_dagrun for example_bash_operator to 2026-04-25 00:00:00+00:00, run_after=2026-04-26 00:00:00+00:00
[2026-04-26T17:49:27.288+0100] {processor.py:183} INFO - Processing /Users/malone/data-engineering-pathway/.venv/lib/python3.11/site-packages/airflow/example_dags/example_bash_operator.py took 0.060 seconds
[2026-04-26T17:51:30.264+0100] {processor.py:161} INFO - Started process (PID=9618) to work on /Users/malone/data-engineering-pathway/.venv/lib/python3.11/site-packages/airflow/example_dags/example_bash_operator.py
[2026-04-26T17:51:30.265+0100] {processor.py:830} INFO - Processing file /Users/malone/data-engineering-pathway/.venv/lib/python3.11/site-packages/airflow/example_dags/example_bash_operator.py for tasks to queue
[2026-04-26T17:51:30.265+0100] {logging_mixin.py:188} INFO - [2026-04-26T17:51:30.265+0100] {dagbag.py:545} INFO - Filling up the DagBag from /Users/malone/data-engineering-pathway/.venv/lib/python3.11/site-packages/airflow/example_dags/example_bash_operator.py
[2026-04-26T17:51:30.270+0100] {processor.py:840} INFO - DAG(s) 'example_bash_operator' retrieved from /Users/malone/data-engineering-pathway/.venv/lib/python3.11/site-packages/airflow/example_dags/example_bash_operator.py
[2026-04-26T17:51:30.311+0100] {logging_mixin.py:188} INFO - [2026-04-26T17:51:30.311+0100] {dag.py:3089} INFO - Sync 1 DAGs
[2026-04-26T17:51:30.317+0100] {logging_mixin.py:188} INFO - [2026-04-26T17:51:30.317+0100] {dag.py:3947} INFO - Setting next_dagrun for example_bash_operator to 2026-04-25 00:00:00+00:00, run_after=2026-04-26 00:00:00+00:00
[2026-04-26T17:51:30.324+0100] {processor.py:183} INFO - Processing /Users/malone/data-engineering-pathway/.venv/lib/python3.11/site-packages/airflow/example_dags/example_bash_operator.py took 0.061 seconds
[2026-04-26T17:53:27.054+0100] {processor.py:161} INFO - Started process (PID=9761) to work on /Users/malone/data-engineering-pathway/.venv/lib/python3.11/site-packages/airflow/example_dags/example_bash_operator.py
[2026-04-26T17:53:27.055+0100] {processor.py:830} INFO - Processing file /Users/malone/data-engineering-pathway/.venv/lib/python3.11/site-packages/airflow/example_dags/example_bash_operator.py for tasks to queue
[2026-04-26T17:53:27.055+0100] {logging_mixin.py:188} INFO - [2026-04-26T17:53:27.055+0100] {dagbag.py:545} INFO - Filling up the DagBag from /Users/malone/data-engineering-pathway/.venv/lib/python3.11/site-packages/airflow/example_dags/example_bash_operator.py
[2026-04-26T17:53:27.061+0100] {processor.py:840} INFO - DAG(s) 'example_bash_operator' retrieved from /Users/malone/data-engineering-pathway/.venv/lib/python3.11/site-packages/airflow/example_dags/example_bash_operator.py
[2026-04-26T17:53:27.104+0100] {logging_mixin.py:188} INFO - [2026-04-26T17:53:27.104+0100] {dag.py:3089} INFO - Sync 1 DAGs
[2026-04-26T17:53:27.110+0100] {logging_mixin.py:188} INFO - [2026-04-26T17:53:27.110+0100] {dag.py:3947} INFO - Setting next_dagrun for example_bash_operator to 2026-04-25 00:00:00+00:00, run_after=2026-04-26 00:00:00+00:00
[2026-04-26T17:53:27.119+0100] {processor.py:183} INFO - Processing /Users/malone/data-engineering-pathway/.venv/lib/python3.11/site-packages/airflow/example_dags/example_bash_operator.py took 0.066 seconds
[2026-04-26T17:55:28.583+0100] {processor.py:161} INFO - Started process (PID=9937) to work on /Users/malone/data-engineering-pathway/.venv/lib/python3.11/site-packages/airflow/example_dags/example_bash_operator.py
[2026-04-26T17:55:28.584+0100] {processor.py:830} INFO - Processing file /Users/malone/data-engineering-pathway/.venv/lib/python3.11/site-packages/airflow/example_dags/example_bash_operator.py for tasks to queue
[2026-04-26T17:55:28.584+0100] {logging_mixin.py:188} INFO - [2026-04-26T17:55:28.584+0100] {dagbag.py:545} INFO - Filling up the DagBag from /Users/malone/data-engineering-pathway/.venv/lib/python3.11/site-packages/airflow/example_dags/example_bash_operator.py
[2026-04-26T17:55:28.590+0100] {processor.py:840} INFO - DAG(s) 'example_bash_operator' retrieved from /Users/malone/data-engineering-pathway/.venv/lib/python3.11/site-packages/airflow/example_dags/example_bash_operator.py
[2026-04-26T17:55:28.635+0100] {logging_mixin.py:188} INFO - [2026-04-26T17:55:28.635+0100] {dag.py:3089} INFO - Sync 1 DAGs
[2026-04-26T17:55:28.641+0100] {logging_mixin.py:188} INFO - [2026-04-26T17:55:28.641+0100] {dag.py:3947} INFO - Setting next_dagrun for example_bash_operator to 2026-04-25 00:00:00+00:00, run_after=2026-04-26 00:00:00+00:00
[2026-04-26T17:55:28.649+0100] {processor.py:183} INFO - Processing /Users/malone/data-engineering-pathway/.venv/lib/python3.11/site-packages/airflow/example_dags/example_bash_operator.py took 0.067 seconds
[2026-04-26T17:57:29.844+0100] {processor.py:161} INFO - Started process (PID=10165) to work on /Users/malone/data-engineering-pathway/.venv/lib/python3.11/site-packages/airflow/example_dags/example_bash_operator.py
[2026-04-26T17:57:29.845+0100] {processor.py:830} INFO - Processing file /Users/malone/data-engineering-pathway/.venv/lib/python3.11/site-packages/airflow/example_dags/example_bash_operator.py for tasks to queue
[2026-04-26T17:57:29.845+0100] {logging_mixin.py:188} INFO - [2026-04-26T17:57:29.845+0100] {dagbag.py:545} INFO - Filling up the DagBag from /Users/malone/data-engineering-pathway/.venv/lib/python3.11/site-packages/airflow/example_dags/example_bash_operator.py
[2026-04-26T17:57:29.850+0100] {processor.py:840} INFO - DAG(s) 'example_bash_operator' retrieved from /Users/malone/data-engineering-pathway/.venv/lib/python3.11/site-packages/airflow/example_dags/example_bash_operator.py
[2026-04-26T17:57:29.894+0100] {logging_mixin.py:188} INFO - [2026-04-26T17:57:29.894+0100] {dag.py:3089} INFO - Sync 1 DAGs
[2026-04-26T17:57:29.900+0100] {logging_mixin.py:188} INFO - [2026-04-26T17:57:29.900+0100] {dag.py:3947} INFO - Setting next_dagrun for example_bash_operator to 2026-04-25 00:00:00+00:00, run_after=2026-04-26 00:00:00+00:00
[2026-04-26T17:57:29.907+0100] {processor.py:183} INFO - Processing /Users/malone/data-engineering-pathway/.venv/lib/python3.11/site-packages/airflow/example_dags/example_bash_operator.py took 0.064 seconds
[2026-04-26T17:59:20.872+0100] {processor.py:161} INFO - Started process (PID=10351) to work on /Users/malone/data-engineering-pathway/.venv/lib/python3.11/site-packages/airflow/example_dags/example_bash_operator.py
[2026-04-26T17:59:20.874+0100] {processor.py:830} INFO - Processing file /Users/malone/data-engineering-pathway/.venv/lib/python3.11/site-packages/airflow/example_dags/example_bash_operator.py for tasks to queue
[2026-04-26T17:59:20.874+0100] {logging_mixin.py:188} INFO - [2026-04-26T17:59:20.874+0100] {dagbag.py:545} INFO - Filling up the DagBag from /Users/malone/data-engineering-pathway/.venv/lib/python3.11/site-packages/airflow/example_dags/example_bash_operator.py
[2026-04-26T17:59:20.879+0100] {processor.py:840} INFO - DAG(s) 'example_bash_operator' retrieved from /Users/malone/data-engineering-pathway/.venv/lib/python3.11/site-packages/airflow/example_dags/example_bash_operator.py
[2026-04-26T17:59:20.921+0100] {logging_mixin.py:188} INFO - [2026-04-26T17:59:20.921+0100] {dag.py:3089} INFO - Sync 1 DAGs
[2026-04-26T17:59:20.927+0100] {logging_mixin.py:188} INFO - [2026-04-26T17:59:20.927+0100] {dag.py:3947} INFO - Setting next_dagrun for example_bash_operator to 2026-04-25 00:00:00+00:00, run_after=2026-04-26 00:00:00+00:00
[2026-04-26T17:59:20.934+0100] {processor.py:183} INFO - Processing /Users/malone/data-engineering-pathway/.venv/lib/python3.11/site-packages/airflow/example_dags/example_bash_operator.py took 0.063 seconds
