[2026-04-26T17:39:24.577+0100] {processor.py:161} INFO - Started process (PID=8365) to work on /Users/malone/data-engineering-pathway/.venv/lib/python3.11/site-packages/airflow/example_dags/example_python_operator.py
[2026-04-26T17:39:24.577+0100] {processor.py:830} INFO - Processing file /Users/malone/data-engineering-pathway/.venv/lib/python3.11/site-packages/airflow/example_dags/example_python_operator.py for tasks to queue
[2026-04-26T17:39:24.577+0100] {logging_mixin.py:188} INFO - [2026-04-26T17:39:24.577+0100] {dagbag.py:545} INFO - Filling up the DagBag from /Users/malone/data-engineering-pathway/.venv/lib/python3.11/site-packages/airflow/example_dags/example_python_operator.py
[2026-04-26T17:39:24.587+0100] {logging_mixin.py:188} INFO - [2026-04-26T17:39:24.586+0100] {example_python_operator.py:93} WARNING - The virtalenv_python example task requires virtualenv, please install it.
[2026-04-26T17:39:24.588+0100] {processor.py:840} INFO - DAG(s) 'example_python_operator' retrieved from /Users/malone/data-engineering-pathway/.venv/lib/python3.11/site-packages/airflow/example_dags/example_python_operator.py
[2026-04-26T17:39:24.678+0100] {logging_mixin.py:188} INFO - [2026-04-26T17:39:24.678+0100] {dag.py:3089} INFO - Sync 1 DAGs
[2026-04-26T17:39:24.681+0100] {logging_mixin.py:188} INFO - [2026-04-26T17:39:24.681+0100] {dag.py:3947} INFO - Setting next_dagrun for example_python_operator to None, run_after=None
[2026-04-26T17:39:24.689+0100] {processor.py:183} INFO - Processing /Users/malone/data-engineering-pathway/.venv/lib/python3.11/site-packages/airflow/example_dags/example_python_operator.py took 0.113 seconds
[2026-04-26T17:40:50.795+0100] {processor.py:161} INFO - Started process (PID=8509) to work on /Users/malone/data-engineering-pathway/.venv/lib/python3.11/site-packages/airflow/example_dags/example_python_operator.py
[2026-04-26T17:40:50.795+0100] {processor.py:830} INFO - Processing file /Users/malone/data-engineering-pathway/.venv/lib/python3.11/site-packages/airflow/example_dags/example_python_operator.py for tasks to queue
[2026-04-26T17:40:50.796+0100] {logging_mixin.py:188} INFO - [2026-04-26T17:40:50.796+0100] {dagbag.py:545} INFO - Filling up the DagBag from /Users/malone/data-engineering-pathway/.venv/lib/python3.11/site-packages/airflow/example_dags/example_python_operator.py
[2026-04-26T17:40:50.805+0100] {logging_mixin.py:188} INFO - [2026-04-26T17:40:50.805+0100] {example_python_operator.py:93} WARNING - The virtalenv_python example task requires virtualenv, please install it.
[2026-04-26T17:40:50.806+0100] {processor.py:840} INFO - DAG(s) 'example_python_operator' retrieved from /Users/malone/data-engineering-pathway/.venv/lib/python3.11/site-packages/airflow/example_dags/example_python_operator.py
[2026-04-26T17:40:50.844+0100] {logging_mixin.py:188} INFO - [2026-04-26T17:40:50.844+0100] {dag.py:3089} INFO - Sync 1 DAGs
[2026-04-26T17:40:50.847+0100] {logging_mixin.py:188} INFO - [2026-04-26T17:40:50.847+0100] {dag.py:3947} INFO - Setting next_dagrun for example_python_operator to None, run_after=None
[2026-04-26T17:40:50.855+0100] {processor.py:183} INFO - Processing /Users/malone/data-engineering-pathway/.venv/lib/python3.11/site-packages/airflow/example_dags/example_python_operator.py took 0.061 seconds
[2026-04-26T17:42:48.349+0100] {processor.py:161} INFO - Started process (PID=8657) to work on /Users/malone/data-engineering-pathway/.venv/lib/python3.11/site-packages/airflow/example_dags/example_python_operator.py
[2026-04-26T17:42:48.350+0100] {processor.py:830} INFO - Processing file /Users/malone/data-engineering-pathway/.venv/lib/python3.11/site-packages/airflow/example_dags/example_python_operator.py for tasks to queue
[2026-04-26T17:42:48.350+0100] {logging_mixin.py:188} INFO - [2026-04-26T17:42:48.350+0100] {dagbag.py:545} INFO - Filling up the DagBag from /Users/malone/data-engineering-pathway/.venv/lib/python3.11/site-packages/airflow/example_dags/example_python_operator.py
[2026-04-26T17:42:48.360+0100] {logging_mixin.py:188} INFO - [2026-04-26T17:42:48.360+0100] {example_python_operator.py:93} WARNING - The virtalenv_python example task requires virtualenv, please install it.
[2026-04-26T17:42:48.361+0100] {processor.py:840} INFO - DAG(s) 'example_python_operator' retrieved from /Users/malone/data-engineering-pathway/.venv/lib/python3.11/site-packages/airflow/example_dags/example_python_operator.py
[2026-04-26T17:42:48.398+0100] {logging_mixin.py:188} INFO - [2026-04-26T17:42:48.398+0100] {dag.py:3089} INFO - Sync 1 DAGs
[2026-04-26T17:42:48.401+0100] {logging_mixin.py:188} INFO - [2026-04-26T17:42:48.401+0100] {dag.py:3947} INFO - Setting next_dagrun for example_python_operator to None, run_after=None
[2026-04-26T17:42:48.408+0100] {processor.py:183} INFO - Processing /Users/malone/data-engineering-pathway/.venv/lib/python3.11/site-packages/airflow/example_dags/example_python_operator.py took 0.060 seconds
[2026-04-26T17:44:39.878+0100] {processor.py:161} INFO - Started process (PID=8850) to work on /Users/malone/data-engineering-pathway/.venv/lib/python3.11/site-packages/airflow/example_dags/example_python_operator.py
[2026-04-26T17:44:39.879+0100] {processor.py:830} INFO - Processing file /Users/malone/data-engineering-pathway/.venv/lib/python3.11/site-packages/airflow/example_dags/example_python_operator.py for tasks to queue
[2026-04-26T17:44:39.879+0100] {logging_mixin.py:188} INFO - [2026-04-26T17:44:39.879+0100] {dagbag.py:545} INFO - Filling up the DagBag from /Users/malone/data-engineering-pathway/.venv/lib/python3.11/site-packages/airflow/example_dags/example_python_operator.py
[2026-04-26T17:44:39.889+0100] {logging_mixin.py:188} INFO - [2026-04-26T17:44:39.889+0100] {example_python_operator.py:93} WARNING - The virtalenv_python example task requires virtualenv, please install it.
[2026-04-26T17:44:39.890+0100] {processor.py:840} INFO - DAG(s) 'example_python_operator' retrieved from /Users/malone/data-engineering-pathway/.venv/lib/python3.11/site-packages/airflow/example_dags/example_python_operator.py
[2026-04-26T17:44:39.929+0100] {logging_mixin.py:188} INFO - [2026-04-26T17:44:39.929+0100] {dag.py:3089} INFO - Sync 1 DAGs
[2026-04-26T17:44:39.932+0100] {logging_mixin.py:188} INFO - [2026-04-26T17:44:39.932+0100] {dag.py:3947} INFO - Setting next_dagrun for example_python_operator to None, run_after=None
[2026-04-26T17:44:39.940+0100] {processor.py:183} INFO - Processing /Users/malone/data-engineering-pathway/.venv/lib/python3.11/site-packages/airflow/example_dags/example_python_operator.py took 0.064 seconds
[2026-04-26T17:46:26.193+0100] {processor.py:161} INFO - Started process (PID=9022) to work on /Users/malone/data-engineering-pathway/.venv/lib/python3.11/site-packages/airflow/example_dags/example_python_operator.py
[2026-04-26T17:46:26.193+0100] {processor.py:830} INFO - Processing file /Users/malone/data-engineering-pathway/.venv/lib/python3.11/site-packages/airflow/example_dags/example_python_operator.py for tasks to queue
[2026-04-26T17:46:26.193+0100] {logging_mixin.py:188} INFO - [2026-04-26T17:46:26.193+0100] {dagbag.py:545} INFO - Filling up the DagBag from /Users/malone/data-engineering-pathway/.venv/lib/python3.11/site-packages/airflow/example_dags/example_python_operator.py
[2026-04-26T17:46:26.203+0100] {logging_mixin.py:188} INFO - [2026-04-26T17:46:26.203+0100] {example_python_operator.py:93} WARNING - The virtalenv_python example task requires virtualenv, please install it.
[2026-04-26T17:46:26.204+0100] {processor.py:840} INFO - DAG(s) 'example_python_operator' retrieved from /Users/malone/data-engineering-pathway/.venv/lib/python3.11/site-packages/airflow/example_dags/example_python_operator.py
[2026-04-26T17:46:26.245+0100] {logging_mixin.py:188} INFO - [2026-04-26T17:46:26.245+0100] {dag.py:3089} INFO - Sync 1 DAGs
[2026-04-26T17:46:26.248+0100] {logging_mixin.py:188} INFO - [2026-04-26T17:46:26.248+0100] {dag.py:3947} INFO - Setting next_dagrun for example_python_operator to None, run_after=None
[2026-04-26T17:46:26.256+0100] {processor.py:183} INFO - Processing /Users/malone/data-engineering-pathway/.venv/lib/python3.11/site-packages/airflow/example_dags/example_python_operator.py took 0.065 seconds
[2026-04-26T17:48:18.129+0100] {processor.py:161} INFO - Started process (PID=9229) to work on /Users/malone/data-engineering-pathway/.venv/lib/python3.11/site-packages/airflow/example_dags/example_python_operator.py
[2026-04-26T17:48:18.130+0100] {processor.py:830} INFO - Processing file /Users/malone/data-engineering-pathway/.venv/lib/python3.11/site-packages/airflow/example_dags/example_python_operator.py for tasks to queue
[2026-04-26T17:48:18.130+0100] {logging_mixin.py:188} INFO - [2026-04-26T17:48:18.130+0100] {dagbag.py:545} INFO - Filling up the DagBag from /Users/malone/data-engineering-pathway/.venv/lib/python3.11/site-packages/airflow/example_dags/example_python_operator.py
[2026-04-26T17:48:18.144+0100] {logging_mixin.py:188} INFO - [2026-04-26T17:48:18.144+0100] {example_python_operator.py:93} WARNING - The virtalenv_python example task requires virtualenv, please install it.
[2026-04-26T17:48:18.147+0100] {processor.py:840} INFO - DAG(s) 'example_python_operator' retrieved from /Users/malone/data-engineering-pathway/.venv/lib/python3.11/site-packages/airflow/example_dags/example_python_operator.py
[2026-04-26T17:48:18.192+0100] {logging_mixin.py:188} INFO - [2026-04-26T17:48:18.192+0100] {dag.py:3089} INFO - Sync 1 DAGs
[2026-04-26T17:48:18.198+0100] {logging_mixin.py:188} INFO - [2026-04-26T17:48:18.197+0100] {dag.py:3947} INFO - Setting next_dagrun for example_python_operator to None, run_after=None
[2026-04-26T17:48:18.207+0100] {processor.py:183} INFO - Processing /Users/malone/data-engineering-pathway/.venv/lib/python3.11/site-packages/airflow/example_dags/example_python_operator.py took 0.080 seconds
[2026-04-26T17:50:17.492+0100] {processor.py:161} INFO - Started process (PID=9516) to work on /Users/malone/data-engineering-pathway/.venv/lib/python3.11/site-packages/airflow/example_dags/example_python_operator.py
[2026-04-26T17:50:17.493+0100] {processor.py:830} INFO - Processing file /Users/malone/data-engineering-pathway/.venv/lib/python3.11/site-packages/airflow/example_dags/example_python_operator.py for tasks to queue
[2026-04-26T17:50:17.493+0100] {logging_mixin.py:188} INFO - [2026-04-26T17:50:17.493+0100] {dagbag.py:545} INFO - Filling up the DagBag from /Users/malone/data-engineering-pathway/.venv/lib/python3.11/site-packages/airflow/example_dags/example_python_operator.py
[2026-04-26T17:50:17.506+0100] {logging_mixin.py:188} INFO - [2026-04-26T17:50:17.506+0100] {example_python_operator.py:93} WARNING - The virtalenv_python example task requires virtualenv, please install it.
[2026-04-26T17:50:17.508+0100] {processor.py:840} INFO - DAG(s) 'example_python_operator' retrieved from /Users/malone/data-engineering-pathway/.venv/lib/python3.11/site-packages/airflow/example_dags/example_python_operator.py
[2026-04-26T17:50:17.548+0100] {logging_mixin.py:188} INFO - [2026-04-26T17:50:17.548+0100] {dag.py:3089} INFO - Sync 1 DAGs
[2026-04-26T17:50:17.551+0100] {logging_mixin.py:188} INFO - [2026-04-26T17:50:17.551+0100] {dag.py:3947} INFO - Setting next_dagrun for example_python_operator to None, run_after=None
[2026-04-26T17:50:17.559+0100] {processor.py:183} INFO - Processing /Users/malone/data-engineering-pathway/.venv/lib/python3.11/site-packages/airflow/example_dags/example_python_operator.py took 0.068 seconds
[2026-04-26T17:52:17.646+0100] {processor.py:161} INFO - Started process (PID=9674) to work on /Users/malone/data-engineering-pathway/.venv/lib/python3.11/site-packages/airflow/example_dags/example_python_operator.py
[2026-04-26T17:52:17.646+0100] {processor.py:830} INFO - Processing file /Users/malone/data-engineering-pathway/.venv/lib/python3.11/site-packages/airflow/example_dags/example_python_operator.py for tasks to queue
[2026-04-26T17:52:17.646+0100] {logging_mixin.py:188} INFO - [2026-04-26T17:52:17.646+0100] {dagbag.py:545} INFO - Filling up the DagBag from /Users/malone/data-engineering-pathway/.venv/lib/python3.11/site-packages/airflow/example_dags/example_python_operator.py
[2026-04-26T17:52:17.656+0100] {logging_mixin.py:188} INFO - [2026-04-26T17:52:17.656+0100] {example_python_operator.py:93} WARNING - The virtalenv_python example task requires virtualenv, please install it.
[2026-04-26T17:52:17.658+0100] {processor.py:840} INFO - DAG(s) 'example_python_operator' retrieved from /Users/malone/data-engineering-pathway/.venv/lib/python3.11/site-packages/airflow/example_dags/example_python_operator.py
[2026-04-26T17:52:17.697+0100] {logging_mixin.py:188} INFO - [2026-04-26T17:52:17.697+0100] {dag.py:3089} INFO - Sync 1 DAGs
[2026-04-26T17:52:17.701+0100] {logging_mixin.py:188} INFO - [2026-04-26T17:52:17.700+0100] {dag.py:3947} INFO - Setting next_dagrun for example_python_operator to None, run_after=None
[2026-04-26T17:52:17.707+0100] {processor.py:183} INFO - Processing /Users/malone/data-engineering-pathway/.venv/lib/python3.11/site-packages/airflow/example_dags/example_python_operator.py took 0.063 seconds
[2026-04-26T17:54:14.290+0100] {processor.py:161} INFO - Started process (PID=9829) to work on /Users/malone/data-engineering-pathway/.venv/lib/python3.11/site-packages/airflow/example_dags/example_python_operator.py
[2026-04-26T17:54:14.291+0100] {processor.py:830} INFO - Processing file /Users/malone/data-engineering-pathway/.venv/lib/python3.11/site-packages/airflow/example_dags/example_python_operator.py for tasks to queue
[2026-04-26T17:54:14.291+0100] {logging_mixin.py:188} INFO - [2026-04-26T17:54:14.291+0100] {dagbag.py:545} INFO - Filling up the DagBag from /Users/malone/data-engineering-pathway/.venv/lib/python3.11/site-packages/airflow/example_dags/example_python_operator.py
[2026-04-26T17:54:14.309+0100] {logging_mixin.py:188} INFO - [2026-04-26T17:54:14.308+0100] {example_python_operator.py:93} WARNING - The virtalenv_python example task requires virtualenv, please install it.
[2026-04-26T17:54:14.310+0100] {processor.py:840} INFO - DAG(s) 'example_python_operator' retrieved from /Users/malone/data-engineering-pathway/.venv/lib/python3.11/site-packages/airflow/example_dags/example_python_operator.py
[2026-04-26T17:54:14.349+0100] {logging_mixin.py:188} INFO - [2026-04-26T17:54:14.349+0100] {dag.py:3089} INFO - Sync 1 DAGs
[2026-04-26T17:54:14.352+0100] {logging_mixin.py:188} INFO - [2026-04-26T17:54:14.352+0100] {dag.py:3947} INFO - Setting next_dagrun for example_python_operator to None, run_after=None
[2026-04-26T17:54:14.361+0100] {processor.py:183} INFO - Processing /Users/malone/data-engineering-pathway/.venv/lib/python3.11/site-packages/airflow/example_dags/example_python_operator.py took 0.073 seconds
[2026-04-26T17:56:17.309+0100] {processor.py:161} INFO - Started process (PID=10043) to work on /Users/malone/data-engineering-pathway/.venv/lib/python3.11/site-packages/airflow/example_dags/example_python_operator.py
[2026-04-26T17:56:17.310+0100] {processor.py:830} INFO - Processing file /Users/malone/data-engineering-pathway/.venv/lib/python3.11/site-packages/airflow/example_dags/example_python_operator.py for tasks to queue
[2026-04-26T17:56:17.310+0100] {logging_mixin.py:188} INFO - [2026-04-26T17:56:17.310+0100] {dagbag.py:545} INFO - Filling up the DagBag from /Users/malone/data-engineering-pathway/.venv/lib/python3.11/site-packages/airflow/example_dags/example_python_operator.py
[2026-04-26T17:56:17.320+0100] {logging_mixin.py:188} INFO - [2026-04-26T17:56:17.320+0100] {example_python_operator.py:93} WARNING - The virtalenv_python example task requires virtualenv, please install it.
[2026-04-26T17:56:17.322+0100] {processor.py:840} INFO - DAG(s) 'example_python_operator' retrieved from /Users/malone/data-engineering-pathway/.venv/lib/python3.11/site-packages/airflow/example_dags/example_python_operator.py
[2026-04-26T17:56:17.360+0100] {logging_mixin.py:188} INFO - [2026-04-26T17:56:17.360+0100] {dag.py:3089} INFO - Sync 1 DAGs
[2026-04-26T17:56:17.365+0100] {logging_mixin.py:188} INFO - [2026-04-26T17:56:17.365+0100] {dag.py:3947} INFO - Setting next_dagrun for example_python_operator to None, run_after=None
[2026-04-26T17:56:17.371+0100] {processor.py:183} INFO - Processing /Users/malone/data-engineering-pathway/.venv/lib/python3.11/site-packages/airflow/example_dags/example_python_operator.py took 0.064 seconds
[2026-04-26T17:58:13.670+0100] {processor.py:161} INFO - Started process (PID=10241) to work on /Users/malone/data-engineering-pathway/.venv/lib/python3.11/site-packages/airflow/example_dags/example_python_operator.py
[2026-04-26T17:58:13.673+0100] {processor.py:830} INFO - Processing file /Users/malone/data-engineering-pathway/.venv/lib/python3.11/site-packages/airflow/example_dags/example_python_operator.py for tasks to queue
[2026-04-26T17:58:13.673+0100] {logging_mixin.py:188} INFO - [2026-04-26T17:58:13.673+0100] {dagbag.py:545} INFO - Filling up the DagBag from /Users/malone/data-engineering-pathway/.venv/lib/python3.11/site-packages/airflow/example_dags/example_python_operator.py
[2026-04-26T17:58:13.682+0100] {logging_mixin.py:188} INFO - [2026-04-26T17:58:13.682+0100] {example_python_operator.py:93} WARNING - The virtalenv_python example task requires virtualenv, please install it.
[2026-04-26T17:58:13.683+0100] {processor.py:840} INFO - DAG(s) 'example_python_operator' retrieved from /Users/malone/data-engineering-pathway/.venv/lib/python3.11/site-packages/airflow/example_dags/example_python_operator.py
[2026-04-26T17:58:13.722+0100] {logging_mixin.py:188} INFO - [2026-04-26T17:58:13.721+0100] {dag.py:3089} INFO - Sync 1 DAGs
[2026-04-26T17:58:13.725+0100] {logging_mixin.py:188} INFO - [2026-04-26T17:58:13.725+0100] {dag.py:3947} INFO - Setting next_dagrun for example_python_operator to None, run_after=None
[2026-04-26T17:58:13.731+0100] {processor.py:183} INFO - Processing /Users/malone/data-engineering-pathway/.venv/lib/python3.11/site-packages/airflow/example_dags/example_python_operator.py took 0.063 seconds
