[2026-04-26T17:39:44.460+0100] {processor.py:161} INFO - Started process (PID=8399) to work on /Users/malone/data-engineering-pathway/.venv/lib/python3.11/site-packages/airflow/example_dags/example_display_name.py
[2026-04-26T17:39:44.460+0100] {processor.py:830} INFO - Processing file /Users/malone/data-engineering-pathway/.venv/lib/python3.11/site-packages/airflow/example_dags/example_display_name.py for tasks to queue
[2026-04-26T17:39:44.461+0100] {logging_mixin.py:188} INFO - [2026-04-26T17:39:44.460+0100] {dagbag.py:545} INFO - Filling up the DagBag from /Users/malone/data-engineering-pathway/.venv/lib/python3.11/site-packages/airflow/example_dags/example_display_name.py
[2026-04-26T17:39:44.474+0100] {processor.py:840} INFO - DAG(s) 'example_display_name' retrieved from /Users/malone/data-engineering-pathway/.venv/lib/python3.11/site-packages/airflow/example_dags/example_display_name.py
[2026-04-26T17:39:44.565+0100] {logging_mixin.py:188} INFO - [2026-04-26T17:39:44.564+0100] {dag.py:3089} INFO - Sync 1 DAGs
[2026-04-26T17:39:44.567+0100] {logging_mixin.py:188} INFO - [2026-04-26T17:39:44.567+0100] {dag.py:3947} INFO - Setting next_dagrun for example_display_name to None, run_after=None
[2026-04-26T17:39:44.575+0100] {processor.py:183} INFO - Processing /Users/malone/data-engineering-pathway/.venv/lib/python3.11/site-packages/airflow/example_dags/example_display_name.py took 0.116 seconds
[2026-04-26T17:41:40.746+0100] {processor.py:161} INFO - Started process (PID=8586) to work on /Users/malone/data-engineering-pathway/.venv/lib/python3.11/site-packages/airflow/example_dags/example_display_name.py
[2026-04-26T17:41:40.747+0100] {processor.py:830} INFO - Processing file /Users/malone/data-engineering-pathway/.venv/lib/python3.11/site-packages/airflow/example_dags/example_display_name.py for tasks to queue
[2026-04-26T17:41:40.748+0100] {logging_mixin.py:188} INFO - [2026-04-26T17:41:40.748+0100] {dagbag.py:545} INFO - Filling up the DagBag from /Users/malone/data-engineering-pathway/.venv/lib/python3.11/site-packages/airflow/example_dags/example_display_name.py
[2026-04-26T17:41:40.762+0100] {processor.py:840} INFO - DAG(s) 'example_display_name' retrieved from /Users/malone/data-engineering-pathway/.venv/lib/python3.11/site-packages/airflow/example_dags/example_display_name.py
[2026-04-26T17:41:40.799+0100] {logging_mixin.py:188} INFO - [2026-04-26T17:41:40.799+0100] {dag.py:3089} INFO - Sync 1 DAGs
[2026-04-26T17:41:40.802+0100] {logging_mixin.py:188} INFO - [2026-04-26T17:41:40.802+0100] {dag.py:3947} INFO - Setting next_dagrun for example_display_name to None, run_after=None
[2026-04-26T17:41:40.809+0100] {processor.py:183} INFO - Processing /Users/malone/data-engineering-pathway/.venv/lib/python3.11/site-packages/airflow/example_dags/example_display_name.py took 0.064 seconds
[2026-04-26T17:43:37.968+0100] {processor.py:161} INFO - Started process (PID=8756) to work on /Users/malone/data-engineering-pathway/.venv/lib/python3.11/site-packages/airflow/example_dags/example_display_name.py
[2026-04-26T17:43:37.969+0100] {processor.py:830} INFO - Processing file /Users/malone/data-engineering-pathway/.venv/lib/python3.11/site-packages/airflow/example_dags/example_display_name.py for tasks to queue
[2026-04-26T17:43:37.969+0100] {logging_mixin.py:188} INFO - [2026-04-26T17:43:37.969+0100] {dagbag.py:545} INFO - Filling up the DagBag from /Users/malone/data-engineering-pathway/.venv/lib/python3.11/site-packages/airflow/example_dags/example_display_name.py
[2026-04-26T17:43:37.982+0100] {processor.py:840} INFO - DAG(s) 'example_display_name' retrieved from /Users/malone/data-engineering-pathway/.venv/lib/python3.11/site-packages/airflow/example_dags/example_display_name.py
[2026-04-26T17:43:38.018+0100] {logging_mixin.py:188} INFO - [2026-04-26T17:43:38.018+0100] {dag.py:3089} INFO - Sync 1 DAGs
[2026-04-26T17:43:38.021+0100] {logging_mixin.py:188} INFO - [2026-04-26T17:43:38.021+0100] {dag.py:3947} INFO - Setting next_dagrun for example_display_name to None, run_after=None
[2026-04-26T17:43:38.028+0100] {processor.py:183} INFO - Processing /Users/malone/data-engineering-pathway/.venv/lib/python3.11/site-packages/airflow/example_dags/example_display_name.py took 0.061 seconds
[2026-04-26T17:45:23.974+0100] {processor.py:161} INFO - Started process (PID=8923) to work on /Users/malone/data-engineering-pathway/.venv/lib/python3.11/site-packages/airflow/example_dags/example_display_name.py
[2026-04-26T17:45:23.974+0100] {processor.py:830} INFO - Processing file /Users/malone/data-engineering-pathway/.venv/lib/python3.11/site-packages/airflow/example_dags/example_display_name.py for tasks to queue
[2026-04-26T17:45:23.975+0100] {logging_mixin.py:188} INFO - [2026-04-26T17:45:23.974+0100] {dagbag.py:545} INFO - Filling up the DagBag from /Users/malone/data-engineering-pathway/.venv/lib/python3.11/site-packages/airflow/example_dags/example_display_name.py
[2026-04-26T17:45:23.989+0100] {processor.py:840} INFO - DAG(s) 'example_display_name' retrieved from /Users/malone/data-engineering-pathway/.venv/lib/python3.11/site-packages/airflow/example_dags/example_display_name.py
[2026-04-26T17:45:24.026+0100] {logging_mixin.py:188} INFO - [2026-04-26T17:45:24.026+0100] {dag.py:3089} INFO - Sync 1 DAGs
[2026-04-26T17:45:24.029+0100] {logging_mixin.py:188} INFO - [2026-04-26T17:45:24.029+0100] {dag.py:3947} INFO - Setting next_dagrun for example_display_name to None, run_after=None
[2026-04-26T17:45:24.036+0100] {processor.py:183} INFO - Processing /Users/malone/data-engineering-pathway/.venv/lib/python3.11/site-packages/airflow/example_dags/example_display_name.py took 0.063 seconds
[2026-04-26T17:47:12.306+0100] {processor.py:161} INFO - Started process (PID=9099) to work on /Users/malone/data-engineering-pathway/.venv/lib/python3.11/site-packages/airflow/example_dags/example_display_name.py
[2026-04-26T17:47:12.307+0100] {processor.py:830} INFO - Processing file /Users/malone/data-engineering-pathway/.venv/lib/python3.11/site-packages/airflow/example_dags/example_display_name.py for tasks to queue
[2026-04-26T17:47:12.307+0100] {logging_mixin.py:188} INFO - [2026-04-26T17:47:12.307+0100] {dagbag.py:545} INFO - Filling up the DagBag from /Users/malone/data-engineering-pathway/.venv/lib/python3.11/site-packages/airflow/example_dags/example_display_name.py
[2026-04-26T17:47:12.321+0100] {processor.py:840} INFO - DAG(s) 'example_display_name' retrieved from /Users/malone/data-engineering-pathway/.venv/lib/python3.11/site-packages/airflow/example_dags/example_display_name.py
[2026-04-26T17:47:12.358+0100] {logging_mixin.py:188} INFO - [2026-04-26T17:47:12.358+0100] {dag.py:3089} INFO - Sync 1 DAGs
[2026-04-26T17:47:12.361+0100] {logging_mixin.py:188} INFO - [2026-04-26T17:47:12.361+0100] {dag.py:3947} INFO - Setting next_dagrun for example_display_name to None, run_after=None
[2026-04-26T17:47:12.368+0100] {processor.py:183} INFO - Processing /Users/malone/data-engineering-pathway/.venv/lib/python3.11/site-packages/airflow/example_dags/example_display_name.py took 0.063 seconds
[2026-04-26T17:49:10.533+0100] {processor.py:161} INFO - Started process (PID=9426) to work on /Users/malone/data-engineering-pathway/.venv/lib/python3.11/site-packages/airflow/example_dags/example_display_name.py
[2026-04-26T17:49:10.534+0100] {processor.py:830} INFO - Processing file /Users/malone/data-engineering-pathway/.venv/lib/python3.11/site-packages/airflow/example_dags/example_display_name.py for tasks to queue
[2026-04-26T17:49:10.534+0100] {logging_mixin.py:188} INFO - [2026-04-26T17:49:10.534+0100] {dagbag.py:545} INFO - Filling up the DagBag from /Users/malone/data-engineering-pathway/.venv/lib/python3.11/site-packages/airflow/example_dags/example_display_name.py
[2026-04-26T17:49:10.549+0100] {processor.py:840} INFO - DAG(s) 'example_display_name' retrieved from /Users/malone/data-engineering-pathway/.venv/lib/python3.11/site-packages/airflow/example_dags/example_display_name.py
[2026-04-26T17:49:10.589+0100] {logging_mixin.py:188} INFO - [2026-04-26T17:49:10.589+0100] {dag.py:3089} INFO - Sync 1 DAGs
[2026-04-26T17:49:10.593+0100] {logging_mixin.py:188} INFO - [2026-04-26T17:49:10.593+0100] {dag.py:3947} INFO - Setting next_dagrun for example_display_name to None, run_after=None
[2026-04-26T17:49:10.601+0100] {processor.py:183} INFO - Processing /Users/malone/data-engineering-pathway/.venv/lib/python3.11/site-packages/airflow/example_dags/example_display_name.py took 0.069 seconds
[2026-04-26T17:51:13.018+0100] {processor.py:161} INFO - Started process (PID=9591) to work on /Users/malone/data-engineering-pathway/.venv/lib/python3.11/site-packages/airflow/example_dags/example_display_name.py
[2026-04-26T17:51:13.018+0100] {processor.py:830} INFO - Processing file /Users/malone/data-engineering-pathway/.venv/lib/python3.11/site-packages/airflow/example_dags/example_display_name.py for tasks to queue
[2026-04-26T17:51:13.019+0100] {logging_mixin.py:188} INFO - [2026-04-26T17:51:13.019+0100] {dagbag.py:545} INFO - Filling up the DagBag from /Users/malone/data-engineering-pathway/.venv/lib/python3.11/site-packages/airflow/example_dags/example_display_name.py
[2026-04-26T17:51:13.040+0100] {processor.py:840} INFO - DAG(s) 'example_display_name' retrieved from /Users/malone/data-engineering-pathway/.venv/lib/python3.11/site-packages/airflow/example_dags/example_display_name.py
[2026-04-26T17:51:13.085+0100] {logging_mixin.py:188} INFO - [2026-04-26T17:51:13.085+0100] {dag.py:3089} INFO - Sync 1 DAGs
[2026-04-26T17:51:13.088+0100] {logging_mixin.py:188} INFO - [2026-04-26T17:51:13.088+0100] {dag.py:3947} INFO - Setting next_dagrun for example_display_name to None, run_after=None
[2026-04-26T17:51:13.100+0100] {processor.py:183} INFO - Processing /Users/malone/data-engineering-pathway/.venv/lib/python3.11/site-packages/airflow/example_dags/example_display_name.py took 0.084 seconds
[2026-04-26T17:53:08.813+0100] {processor.py:161} INFO - Started process (PID=9729) to work on /Users/malone/data-engineering-pathway/.venv/lib/python3.11/site-packages/airflow/example_dags/example_display_name.py
[2026-04-26T17:53:08.813+0100] {processor.py:830} INFO - Processing file /Users/malone/data-engineering-pathway/.venv/lib/python3.11/site-packages/airflow/example_dags/example_display_name.py for tasks to queue
[2026-04-26T17:53:08.814+0100] {logging_mixin.py:188} INFO - [2026-04-26T17:53:08.813+0100] {dagbag.py:545} INFO - Filling up the DagBag from /Users/malone/data-engineering-pathway/.venv/lib/python3.11/site-packages/airflow/example_dags/example_display_name.py
[2026-04-26T17:53:08.828+0100] {processor.py:840} INFO - DAG(s) 'example_display_name' retrieved from /Users/malone/data-engineering-pathway/.venv/lib/python3.11/site-packages/airflow/example_dags/example_display_name.py
[2026-04-26T17:53:08.864+0100] {logging_mixin.py:188} INFO - [2026-04-26T17:53:08.864+0100] {dag.py:3089} INFO - Sync 1 DAGs
[2026-04-26T17:53:08.868+0100] {logging_mixin.py:188} INFO - [2026-04-26T17:53:08.867+0100] {dag.py:3947} INFO - Setting next_dagrun for example_display_name to None, run_after=None
[2026-04-26T17:53:08.875+0100] {processor.py:183} INFO - Processing /Users/malone/data-engineering-pathway/.venv/lib/python3.11/site-packages/airflow/example_dags/example_display_name.py took 0.063 seconds
[2026-04-26T17:55:10.447+0100] {processor.py:161} INFO - Started process (PID=9880) to work on /Users/malone/data-engineering-pathway/.venv/lib/python3.11/site-packages/airflow/example_dags/example_display_name.py
[2026-04-26T17:55:10.448+0100] {processor.py:830} INFO - Processing file /Users/malone/data-engineering-pathway/.venv/lib/python3.11/site-packages/airflow/example_dags/example_display_name.py for tasks to queue
[2026-04-26T17:55:10.448+0100] {logging_mixin.py:188} INFO - [2026-04-26T17:55:10.448+0100] {dagbag.py:545} INFO - Filling up the DagBag from /Users/malone/data-engineering-pathway/.venv/lib/python3.11/site-packages/airflow/example_dags/example_display_name.py
[2026-04-26T17:55:10.462+0100] {processor.py:840} INFO - DAG(s) 'example_display_name' retrieved from /Users/malone/data-engineering-pathway/.venv/lib/python3.11/site-packages/airflow/example_dags/example_display_name.py
[2026-04-26T17:55:10.500+0100] {logging_mixin.py:188} INFO - [2026-04-26T17:55:10.500+0100] {dag.py:3089} INFO - Sync 1 DAGs
[2026-04-26T17:55:10.503+0100] {logging_mixin.py:188} INFO - [2026-04-26T17:55:10.503+0100] {dag.py:3947} INFO - Setting next_dagrun for example_display_name to None, run_after=None
[2026-04-26T17:55:10.510+0100] {processor.py:183} INFO - Processing /Users/malone/data-engineering-pathway/.venv/lib/python3.11/site-packages/airflow/example_dags/example_display_name.py took 0.064 seconds
[2026-04-26T17:57:12.217+0100] {processor.py:161} INFO - Started process (PID=10127) to work on /Users/malone/data-engineering-pathway/.venv/lib/python3.11/site-packages/airflow/example_dags/example_display_name.py
[2026-04-26T17:57:12.218+0100] {processor.py:830} INFO - Processing file /Users/malone/data-engineering-pathway/.venv/lib/python3.11/site-packages/airflow/example_dags/example_display_name.py for tasks to queue
[2026-04-26T17:57:12.218+0100] {logging_mixin.py:188} INFO - [2026-04-26T17:57:12.218+0100] {dagbag.py:545} INFO - Filling up the DagBag from /Users/malone/data-engineering-pathway/.venv/lib/python3.11/site-packages/airflow/example_dags/example_display_name.py
[2026-04-26T17:57:12.233+0100] {processor.py:840} INFO - DAG(s) 'example_display_name' retrieved from /Users/malone/data-engineering-pathway/.venv/lib/python3.11/site-packages/airflow/example_dags/example_display_name.py
[2026-04-26T17:57:12.273+0100] {logging_mixin.py:188} INFO - [2026-04-26T17:57:12.272+0100] {dag.py:3089} INFO - Sync 1 DAGs
[2026-04-26T17:57:12.276+0100] {logging_mixin.py:188} INFO - [2026-04-26T17:57:12.276+0100] {dag.py:3947} INFO - Setting next_dagrun for example_display_name to None, run_after=None
[2026-04-26T17:57:12.284+0100] {processor.py:183} INFO - Processing /Users/malone/data-engineering-pathway/.venv/lib/python3.11/site-packages/airflow/example_dags/example_display_name.py took 0.068 seconds
[2026-04-26T17:59:03.033+0100] {processor.py:161} INFO - Started process (PID=10314) to work on /Users/malone/data-engineering-pathway/.venv/lib/python3.11/site-packages/airflow/example_dags/example_display_name.py
[2026-04-26T17:59:03.034+0100] {processor.py:830} INFO - Processing file /Users/malone/data-engineering-pathway/.venv/lib/python3.11/site-packages/airflow/example_dags/example_display_name.py for tasks to queue
[2026-04-26T17:59:03.034+0100] {logging_mixin.py:188} INFO - [2026-04-26T17:59:03.034+0100] {dagbag.py:545} INFO - Filling up the DagBag from /Users/malone/data-engineering-pathway/.venv/lib/python3.11/site-packages/airflow/example_dags/example_display_name.py
[2026-04-26T17:59:03.048+0100] {processor.py:840} INFO - DAG(s) 'example_display_name' retrieved from /Users/malone/data-engineering-pathway/.venv/lib/python3.11/site-packages/airflow/example_dags/example_display_name.py
[2026-04-26T17:59:03.084+0100] {logging_mixin.py:188} INFO - [2026-04-26T17:59:03.084+0100] {dag.py:3089} INFO - Sync 1 DAGs
[2026-04-26T17:59:03.088+0100] {logging_mixin.py:188} INFO - [2026-04-26T17:59:03.088+0100] {dag.py:3947} INFO - Setting next_dagrun for example_display_name to None, run_after=None
[2026-04-26T17:59:03.095+0100] {processor.py:183} INFO - Processing /Users/malone/data-engineering-pathway/.venv/lib/python3.11/site-packages/airflow/example_dags/example_display_name.py took 0.063 seconds
