[2026-04-26T17:39:33.162+0100] {processor.py:161} INFO - Started process (PID=8378) to work on /Users/malone/data-engineering-pathway/.venv/lib/python3.11/site-packages/airflow/example_dags/example_local_kubernetes_executor.py
[2026-04-26T17:39:33.163+0100] {processor.py:830} INFO - Processing file /Users/malone/data-engineering-pathway/.venv/lib/python3.11/site-packages/airflow/example_dags/example_local_kubernetes_executor.py for tasks to queue
[2026-04-26T17:39:33.163+0100] {logging_mixin.py:188} INFO - [2026-04-26T17:39:33.163+0100] {dagbag.py:545} INFO - Filling up the DagBag from /Users/malone/data-engineering-pathway/.venv/lib/python3.11/site-packages/airflow/example_dags/example_local_kubernetes_executor.py
[2026-04-26T17:39:33.176+0100] {logging_mixin.py:188} INFO - [2026-04-26T17:39:33.176+0100] {example_local_kubernetes_executor.py:40} WARNING - Could not import DAGs in example_local_kubernetes_executor.py
Traceback (most recent call last):
  File "/Users/malone/data-engineering-pathway/.venv/lib/python3.11/site-packages/airflow/example_dags/example_local_kubernetes_executor.py", line 38, in <module>
    from kubernetes.client import models as k8s
ModuleNotFoundError: No module named 'kubernetes'
[2026-04-26T17:39:33.176+0100] {logging_mixin.py:188} INFO - [2026-04-26T17:39:33.176+0100] {example_local_kubernetes_executor.py:41} WARNING - Install Kubernetes dependencies with: pip install apache-airflow[cncf.kubernetes]
[2026-04-26T17:39:33.176+0100] {processor.py:842} WARNING - No viable dags retrieved from /Users/malone/data-engineering-pathway/.venv/lib/python3.11/site-packages/airflow/example_dags/example_local_kubernetes_executor.py
[2026-04-26T17:39:33.202+0100] {processor.py:183} INFO - Processing /Users/malone/data-engineering-pathway/.venv/lib/python3.11/site-packages/airflow/example_dags/example_local_kubernetes_executor.py took 0.041 seconds
[2026-04-26T17:41:01.741+0100] {processor.py:161} INFO - Started process (PID=8527) to work on /Users/malone/data-engineering-pathway/.venv/lib/python3.11/site-packages/airflow/example_dags/example_local_kubernetes_executor.py
[2026-04-26T17:41:01.741+0100] {processor.py:830} INFO - Processing file /Users/malone/data-engineering-pathway/.venv/lib/python3.11/site-packages/airflow/example_dags/example_local_kubernetes_executor.py for tasks to queue
[2026-04-26T17:41:01.742+0100] {logging_mixin.py:188} INFO - [2026-04-26T17:41:01.742+0100] {dagbag.py:545} INFO - Filling up the DagBag from /Users/malone/data-engineering-pathway/.venv/lib/python3.11/site-packages/airflow/example_dags/example_local_kubernetes_executor.py
[2026-04-26T17:41:01.757+0100] {logging_mixin.py:188} INFO - [2026-04-26T17:41:01.757+0100] {example_local_kubernetes_executor.py:40} WARNING - Could not import DAGs in example_local_kubernetes_executor.py
Traceback (most recent call last):
  File "/Users/malone/data-engineering-pathway/.venv/lib/python3.11/site-packages/airflow/example_dags/example_local_kubernetes_executor.py", line 38, in <module>
    from kubernetes.client import models as k8s
ModuleNotFoundError: No module named 'kubernetes'
[2026-04-26T17:41:01.757+0100] {logging_mixin.py:188} INFO - [2026-04-26T17:41:01.757+0100] {example_local_kubernetes_executor.py:41} WARNING - Install Kubernetes dependencies with: pip install apache-airflow[cncf.kubernetes]
[2026-04-26T17:41:01.757+0100] {processor.py:842} WARNING - No viable dags retrieved from /Users/malone/data-engineering-pathway/.venv/lib/python3.11/site-packages/airflow/example_dags/example_local_kubernetes_executor.py
[2026-04-26T17:41:01.784+0100] {processor.py:183} INFO - Processing /Users/malone/data-engineering-pathway/.venv/lib/python3.11/site-packages/airflow/example_dags/example_local_kubernetes_executor.py took 0.044 seconds
[2026-04-26T17:42:59.249+0100] {processor.py:161} INFO - Started process (PID=8668) to work on /Users/malone/data-engineering-pathway/.venv/lib/python3.11/site-packages/airflow/example_dags/example_local_kubernetes_executor.py
[2026-04-26T17:42:59.250+0100] {processor.py:830} INFO - Processing file /Users/malone/data-engineering-pathway/.venv/lib/python3.11/site-packages/airflow/example_dags/example_local_kubernetes_executor.py for tasks to queue
[2026-04-26T17:42:59.250+0100] {logging_mixin.py:188} INFO - [2026-04-26T17:42:59.250+0100] {dagbag.py:545} INFO - Filling up the DagBag from /Users/malone/data-engineering-pathway/.venv/lib/python3.11/site-packages/airflow/example_dags/example_local_kubernetes_executor.py
[2026-04-26T17:42:59.267+0100] {logging_mixin.py:188} INFO - [2026-04-26T17:42:59.267+0100] {example_local_kubernetes_executor.py:40} WARNING - Could not import DAGs in example_local_kubernetes_executor.py
Traceback (most recent call last):
  File "/Users/malone/data-engineering-pathway/.venv/lib/python3.11/site-packages/airflow/example_dags/example_local_kubernetes_executor.py", line 38, in <module>
    from kubernetes.client import models as k8s
ModuleNotFoundError: No module named 'kubernetes'
[2026-04-26T17:42:59.267+0100] {logging_mixin.py:188} INFO - [2026-04-26T17:42:59.267+0100] {example_local_kubernetes_executor.py:41} WARNING - Install Kubernetes dependencies with: pip install apache-airflow[cncf.kubernetes]
[2026-04-26T17:42:59.268+0100] {processor.py:842} WARNING - No viable dags retrieved from /Users/malone/data-engineering-pathway/.venv/lib/python3.11/site-packages/airflow/example_dags/example_local_kubernetes_executor.py
[2026-04-26T17:42:59.298+0100] {processor.py:183} INFO - Processing /Users/malone/data-engineering-pathway/.venv/lib/python3.11/site-packages/airflow/example_dags/example_local_kubernetes_executor.py took 0.050 seconds
[2026-04-26T17:44:49.293+0100] {processor.py:161} INFO - Started process (PID=8864) to work on /Users/malone/data-engineering-pathway/.venv/lib/python3.11/site-packages/airflow/example_dags/example_local_kubernetes_executor.py
[2026-04-26T17:44:49.293+0100] {processor.py:830} INFO - Processing file /Users/malone/data-engineering-pathway/.venv/lib/python3.11/site-packages/airflow/example_dags/example_local_kubernetes_executor.py for tasks to queue
[2026-04-26T17:44:49.294+0100] {logging_mixin.py:188} INFO - [2026-04-26T17:44:49.294+0100] {dagbag.py:545} INFO - Filling up the DagBag from /Users/malone/data-engineering-pathway/.venv/lib/python3.11/site-packages/airflow/example_dags/example_local_kubernetes_executor.py
[2026-04-26T17:44:49.310+0100] {logging_mixin.py:188} INFO - [2026-04-26T17:44:49.310+0100] {example_local_kubernetes_executor.py:40} WARNING - Could not import DAGs in example_local_kubernetes_executor.py
Traceback (most recent call last):
  File "/Users/malone/data-engineering-pathway/.venv/lib/python3.11/site-packages/airflow/example_dags/example_local_kubernetes_executor.py", line 38, in <module>
    from kubernetes.client import models as k8s
ModuleNotFoundError: No module named 'kubernetes'
[2026-04-26T17:44:49.310+0100] {logging_mixin.py:188} INFO - [2026-04-26T17:44:49.310+0100] {example_local_kubernetes_executor.py:41} WARNING - Install Kubernetes dependencies with: pip install apache-airflow[cncf.kubernetes]
[2026-04-26T17:44:49.310+0100] {processor.py:842} WARNING - No viable dags retrieved from /Users/malone/data-engineering-pathway/.venv/lib/python3.11/site-packages/airflow/example_dags/example_local_kubernetes_executor.py
[2026-04-26T17:44:49.336+0100] {processor.py:183} INFO - Processing /Users/malone/data-engineering-pathway/.venv/lib/python3.11/site-packages/airflow/example_dags/example_local_kubernetes_executor.py took 0.044 seconds
[2026-04-26T17:46:35.611+0100] {processor.py:161} INFO - Started process (PID=9032) to work on /Users/malone/data-engineering-pathway/.venv/lib/python3.11/site-packages/airflow/example_dags/example_local_kubernetes_executor.py
[2026-04-26T17:46:35.611+0100] {processor.py:830} INFO - Processing file /Users/malone/data-engineering-pathway/.venv/lib/python3.11/site-packages/airflow/example_dags/example_local_kubernetes_executor.py for tasks to queue
[2026-04-26T17:46:35.611+0100] {logging_mixin.py:188} INFO - [2026-04-26T17:46:35.611+0100] {dagbag.py:545} INFO - Filling up the DagBag from /Users/malone/data-engineering-pathway/.venv/lib/python3.11/site-packages/airflow/example_dags/example_local_kubernetes_executor.py
[2026-04-26T17:46:35.627+0100] {logging_mixin.py:188} INFO - [2026-04-26T17:46:35.627+0100] {example_local_kubernetes_executor.py:40} WARNING - Could not import DAGs in example_local_kubernetes_executor.py
Traceback (most recent call last):
  File "/Users/malone/data-engineering-pathway/.venv/lib/python3.11/site-packages/airflow/example_dags/example_local_kubernetes_executor.py", line 38, in <module>
    from kubernetes.client import models as k8s
ModuleNotFoundError: No module named 'kubernetes'
[2026-04-26T17:46:35.627+0100] {logging_mixin.py:188} INFO - [2026-04-26T17:46:35.627+0100] {example_local_kubernetes_executor.py:41} WARNING - Install Kubernetes dependencies with: pip install apache-airflow[cncf.kubernetes]
[2026-04-26T17:46:35.627+0100] {processor.py:842} WARNING - No viable dags retrieved from /Users/malone/data-engineering-pathway/.venv/lib/python3.11/site-packages/airflow/example_dags/example_local_kubernetes_executor.py
[2026-04-26T17:46:35.653+0100] {processor.py:183} INFO - Processing /Users/malone/data-engineering-pathway/.venv/lib/python3.11/site-packages/airflow/example_dags/example_local_kubernetes_executor.py took 0.044 seconds
[2026-04-26T17:48:28.641+0100] {processor.py:161} INFO - Started process (PID=9256) to work on /Users/malone/data-engineering-pathway/.venv/lib/python3.11/site-packages/airflow/example_dags/example_local_kubernetes_executor.py
[2026-04-26T17:48:28.642+0100] {processor.py:830} INFO - Processing file /Users/malone/data-engineering-pathway/.venv/lib/python3.11/site-packages/airflow/example_dags/example_local_kubernetes_executor.py for tasks to queue
[2026-04-26T17:48:28.642+0100] {logging_mixin.py:188} INFO - [2026-04-26T17:48:28.642+0100] {dagbag.py:545} INFO - Filling up the DagBag from /Users/malone/data-engineering-pathway/.venv/lib/python3.11/site-packages/airflow/example_dags/example_local_kubernetes_executor.py
[2026-04-26T17:48:28.659+0100] {logging_mixin.py:188} INFO - [2026-04-26T17:48:28.659+0100] {example_local_kubernetes_executor.py:40} WARNING - Could not import DAGs in example_local_kubernetes_executor.py
Traceback (most recent call last):
  File "/Users/malone/data-engineering-pathway/.venv/lib/python3.11/site-packages/airflow/example_dags/example_local_kubernetes_executor.py", line 38, in <module>
    from kubernetes.client import models as k8s
ModuleNotFoundError: No module named 'kubernetes'
[2026-04-26T17:48:28.660+0100] {logging_mixin.py:188} INFO - [2026-04-26T17:48:28.659+0100] {example_local_kubernetes_executor.py:41} WARNING - Install Kubernetes dependencies with: pip install apache-airflow[cncf.kubernetes]
[2026-04-26T17:48:28.660+0100] {processor.py:842} WARNING - No viable dags retrieved from /Users/malone/data-engineering-pathway/.venv/lib/python3.11/site-packages/airflow/example_dags/example_local_kubernetes_executor.py
[2026-04-26T17:48:28.686+0100] {processor.py:183} INFO - Processing /Users/malone/data-engineering-pathway/.venv/lib/python3.11/site-packages/airflow/example_dags/example_local_kubernetes_executor.py took 0.046 seconds
[2026-04-26T17:50:28.092+0100] {processor.py:161} INFO - Started process (PID=9525) to work on /Users/malone/data-engineering-pathway/.venv/lib/python3.11/site-packages/airflow/example_dags/example_local_kubernetes_executor.py
[2026-04-26T17:50:28.094+0100] {processor.py:830} INFO - Processing file /Users/malone/data-engineering-pathway/.venv/lib/python3.11/site-packages/airflow/example_dags/example_local_kubernetes_executor.py for tasks to queue
[2026-04-26T17:50:28.094+0100] {logging_mixin.py:188} INFO - [2026-04-26T17:50:28.094+0100] {dagbag.py:545} INFO - Filling up the DagBag from /Users/malone/data-engineering-pathway/.venv/lib/python3.11/site-packages/airflow/example_dags/example_local_kubernetes_executor.py
[2026-04-26T17:50:28.116+0100] {logging_mixin.py:188} INFO - [2026-04-26T17:50:28.115+0100] {example_local_kubernetes_executor.py:40} WARNING - Could not import DAGs in example_local_kubernetes_executor.py
Traceback (most recent call last):
  File "/Users/malone/data-engineering-pathway/.venv/lib/python3.11/site-packages/airflow/example_dags/example_local_kubernetes_executor.py", line 38, in <module>
    from kubernetes.client import models as k8s
ModuleNotFoundError: No module named 'kubernetes'
[2026-04-26T17:50:28.116+0100] {logging_mixin.py:188} INFO - [2026-04-26T17:50:28.116+0100] {example_local_kubernetes_executor.py:41} WARNING - Install Kubernetes dependencies with: pip install apache-airflow[cncf.kubernetes]
[2026-04-26T17:50:28.116+0100] {processor.py:842} WARNING - No viable dags retrieved from /Users/malone/data-engineering-pathway/.venv/lib/python3.11/site-packages/airflow/example_dags/example_local_kubernetes_executor.py
[2026-04-26T17:50:28.143+0100] {processor.py:183} INFO - Processing /Users/malone/data-engineering-pathway/.venv/lib/python3.11/site-packages/airflow/example_dags/example_local_kubernetes_executor.py took 0.052 seconds
[2026-04-26T17:52:27.533+0100] {processor.py:161} INFO - Started process (PID=9684) to work on /Users/malone/data-engineering-pathway/.venv/lib/python3.11/site-packages/airflow/example_dags/example_local_kubernetes_executor.py
[2026-04-26T17:52:27.534+0100] {processor.py:830} INFO - Processing file /Users/malone/data-engineering-pathway/.venv/lib/python3.11/site-packages/airflow/example_dags/example_local_kubernetes_executor.py for tasks to queue
[2026-04-26T17:52:27.534+0100] {logging_mixin.py:188} INFO - [2026-04-26T17:52:27.534+0100] {dagbag.py:545} INFO - Filling up the DagBag from /Users/malone/data-engineering-pathway/.venv/lib/python3.11/site-packages/airflow/example_dags/example_local_kubernetes_executor.py
[2026-04-26T17:52:27.553+0100] {logging_mixin.py:188} INFO - [2026-04-26T17:52:27.553+0100] {example_local_kubernetes_executor.py:40} WARNING - Could not import DAGs in example_local_kubernetes_executor.py
Traceback (most recent call last):
  File "/Users/malone/data-engineering-pathway/.venv/lib/python3.11/site-packages/airflow/example_dags/example_local_kubernetes_executor.py", line 38, in <module>
    from kubernetes.client import models as k8s
ModuleNotFoundError: No module named 'kubernetes'
[2026-04-26T17:52:27.554+0100] {logging_mixin.py:188} INFO - [2026-04-26T17:52:27.554+0100] {example_local_kubernetes_executor.py:41} WARNING - Install Kubernetes dependencies with: pip install apache-airflow[cncf.kubernetes]
[2026-04-26T17:52:27.554+0100] {processor.py:842} WARNING - No viable dags retrieved from /Users/malone/data-engineering-pathway/.venv/lib/python3.11/site-packages/airflow/example_dags/example_local_kubernetes_executor.py
[2026-04-26T17:52:27.593+0100] {processor.py:183} INFO - Processing /Users/malone/data-engineering-pathway/.venv/lib/python3.11/site-packages/airflow/example_dags/example_local_kubernetes_executor.py took 0.061 seconds
[2026-04-26T17:54:25.687+0100] {processor.py:161} INFO - Started process (PID=9842) to work on /Users/malone/data-engineering-pathway/.venv/lib/python3.11/site-packages/airflow/example_dags/example_local_kubernetes_executor.py
[2026-04-26T17:54:25.688+0100] {processor.py:830} INFO - Processing file /Users/malone/data-engineering-pathway/.venv/lib/python3.11/site-packages/airflow/example_dags/example_local_kubernetes_executor.py for tasks to queue
[2026-04-26T17:54:25.688+0100] {logging_mixin.py:188} INFO - [2026-04-26T17:54:25.688+0100] {dagbag.py:545} INFO - Filling up the DagBag from /Users/malone/data-engineering-pathway/.venv/lib/python3.11/site-packages/airflow/example_dags/example_local_kubernetes_executor.py
[2026-04-26T17:54:25.703+0100] {logging_mixin.py:188} INFO - [2026-04-26T17:54:25.703+0100] {example_local_kubernetes_executor.py:40} WARNING - Could not import DAGs in example_local_kubernetes_executor.py
Traceback (most recent call last):
  File "/Users/malone/data-engineering-pathway/.venv/lib/python3.11/site-packages/airflow/example_dags/example_local_kubernetes_executor.py", line 38, in <module>
    from kubernetes.client import models as k8s
ModuleNotFoundError: No module named 'kubernetes'
[2026-04-26T17:54:25.704+0100] {logging_mixin.py:188} INFO - [2026-04-26T17:54:25.704+0100] {example_local_kubernetes_executor.py:41} WARNING - Install Kubernetes dependencies with: pip install apache-airflow[cncf.kubernetes]
[2026-04-26T17:54:25.704+0100] {processor.py:842} WARNING - No viable dags retrieved from /Users/malone/data-engineering-pathway/.venv/lib/python3.11/site-packages/airflow/example_dags/example_local_kubernetes_executor.py
[2026-04-26T17:54:25.731+0100] {processor.py:183} INFO - Processing /Users/malone/data-engineering-pathway/.venv/lib/python3.11/site-packages/airflow/example_dags/example_local_kubernetes_executor.py took 0.044 seconds
[2026-04-26T17:56:28.112+0100] {processor.py:161} INFO - Started process (PID=10073) to work on /Users/malone/data-engineering-pathway/.venv/lib/python3.11/site-packages/airflow/example_dags/example_local_kubernetes_executor.py
[2026-04-26T17:56:28.112+0100] {processor.py:830} INFO - Processing file /Users/malone/data-engineering-pathway/.venv/lib/python3.11/site-packages/airflow/example_dags/example_local_kubernetes_executor.py for tasks to queue
[2026-04-26T17:56:28.113+0100] {logging_mixin.py:188} INFO - [2026-04-26T17:56:28.112+0100] {dagbag.py:545} INFO - Filling up the DagBag from /Users/malone/data-engineering-pathway/.venv/lib/python3.11/site-packages/airflow/example_dags/example_local_kubernetes_executor.py
[2026-04-26T17:56:28.128+0100] {logging_mixin.py:188} INFO - [2026-04-26T17:56:28.128+0100] {example_local_kubernetes_executor.py:40} WARNING - Could not import DAGs in example_local_kubernetes_executor.py
Traceback (most recent call last):
  File "/Users/malone/data-engineering-pathway/.venv/lib/python3.11/site-packages/airflow/example_dags/example_local_kubernetes_executor.py", line 38, in <module>
    from kubernetes.client import models as k8s
ModuleNotFoundError: No module named 'kubernetes'
[2026-04-26T17:56:28.128+0100] {logging_mixin.py:188} INFO - [2026-04-26T17:56:28.128+0100] {example_local_kubernetes_executor.py:41} WARNING - Install Kubernetes dependencies with: pip install apache-airflow[cncf.kubernetes]
[2026-04-26T17:56:28.128+0100] {processor.py:842} WARNING - No viable dags retrieved from /Users/malone/data-engineering-pathway/.venv/lib/python3.11/site-packages/airflow/example_dags/example_local_kubernetes_executor.py
[2026-04-26T17:56:28.155+0100] {processor.py:183} INFO - Processing /Users/malone/data-engineering-pathway/.venv/lib/python3.11/site-packages/airflow/example_dags/example_local_kubernetes_executor.py took 0.045 seconds
[2026-04-26T17:58:23.201+0100] {processor.py:161} INFO - Started process (PID=10252) to work on /Users/malone/data-engineering-pathway/.venv/lib/python3.11/site-packages/airflow/example_dags/example_local_kubernetes_executor.py
[2026-04-26T17:58:23.201+0100] {processor.py:830} INFO - Processing file /Users/malone/data-engineering-pathway/.venv/lib/python3.11/site-packages/airflow/example_dags/example_local_kubernetes_executor.py for tasks to queue
[2026-04-26T17:58:23.202+0100] {logging_mixin.py:188} INFO - [2026-04-26T17:58:23.202+0100] {dagbag.py:545} INFO - Filling up the DagBag from /Users/malone/data-engineering-pathway/.venv/lib/python3.11/site-packages/airflow/example_dags/example_local_kubernetes_executor.py
[2026-04-26T17:58:23.217+0100] {logging_mixin.py:188} INFO - [2026-04-26T17:58:23.217+0100] {example_local_kubernetes_executor.py:40} WARNING - Could not import DAGs in example_local_kubernetes_executor.py
Traceback (most recent call last):
  File "/Users/malone/data-engineering-pathway/.venv/lib/python3.11/site-packages/airflow/example_dags/example_local_kubernetes_executor.py", line 38, in <module>
    from kubernetes.client import models as k8s
ModuleNotFoundError: No module named 'kubernetes'
[2026-04-26T17:58:23.217+0100] {logging_mixin.py:188} INFO - [2026-04-26T17:58:23.217+0100] {example_local_kubernetes_executor.py:41} WARNING - Install Kubernetes dependencies with: pip install apache-airflow[cncf.kubernetes]
[2026-04-26T17:58:23.217+0100] {processor.py:842} WARNING - No viable dags retrieved from /Users/malone/data-engineering-pathway/.venv/lib/python3.11/site-packages/airflow/example_dags/example_local_kubernetes_executor.py
[2026-04-26T17:58:23.244+0100] {processor.py:183} INFO - Processing /Users/malone/data-engineering-pathway/.venv/lib/python3.11/site-packages/airflow/example_dags/example_local_kubernetes_executor.py took 0.044 seconds
