[2026-04-26T17:39:19.616+0100] {processor.py:161} INFO - Started process (PID=8354) to work on /Users/malone/data-engineering-pathway/.venv/lib/python3.11/site-packages/airflow/example_dags/example_setup_teardown.py
[2026-04-26T17:39:19.617+0100] {processor.py:830} INFO - Processing file /Users/malone/data-engineering-pathway/.venv/lib/python3.11/site-packages/airflow/example_dags/example_setup_teardown.py for tasks to queue
[2026-04-26T17:39:19.617+0100] {logging_mixin.py:188} INFO - [2026-04-26T17:39:19.617+0100] {dagbag.py:545} INFO - Filling up the DagBag from /Users/malone/data-engineering-pathway/.venv/lib/python3.11/site-packages/airflow/example_dags/example_setup_teardown.py
[2026-04-26T17:39:19.621+0100] {processor.py:840} INFO - DAG(s) 'example_setup_teardown' retrieved from /Users/malone/data-engineering-pathway/.venv/lib/python3.11/site-packages/airflow/example_dags/example_setup_teardown.py
[2026-04-26T17:39:19.714+0100] {logging_mixin.py:188} INFO - [2026-04-26T17:39:19.714+0100] {dag.py:3089} INFO - Sync 1 DAGs
[2026-04-26T17:39:19.719+0100] {logging_mixin.py:188} INFO - [2026-04-26T17:39:19.719+0100] {dag.py:3947} INFO - Setting next_dagrun for example_setup_teardown to 2026-04-25 00:00:00+00:00, run_after=2026-04-26 00:00:00+00:00
[2026-04-26T17:39:19.727+0100] {processor.py:183} INFO - Processing /Users/malone/data-engineering-pathway/.venv/lib/python3.11/site-packages/airflow/example_dags/example_setup_teardown.py took 0.112 seconds
[2026-04-26T17:40:45.206+0100] {processor.py:161} INFO - Started process (PID=8502) to work on /Users/malone/data-engineering-pathway/.venv/lib/python3.11/site-packages/airflow/example_dags/example_setup_teardown.py
[2026-04-26T17:40:45.207+0100] {processor.py:830} INFO - Processing file /Users/malone/data-engineering-pathway/.venv/lib/python3.11/site-packages/airflow/example_dags/example_setup_teardown.py for tasks to queue
[2026-04-26T17:40:45.207+0100] {logging_mixin.py:188} INFO - [2026-04-26T17:40:45.207+0100] {dagbag.py:545} INFO - Filling up the DagBag from /Users/malone/data-engineering-pathway/.venv/lib/python3.11/site-packages/airflow/example_dags/example_setup_teardown.py
[2026-04-26T17:40:45.214+0100] {processor.py:840} INFO - DAG(s) 'example_setup_teardown' retrieved from /Users/malone/data-engineering-pathway/.venv/lib/python3.11/site-packages/airflow/example_dags/example_setup_teardown.py
[2026-04-26T17:40:45.282+0100] {logging_mixin.py:188} INFO - [2026-04-26T17:40:45.282+0100] {dag.py:3089} INFO - Sync 1 DAGs
[2026-04-26T17:40:45.296+0100] {logging_mixin.py:188} INFO - [2026-04-26T17:40:45.296+0100] {dag.py:3947} INFO - Setting next_dagrun for example_setup_teardown to 2026-04-25 00:00:00+00:00, run_after=2026-04-26 00:00:00+00:00
[2026-04-26T17:40:45.310+0100] {processor.py:183} INFO - Processing /Users/malone/data-engineering-pathway/.venv/lib/python3.11/site-packages/airflow/example_dags/example_setup_teardown.py took 0.106 seconds
[2026-04-26T17:42:42.978+0100] {processor.py:161} INFO - Started process (PID=8652) to work on /Users/malone/data-engineering-pathway/.venv/lib/python3.11/site-packages/airflow/example_dags/example_setup_teardown.py
[2026-04-26T17:42:42.980+0100] {processor.py:830} INFO - Processing file /Users/malone/data-engineering-pathway/.venv/lib/python3.11/site-packages/airflow/example_dags/example_setup_teardown.py for tasks to queue
[2026-04-26T17:42:42.980+0100] {logging_mixin.py:188} INFO - [2026-04-26T17:42:42.980+0100] {dagbag.py:545} INFO - Filling up the DagBag from /Users/malone/data-engineering-pathway/.venv/lib/python3.11/site-packages/airflow/example_dags/example_setup_teardown.py
[2026-04-26T17:42:42.984+0100] {processor.py:840} INFO - DAG(s) 'example_setup_teardown' retrieved from /Users/malone/data-engineering-pathway/.venv/lib/python3.11/site-packages/airflow/example_dags/example_setup_teardown.py
[2026-04-26T17:42:43.024+0100] {logging_mixin.py:188} INFO - [2026-04-26T17:42:43.024+0100] {dag.py:3089} INFO - Sync 1 DAGs
[2026-04-26T17:42:43.030+0100] {logging_mixin.py:188} INFO - [2026-04-26T17:42:43.030+0100] {dag.py:3947} INFO - Setting next_dagrun for example_setup_teardown to 2026-04-25 00:00:00+00:00, run_after=2026-04-26 00:00:00+00:00
[2026-04-26T17:42:43.037+0100] {processor.py:183} INFO - Processing /Users/malone/data-engineering-pathway/.venv/lib/python3.11/site-packages/airflow/example_dags/example_setup_teardown.py took 0.060 seconds
[2026-04-26T17:44:35.877+0100] {processor.py:161} INFO - Started process (PID=8844) to work on /Users/malone/data-engineering-pathway/.venv/lib/python3.11/site-packages/airflow/example_dags/example_setup_teardown.py
[2026-04-26T17:44:35.878+0100] {processor.py:830} INFO - Processing file /Users/malone/data-engineering-pathway/.venv/lib/python3.11/site-packages/airflow/example_dags/example_setup_teardown.py for tasks to queue
[2026-04-26T17:44:35.878+0100] {logging_mixin.py:188} INFO - [2026-04-26T17:44:35.878+0100] {dagbag.py:545} INFO - Filling up the DagBag from /Users/malone/data-engineering-pathway/.venv/lib/python3.11/site-packages/airflow/example_dags/example_setup_teardown.py
[2026-04-26T17:44:35.881+0100] {processor.py:840} INFO - DAG(s) 'example_setup_teardown' retrieved from /Users/malone/data-engineering-pathway/.venv/lib/python3.11/site-packages/airflow/example_dags/example_setup_teardown.py
[2026-04-26T17:44:35.920+0100] {logging_mixin.py:188} INFO - [2026-04-26T17:44:35.920+0100] {dag.py:3089} INFO - Sync 1 DAGs
[2026-04-26T17:44:35.926+0100] {logging_mixin.py:188} INFO - [2026-04-26T17:44:35.926+0100] {dag.py:3947} INFO - Setting next_dagrun for example_setup_teardown to 2026-04-25 00:00:00+00:00, run_after=2026-04-26 00:00:00+00:00
[2026-04-26T17:44:35.932+0100] {processor.py:183} INFO - Processing /Users/malone/data-engineering-pathway/.venv/lib/python3.11/site-packages/airflow/example_dags/example_setup_teardown.py took 0.056 seconds
[2026-04-26T17:46:20.805+0100] {processor.py:161} INFO - Started process (PID=9011) to work on /Users/malone/data-engineering-pathway/.venv/lib/python3.11/site-packages/airflow/example_dags/example_setup_teardown.py
[2026-04-26T17:46:20.806+0100] {processor.py:830} INFO - Processing file /Users/malone/data-engineering-pathway/.venv/lib/python3.11/site-packages/airflow/example_dags/example_setup_teardown.py for tasks to queue
[2026-04-26T17:46:20.806+0100] {logging_mixin.py:188} INFO - [2026-04-26T17:46:20.806+0100] {dagbag.py:545} INFO - Filling up the DagBag from /Users/malone/data-engineering-pathway/.venv/lib/python3.11/site-packages/airflow/example_dags/example_setup_teardown.py
[2026-04-26T17:46:20.809+0100] {processor.py:840} INFO - DAG(s) 'example_setup_teardown' retrieved from /Users/malone/data-engineering-pathway/.venv/lib/python3.11/site-packages/airflow/example_dags/example_setup_teardown.py
[2026-04-26T17:46:20.847+0100] {logging_mixin.py:188} INFO - [2026-04-26T17:46:20.847+0100] {dag.py:3089} INFO - Sync 1 DAGs
[2026-04-26T17:46:20.853+0100] {logging_mixin.py:188} INFO - [2026-04-26T17:46:20.853+0100] {dag.py:3947} INFO - Setting next_dagrun for example_setup_teardown to 2026-04-25 00:00:00+00:00, run_after=2026-04-26 00:00:00+00:00
[2026-04-26T17:46:20.860+0100] {processor.py:183} INFO - Processing /Users/malone/data-engineering-pathway/.venv/lib/python3.11/site-packages/airflow/example_dags/example_setup_teardown.py took 0.056 seconds
[2026-04-26T17:48:12.676+0100] {processor.py:161} INFO - Started process (PID=9222) to work on /Users/malone/data-engineering-pathway/.venv/lib/python3.11/site-packages/airflow/example_dags/example_setup_teardown.py
[2026-04-26T17:48:12.676+0100] {processor.py:830} INFO - Processing file /Users/malone/data-engineering-pathway/.venv/lib/python3.11/site-packages/airflow/example_dags/example_setup_teardown.py for tasks to queue
[2026-04-26T17:48:12.676+0100] {logging_mixin.py:188} INFO - [2026-04-26T17:48:12.676+0100] {dagbag.py:545} INFO - Filling up the DagBag from /Users/malone/data-engineering-pathway/.venv/lib/python3.11/site-packages/airflow/example_dags/example_setup_teardown.py
[2026-04-26T17:48:12.679+0100] {processor.py:840} INFO - DAG(s) 'example_setup_teardown' retrieved from /Users/malone/data-engineering-pathway/.venv/lib/python3.11/site-packages/airflow/example_dags/example_setup_teardown.py
[2026-04-26T17:48:12.720+0100] {logging_mixin.py:188} INFO - [2026-04-26T17:48:12.719+0100] {dag.py:3089} INFO - Sync 1 DAGs
[2026-04-26T17:48:12.725+0100] {logging_mixin.py:188} INFO - [2026-04-26T17:48:12.725+0100] {dag.py:3947} INFO - Setting next_dagrun for example_setup_teardown to 2026-04-25 00:00:00+00:00, run_after=2026-04-26 00:00:00+00:00
[2026-04-26T17:48:12.732+0100] {processor.py:183} INFO - Processing /Users/malone/data-engineering-pathway/.venv/lib/python3.11/site-packages/airflow/example_dags/example_setup_teardown.py took 0.057 seconds
[2026-04-26T17:50:12.208+0100] {processor.py:161} INFO - Started process (PID=9504) to work on /Users/malone/data-engineering-pathway/.venv/lib/python3.11/site-packages/airflow/example_dags/example_setup_teardown.py
[2026-04-26T17:50:12.209+0100] {processor.py:830} INFO - Processing file /Users/malone/data-engineering-pathway/.venv/lib/python3.11/site-packages/airflow/example_dags/example_setup_teardown.py for tasks to queue
[2026-04-26T17:50:12.210+0100] {logging_mixin.py:188} INFO - [2026-04-26T17:50:12.210+0100] {dagbag.py:545} INFO - Filling up the DagBag from /Users/malone/data-engineering-pathway/.venv/lib/python3.11/site-packages/airflow/example_dags/example_setup_teardown.py
[2026-04-26T17:50:12.219+0100] {processor.py:840} INFO - DAG(s) 'example_setup_teardown' retrieved from /Users/malone/data-engineering-pathway/.venv/lib/python3.11/site-packages/airflow/example_dags/example_setup_teardown.py
[2026-04-26T17:50:12.291+0100] {logging_mixin.py:188} INFO - [2026-04-26T17:50:12.291+0100] {dag.py:3089} INFO - Sync 1 DAGs
[2026-04-26T17:50:12.304+0100] {logging_mixin.py:188} INFO - [2026-04-26T17:50:12.304+0100] {dag.py:3947} INFO - Setting next_dagrun for example_setup_teardown to 2026-04-25 00:00:00+00:00, run_after=2026-04-26 00:00:00+00:00
[2026-04-26T17:50:12.322+0100] {processor.py:183} INFO - Processing /Users/malone/data-engineering-pathway/.venv/lib/python3.11/site-packages/airflow/example_dags/example_setup_teardown.py took 0.116 seconds
[2026-04-26T17:52:11.634+0100] {processor.py:161} INFO - Started process (PID=9664) to work on /Users/malone/data-engineering-pathway/.venv/lib/python3.11/site-packages/airflow/example_dags/example_setup_teardown.py
[2026-04-26T17:52:11.635+0100] {processor.py:830} INFO - Processing file /Users/malone/data-engineering-pathway/.venv/lib/python3.11/site-packages/airflow/example_dags/example_setup_teardown.py for tasks to queue
[2026-04-26T17:52:11.635+0100] {logging_mixin.py:188} INFO - [2026-04-26T17:52:11.635+0100] {dagbag.py:545} INFO - Filling up the DagBag from /Users/malone/data-engineering-pathway/.venv/lib/python3.11/site-packages/airflow/example_dags/example_setup_teardown.py
[2026-04-26T17:52:11.638+0100] {processor.py:840} INFO - DAG(s) 'example_setup_teardown' retrieved from /Users/malone/data-engineering-pathway/.venv/lib/python3.11/site-packages/airflow/example_dags/example_setup_teardown.py
[2026-04-26T17:52:11.679+0100] {logging_mixin.py:188} INFO - [2026-04-26T17:52:11.679+0100] {dag.py:3089} INFO - Sync 1 DAGs
[2026-04-26T17:52:11.685+0100] {logging_mixin.py:188} INFO - [2026-04-26T17:52:11.685+0100] {dag.py:3947} INFO - Setting next_dagrun for example_setup_teardown to 2026-04-25 00:00:00+00:00, run_after=2026-04-26 00:00:00+00:00
[2026-04-26T17:52:11.692+0100] {processor.py:183} INFO - Processing /Users/malone/data-engineering-pathway/.venv/lib/python3.11/site-packages/airflow/example_dags/example_setup_teardown.py took 0.059 seconds
[2026-04-26T17:54:08.365+0100] {processor.py:161} INFO - Started process (PID=9816) to work on /Users/malone/data-engineering-pathway/.venv/lib/python3.11/site-packages/airflow/example_dags/example_setup_teardown.py
[2026-04-26T17:54:08.365+0100] {processor.py:830} INFO - Processing file /Users/malone/data-engineering-pathway/.venv/lib/python3.11/site-packages/airflow/example_dags/example_setup_teardown.py for tasks to queue
[2026-04-26T17:54:08.366+0100] {logging_mixin.py:188} INFO - [2026-04-26T17:54:08.366+0100] {dagbag.py:545} INFO - Filling up the DagBag from /Users/malone/data-engineering-pathway/.venv/lib/python3.11/site-packages/airflow/example_dags/example_setup_teardown.py
[2026-04-26T17:54:08.369+0100] {processor.py:840} INFO - DAG(s) 'example_setup_teardown' retrieved from /Users/malone/data-engineering-pathway/.venv/lib/python3.11/site-packages/airflow/example_dags/example_setup_teardown.py
[2026-04-26T17:54:08.407+0100] {logging_mixin.py:188} INFO - [2026-04-26T17:54:08.407+0100] {dag.py:3089} INFO - Sync 1 DAGs
[2026-04-26T17:54:08.413+0100] {logging_mixin.py:188} INFO - [2026-04-26T17:54:08.412+0100] {dag.py:3947} INFO - Setting next_dagrun for example_setup_teardown to 2026-04-25 00:00:00+00:00, run_after=2026-04-26 00:00:00+00:00
[2026-04-26T17:54:08.420+0100] {processor.py:183} INFO - Processing /Users/malone/data-engineering-pathway/.venv/lib/python3.11/site-packages/airflow/example_dags/example_setup_teardown.py took 0.056 seconds
[2026-04-26T17:56:11.593+0100] {processor.py:161} INFO - Started process (PID=10032) to work on /Users/malone/data-engineering-pathway/.venv/lib/python3.11/site-packages/airflow/example_dags/example_setup_teardown.py
[2026-04-26T17:56:11.593+0100] {processor.py:830} INFO - Processing file /Users/malone/data-engineering-pathway/.venv/lib/python3.11/site-packages/airflow/example_dags/example_setup_teardown.py for tasks to queue
[2026-04-26T17:56:11.594+0100] {logging_mixin.py:188} INFO - [2026-04-26T17:56:11.594+0100] {dagbag.py:545} INFO - Filling up the DagBag from /Users/malone/data-engineering-pathway/.venv/lib/python3.11/site-packages/airflow/example_dags/example_setup_teardown.py
[2026-04-26T17:56:11.597+0100] {processor.py:840} INFO - DAG(s) 'example_setup_teardown' retrieved from /Users/malone/data-engineering-pathway/.venv/lib/python3.11/site-packages/airflow/example_dags/example_setup_teardown.py
[2026-04-26T17:56:11.639+0100] {logging_mixin.py:188} INFO - [2026-04-26T17:56:11.639+0100] {dag.py:3089} INFO - Sync 1 DAGs
[2026-04-26T17:56:11.647+0100] {logging_mixin.py:188} INFO - [2026-04-26T17:56:11.647+0100] {dag.py:3947} INFO - Setting next_dagrun for example_setup_teardown to 2026-04-25 00:00:00+00:00, run_after=2026-04-26 00:00:00+00:00
[2026-04-26T17:56:11.654+0100] {processor.py:183} INFO - Processing /Users/malone/data-engineering-pathway/.venv/lib/python3.11/site-packages/airflow/example_dags/example_setup_teardown.py took 0.062 seconds
[2026-04-26T17:58:08.316+0100] {processor.py:161} INFO - Started process (PID=10230) to work on /Users/malone/data-engineering-pathway/.venv/lib/python3.11/site-packages/airflow/example_dags/example_setup_teardown.py
[2026-04-26T17:58:08.319+0100] {processor.py:830} INFO - Processing file /Users/malone/data-engineering-pathway/.venv/lib/python3.11/site-packages/airflow/example_dags/example_setup_teardown.py for tasks to queue
[2026-04-26T17:58:08.319+0100] {logging_mixin.py:188} INFO - [2026-04-26T17:58:08.319+0100] {dagbag.py:545} INFO - Filling up the DagBag from /Users/malone/data-engineering-pathway/.venv/lib/python3.11/site-packages/airflow/example_dags/example_setup_teardown.py
[2026-04-26T17:58:08.323+0100] {processor.py:840} INFO - DAG(s) 'example_setup_teardown' retrieved from /Users/malone/data-engineering-pathway/.venv/lib/python3.11/site-packages/airflow/example_dags/example_setup_teardown.py
[2026-04-26T17:58:08.367+0100] {logging_mixin.py:188} INFO - [2026-04-26T17:58:08.367+0100] {dag.py:3089} INFO - Sync 1 DAGs
[2026-04-26T17:58:08.373+0100] {logging_mixin.py:188} INFO - [2026-04-26T17:58:08.373+0100] {dag.py:3947} INFO - Setting next_dagrun for example_setup_teardown to 2026-04-25 00:00:00+00:00, run_after=2026-04-26 00:00:00+00:00
[2026-04-26T17:58:08.380+0100] {processor.py:183} INFO - Processing /Users/malone/data-engineering-pathway/.venv/lib/python3.11/site-packages/airflow/example_dags/example_setup_teardown.py took 0.066 seconds
