[2026-04-26T17:39:55.611+0100] {processor.py:161} INFO - Started process (PID=8421) to work on /Users/malone/data-engineering-pathway/.venv/lib/python3.11/site-packages/airflow/example_dags/example_branch_operator.py
[2026-04-26T17:39:55.612+0100] {processor.py:830} INFO - Processing file /Users/malone/data-engineering-pathway/.venv/lib/python3.11/site-packages/airflow/example_dags/example_branch_operator.py for tasks to queue
[2026-04-26T17:39:55.612+0100] {logging_mixin.py:188} INFO - [2026-04-26T17:39:55.612+0100] {dagbag.py:545} INFO - Filling up the DagBag from /Users/malone/data-engineering-pathway/.venv/lib/python3.11/site-packages/airflow/example_dags/example_branch_operator.py
[2026-04-26T17:39:55.620+0100] {processor.py:842} WARNING - No viable dags retrieved from /Users/malone/data-engineering-pathway/.venv/lib/python3.11/site-packages/airflow/example_dags/example_branch_operator.py
[2026-04-26T17:39:55.646+0100] {processor.py:183} INFO - Processing /Users/malone/data-engineering-pathway/.venv/lib/python3.11/site-packages/airflow/example_dags/example_branch_operator.py took 0.036 seconds
[2026-04-26T17:41:51.487+0100] {processor.py:161} INFO - Started process (PID=8600) to work on /Users/malone/data-engineering-pathway/.venv/lib/python3.11/site-packages/airflow/example_dags/example_branch_operator.py
[2026-04-26T17:41:51.488+0100] {processor.py:830} INFO - Processing file /Users/malone/data-engineering-pathway/.venv/lib/python3.11/site-packages/airflow/example_dags/example_branch_operator.py for tasks to queue
[2026-04-26T17:41:51.488+0100] {logging_mixin.py:188} INFO - [2026-04-26T17:41:51.488+0100] {dagbag.py:545} INFO - Filling up the DagBag from /Users/malone/data-engineering-pathway/.venv/lib/python3.11/site-packages/airflow/example_dags/example_branch_operator.py
[2026-04-26T17:41:51.497+0100] {processor.py:842} WARNING - No viable dags retrieved from /Users/malone/data-engineering-pathway/.venv/lib/python3.11/site-packages/airflow/example_dags/example_branch_operator.py
[2026-04-26T17:41:51.523+0100] {processor.py:183} INFO - Processing /Users/malone/data-engineering-pathway/.venv/lib/python3.11/site-packages/airflow/example_dags/example_branch_operator.py took 0.036 seconds
[2026-04-26T17:43:49.057+0100] {processor.py:161} INFO - Started process (PID=8775) to work on /Users/malone/data-engineering-pathway/.venv/lib/python3.11/site-packages/airflow/example_dags/example_branch_operator.py
[2026-04-26T17:43:49.058+0100] {processor.py:830} INFO - Processing file /Users/malone/data-engineering-pathway/.venv/lib/python3.11/site-packages/airflow/example_dags/example_branch_operator.py for tasks to queue
[2026-04-26T17:43:49.058+0100] {logging_mixin.py:188} INFO - [2026-04-26T17:43:49.058+0100] {dagbag.py:545} INFO - Filling up the DagBag from /Users/malone/data-engineering-pathway/.venv/lib/python3.11/site-packages/airflow/example_dags/example_branch_operator.py
[2026-04-26T17:43:49.066+0100] {processor.py:842} WARNING - No viable dags retrieved from /Users/malone/data-engineering-pathway/.venv/lib/python3.11/site-packages/airflow/example_dags/example_branch_operator.py
[2026-04-26T17:43:49.093+0100] {processor.py:183} INFO - Processing /Users/malone/data-engineering-pathway/.venv/lib/python3.11/site-packages/airflow/example_dags/example_branch_operator.py took 0.037 seconds
[2026-04-26T17:45:34.748+0100] {processor.py:161} INFO - Started process (PID=8943) to work on /Users/malone/data-engineering-pathway/.venv/lib/python3.11/site-packages/airflow/example_dags/example_branch_operator.py
[2026-04-26T17:45:34.749+0100] {processor.py:830} INFO - Processing file /Users/malone/data-engineering-pathway/.venv/lib/python3.11/site-packages/airflow/example_dags/example_branch_operator.py for tasks to queue
[2026-04-26T17:45:34.749+0100] {logging_mixin.py:188} INFO - [2026-04-26T17:45:34.749+0100] {dagbag.py:545} INFO - Filling up the DagBag from /Users/malone/data-engineering-pathway/.venv/lib/python3.11/site-packages/airflow/example_dags/example_branch_operator.py
[2026-04-26T17:45:34.758+0100] {processor.py:842} WARNING - No viable dags retrieved from /Users/malone/data-engineering-pathway/.venv/lib/python3.11/site-packages/airflow/example_dags/example_branch_operator.py
[2026-04-26T17:45:34.784+0100] {processor.py:183} INFO - Processing /Users/malone/data-engineering-pathway/.venv/lib/python3.11/site-packages/airflow/example_dags/example_branch_operator.py took 0.037 seconds
[2026-04-26T17:47:23.053+0100] {processor.py:161} INFO - Started process (PID=9120) to work on /Users/malone/data-engineering-pathway/.venv/lib/python3.11/site-packages/airflow/example_dags/example_branch_operator.py
[2026-04-26T17:47:23.053+0100] {processor.py:830} INFO - Processing file /Users/malone/data-engineering-pathway/.venv/lib/python3.11/site-packages/airflow/example_dags/example_branch_operator.py for tasks to queue
[2026-04-26T17:47:23.054+0100] {logging_mixin.py:188} INFO - [2026-04-26T17:47:23.053+0100] {dagbag.py:545} INFO - Filling up the DagBag from /Users/malone/data-engineering-pathway/.venv/lib/python3.11/site-packages/airflow/example_dags/example_branch_operator.py
[2026-04-26T17:47:23.062+0100] {processor.py:842} WARNING - No viable dags retrieved from /Users/malone/data-engineering-pathway/.venv/lib/python3.11/site-packages/airflow/example_dags/example_branch_operator.py
[2026-04-26T17:47:23.088+0100] {processor.py:183} INFO - Processing /Users/malone/data-engineering-pathway/.venv/lib/python3.11/site-packages/airflow/example_dags/example_branch_operator.py took 0.036 seconds
[2026-04-26T17:49:21.481+0100] {processor.py:161} INFO - Started process (PID=9449) to work on /Users/malone/data-engineering-pathway/.venv/lib/python3.11/site-packages/airflow/example_dags/example_branch_operator.py
[2026-04-26T17:49:21.481+0100] {processor.py:830} INFO - Processing file /Users/malone/data-engineering-pathway/.venv/lib/python3.11/site-packages/airflow/example_dags/example_branch_operator.py for tasks to queue
[2026-04-26T17:49:21.482+0100] {logging_mixin.py:188} INFO - [2026-04-26T17:49:21.482+0100] {dagbag.py:545} INFO - Filling up the DagBag from /Users/malone/data-engineering-pathway/.venv/lib/python3.11/site-packages/airflow/example_dags/example_branch_operator.py
[2026-04-26T17:49:21.497+0100] {processor.py:842} WARNING - No viable dags retrieved from /Users/malone/data-engineering-pathway/.venv/lib/python3.11/site-packages/airflow/example_dags/example_branch_operator.py
[2026-04-26T17:49:21.526+0100] {processor.py:183} INFO - Processing /Users/malone/data-engineering-pathway/.venv/lib/python3.11/site-packages/airflow/example_dags/example_branch_operator.py took 0.046 seconds
[2026-04-26T17:51:24.563+0100] {processor.py:161} INFO - Started process (PID=9613) to work on /Users/malone/data-engineering-pathway/.venv/lib/python3.11/site-packages/airflow/example_dags/example_branch_operator.py
[2026-04-26T17:51:24.564+0100] {processor.py:830} INFO - Processing file /Users/malone/data-engineering-pathway/.venv/lib/python3.11/site-packages/airflow/example_dags/example_branch_operator.py for tasks to queue
[2026-04-26T17:51:24.564+0100] {logging_mixin.py:188} INFO - [2026-04-26T17:51:24.564+0100] {dagbag.py:545} INFO - Filling up the DagBag from /Users/malone/data-engineering-pathway/.venv/lib/python3.11/site-packages/airflow/example_dags/example_branch_operator.py
[2026-04-26T17:51:24.572+0100] {processor.py:842} WARNING - No viable dags retrieved from /Users/malone/data-engineering-pathway/.venv/lib/python3.11/site-packages/airflow/example_dags/example_branch_operator.py
[2026-04-26T17:51:24.600+0100] {processor.py:183} INFO - Processing /Users/malone/data-engineering-pathway/.venv/lib/python3.11/site-packages/airflow/example_dags/example_branch_operator.py took 0.038 seconds
[2026-04-26T17:53:19.880+0100] {processor.py:161} INFO - Started process (PID=9741) to work on /Users/malone/data-engineering-pathway/.venv/lib/python3.11/site-packages/airflow/example_dags/example_branch_operator.py
[2026-04-26T17:53:19.880+0100] {processor.py:830} INFO - Processing file /Users/malone/data-engineering-pathway/.venv/lib/python3.11/site-packages/airflow/example_dags/example_branch_operator.py for tasks to queue
[2026-04-26T17:53:19.881+0100] {logging_mixin.py:188} INFO - [2026-04-26T17:53:19.881+0100] {dagbag.py:545} INFO - Filling up the DagBag from /Users/malone/data-engineering-pathway/.venv/lib/python3.11/site-packages/airflow/example_dags/example_branch_operator.py
[2026-04-26T17:53:19.890+0100] {processor.py:842} WARNING - No viable dags retrieved from /Users/malone/data-engineering-pathway/.venv/lib/python3.11/site-packages/airflow/example_dags/example_branch_operator.py
[2026-04-26T17:53:19.918+0100] {processor.py:183} INFO - Processing /Users/malone/data-engineering-pathway/.venv/lib/python3.11/site-packages/airflow/example_dags/example_branch_operator.py took 0.039 seconds
[2026-04-26T17:55:21.221+0100] {processor.py:161} INFO - Started process (PID=9911) to work on /Users/malone/data-engineering-pathway/.venv/lib/python3.11/site-packages/airflow/example_dags/example_branch_operator.py
[2026-04-26T17:55:21.222+0100] {processor.py:830} INFO - Processing file /Users/malone/data-engineering-pathway/.venv/lib/python3.11/site-packages/airflow/example_dags/example_branch_operator.py for tasks to queue
[2026-04-26T17:55:21.222+0100] {logging_mixin.py:188} INFO - [2026-04-26T17:55:21.222+0100] {dagbag.py:545} INFO - Filling up the DagBag from /Users/malone/data-engineering-pathway/.venv/lib/python3.11/site-packages/airflow/example_dags/example_branch_operator.py
[2026-04-26T17:55:21.230+0100] {processor.py:842} WARNING - No viable dags retrieved from /Users/malone/data-engineering-pathway/.venv/lib/python3.11/site-packages/airflow/example_dags/example_branch_operator.py
[2026-04-26T17:55:21.258+0100] {processor.py:183} INFO - Processing /Users/malone/data-engineering-pathway/.venv/lib/python3.11/site-packages/airflow/example_dags/example_branch_operator.py took 0.038 seconds
[2026-04-26T17:57:23.423+0100] {processor.py:161} INFO - Started process (PID=10157) to work on /Users/malone/data-engineering-pathway/.venv/lib/python3.11/site-packages/airflow/example_dags/example_branch_operator.py
[2026-04-26T17:57:23.424+0100] {processor.py:830} INFO - Processing file /Users/malone/data-engineering-pathway/.venv/lib/python3.11/site-packages/airflow/example_dags/example_branch_operator.py for tasks to queue
[2026-04-26T17:57:23.424+0100] {logging_mixin.py:188} INFO - [2026-04-26T17:57:23.424+0100] {dagbag.py:545} INFO - Filling up the DagBag from /Users/malone/data-engineering-pathway/.venv/lib/python3.11/site-packages/airflow/example_dags/example_branch_operator.py
[2026-04-26T17:57:23.438+0100] {processor.py:842} WARNING - No viable dags retrieved from /Users/malone/data-engineering-pathway/.venv/lib/python3.11/site-packages/airflow/example_dags/example_branch_operator.py
[2026-04-26T17:57:23.466+0100] {processor.py:183} INFO - Processing /Users/malone/data-engineering-pathway/.venv/lib/python3.11/site-packages/airflow/example_dags/example_branch_operator.py took 0.044 seconds
[2026-04-26T17:59:13.910+0100] {processor.py:161} INFO - Started process (PID=10335) to work on /Users/malone/data-engineering-pathway/.venv/lib/python3.11/site-packages/airflow/example_dags/example_branch_operator.py
[2026-04-26T17:59:13.910+0100] {processor.py:830} INFO - Processing file /Users/malone/data-engineering-pathway/.venv/lib/python3.11/site-packages/airflow/example_dags/example_branch_operator.py for tasks to queue
[2026-04-26T17:59:13.911+0100] {logging_mixin.py:188} INFO - [2026-04-26T17:59:13.911+0100] {dagbag.py:545} INFO - Filling up the DagBag from /Users/malone/data-engineering-pathway/.venv/lib/python3.11/site-packages/airflow/example_dags/example_branch_operator.py
[2026-04-26T17:59:13.920+0100] {processor.py:842} WARNING - No viable dags retrieved from /Users/malone/data-engineering-pathway/.venv/lib/python3.11/site-packages/airflow/example_dags/example_branch_operator.py
[2026-04-26T17:59:13.947+0100] {processor.py:183} INFO - Processing /Users/malone/data-engineering-pathway/.venv/lib/python3.11/site-packages/airflow/example_dags/example_branch_operator.py took 0.039 seconds
