[2026-04-26T17:39:16.354+0100] {processor.py:161} INFO - Started process (PID=8341) to work on /Users/malone/data-engineering-pathway/.venv/lib/python3.11/site-packages/airflow/example_dags/example_short_circuit_decorator.py
[2026-04-26T17:39:16.354+0100] {processor.py:830} INFO - Processing file /Users/malone/data-engineering-pathway/.venv/lib/python3.11/site-packages/airflow/example_dags/example_short_circuit_decorator.py for tasks to queue
[2026-04-26T17:39:16.354+0100] {logging_mixin.py:188} INFO - [2026-04-26T17:39:16.354+0100] {dagbag.py:545} INFO - Filling up the DagBag from /Users/malone/data-engineering-pathway/.venv/lib/python3.11/site-packages/airflow/example_dags/example_short_circuit_decorator.py
[2026-04-26T17:39:16.369+0100] {processor.py:840} INFO - DAG(s) 'example_short_circuit_decorator' retrieved from /Users/malone/data-engineering-pathway/.venv/lib/python3.11/site-packages/airflow/example_dags/example_short_circuit_decorator.py
[2026-04-26T17:39:16.461+0100] {logging_mixin.py:188} INFO - [2026-04-26T17:39:16.461+0100] {dag.py:3089} INFO - Sync 1 DAGs
[2026-04-26T17:39:16.466+0100] {logging_mixin.py:188} INFO - [2026-04-26T17:39:16.466+0100] {dag.py:3947} INFO - Setting next_dagrun for example_short_circuit_decorator to 2026-04-25 00:00:00+00:00, run_after=2026-04-26 00:00:00+00:00
[2026-04-26T17:39:16.473+0100] {processor.py:183} INFO - Processing /Users/malone/data-engineering-pathway/.venv/lib/python3.11/site-packages/airflow/example_dags/example_short_circuit_decorator.py took 0.121 seconds
[2026-04-26T17:40:42.901+0100] {processor.py:161} INFO - Started process (PID=8496) to work on /Users/malone/data-engineering-pathway/.venv/lib/python3.11/site-packages/airflow/example_dags/example_short_circuit_decorator.py
[2026-04-26T17:40:42.902+0100] {processor.py:830} INFO - Processing file /Users/malone/data-engineering-pathway/.venv/lib/python3.11/site-packages/airflow/example_dags/example_short_circuit_decorator.py for tasks to queue
[2026-04-26T17:40:42.902+0100] {logging_mixin.py:188} INFO - [2026-04-26T17:40:42.902+0100] {dagbag.py:545} INFO - Filling up the DagBag from /Users/malone/data-engineering-pathway/.venv/lib/python3.11/site-packages/airflow/example_dags/example_short_circuit_decorator.py
[2026-04-26T17:40:42.916+0100] {processor.py:840} INFO - DAG(s) 'example_short_circuit_decorator' retrieved from /Users/malone/data-engineering-pathway/.venv/lib/python3.11/site-packages/airflow/example_dags/example_short_circuit_decorator.py
[2026-04-26T17:40:42.953+0100] {logging_mixin.py:188} INFO - [2026-04-26T17:40:42.953+0100] {dag.py:3089} INFO - Sync 1 DAGs
[2026-04-26T17:40:42.959+0100] {logging_mixin.py:188} INFO - [2026-04-26T17:40:42.958+0100] {dag.py:3947} INFO - Setting next_dagrun for example_short_circuit_decorator to 2026-04-25 00:00:00+00:00, run_after=2026-04-26 00:00:00+00:00
[2026-04-26T17:40:42.993+0100] {processor.py:183} INFO - Processing /Users/malone/data-engineering-pathway/.venv/lib/python3.11/site-packages/airflow/example_dags/example_short_circuit_decorator.py took 0.093 seconds
[2026-04-26T17:42:39.132+0100] {processor.py:161} INFO - Started process (PID=8648) to work on /Users/malone/data-engineering-pathway/.venv/lib/python3.11/site-packages/airflow/example_dags/example_short_circuit_decorator.py
[2026-04-26T17:42:39.133+0100] {processor.py:830} INFO - Processing file /Users/malone/data-engineering-pathway/.venv/lib/python3.11/site-packages/airflow/example_dags/example_short_circuit_decorator.py for tasks to queue
[2026-04-26T17:42:39.133+0100] {logging_mixin.py:188} INFO - [2026-04-26T17:42:39.133+0100] {dagbag.py:545} INFO - Filling up the DagBag from /Users/malone/data-engineering-pathway/.venv/lib/python3.11/site-packages/airflow/example_dags/example_short_circuit_decorator.py
[2026-04-26T17:42:39.153+0100] {processor.py:840} INFO - DAG(s) 'example_short_circuit_decorator' retrieved from /Users/malone/data-engineering-pathway/.venv/lib/python3.11/site-packages/airflow/example_dags/example_short_circuit_decorator.py
[2026-04-26T17:42:39.193+0100] {logging_mixin.py:188} INFO - [2026-04-26T17:42:39.192+0100] {dag.py:3089} INFO - Sync 1 DAGs
[2026-04-26T17:42:39.198+0100] {logging_mixin.py:188} INFO - [2026-04-26T17:42:39.198+0100] {dag.py:3947} INFO - Setting next_dagrun for example_short_circuit_decorator to 2026-04-25 00:00:00+00:00, run_after=2026-04-26 00:00:00+00:00
[2026-04-26T17:42:39.233+0100] {processor.py:183} INFO - Processing /Users/malone/data-engineering-pathway/.venv/lib/python3.11/site-packages/airflow/example_dags/example_short_circuit_decorator.py took 0.103 seconds
[2026-04-26T17:44:32.226+0100] {processor.py:161} INFO - Started process (PID=8838) to work on /Users/malone/data-engineering-pathway/.venv/lib/python3.11/site-packages/airflow/example_dags/example_short_circuit_decorator.py
[2026-04-26T17:44:32.227+0100] {processor.py:830} INFO - Processing file /Users/malone/data-engineering-pathway/.venv/lib/python3.11/site-packages/airflow/example_dags/example_short_circuit_decorator.py for tasks to queue
[2026-04-26T17:44:32.227+0100] {logging_mixin.py:188} INFO - [2026-04-26T17:44:32.227+0100] {dagbag.py:545} INFO - Filling up the DagBag from /Users/malone/data-engineering-pathway/.venv/lib/python3.11/site-packages/airflow/example_dags/example_short_circuit_decorator.py
[2026-04-26T17:44:32.242+0100] {processor.py:840} INFO - DAG(s) 'example_short_circuit_decorator' retrieved from /Users/malone/data-engineering-pathway/.venv/lib/python3.11/site-packages/airflow/example_dags/example_short_circuit_decorator.py
[2026-04-26T17:44:32.280+0100] {logging_mixin.py:188} INFO - [2026-04-26T17:44:32.280+0100] {dag.py:3089} INFO - Sync 1 DAGs
[2026-04-26T17:44:32.285+0100] {logging_mixin.py:188} INFO - [2026-04-26T17:44:32.285+0100] {dag.py:3947} INFO - Setting next_dagrun for example_short_circuit_decorator to 2026-04-25 00:00:00+00:00, run_after=2026-04-26 00:00:00+00:00
[2026-04-26T17:44:32.319+0100] {processor.py:183} INFO - Processing /Users/malone/data-engineering-pathway/.venv/lib/python3.11/site-packages/airflow/example_dags/example_short_circuit_decorator.py took 0.093 seconds
[2026-04-26T17:46:17.166+0100] {processor.py:161} INFO - Started process (PID=9009) to work on /Users/malone/data-engineering-pathway/.venv/lib/python3.11/site-packages/airflow/example_dags/example_short_circuit_decorator.py
[2026-04-26T17:46:17.167+0100] {processor.py:830} INFO - Processing file /Users/malone/data-engineering-pathway/.venv/lib/python3.11/site-packages/airflow/example_dags/example_short_circuit_decorator.py for tasks to queue
[2026-04-26T17:46:17.168+0100] {logging_mixin.py:188} INFO - [2026-04-26T17:46:17.167+0100] {dagbag.py:545} INFO - Filling up the DagBag from /Users/malone/data-engineering-pathway/.venv/lib/python3.11/site-packages/airflow/example_dags/example_short_circuit_decorator.py
[2026-04-26T17:46:17.186+0100] {processor.py:840} INFO - DAG(s) 'example_short_circuit_decorator' retrieved from /Users/malone/data-engineering-pathway/.venv/lib/python3.11/site-packages/airflow/example_dags/example_short_circuit_decorator.py
[2026-04-26T17:46:17.224+0100] {logging_mixin.py:188} INFO - [2026-04-26T17:46:17.224+0100] {dag.py:3089} INFO - Sync 1 DAGs
[2026-04-26T17:46:17.229+0100] {logging_mixin.py:188} INFO - [2026-04-26T17:46:17.229+0100] {dag.py:3947} INFO - Setting next_dagrun for example_short_circuit_decorator to 2026-04-25 00:00:00+00:00, run_after=2026-04-26 00:00:00+00:00
[2026-04-26T17:46:17.263+0100] {processor.py:183} INFO - Processing /Users/malone/data-engineering-pathway/.venv/lib/python3.11/site-packages/airflow/example_dags/example_short_circuit_decorator.py took 0.099 seconds
[2026-04-26T17:48:08.992+0100] {processor.py:161} INFO - Started process (PID=9216) to work on /Users/malone/data-engineering-pathway/.venv/lib/python3.11/site-packages/airflow/example_dags/example_short_circuit_decorator.py
[2026-04-26T17:48:08.993+0100] {processor.py:830} INFO - Processing file /Users/malone/data-engineering-pathway/.venv/lib/python3.11/site-packages/airflow/example_dags/example_short_circuit_decorator.py for tasks to queue
[2026-04-26T17:48:08.993+0100] {logging_mixin.py:188} INFO - [2026-04-26T17:48:08.993+0100] {dagbag.py:545} INFO - Filling up the DagBag from /Users/malone/data-engineering-pathway/.venv/lib/python3.11/site-packages/airflow/example_dags/example_short_circuit_decorator.py
[2026-04-26T17:48:09.008+0100] {processor.py:840} INFO - DAG(s) 'example_short_circuit_decorator' retrieved from /Users/malone/data-engineering-pathway/.venv/lib/python3.11/site-packages/airflow/example_dags/example_short_circuit_decorator.py
[2026-04-26T17:48:09.047+0100] {logging_mixin.py:188} INFO - [2026-04-26T17:48:09.047+0100] {dag.py:3089} INFO - Sync 1 DAGs
[2026-04-26T17:48:09.053+0100] {logging_mixin.py:188} INFO - [2026-04-26T17:48:09.053+0100] {dag.py:3947} INFO - Setting next_dagrun for example_short_circuit_decorator to 2026-04-25 00:00:00+00:00, run_after=2026-04-26 00:00:00+00:00
[2026-04-26T17:48:09.087+0100] {processor.py:183} INFO - Processing /Users/malone/data-engineering-pathway/.venv/lib/python3.11/site-packages/airflow/example_dags/example_short_circuit_decorator.py took 0.096 seconds
[2026-04-26T17:50:08.239+0100] {processor.py:161} INFO - Started process (PID=9497) to work on /Users/malone/data-engineering-pathway/.venv/lib/python3.11/site-packages/airflow/example_dags/example_short_circuit_decorator.py
[2026-04-26T17:50:08.239+0100] {processor.py:830} INFO - Processing file /Users/malone/data-engineering-pathway/.venv/lib/python3.11/site-packages/airflow/example_dags/example_short_circuit_decorator.py for tasks to queue
[2026-04-26T17:50:08.240+0100] {logging_mixin.py:188} INFO - [2026-04-26T17:50:08.240+0100] {dagbag.py:545} INFO - Filling up the DagBag from /Users/malone/data-engineering-pathway/.venv/lib/python3.11/site-packages/airflow/example_dags/example_short_circuit_decorator.py
[2026-04-26T17:50:08.258+0100] {processor.py:840} INFO - DAG(s) 'example_short_circuit_decorator' retrieved from /Users/malone/data-engineering-pathway/.venv/lib/python3.11/site-packages/airflow/example_dags/example_short_circuit_decorator.py
[2026-04-26T17:50:08.310+0100] {logging_mixin.py:188} INFO - [2026-04-26T17:50:08.310+0100] {dag.py:3089} INFO - Sync 1 DAGs
[2026-04-26T17:50:08.318+0100] {logging_mixin.py:188} INFO - [2026-04-26T17:50:08.318+0100] {dag.py:3947} INFO - Setting next_dagrun for example_short_circuit_decorator to 2026-04-25 00:00:00+00:00, run_after=2026-04-26 00:00:00+00:00
[2026-04-26T17:50:08.396+0100] {processor.py:183} INFO - Processing /Users/malone/data-engineering-pathway/.venv/lib/python3.11/site-packages/airflow/example_dags/example_short_circuit_decorator.py took 0.160 seconds
[2026-04-26T17:52:08.847+0100] {processor.py:161} INFO - Started process (PID=9662) to work on /Users/malone/data-engineering-pathway/.venv/lib/python3.11/site-packages/airflow/example_dags/example_short_circuit_decorator.py
[2026-04-26T17:52:08.847+0100] {processor.py:830} INFO - Processing file /Users/malone/data-engineering-pathway/.venv/lib/python3.11/site-packages/airflow/example_dags/example_short_circuit_decorator.py for tasks to queue
[2026-04-26T17:52:08.848+0100] {logging_mixin.py:188} INFO - [2026-04-26T17:52:08.847+0100] {dagbag.py:545} INFO - Filling up the DagBag from /Users/malone/data-engineering-pathway/.venv/lib/python3.11/site-packages/airflow/example_dags/example_short_circuit_decorator.py
[2026-04-26T17:52:08.862+0100] {processor.py:840} INFO - DAG(s) 'example_short_circuit_decorator' retrieved from /Users/malone/data-engineering-pathway/.venv/lib/python3.11/site-packages/airflow/example_dags/example_short_circuit_decorator.py
[2026-04-26T17:52:08.899+0100] {logging_mixin.py:188} INFO - [2026-04-26T17:52:08.899+0100] {dag.py:3089} INFO - Sync 1 DAGs
[2026-04-26T17:52:08.904+0100] {logging_mixin.py:188} INFO - [2026-04-26T17:52:08.904+0100] {dag.py:3947} INFO - Setting next_dagrun for example_short_circuit_decorator to 2026-04-25 00:00:00+00:00, run_after=2026-04-26 00:00:00+00:00
[2026-04-26T17:52:08.938+0100] {processor.py:183} INFO - Processing /Users/malone/data-engineering-pathway/.venv/lib/python3.11/site-packages/airflow/example_dags/example_short_circuit_decorator.py took 0.093 seconds
[2026-04-26T17:54:04.735+0100] {processor.py:161} INFO - Started process (PID=9812) to work on /Users/malone/data-engineering-pathway/.venv/lib/python3.11/site-packages/airflow/example_dags/example_short_circuit_decorator.py
[2026-04-26T17:54:04.735+0100] {processor.py:830} INFO - Processing file /Users/malone/data-engineering-pathway/.venv/lib/python3.11/site-packages/airflow/example_dags/example_short_circuit_decorator.py for tasks to queue
[2026-04-26T17:54:04.736+0100] {logging_mixin.py:188} INFO - [2026-04-26T17:54:04.736+0100] {dagbag.py:545} INFO - Filling up the DagBag from /Users/malone/data-engineering-pathway/.venv/lib/python3.11/site-packages/airflow/example_dags/example_short_circuit_decorator.py
[2026-04-26T17:54:04.750+0100] {processor.py:840} INFO - DAG(s) 'example_short_circuit_decorator' retrieved from /Users/malone/data-engineering-pathway/.venv/lib/python3.11/site-packages/airflow/example_dags/example_short_circuit_decorator.py
[2026-04-26T17:54:04.788+0100] {logging_mixin.py:188} INFO - [2026-04-26T17:54:04.788+0100] {dag.py:3089} INFO - Sync 1 DAGs
[2026-04-26T17:54:04.793+0100] {logging_mixin.py:188} INFO - [2026-04-26T17:54:04.793+0100] {dag.py:3947} INFO - Setting next_dagrun for example_short_circuit_decorator to 2026-04-25 00:00:00+00:00, run_after=2026-04-26 00:00:00+00:00
[2026-04-26T17:54:04.827+0100] {processor.py:183} INFO - Processing /Users/malone/data-engineering-pathway/.venv/lib/python3.11/site-packages/airflow/example_dags/example_short_circuit_decorator.py took 0.093 seconds
[2026-04-26T17:56:08.234+0100] {processor.py:161} INFO - Started process (PID=10026) to work on /Users/malone/data-engineering-pathway/.venv/lib/python3.11/site-packages/airflow/example_dags/example_short_circuit_decorator.py
[2026-04-26T17:56:08.235+0100] {processor.py:830} INFO - Processing file /Users/malone/data-engineering-pathway/.venv/lib/python3.11/site-packages/airflow/example_dags/example_short_circuit_decorator.py for tasks to queue
[2026-04-26T17:56:08.235+0100] {logging_mixin.py:188} INFO - [2026-04-26T17:56:08.235+0100] {dagbag.py:545} INFO - Filling up the DagBag from /Users/malone/data-engineering-pathway/.venv/lib/python3.11/site-packages/airflow/example_dags/example_short_circuit_decorator.py
[2026-04-26T17:56:08.253+0100] {processor.py:840} INFO - DAG(s) 'example_short_circuit_decorator' retrieved from /Users/malone/data-engineering-pathway/.venv/lib/python3.11/site-packages/airflow/example_dags/example_short_circuit_decorator.py
[2026-04-26T17:56:08.293+0100] {logging_mixin.py:188} INFO - [2026-04-26T17:56:08.293+0100] {dag.py:3089} INFO - Sync 1 DAGs
[2026-04-26T17:56:08.299+0100] {logging_mixin.py:188} INFO - [2026-04-26T17:56:08.299+0100] {dag.py:3947} INFO - Setting next_dagrun for example_short_circuit_decorator to 2026-04-25 00:00:00+00:00, run_after=2026-04-26 00:00:00+00:00
[2026-04-26T17:56:08.334+0100] {processor.py:183} INFO - Processing /Users/malone/data-engineering-pathway/.venv/lib/python3.11/site-packages/airflow/example_dags/example_short_circuit_decorator.py took 0.100 seconds
[2026-04-26T17:58:05.343+0100] {processor.py:161} INFO - Started process (PID=10224) to work on /Users/malone/data-engineering-pathway/.venv/lib/python3.11/site-packages/airflow/example_dags/example_short_circuit_decorator.py
[2026-04-26T17:58:05.343+0100] {processor.py:830} INFO - Processing file /Users/malone/data-engineering-pathway/.venv/lib/python3.11/site-packages/airflow/example_dags/example_short_circuit_decorator.py for tasks to queue
[2026-04-26T17:58:05.344+0100] {logging_mixin.py:188} INFO - [2026-04-26T17:58:05.344+0100] {dagbag.py:545} INFO - Filling up the DagBag from /Users/malone/data-engineering-pathway/.venv/lib/python3.11/site-packages/airflow/example_dags/example_short_circuit_decorator.py
[2026-04-26T17:58:05.359+0100] {processor.py:840} INFO - DAG(s) 'example_short_circuit_decorator' retrieved from /Users/malone/data-engineering-pathway/.venv/lib/python3.11/site-packages/airflow/example_dags/example_short_circuit_decorator.py
[2026-04-26T17:58:05.396+0100] {logging_mixin.py:188} INFO - [2026-04-26T17:58:05.396+0100] {dag.py:3089} INFO - Sync 1 DAGs
[2026-04-26T17:58:05.402+0100] {logging_mixin.py:188} INFO - [2026-04-26T17:58:05.402+0100] {dag.py:3947} INFO - Setting next_dagrun for example_short_circuit_decorator to 2026-04-25 00:00:00+00:00, run_after=2026-04-26 00:00:00+00:00
[2026-04-26T17:58:05.438+0100] {processor.py:183} INFO - Processing /Users/malone/data-engineering-pathway/.venv/lib/python3.11/site-packages/airflow/example_dags/example_short_circuit_decorator.py took 0.096 seconds
