[2026-04-26T17:39:23.298+0100] {processor.py:161} INFO - Started process (PID=8363) to work on /Users/malone/data-engineering-pathway/.venv/lib/python3.11/site-packages/airflow/example_dags/example_sensor_decorator.py
[2026-04-26T17:39:23.298+0100] {processor.py:830} INFO - Processing file /Users/malone/data-engineering-pathway/.venv/lib/python3.11/site-packages/airflow/example_dags/example_sensor_decorator.py for tasks to queue
[2026-04-26T17:39:23.298+0100] {logging_mixin.py:188} INFO - [2026-04-26T17:39:23.298+0100] {dagbag.py:545} INFO - Filling up the DagBag from /Users/malone/data-engineering-pathway/.venv/lib/python3.11/site-packages/airflow/example_dags/example_sensor_decorator.py
[2026-04-26T17:39:23.312+0100] {processor.py:840} INFO - DAG(s) 'example_sensor_decorator' retrieved from /Users/malone/data-engineering-pathway/.venv/lib/python3.11/site-packages/airflow/example_dags/example_sensor_decorator.py
[2026-04-26T17:39:23.408+0100] {logging_mixin.py:188} INFO - [2026-04-26T17:39:23.407+0100] {dag.py:3089} INFO - Sync 1 DAGs
[2026-04-26T17:39:23.411+0100] {logging_mixin.py:188} INFO - [2026-04-26T17:39:23.410+0100] {dag.py:3947} INFO - Setting next_dagrun for example_sensor_decorator to None, run_after=None
[2026-04-26T17:39:23.417+0100] {processor.py:183} INFO - Processing /Users/malone/data-engineering-pathway/.venv/lib/python3.11/site-packages/airflow/example_dags/example_sensor_decorator.py took 0.121 seconds
[2026-04-26T17:40:48.977+0100] {processor.py:161} INFO - Started process (PID=8508) to work on /Users/malone/data-engineering-pathway/.venv/lib/python3.11/site-packages/airflow/example_dags/example_sensor_decorator.py
[2026-04-26T17:40:48.977+0100] {processor.py:830} INFO - Processing file /Users/malone/data-engineering-pathway/.venv/lib/python3.11/site-packages/airflow/example_dags/example_sensor_decorator.py for tasks to queue
[2026-04-26T17:40:48.978+0100] {logging_mixin.py:188} INFO - [2026-04-26T17:40:48.978+0100] {dagbag.py:545} INFO - Filling up the DagBag from /Users/malone/data-engineering-pathway/.venv/lib/python3.11/site-packages/airflow/example_dags/example_sensor_decorator.py
[2026-04-26T17:40:48.993+0100] {processor.py:840} INFO - DAG(s) 'example_sensor_decorator' retrieved from /Users/malone/data-engineering-pathway/.venv/lib/python3.11/site-packages/airflow/example_dags/example_sensor_decorator.py
[2026-04-26T17:40:49.035+0100] {logging_mixin.py:188} INFO - [2026-04-26T17:40:49.035+0100] {dag.py:3089} INFO - Sync 1 DAGs
[2026-04-26T17:40:49.038+0100] {logging_mixin.py:188} INFO - [2026-04-26T17:40:49.038+0100] {dag.py:3947} INFO - Setting next_dagrun for example_sensor_decorator to None, run_after=None
[2026-04-26T17:40:49.072+0100] {processor.py:183} INFO - Processing /Users/malone/data-engineering-pathway/.venv/lib/python3.11/site-packages/airflow/example_dags/example_sensor_decorator.py took 0.096 seconds
[2026-04-26T17:42:46.630+0100] {processor.py:161} INFO - Started process (PID=8656) to work on /Users/malone/data-engineering-pathway/.venv/lib/python3.11/site-packages/airflow/example_dags/example_sensor_decorator.py
[2026-04-26T17:42:46.631+0100] {processor.py:830} INFO - Processing file /Users/malone/data-engineering-pathway/.venv/lib/python3.11/site-packages/airflow/example_dags/example_sensor_decorator.py for tasks to queue
[2026-04-26T17:42:46.631+0100] {logging_mixin.py:188} INFO - [2026-04-26T17:42:46.631+0100] {dagbag.py:545} INFO - Filling up the DagBag from /Users/malone/data-engineering-pathway/.venv/lib/python3.11/site-packages/airflow/example_dags/example_sensor_decorator.py
[2026-04-26T17:42:46.645+0100] {processor.py:840} INFO - DAG(s) 'example_sensor_decorator' retrieved from /Users/malone/data-engineering-pathway/.venv/lib/python3.11/site-packages/airflow/example_dags/example_sensor_decorator.py
[2026-04-26T17:42:46.687+0100] {logging_mixin.py:188} INFO - [2026-04-26T17:42:46.686+0100] {dag.py:3089} INFO - Sync 1 DAGs
[2026-04-26T17:42:46.690+0100] {logging_mixin.py:188} INFO - [2026-04-26T17:42:46.690+0100] {dag.py:3947} INFO - Setting next_dagrun for example_sensor_decorator to None, run_after=None
[2026-04-26T17:42:46.726+0100] {processor.py:183} INFO - Processing /Users/malone/data-engineering-pathway/.venv/lib/python3.11/site-packages/airflow/example_dags/example_sensor_decorator.py took 0.097 seconds
[2026-04-26T17:44:38.933+0100] {processor.py:161} INFO - Started process (PID=8847) to work on /Users/malone/data-engineering-pathway/.venv/lib/python3.11/site-packages/airflow/example_dags/example_sensor_decorator.py
[2026-04-26T17:44:38.933+0100] {processor.py:830} INFO - Processing file /Users/malone/data-engineering-pathway/.venv/lib/python3.11/site-packages/airflow/example_dags/example_sensor_decorator.py for tasks to queue
[2026-04-26T17:44:38.934+0100] {logging_mixin.py:188} INFO - [2026-04-26T17:44:38.934+0100] {dagbag.py:545} INFO - Filling up the DagBag from /Users/malone/data-engineering-pathway/.venv/lib/python3.11/site-packages/airflow/example_dags/example_sensor_decorator.py
[2026-04-26T17:44:38.947+0100] {processor.py:840} INFO - DAG(s) 'example_sensor_decorator' retrieved from /Users/malone/data-engineering-pathway/.venv/lib/python3.11/site-packages/airflow/example_dags/example_sensor_decorator.py
[2026-04-26T17:44:38.989+0100] {logging_mixin.py:188} INFO - [2026-04-26T17:44:38.989+0100] {dag.py:3089} INFO - Sync 1 DAGs
[2026-04-26T17:44:38.992+0100] {logging_mixin.py:188} INFO - [2026-04-26T17:44:38.992+0100] {dag.py:3947} INFO - Setting next_dagrun for example_sensor_decorator to None, run_after=None
[2026-04-26T17:44:39.026+0100] {processor.py:183} INFO - Processing /Users/malone/data-engineering-pathway/.venv/lib/python3.11/site-packages/airflow/example_dags/example_sensor_decorator.py took 0.095 seconds
[2026-04-26T17:46:24.360+0100] {processor.py:161} INFO - Started process (PID=9017) to work on /Users/malone/data-engineering-pathway/.venv/lib/python3.11/site-packages/airflow/example_dags/example_sensor_decorator.py
[2026-04-26T17:46:24.361+0100] {processor.py:830} INFO - Processing file /Users/malone/data-engineering-pathway/.venv/lib/python3.11/site-packages/airflow/example_dags/example_sensor_decorator.py for tasks to queue
[2026-04-26T17:46:24.361+0100] {logging_mixin.py:188} INFO - [2026-04-26T17:46:24.361+0100] {dagbag.py:545} INFO - Filling up the DagBag from /Users/malone/data-engineering-pathway/.venv/lib/python3.11/site-packages/airflow/example_dags/example_sensor_decorator.py
[2026-04-26T17:46:24.375+0100] {processor.py:840} INFO - DAG(s) 'example_sensor_decorator' retrieved from /Users/malone/data-engineering-pathway/.venv/lib/python3.11/site-packages/airflow/example_dags/example_sensor_decorator.py
[2026-04-26T17:46:24.417+0100] {logging_mixin.py:188} INFO - [2026-04-26T17:46:24.416+0100] {dag.py:3089} INFO - Sync 1 DAGs
[2026-04-26T17:46:24.420+0100] {logging_mixin.py:188} INFO - [2026-04-26T17:46:24.420+0100] {dag.py:3947} INFO - Setting next_dagrun for example_sensor_decorator to None, run_after=None
[2026-04-26T17:46:24.454+0100] {processor.py:183} INFO - Processing /Users/malone/data-engineering-pathway/.venv/lib/python3.11/site-packages/airflow/example_dags/example_sensor_decorator.py took 0.094 seconds
[2026-04-26T17:48:16.177+0100] {processor.py:161} INFO - Started process (PID=9224) to work on /Users/malone/data-engineering-pathway/.venv/lib/python3.11/site-packages/airflow/example_dags/example_sensor_decorator.py
[2026-04-26T17:48:16.177+0100] {processor.py:830} INFO - Processing file /Users/malone/data-engineering-pathway/.venv/lib/python3.11/site-packages/airflow/example_dags/example_sensor_decorator.py for tasks to queue
[2026-04-26T17:48:16.178+0100] {logging_mixin.py:188} INFO - [2026-04-26T17:48:16.178+0100] {dagbag.py:545} INFO - Filling up the DagBag from /Users/malone/data-engineering-pathway/.venv/lib/python3.11/site-packages/airflow/example_dags/example_sensor_decorator.py
[2026-04-26T17:48:16.215+0100] {processor.py:840} INFO - DAG(s) 'example_sensor_decorator' retrieved from /Users/malone/data-engineering-pathway/.venv/lib/python3.11/site-packages/airflow/example_dags/example_sensor_decorator.py
[2026-04-26T17:48:16.275+0100] {logging_mixin.py:188} INFO - [2026-04-26T17:48:16.275+0100] {dag.py:3089} INFO - Sync 1 DAGs
[2026-04-26T17:48:16.278+0100] {logging_mixin.py:188} INFO - [2026-04-26T17:48:16.278+0100] {dag.py:3947} INFO - Setting next_dagrun for example_sensor_decorator to None, run_after=None
[2026-04-26T17:48:16.313+0100] {processor.py:183} INFO - Processing /Users/malone/data-engineering-pathway/.venv/lib/python3.11/site-packages/airflow/example_dags/example_sensor_decorator.py took 0.137 seconds
[2026-04-26T17:50:15.421+0100] {processor.py:161} INFO - Started process (PID=9515) to work on /Users/malone/data-engineering-pathway/.venv/lib/python3.11/site-packages/airflow/example_dags/example_sensor_decorator.py
[2026-04-26T17:50:15.422+0100] {processor.py:830} INFO - Processing file /Users/malone/data-engineering-pathway/.venv/lib/python3.11/site-packages/airflow/example_dags/example_sensor_decorator.py for tasks to queue
[2026-04-26T17:50:15.422+0100] {logging_mixin.py:188} INFO - [2026-04-26T17:50:15.422+0100] {dagbag.py:545} INFO - Filling up the DagBag from /Users/malone/data-engineering-pathway/.venv/lib/python3.11/site-packages/airflow/example_dags/example_sensor_decorator.py
[2026-04-26T17:50:15.443+0100] {processor.py:840} INFO - DAG(s) 'example_sensor_decorator' retrieved from /Users/malone/data-engineering-pathway/.venv/lib/python3.11/site-packages/airflow/example_dags/example_sensor_decorator.py
[2026-04-26T17:50:15.486+0100] {logging_mixin.py:188} INFO - [2026-04-26T17:50:15.486+0100] {dag.py:3089} INFO - Sync 1 DAGs
[2026-04-26T17:50:15.489+0100] {logging_mixin.py:188} INFO - [2026-04-26T17:50:15.489+0100] {dag.py:3947} INFO - Setting next_dagrun for example_sensor_decorator to None, run_after=None
[2026-04-26T17:50:15.528+0100] {processor.py:183} INFO - Processing /Users/malone/data-engineering-pathway/.venv/lib/python3.11/site-packages/airflow/example_dags/example_sensor_decorator.py took 0.110 seconds
[2026-04-26T17:52:15.732+0100] {processor.py:161} INFO - Started process (PID=9669) to work on /Users/malone/data-engineering-pathway/.venv/lib/python3.11/site-packages/airflow/example_dags/example_sensor_decorator.py
[2026-04-26T17:52:15.733+0100] {processor.py:830} INFO - Processing file /Users/malone/data-engineering-pathway/.venv/lib/python3.11/site-packages/airflow/example_dags/example_sensor_decorator.py for tasks to queue
[2026-04-26T17:52:15.734+0100] {logging_mixin.py:188} INFO - [2026-04-26T17:52:15.734+0100] {dagbag.py:545} INFO - Filling up the DagBag from /Users/malone/data-engineering-pathway/.venv/lib/python3.11/site-packages/airflow/example_dags/example_sensor_decorator.py
[2026-04-26T17:52:15.756+0100] {processor.py:840} INFO - DAG(s) 'example_sensor_decorator' retrieved from /Users/malone/data-engineering-pathway/.venv/lib/python3.11/site-packages/airflow/example_dags/example_sensor_decorator.py
[2026-04-26T17:52:15.802+0100] {logging_mixin.py:188} INFO - [2026-04-26T17:52:15.802+0100] {dag.py:3089} INFO - Sync 1 DAGs
[2026-04-26T17:52:15.806+0100] {logging_mixin.py:188} INFO - [2026-04-26T17:52:15.806+0100] {dag.py:3947} INFO - Setting next_dagrun for example_sensor_decorator to None, run_after=None
[2026-04-26T17:52:15.854+0100] {processor.py:183} INFO - Processing /Users/malone/data-engineering-pathway/.venv/lib/python3.11/site-packages/airflow/example_dags/example_sensor_decorator.py took 0.124 seconds
[2026-04-26T17:54:12.094+0100] {processor.py:161} INFO - Started process (PID=9826) to work on /Users/malone/data-engineering-pathway/.venv/lib/python3.11/site-packages/airflow/example_dags/example_sensor_decorator.py
[2026-04-26T17:54:12.095+0100] {processor.py:830} INFO - Processing file /Users/malone/data-engineering-pathway/.venv/lib/python3.11/site-packages/airflow/example_dags/example_sensor_decorator.py for tasks to queue
[2026-04-26T17:54:12.095+0100] {logging_mixin.py:188} INFO - [2026-04-26T17:54:12.095+0100] {dagbag.py:545} INFO - Filling up the DagBag from /Users/malone/data-engineering-pathway/.venv/lib/python3.11/site-packages/airflow/example_dags/example_sensor_decorator.py
[2026-04-26T17:54:12.109+0100] {processor.py:840} INFO - DAG(s) 'example_sensor_decorator' retrieved from /Users/malone/data-engineering-pathway/.venv/lib/python3.11/site-packages/airflow/example_dags/example_sensor_decorator.py
[2026-04-26T17:54:12.151+0100] {logging_mixin.py:188} INFO - [2026-04-26T17:54:12.150+0100] {dag.py:3089} INFO - Sync 1 DAGs
[2026-04-26T17:54:12.154+0100] {logging_mixin.py:188} INFO - [2026-04-26T17:54:12.154+0100] {dag.py:3947} INFO - Setting next_dagrun for example_sensor_decorator to None, run_after=None
[2026-04-26T17:54:12.187+0100] {processor.py:183} INFO - Processing /Users/malone/data-engineering-pathway/.venv/lib/python3.11/site-packages/airflow/example_dags/example_sensor_decorator.py took 0.094 seconds
[2026-04-26T17:56:15.130+0100] {processor.py:161} INFO - Started process (PID=10038) to work on /Users/malone/data-engineering-pathway/.venv/lib/python3.11/site-packages/airflow/example_dags/example_sensor_decorator.py
[2026-04-26T17:56:15.131+0100] {processor.py:830} INFO - Processing file /Users/malone/data-engineering-pathway/.venv/lib/python3.11/site-packages/airflow/example_dags/example_sensor_decorator.py for tasks to queue
[2026-04-26T17:56:15.131+0100] {logging_mixin.py:188} INFO - [2026-04-26T17:56:15.131+0100] {dagbag.py:545} INFO - Filling up the DagBag from /Users/malone/data-engineering-pathway/.venv/lib/python3.11/site-packages/airflow/example_dags/example_sensor_decorator.py
[2026-04-26T17:56:15.150+0100] {processor.py:840} INFO - DAG(s) 'example_sensor_decorator' retrieved from /Users/malone/data-engineering-pathway/.venv/lib/python3.11/site-packages/airflow/example_dags/example_sensor_decorator.py
[2026-04-26T17:56:15.199+0100] {logging_mixin.py:188} INFO - [2026-04-26T17:56:15.199+0100] {dag.py:3089} INFO - Sync 1 DAGs
[2026-04-26T17:56:15.202+0100] {logging_mixin.py:188} INFO - [2026-04-26T17:56:15.202+0100] {dag.py:3947} INFO - Setting next_dagrun for example_sensor_decorator to None, run_after=None
[2026-04-26T17:56:15.249+0100] {processor.py:183} INFO - Processing /Users/malone/data-engineering-pathway/.venv/lib/python3.11/site-packages/airflow/example_dags/example_sensor_decorator.py took 0.120 seconds
[2026-04-26T17:58:11.873+0100] {processor.py:161} INFO - Started process (PID=10236) to work on /Users/malone/data-engineering-pathway/.venv/lib/python3.11/site-packages/airflow/example_dags/example_sensor_decorator.py
[2026-04-26T17:58:11.874+0100] {processor.py:830} INFO - Processing file /Users/malone/data-engineering-pathway/.venv/lib/python3.11/site-packages/airflow/example_dags/example_sensor_decorator.py for tasks to queue
[2026-04-26T17:58:11.874+0100] {logging_mixin.py:188} INFO - [2026-04-26T17:58:11.874+0100] {dagbag.py:545} INFO - Filling up the DagBag from /Users/malone/data-engineering-pathway/.venv/lib/python3.11/site-packages/airflow/example_dags/example_sensor_decorator.py
[2026-04-26T17:58:11.888+0100] {processor.py:840} INFO - DAG(s) 'example_sensor_decorator' retrieved from /Users/malone/data-engineering-pathway/.venv/lib/python3.11/site-packages/airflow/example_dags/example_sensor_decorator.py
[2026-04-26T17:58:11.930+0100] {logging_mixin.py:188} INFO - [2026-04-26T17:58:11.929+0100] {dag.py:3089} INFO - Sync 1 DAGs
[2026-04-26T17:58:11.933+0100] {logging_mixin.py:188} INFO - [2026-04-26T17:58:11.933+0100] {dag.py:3947} INFO - Setting next_dagrun for example_sensor_decorator to None, run_after=None
[2026-04-26T17:58:11.968+0100] {processor.py:183} INFO - Processing /Users/malone/data-engineering-pathway/.venv/lib/python3.11/site-packages/airflow/example_dags/example_sensor_decorator.py took 0.096 seconds
