[2026-04-26T17:39:18.278+0100] {processor.py:161} INFO - Started process (PID=8348) to work on /Users/malone/data-engineering-pathway/.venv/lib/python3.11/site-packages/airflow/example_dags/example_setup_teardown_taskflow.py
[2026-04-26T17:39:18.278+0100] {processor.py:830} INFO - Processing file /Users/malone/data-engineering-pathway/.venv/lib/python3.11/site-packages/airflow/example_dags/example_setup_teardown_taskflow.py for tasks to queue
[2026-04-26T17:39:18.279+0100] {logging_mixin.py:188} INFO - [2026-04-26T17:39:18.278+0100] {dagbag.py:545} INFO - Filling up the DagBag from /Users/malone/data-engineering-pathway/.venv/lib/python3.11/site-packages/airflow/example_dags/example_setup_teardown_taskflow.py
[2026-04-26T17:39:18.299+0100] {processor.py:840} INFO - DAG(s) 'example_setup_teardown_taskflow' retrieved from /Users/malone/data-engineering-pathway/.venv/lib/python3.11/site-packages/airflow/example_dags/example_setup_teardown_taskflow.py
[2026-04-26T17:39:18.393+0100] {logging_mixin.py:188} INFO - [2026-04-26T17:39:18.393+0100] {dag.py:3089} INFO - Sync 1 DAGs
[2026-04-26T17:39:18.399+0100] {logging_mixin.py:188} INFO - [2026-04-26T17:39:18.399+0100] {dag.py:3947} INFO - Setting next_dagrun for example_setup_teardown_taskflow to 2026-04-25 00:00:00+00:00, run_after=2026-04-26 00:00:00+00:00
[2026-04-26T17:39:18.405+0100] {processor.py:183} INFO - Processing /Users/malone/data-engineering-pathway/.venv/lib/python3.11/site-packages/airflow/example_dags/example_setup_teardown_taskflow.py took 0.128 seconds
[2026-04-26T17:40:43.872+0100] {processor.py:161} INFO - Started process (PID=8501) to work on /Users/malone/data-engineering-pathway/.venv/lib/python3.11/site-packages/airflow/example_dags/example_setup_teardown_taskflow.py
[2026-04-26T17:40:43.872+0100] {processor.py:830} INFO - Processing file /Users/malone/data-engineering-pathway/.venv/lib/python3.11/site-packages/airflow/example_dags/example_setup_teardown_taskflow.py for tasks to queue
[2026-04-26T17:40:43.872+0100] {logging_mixin.py:188} INFO - [2026-04-26T17:40:43.872+0100] {dagbag.py:545} INFO - Filling up the DagBag from /Users/malone/data-engineering-pathway/.venv/lib/python3.11/site-packages/airflow/example_dags/example_setup_teardown_taskflow.py
[2026-04-26T17:40:43.887+0100] {processor.py:840} INFO - DAG(s) 'example_setup_teardown_taskflow' retrieved from /Users/malone/data-engineering-pathway/.venv/lib/python3.11/site-packages/airflow/example_dags/example_setup_teardown_taskflow.py
[2026-04-26T17:40:43.924+0100] {logging_mixin.py:188} INFO - [2026-04-26T17:40:43.924+0100] {dag.py:3089} INFO - Sync 1 DAGs
[2026-04-26T17:40:43.929+0100] {logging_mixin.py:188} INFO - [2026-04-26T17:40:43.929+0100] {dag.py:3947} INFO - Setting next_dagrun for example_setup_teardown_taskflow to 2026-04-25 00:00:00+00:00, run_after=2026-04-26 00:00:00+00:00
[2026-04-26T17:40:43.965+0100] {processor.py:183} INFO - Processing /Users/malone/data-engineering-pathway/.venv/lib/python3.11/site-packages/airflow/example_dags/example_setup_teardown_taskflow.py took 0.094 seconds
[2026-04-26T17:42:41.066+0100] {processor.py:161} INFO - Started process (PID=8651) to work on /Users/malone/data-engineering-pathway/.venv/lib/python3.11/site-packages/airflow/example_dags/example_setup_teardown_taskflow.py
[2026-04-26T17:42:41.066+0100] {processor.py:830} INFO - Processing file /Users/malone/data-engineering-pathway/.venv/lib/python3.11/site-packages/airflow/example_dags/example_setup_teardown_taskflow.py for tasks to queue
[2026-04-26T17:42:41.067+0100] {logging_mixin.py:188} INFO - [2026-04-26T17:42:41.067+0100] {dagbag.py:545} INFO - Filling up the DagBag from /Users/malone/data-engineering-pathway/.venv/lib/python3.11/site-packages/airflow/example_dags/example_setup_teardown_taskflow.py
[2026-04-26T17:42:41.088+0100] {processor.py:840} INFO - DAG(s) 'example_setup_teardown_taskflow' retrieved from /Users/malone/data-engineering-pathway/.venv/lib/python3.11/site-packages/airflow/example_dags/example_setup_teardown_taskflow.py
[2026-04-26T17:42:41.126+0100] {logging_mixin.py:188} INFO - [2026-04-26T17:42:41.126+0100] {dag.py:3089} INFO - Sync 1 DAGs
[2026-04-26T17:42:41.132+0100] {logging_mixin.py:188} INFO - [2026-04-26T17:42:41.131+0100] {dag.py:3947} INFO - Setting next_dagrun for example_setup_teardown_taskflow to 2026-04-25 00:00:00+00:00, run_after=2026-04-26 00:00:00+00:00
[2026-04-26T17:42:41.167+0100] {processor.py:183} INFO - Processing /Users/malone/data-engineering-pathway/.venv/lib/python3.11/site-packages/airflow/example_dags/example_setup_teardown_taskflow.py took 0.102 seconds
[2026-04-26T17:44:34.057+0100] {processor.py:161} INFO - Started process (PID=8839) to work on /Users/malone/data-engineering-pathway/.venv/lib/python3.11/site-packages/airflow/example_dags/example_setup_teardown_taskflow.py
[2026-04-26T17:44:34.058+0100] {processor.py:830} INFO - Processing file /Users/malone/data-engineering-pathway/.venv/lib/python3.11/site-packages/airflow/example_dags/example_setup_teardown_taskflow.py for tasks to queue
[2026-04-26T17:44:34.058+0100] {logging_mixin.py:188} INFO - [2026-04-26T17:44:34.058+0100] {dagbag.py:545} INFO - Filling up the DagBag from /Users/malone/data-engineering-pathway/.venv/lib/python3.11/site-packages/airflow/example_dags/example_setup_teardown_taskflow.py
[2026-04-26T17:44:34.073+0100] {processor.py:840} INFO - DAG(s) 'example_setup_teardown_taskflow' retrieved from /Users/malone/data-engineering-pathway/.venv/lib/python3.11/site-packages/airflow/example_dags/example_setup_teardown_taskflow.py
[2026-04-26T17:44:34.112+0100] {logging_mixin.py:188} INFO - [2026-04-26T17:44:34.112+0100] {dag.py:3089} INFO - Sync 1 DAGs
[2026-04-26T17:44:34.117+0100] {logging_mixin.py:188} INFO - [2026-04-26T17:44:34.117+0100] {dag.py:3947} INFO - Setting next_dagrun for example_setup_teardown_taskflow to 2026-04-25 00:00:00+00:00, run_after=2026-04-26 00:00:00+00:00
[2026-04-26T17:44:34.152+0100] {processor.py:183} INFO - Processing /Users/malone/data-engineering-pathway/.venv/lib/python3.11/site-packages/airflow/example_dags/example_setup_teardown_taskflow.py took 0.096 seconds
[2026-04-26T17:46:18.980+0100] {processor.py:161} INFO - Started process (PID=9010) to work on /Users/malone/data-engineering-pathway/.venv/lib/python3.11/site-packages/airflow/example_dags/example_setup_teardown_taskflow.py
[2026-04-26T17:46:18.981+0100] {processor.py:830} INFO - Processing file /Users/malone/data-engineering-pathway/.venv/lib/python3.11/site-packages/airflow/example_dags/example_setup_teardown_taskflow.py for tasks to queue
[2026-04-26T17:46:18.981+0100] {logging_mixin.py:188} INFO - [2026-04-26T17:46:18.981+0100] {dagbag.py:545} INFO - Filling up the DagBag from /Users/malone/data-engineering-pathway/.venv/lib/python3.11/site-packages/airflow/example_dags/example_setup_teardown_taskflow.py
[2026-04-26T17:46:18.998+0100] {processor.py:840} INFO - DAG(s) 'example_setup_teardown_taskflow' retrieved from /Users/malone/data-engineering-pathway/.venv/lib/python3.11/site-packages/airflow/example_dags/example_setup_teardown_taskflow.py
[2026-04-26T17:46:19.038+0100] {logging_mixin.py:188} INFO - [2026-04-26T17:46:19.038+0100] {dag.py:3089} INFO - Sync 1 DAGs
[2026-04-26T17:46:19.044+0100] {logging_mixin.py:188} INFO - [2026-04-26T17:46:19.044+0100] {dag.py:3947} INFO - Setting next_dagrun for example_setup_teardown_taskflow to 2026-04-25 00:00:00+00:00, run_after=2026-04-26 00:00:00+00:00
[2026-04-26T17:46:19.080+0100] {processor.py:183} INFO - Processing /Users/malone/data-engineering-pathway/.venv/lib/python3.11/site-packages/airflow/example_dags/example_setup_teardown_taskflow.py took 0.101 seconds
[2026-04-26T17:48:10.810+0100] {processor.py:161} INFO - Started process (PID=9217) to work on /Users/malone/data-engineering-pathway/.venv/lib/python3.11/site-packages/airflow/example_dags/example_setup_teardown_taskflow.py
[2026-04-26T17:48:10.811+0100] {processor.py:830} INFO - Processing file /Users/malone/data-engineering-pathway/.venv/lib/python3.11/site-packages/airflow/example_dags/example_setup_teardown_taskflow.py for tasks to queue
[2026-04-26T17:48:10.811+0100] {logging_mixin.py:188} INFO - [2026-04-26T17:48:10.811+0100] {dagbag.py:545} INFO - Filling up the DagBag from /Users/malone/data-engineering-pathway/.venv/lib/python3.11/site-packages/airflow/example_dags/example_setup_teardown_taskflow.py
[2026-04-26T17:48:10.825+0100] {processor.py:840} INFO - DAG(s) 'example_setup_teardown_taskflow' retrieved from /Users/malone/data-engineering-pathway/.venv/lib/python3.11/site-packages/airflow/example_dags/example_setup_teardown_taskflow.py
[2026-04-26T17:48:10.864+0100] {logging_mixin.py:188} INFO - [2026-04-26T17:48:10.864+0100] {dag.py:3089} INFO - Sync 1 DAGs
[2026-04-26T17:48:10.869+0100] {logging_mixin.py:188} INFO - [2026-04-26T17:48:10.869+0100] {dag.py:3947} INFO - Setting next_dagrun for example_setup_teardown_taskflow to 2026-04-25 00:00:00+00:00, run_after=2026-04-26 00:00:00+00:00
[2026-04-26T17:48:10.903+0100] {processor.py:183} INFO - Processing /Users/malone/data-engineering-pathway/.venv/lib/python3.11/site-packages/airflow/example_dags/example_setup_teardown_taskflow.py took 0.094 seconds
[2026-04-26T17:50:10.325+0100] {processor.py:161} INFO - Started process (PID=9498) to work on /Users/malone/data-engineering-pathway/.venv/lib/python3.11/site-packages/airflow/example_dags/example_setup_teardown_taskflow.py
[2026-04-26T17:50:10.326+0100] {processor.py:830} INFO - Processing file /Users/malone/data-engineering-pathway/.venv/lib/python3.11/site-packages/airflow/example_dags/example_setup_teardown_taskflow.py for tasks to queue
[2026-04-26T17:50:10.326+0100] {logging_mixin.py:188} INFO - [2026-04-26T17:50:10.326+0100] {dagbag.py:545} INFO - Filling up the DagBag from /Users/malone/data-engineering-pathway/.venv/lib/python3.11/site-packages/airflow/example_dags/example_setup_teardown_taskflow.py
[2026-04-26T17:50:10.348+0100] {processor.py:840} INFO - DAG(s) 'example_setup_teardown_taskflow' retrieved from /Users/malone/data-engineering-pathway/.venv/lib/python3.11/site-packages/airflow/example_dags/example_setup_teardown_taskflow.py
[2026-04-26T17:50:10.385+0100] {logging_mixin.py:188} INFO - [2026-04-26T17:50:10.385+0100] {dag.py:3089} INFO - Sync 1 DAGs
[2026-04-26T17:50:10.391+0100] {logging_mixin.py:188} INFO - [2026-04-26T17:50:10.391+0100] {dag.py:3947} INFO - Setting next_dagrun for example_setup_teardown_taskflow to 2026-04-25 00:00:00+00:00, run_after=2026-04-26 00:00:00+00:00
[2026-04-26T17:50:10.428+0100] {processor.py:183} INFO - Processing /Users/malone/data-engineering-pathway/.venv/lib/python3.11/site-packages/airflow/example_dags/example_setup_teardown_taskflow.py took 0.104 seconds
[2026-04-26T17:52:10.656+0100] {processor.py:161} INFO - Started process (PID=9663) to work on /Users/malone/data-engineering-pathway/.venv/lib/python3.11/site-packages/airflow/example_dags/example_setup_teardown_taskflow.py
[2026-04-26T17:52:10.657+0100] {processor.py:830} INFO - Processing file /Users/malone/data-engineering-pathway/.venv/lib/python3.11/site-packages/airflow/example_dags/example_setup_teardown_taskflow.py for tasks to queue
[2026-04-26T17:52:10.657+0100] {logging_mixin.py:188} INFO - [2026-04-26T17:52:10.657+0100] {dagbag.py:545} INFO - Filling up the DagBag from /Users/malone/data-engineering-pathway/.venv/lib/python3.11/site-packages/airflow/example_dags/example_setup_teardown_taskflow.py
[2026-04-26T17:52:10.672+0100] {processor.py:840} INFO - DAG(s) 'example_setup_teardown_taskflow' retrieved from /Users/malone/data-engineering-pathway/.venv/lib/python3.11/site-packages/airflow/example_dags/example_setup_teardown_taskflow.py
[2026-04-26T17:52:10.709+0100] {logging_mixin.py:188} INFO - [2026-04-26T17:52:10.709+0100] {dag.py:3089} INFO - Sync 1 DAGs
[2026-04-26T17:52:10.715+0100] {logging_mixin.py:188} INFO - [2026-04-26T17:52:10.715+0100] {dag.py:3947} INFO - Setting next_dagrun for example_setup_teardown_taskflow to 2026-04-25 00:00:00+00:00, run_after=2026-04-26 00:00:00+00:00
[2026-04-26T17:52:10.748+0100] {processor.py:183} INFO - Processing /Users/malone/data-engineering-pathway/.venv/lib/python3.11/site-packages/airflow/example_dags/example_setup_teardown_taskflow.py took 0.094 seconds
[2026-04-26T17:54:06.549+0100] {processor.py:161} INFO - Started process (PID=9815) to work on /Users/malone/data-engineering-pathway/.venv/lib/python3.11/site-packages/airflow/example_dags/example_setup_teardown_taskflow.py
[2026-04-26T17:54:06.550+0100] {processor.py:830} INFO - Processing file /Users/malone/data-engineering-pathway/.venv/lib/python3.11/site-packages/airflow/example_dags/example_setup_teardown_taskflow.py for tasks to queue
[2026-04-26T17:54:06.551+0100] {logging_mixin.py:188} INFO - [2026-04-26T17:54:06.551+0100] {dagbag.py:545} INFO - Filling up the DagBag from /Users/malone/data-engineering-pathway/.venv/lib/python3.11/site-packages/airflow/example_dags/example_setup_teardown_taskflow.py
[2026-04-26T17:54:06.565+0100] {processor.py:840} INFO - DAG(s) 'example_setup_teardown_taskflow' retrieved from /Users/malone/data-engineering-pathway/.venv/lib/python3.11/site-packages/airflow/example_dags/example_setup_teardown_taskflow.py
[2026-04-26T17:54:06.603+0100] {logging_mixin.py:188} INFO - [2026-04-26T17:54:06.603+0100] {dag.py:3089} INFO - Sync 1 DAGs
[2026-04-26T17:54:06.608+0100] {logging_mixin.py:188} INFO - [2026-04-26T17:54:06.608+0100] {dag.py:3947} INFO - Setting next_dagrun for example_setup_teardown_taskflow to 2026-04-25 00:00:00+00:00, run_after=2026-04-26 00:00:00+00:00
[2026-04-26T17:54:06.641+0100] {processor.py:183} INFO - Processing /Users/malone/data-engineering-pathway/.venv/lib/python3.11/site-packages/airflow/example_dags/example_setup_teardown_taskflow.py took 0.093 seconds
[2026-04-26T17:56:09.743+0100] {processor.py:161} INFO - Started process (PID=10027) to work on /Users/malone/data-engineering-pathway/.venv/lib/python3.11/site-packages/airflow/example_dags/example_setup_teardown_taskflow.py
[2026-04-26T17:56:09.743+0100] {processor.py:830} INFO - Processing file /Users/malone/data-engineering-pathway/.venv/lib/python3.11/site-packages/airflow/example_dags/example_setup_teardown_taskflow.py for tasks to queue
[2026-04-26T17:56:09.743+0100] {logging_mixin.py:188} INFO - [2026-04-26T17:56:09.743+0100] {dagbag.py:545} INFO - Filling up the DagBag from /Users/malone/data-engineering-pathway/.venv/lib/python3.11/site-packages/airflow/example_dags/example_setup_teardown_taskflow.py
[2026-04-26T17:56:09.758+0100] {processor.py:840} INFO - DAG(s) 'example_setup_teardown_taskflow' retrieved from /Users/malone/data-engineering-pathway/.venv/lib/python3.11/site-packages/airflow/example_dags/example_setup_teardown_taskflow.py
[2026-04-26T17:56:09.796+0100] {logging_mixin.py:188} INFO - [2026-04-26T17:56:09.796+0100] {dag.py:3089} INFO - Sync 1 DAGs
[2026-04-26T17:56:09.801+0100] {logging_mixin.py:188} INFO - [2026-04-26T17:56:09.801+0100] {dag.py:3947} INFO - Setting next_dagrun for example_setup_teardown_taskflow to 2026-04-25 00:00:00+00:00, run_after=2026-04-26 00:00:00+00:00
[2026-04-26T17:56:09.836+0100] {processor.py:183} INFO - Processing /Users/malone/data-engineering-pathway/.venv/lib/python3.11/site-packages/airflow/example_dags/example_setup_teardown_taskflow.py took 0.095 seconds
[2026-04-26T17:58:06.456+0100] {processor.py:161} INFO - Started process (PID=10227) to work on /Users/malone/data-engineering-pathway/.venv/lib/python3.11/site-packages/airflow/example_dags/example_setup_teardown_taskflow.py
[2026-04-26T17:58:06.456+0100] {processor.py:830} INFO - Processing file /Users/malone/data-engineering-pathway/.venv/lib/python3.11/site-packages/airflow/example_dags/example_setup_teardown_taskflow.py for tasks to queue
[2026-04-26T17:58:06.457+0100] {logging_mixin.py:188} INFO - [2026-04-26T17:58:06.457+0100] {dagbag.py:545} INFO - Filling up the DagBag from /Users/malone/data-engineering-pathway/.venv/lib/python3.11/site-packages/airflow/example_dags/example_setup_teardown_taskflow.py
[2026-04-26T17:58:06.472+0100] {processor.py:840} INFO - DAG(s) 'example_setup_teardown_taskflow' retrieved from /Users/malone/data-engineering-pathway/.venv/lib/python3.11/site-packages/airflow/example_dags/example_setup_teardown_taskflow.py
[2026-04-26T17:58:06.512+0100] {logging_mixin.py:188} INFO - [2026-04-26T17:58:06.512+0100] {dag.py:3089} INFO - Sync 1 DAGs
[2026-04-26T17:58:06.517+0100] {logging_mixin.py:188} INFO - [2026-04-26T17:58:06.517+0100] {dag.py:3947} INFO - Setting next_dagrun for example_setup_teardown_taskflow to 2026-04-25 00:00:00+00:00, run_after=2026-04-26 00:00:00+00:00
[2026-04-26T17:58:06.551+0100] {processor.py:183} INFO - Processing /Users/malone/data-engineering-pathway/.venv/lib/python3.11/site-packages/airflow/example_dags/example_setup_teardown_taskflow.py took 0.096 seconds
