[2026-04-26T17:39:46.302+0100] {processor.py:161} INFO - Started process (PID=8400) to work on /Users/malone/data-engineering-pathway/.venv/lib/python3.11/site-packages/airflow/example_dags/example_datasets.py
[2026-04-26T17:39:46.302+0100] {processor.py:830} INFO - Processing file /Users/malone/data-engineering-pathway/.venv/lib/python3.11/site-packages/airflow/example_dags/example_datasets.py for tasks to queue
[2026-04-26T17:39:46.302+0100] {logging_mixin.py:188} INFO - [2026-04-26T17:39:46.302+0100] {dagbag.py:545} INFO - Filling up the DagBag from /Users/malone/data-engineering-pathway/.venv/lib/python3.11/site-packages/airflow/example_dags/example_datasets.py
[2026-04-26T17:39:46.330+0100] {processor.py:840} INFO - DAG(s) 'conditional_dataset_and_time_based_timetable', 'dataset_produces_1', 'dataset_consumes_1', 'consume_1_or_both_2_and_3_with_dataset_expressions', 'dataset_consumes_1_and_2', 'dataset_consumes_1_never_scheduled', 'consume_1_or_2_with_dataset_expressions', 'dataset_consumes_unknown_never_scheduled', 'dataset_produces_2', 'consume_1_and_2_with_dataset_expressions' retrieved from /Users/malone/data-engineering-pathway/.venv/lib/python3.11/site-packages/airflow/example_dags/example_datasets.py
[2026-04-26T17:39:46.441+0100] {logging_mixin.py:188} INFO - [2026-04-26T17:39:46.441+0100] {dag.py:3089} INFO - Sync 10 DAGs
[2026-04-26T17:39:46.448+0100] {logging_mixin.py:188} INFO - [2026-04-26T17:39:46.448+0100] {dag.py:3947} INFO - Setting next_dagrun for conditional_dataset_and_time_based_timetable to 2026-04-22 01:00:00+00:00, run_after=2026-04-22 01:00:00+00:00
[2026-04-26T17:39:46.449+0100] {logging_mixin.py:188} INFO - [2026-04-26T17:39:46.449+0100] {dag.py:3947} INFO - Setting next_dagrun for consume_1_and_2_with_dataset_expressions to None, run_after=None
[2026-04-26T17:39:46.449+0100] {logging_mixin.py:188} INFO - [2026-04-26T17:39:46.449+0100] {dag.py:3947} INFO - Setting next_dagrun for consume_1_or_2_with_dataset_expressions to None, run_after=None
[2026-04-26T17:39:46.449+0100] {logging_mixin.py:188} INFO - [2026-04-26T17:39:46.449+0100] {dag.py:3947} INFO - Setting next_dagrun for consume_1_or_both_2_and_3_with_dataset_expressions to None, run_after=None
[2026-04-26T17:39:46.449+0100] {logging_mixin.py:188} INFO - [2026-04-26T17:39:46.449+0100] {dag.py:3947} INFO - Setting next_dagrun for dataset_consumes_1 to None, run_after=None
[2026-04-26T17:39:46.450+0100] {logging_mixin.py:188} INFO - [2026-04-26T17:39:46.450+0100] {dag.py:3947} INFO - Setting next_dagrun for dataset_consumes_1_and_2 to None, run_after=None
[2026-04-26T17:39:46.450+0100] {logging_mixin.py:188} INFO - [2026-04-26T17:39:46.450+0100] {dag.py:3947} INFO - Setting next_dagrun for dataset_consumes_1_never_scheduled to None, run_after=None
[2026-04-26T17:39:46.450+0100] {logging_mixin.py:188} INFO - [2026-04-26T17:39:46.450+0100] {dag.py:3947} INFO - Setting next_dagrun for dataset_consumes_unknown_never_scheduled to None, run_after=None
[2026-04-26T17:39:46.451+0100] {logging_mixin.py:188} INFO - [2026-04-26T17:39:46.451+0100] {dag.py:3947} INFO - Setting next_dagrun for dataset_produces_1 to 2026-04-25 00:00:00+00:00, run_after=2026-04-26 00:00:00+00:00
[2026-04-26T17:39:46.451+0100] {logging_mixin.py:188} INFO - [2026-04-26T17:39:46.451+0100] {dag.py:3947} INFO - Setting next_dagrun for dataset_produces_2 to None, run_after=None
[2026-04-26T17:39:46.462+0100] {processor.py:183} INFO - Processing /Users/malone/data-engineering-pathway/.venv/lib/python3.11/site-packages/airflow/example_dags/example_datasets.py took 0.162 seconds
[2026-04-26T17:41:42.563+0100] {processor.py:161} INFO - Started process (PID=8587) to work on /Users/malone/data-engineering-pathway/.venv/lib/python3.11/site-packages/airflow/example_dags/example_datasets.py
[2026-04-26T17:41:42.563+0100] {processor.py:830} INFO - Processing file /Users/malone/data-engineering-pathway/.venv/lib/python3.11/site-packages/airflow/example_dags/example_datasets.py for tasks to queue
[2026-04-26T17:41:42.563+0100] {logging_mixin.py:188} INFO - [2026-04-26T17:41:42.563+0100] {dagbag.py:545} INFO - Filling up the DagBag from /Users/malone/data-engineering-pathway/.venv/lib/python3.11/site-packages/airflow/example_dags/example_datasets.py
[2026-04-26T17:41:42.593+0100] {processor.py:840} INFO - DAG(s) 'dataset_produces_2', 'dataset_produces_1', 'conditional_dataset_and_time_based_timetable', 'dataset_consumes_unknown_never_scheduled', 'consume_1_and_2_with_dataset_expressions', 'dataset_consumes_1_never_scheduled', 'dataset_consumes_1', 'consume_1_or_2_with_dataset_expressions', 'consume_1_or_both_2_and_3_with_dataset_expressions', 'dataset_consumes_1_and_2' retrieved from /Users/malone/data-engineering-pathway/.venv/lib/python3.11/site-packages/airflow/example_dags/example_datasets.py
[2026-04-26T17:41:42.638+0100] {logging_mixin.py:188} INFO - [2026-04-26T17:41:42.637+0100] {dag.py:3089} INFO - Sync 10 DAGs
[2026-04-26T17:41:42.644+0100] {logging_mixin.py:188} INFO - [2026-04-26T17:41:42.644+0100] {dag.py:3947} INFO - Setting next_dagrun for conditional_dataset_and_time_based_timetable to 2026-04-22 01:00:00+00:00, run_after=2026-04-22 01:00:00+00:00
[2026-04-26T17:41:42.645+0100] {logging_mixin.py:188} INFO - [2026-04-26T17:41:42.645+0100] {dag.py:3947} INFO - Setting next_dagrun for consume_1_and_2_with_dataset_expressions to None, run_after=None
[2026-04-26T17:41:42.645+0100] {logging_mixin.py:188} INFO - [2026-04-26T17:41:42.645+0100] {dag.py:3947} INFO - Setting next_dagrun for consume_1_or_2_with_dataset_expressions to None, run_after=None
[2026-04-26T17:41:42.646+0100] {logging_mixin.py:188} INFO - [2026-04-26T17:41:42.646+0100] {dag.py:3947} INFO - Setting next_dagrun for consume_1_or_both_2_and_3_with_dataset_expressions to None, run_after=None
[2026-04-26T17:41:42.646+0100] {logging_mixin.py:188} INFO - [2026-04-26T17:41:42.646+0100] {dag.py:3947} INFO - Setting next_dagrun for dataset_consumes_1 to None, run_after=None
[2026-04-26T17:41:42.646+0100] {logging_mixin.py:188} INFO - [2026-04-26T17:41:42.646+0100] {dag.py:3947} INFO - Setting next_dagrun for dataset_consumes_1_and_2 to None, run_after=None
[2026-04-26T17:41:42.646+0100] {logging_mixin.py:188} INFO - [2026-04-26T17:41:42.646+0100] {dag.py:3947} INFO - Setting next_dagrun for dataset_consumes_1_never_scheduled to None, run_after=None
[2026-04-26T17:41:42.647+0100] {logging_mixin.py:188} INFO - [2026-04-26T17:41:42.647+0100] {dag.py:3947} INFO - Setting next_dagrun for dataset_consumes_unknown_never_scheduled to None, run_after=None
[2026-04-26T17:41:42.647+0100] {logging_mixin.py:188} INFO - [2026-04-26T17:41:42.647+0100] {dag.py:3947} INFO - Setting next_dagrun for dataset_produces_1 to 2026-04-25 00:00:00+00:00, run_after=2026-04-26 00:00:00+00:00
[2026-04-26T17:41:42.648+0100] {logging_mixin.py:188} INFO - [2026-04-26T17:41:42.648+0100] {dag.py:3947} INFO - Setting next_dagrun for dataset_produces_2 to None, run_after=None
[2026-04-26T17:41:42.659+0100] {processor.py:183} INFO - Processing /Users/malone/data-engineering-pathway/.venv/lib/python3.11/site-packages/airflow/example_dags/example_datasets.py took 0.097 seconds
[2026-04-26T17:43:39.775+0100] {processor.py:161} INFO - Started process (PID=8759) to work on /Users/malone/data-engineering-pathway/.venv/lib/python3.11/site-packages/airflow/example_dags/example_datasets.py
[2026-04-26T17:43:39.775+0100] {processor.py:830} INFO - Processing file /Users/malone/data-engineering-pathway/.venv/lib/python3.11/site-packages/airflow/example_dags/example_datasets.py for tasks to queue
[2026-04-26T17:43:39.775+0100] {logging_mixin.py:188} INFO - [2026-04-26T17:43:39.775+0100] {dagbag.py:545} INFO - Filling up the DagBag from /Users/malone/data-engineering-pathway/.venv/lib/python3.11/site-packages/airflow/example_dags/example_datasets.py
[2026-04-26T17:43:39.804+0100] {processor.py:840} INFO - DAG(s) 'dataset_consumes_1', 'consume_1_or_both_2_and_3_with_dataset_expressions', 'conditional_dataset_and_time_based_timetable', 'consume_1_or_2_with_dataset_expressions', 'dataset_consumes_1_and_2', 'dataset_produces_1', 'consume_1_and_2_with_dataset_expressions', 'dataset_produces_2', 'dataset_consumes_unknown_never_scheduled', 'dataset_consumes_1_never_scheduled' retrieved from /Users/malone/data-engineering-pathway/.venv/lib/python3.11/site-packages/airflow/example_dags/example_datasets.py
[2026-04-26T17:43:39.848+0100] {logging_mixin.py:188} INFO - [2026-04-26T17:43:39.848+0100] {dag.py:3089} INFO - Sync 10 DAGs
[2026-04-26T17:43:39.855+0100] {logging_mixin.py:188} INFO - [2026-04-26T17:43:39.855+0100] {dag.py:3947} INFO - Setting next_dagrun for conditional_dataset_and_time_based_timetable to 2026-04-22 01:00:00+00:00, run_after=2026-04-22 01:00:00+00:00
[2026-04-26T17:43:39.856+0100] {logging_mixin.py:188} INFO - [2026-04-26T17:43:39.856+0100] {dag.py:3947} INFO - Setting next_dagrun for consume_1_and_2_with_dataset_expressions to None, run_after=None
[2026-04-26T17:43:39.856+0100] {logging_mixin.py:188} INFO - [2026-04-26T17:43:39.856+0100] {dag.py:3947} INFO - Setting next_dagrun for consume_1_or_2_with_dataset_expressions to None, run_after=None
[2026-04-26T17:43:39.857+0100] {logging_mixin.py:188} INFO - [2026-04-26T17:43:39.857+0100] {dag.py:3947} INFO - Setting next_dagrun for consume_1_or_both_2_and_3_with_dataset_expressions to None, run_after=None
[2026-04-26T17:43:39.857+0100] {logging_mixin.py:188} INFO - [2026-04-26T17:43:39.857+0100] {dag.py:3947} INFO - Setting next_dagrun for dataset_consumes_1 to None, run_after=None
[2026-04-26T17:43:39.857+0100] {logging_mixin.py:188} INFO - [2026-04-26T17:43:39.857+0100] {dag.py:3947} INFO - Setting next_dagrun for dataset_consumes_1_and_2 to None, run_after=None
[2026-04-26T17:43:39.857+0100] {logging_mixin.py:188} INFO - [2026-04-26T17:43:39.857+0100] {dag.py:3947} INFO - Setting next_dagrun for dataset_consumes_1_never_scheduled to None, run_after=None
[2026-04-26T17:43:39.858+0100] {logging_mixin.py:188} INFO - [2026-04-26T17:43:39.858+0100] {dag.py:3947} INFO - Setting next_dagrun for dataset_consumes_unknown_never_scheduled to None, run_after=None
[2026-04-26T17:43:39.858+0100] {logging_mixin.py:188} INFO - [2026-04-26T17:43:39.858+0100] {dag.py:3947} INFO - Setting next_dagrun for dataset_produces_1 to 2026-04-25 00:00:00+00:00, run_after=2026-04-26 00:00:00+00:00
[2026-04-26T17:43:39.859+0100] {logging_mixin.py:188} INFO - [2026-04-26T17:43:39.859+0100] {dag.py:3947} INFO - Setting next_dagrun for dataset_produces_2 to None, run_after=None
[2026-04-26T17:43:39.868+0100] {processor.py:183} INFO - Processing /Users/malone/data-engineering-pathway/.venv/lib/python3.11/site-packages/airflow/example_dags/example_datasets.py took 0.095 seconds
[2026-04-26T17:45:26.002+0100] {processor.py:161} INFO - Started process (PID=8930) to work on /Users/malone/data-engineering-pathway/.venv/lib/python3.11/site-packages/airflow/example_dags/example_datasets.py
[2026-04-26T17:45:26.003+0100] {processor.py:830} INFO - Processing file /Users/malone/data-engineering-pathway/.venv/lib/python3.11/site-packages/airflow/example_dags/example_datasets.py for tasks to queue
[2026-04-26T17:45:26.004+0100] {logging_mixin.py:188} INFO - [2026-04-26T17:45:26.004+0100] {dagbag.py:545} INFO - Filling up the DagBag from /Users/malone/data-engineering-pathway/.venv/lib/python3.11/site-packages/airflow/example_dags/example_datasets.py
[2026-04-26T17:45:26.042+0100] {processor.py:840} INFO - DAG(s) 'consume_1_or_both_2_and_3_with_dataset_expressions', 'dataset_produces_1', 'consume_1_or_2_with_dataset_expressions', 'dataset_consumes_1', 'dataset_produces_2', 'conditional_dataset_and_time_based_timetable', 'dataset_consumes_1_never_scheduled', 'dataset_consumes_unknown_never_scheduled', 'consume_1_and_2_with_dataset_expressions', 'dataset_consumes_1_and_2' retrieved from /Users/malone/data-engineering-pathway/.venv/lib/python3.11/site-packages/airflow/example_dags/example_datasets.py
[2026-04-26T17:45:26.091+0100] {logging_mixin.py:188} INFO - [2026-04-26T17:45:26.090+0100] {dag.py:3089} INFO - Sync 10 DAGs
[2026-04-26T17:45:26.097+0100] {logging_mixin.py:188} INFO - [2026-04-26T17:45:26.097+0100] {dag.py:3947} INFO - Setting next_dagrun for conditional_dataset_and_time_based_timetable to 2026-04-22 01:00:00+00:00, run_after=2026-04-22 01:00:00+00:00
[2026-04-26T17:45:26.098+0100] {logging_mixin.py:188} INFO - [2026-04-26T17:45:26.098+0100] {dag.py:3947} INFO - Setting next_dagrun for consume_1_and_2_with_dataset_expressions to None, run_after=None
[2026-04-26T17:45:26.099+0100] {logging_mixin.py:188} INFO - [2026-04-26T17:45:26.099+0100] {dag.py:3947} INFO - Setting next_dagrun for consume_1_or_2_with_dataset_expressions to None, run_after=None
[2026-04-26T17:45:26.099+0100] {logging_mixin.py:188} INFO - [2026-04-26T17:45:26.099+0100] {dag.py:3947} INFO - Setting next_dagrun for consume_1_or_both_2_and_3_with_dataset_expressions to None, run_after=None
[2026-04-26T17:45:26.099+0100] {logging_mixin.py:188} INFO - [2026-04-26T17:45:26.099+0100] {dag.py:3947} INFO - Setting next_dagrun for dataset_consumes_1 to None, run_after=None
[2026-04-26T17:45:26.099+0100] {logging_mixin.py:188} INFO - [2026-04-26T17:45:26.099+0100] {dag.py:3947} INFO - Setting next_dagrun for dataset_consumes_1_and_2 to None, run_after=None
[2026-04-26T17:45:26.100+0100] {logging_mixin.py:188} INFO - [2026-04-26T17:45:26.100+0100] {dag.py:3947} INFO - Setting next_dagrun for dataset_consumes_1_never_scheduled to None, run_after=None
[2026-04-26T17:45:26.100+0100] {logging_mixin.py:188} INFO - [2026-04-26T17:45:26.100+0100] {dag.py:3947} INFO - Setting next_dagrun for dataset_consumes_unknown_never_scheduled to None, run_after=None
[2026-04-26T17:45:26.101+0100] {logging_mixin.py:188} INFO - [2026-04-26T17:45:26.100+0100] {dag.py:3947} INFO - Setting next_dagrun for dataset_produces_1 to 2026-04-25 00:00:00+00:00, run_after=2026-04-26 00:00:00+00:00
[2026-04-26T17:45:26.101+0100] {logging_mixin.py:188} INFO - [2026-04-26T17:45:26.101+0100] {dag.py:3947} INFO - Setting next_dagrun for dataset_produces_2 to None, run_after=None
[2026-04-26T17:45:26.111+0100] {processor.py:183} INFO - Processing /Users/malone/data-engineering-pathway/.venv/lib/python3.11/site-packages/airflow/example_dags/example_datasets.py took 0.110 seconds
[2026-04-26T17:47:14.080+0100] {processor.py:161} INFO - Started process (PID=9101) to work on /Users/malone/data-engineering-pathway/.venv/lib/python3.11/site-packages/airflow/example_dags/example_datasets.py
[2026-04-26T17:47:14.081+0100] {processor.py:830} INFO - Processing file /Users/malone/data-engineering-pathway/.venv/lib/python3.11/site-packages/airflow/example_dags/example_datasets.py for tasks to queue
[2026-04-26T17:47:14.082+0100] {logging_mixin.py:188} INFO - [2026-04-26T17:47:14.082+0100] {dagbag.py:545} INFO - Filling up the DagBag from /Users/malone/data-engineering-pathway/.venv/lib/python3.11/site-packages/airflow/example_dags/example_datasets.py
[2026-04-26T17:47:14.111+0100] {processor.py:840} INFO - DAG(s) 'dataset_consumes_1_never_scheduled', 'dataset_consumes_1', 'dataset_consumes_unknown_never_scheduled', 'consume_1_or_2_with_dataset_expressions', 'dataset_produces_2', 'consume_1_or_both_2_and_3_with_dataset_expressions', 'conditional_dataset_and_time_based_timetable', 'consume_1_and_2_with_dataset_expressions', 'dataset_consumes_1_and_2', 'dataset_produces_1' retrieved from /Users/malone/data-engineering-pathway/.venv/lib/python3.11/site-packages/airflow/example_dags/example_datasets.py
[2026-04-26T17:47:14.156+0100] {logging_mixin.py:188} INFO - [2026-04-26T17:47:14.156+0100] {dag.py:3089} INFO - Sync 10 DAGs
[2026-04-26T17:47:14.163+0100] {logging_mixin.py:188} INFO - [2026-04-26T17:47:14.163+0100] {dag.py:3947} INFO - Setting next_dagrun for conditional_dataset_and_time_based_timetable to 2026-04-22 01:00:00+00:00, run_after=2026-04-22 01:00:00+00:00
[2026-04-26T17:47:14.164+0100] {logging_mixin.py:188} INFO - [2026-04-26T17:47:14.164+0100] {dag.py:3947} INFO - Setting next_dagrun for consume_1_and_2_with_dataset_expressions to None, run_after=None
[2026-04-26T17:47:14.164+0100] {logging_mixin.py:188} INFO - [2026-04-26T17:47:14.164+0100] {dag.py:3947} INFO - Setting next_dagrun for consume_1_or_2_with_dataset_expressions to None, run_after=None
[2026-04-26T17:47:14.164+0100] {logging_mixin.py:188} INFO - [2026-04-26T17:47:14.164+0100] {dag.py:3947} INFO - Setting next_dagrun for consume_1_or_both_2_and_3_with_dataset_expressions to None, run_after=None
[2026-04-26T17:47:14.165+0100] {logging_mixin.py:188} INFO - [2026-04-26T17:47:14.165+0100] {dag.py:3947} INFO - Setting next_dagrun for dataset_consumes_1 to None, run_after=None
[2026-04-26T17:47:14.165+0100] {logging_mixin.py:188} INFO - [2026-04-26T17:47:14.165+0100] {dag.py:3947} INFO - Setting next_dagrun for dataset_consumes_1_and_2 to None, run_after=None
[2026-04-26T17:47:14.165+0100] {logging_mixin.py:188} INFO - [2026-04-26T17:47:14.165+0100] {dag.py:3947} INFO - Setting next_dagrun for dataset_consumes_1_never_scheduled to None, run_after=None
[2026-04-26T17:47:14.165+0100] {logging_mixin.py:188} INFO - [2026-04-26T17:47:14.165+0100] {dag.py:3947} INFO - Setting next_dagrun for dataset_consumes_unknown_never_scheduled to None, run_after=None
[2026-04-26T17:47:14.166+0100] {logging_mixin.py:188} INFO - [2026-04-26T17:47:14.166+0100] {dag.py:3947} INFO - Setting next_dagrun for dataset_produces_1 to 2026-04-25 00:00:00+00:00, run_after=2026-04-26 00:00:00+00:00
[2026-04-26T17:47:14.166+0100] {logging_mixin.py:188} INFO - [2026-04-26T17:47:14.166+0100] {dag.py:3947} INFO - Setting next_dagrun for dataset_produces_2 to None, run_after=None
[2026-04-26T17:47:14.178+0100] {processor.py:183} INFO - Processing /Users/malone/data-engineering-pathway/.venv/lib/python3.11/site-packages/airflow/example_dags/example_datasets.py took 0.099 seconds
[2026-04-26T17:49:12.344+0100] {processor.py:161} INFO - Started process (PID=9432) to work on /Users/malone/data-engineering-pathway/.venv/lib/python3.11/site-packages/airflow/example_dags/example_datasets.py
[2026-04-26T17:49:12.344+0100] {processor.py:830} INFO - Processing file /Users/malone/data-engineering-pathway/.venv/lib/python3.11/site-packages/airflow/example_dags/example_datasets.py for tasks to queue
[2026-04-26T17:49:12.345+0100] {logging_mixin.py:188} INFO - [2026-04-26T17:49:12.345+0100] {dagbag.py:545} INFO - Filling up the DagBag from /Users/malone/data-engineering-pathway/.venv/lib/python3.11/site-packages/airflow/example_dags/example_datasets.py
[2026-04-26T17:49:12.372+0100] {processor.py:840} INFO - DAG(s) 'dataset_consumes_unknown_never_scheduled', 'dataset_produces_2', 'dataset_consumes_1_never_scheduled', 'consume_1_or_both_2_and_3_with_dataset_expressions', 'dataset_consumes_1_and_2', 'consume_1_and_2_with_dataset_expressions', 'consume_1_or_2_with_dataset_expressions', 'conditional_dataset_and_time_based_timetable', 'dataset_produces_1', 'dataset_consumes_1' retrieved from /Users/malone/data-engineering-pathway/.venv/lib/python3.11/site-packages/airflow/example_dags/example_datasets.py
[2026-04-26T17:49:12.420+0100] {logging_mixin.py:188} INFO - [2026-04-26T17:49:12.420+0100] {dag.py:3089} INFO - Sync 10 DAGs
[2026-04-26T17:49:12.428+0100] {logging_mixin.py:188} INFO - [2026-04-26T17:49:12.428+0100] {dag.py:3947} INFO - Setting next_dagrun for conditional_dataset_and_time_based_timetable to 2026-04-22 01:00:00+00:00, run_after=2026-04-22 01:00:00+00:00
[2026-04-26T17:49:12.429+0100] {logging_mixin.py:188} INFO - [2026-04-26T17:49:12.429+0100] {dag.py:3947} INFO - Setting next_dagrun for consume_1_and_2_with_dataset_expressions to None, run_after=None
[2026-04-26T17:49:12.429+0100] {logging_mixin.py:188} INFO - [2026-04-26T17:49:12.429+0100] {dag.py:3947} INFO - Setting next_dagrun for consume_1_or_2_with_dataset_expressions to None, run_after=None
[2026-04-26T17:49:12.429+0100] {logging_mixin.py:188} INFO - [2026-04-26T17:49:12.429+0100] {dag.py:3947} INFO - Setting next_dagrun for consume_1_or_both_2_and_3_with_dataset_expressions to None, run_after=None
[2026-04-26T17:49:12.430+0100] {logging_mixin.py:188} INFO - [2026-04-26T17:49:12.429+0100] {dag.py:3947} INFO - Setting next_dagrun for dataset_consumes_1 to None, run_after=None
[2026-04-26T17:49:12.430+0100] {logging_mixin.py:188} INFO - [2026-04-26T17:49:12.430+0100] {dag.py:3947} INFO - Setting next_dagrun for dataset_consumes_1_and_2 to None, run_after=None
[2026-04-26T17:49:12.430+0100] {logging_mixin.py:188} INFO - [2026-04-26T17:49:12.430+0100] {dag.py:3947} INFO - Setting next_dagrun for dataset_consumes_1_never_scheduled to None, run_after=None
[2026-04-26T17:49:12.430+0100] {logging_mixin.py:188} INFO - [2026-04-26T17:49:12.430+0100] {dag.py:3947} INFO - Setting next_dagrun for dataset_consumes_unknown_never_scheduled to None, run_after=None
[2026-04-26T17:49:12.431+0100] {logging_mixin.py:188} INFO - [2026-04-26T17:49:12.431+0100] {dag.py:3947} INFO - Setting next_dagrun for dataset_produces_1 to 2026-04-25 00:00:00+00:00, run_after=2026-04-26 00:00:00+00:00
[2026-04-26T17:49:12.431+0100] {logging_mixin.py:188} INFO - [2026-04-26T17:49:12.431+0100] {dag.py:3947} INFO - Setting next_dagrun for dataset_produces_2 to None, run_after=None
[2026-04-26T17:49:12.443+0100] {processor.py:183} INFO - Processing /Users/malone/data-engineering-pathway/.venv/lib/python3.11/site-packages/airflow/example_dags/example_datasets.py took 0.100 seconds
[2026-04-26T17:51:15.145+0100] {processor.py:161} INFO - Started process (PID=9594) to work on /Users/malone/data-engineering-pathway/.venv/lib/python3.11/site-packages/airflow/example_dags/example_datasets.py
[2026-04-26T17:51:15.146+0100] {processor.py:830} INFO - Processing file /Users/malone/data-engineering-pathway/.venv/lib/python3.11/site-packages/airflow/example_dags/example_datasets.py for tasks to queue
[2026-04-26T17:51:15.146+0100] {logging_mixin.py:188} INFO - [2026-04-26T17:51:15.146+0100] {dagbag.py:545} INFO - Filling up the DagBag from /Users/malone/data-engineering-pathway/.venv/lib/python3.11/site-packages/airflow/example_dags/example_datasets.py
[2026-04-26T17:51:15.196+0100] {processor.py:840} INFO - DAG(s) 'dataset_consumes_1_and_2', 'consume_1_and_2_with_dataset_expressions', 'dataset_consumes_unknown_never_scheduled', 'consume_1_or_2_with_dataset_expressions', 'conditional_dataset_and_time_based_timetable', 'dataset_produces_1', 'dataset_produces_2', 'dataset_consumes_1_never_scheduled', 'dataset_consumes_1', 'consume_1_or_both_2_and_3_with_dataset_expressions' retrieved from /Users/malone/data-engineering-pathway/.venv/lib/python3.11/site-packages/airflow/example_dags/example_datasets.py
[2026-04-26T17:51:15.249+0100] {logging_mixin.py:188} INFO - [2026-04-26T17:51:15.248+0100] {dag.py:3089} INFO - Sync 10 DAGs
[2026-04-26T17:51:15.259+0100] {logging_mixin.py:188} INFO - [2026-04-26T17:51:15.259+0100] {dag.py:3947} INFO - Setting next_dagrun for conditional_dataset_and_time_based_timetable to 2026-04-22 01:00:00+00:00, run_after=2026-04-22 01:00:00+00:00
[2026-04-26T17:51:15.260+0100] {logging_mixin.py:188} INFO - [2026-04-26T17:51:15.260+0100] {dag.py:3947} INFO - Setting next_dagrun for consume_1_and_2_with_dataset_expressions to None, run_after=None
[2026-04-26T17:51:15.260+0100] {logging_mixin.py:188} INFO - [2026-04-26T17:51:15.260+0100] {dag.py:3947} INFO - Setting next_dagrun for consume_1_or_2_with_dataset_expressions to None, run_after=None
[2026-04-26T17:51:15.261+0100] {logging_mixin.py:188} INFO - [2026-04-26T17:51:15.261+0100] {dag.py:3947} INFO - Setting next_dagrun for consume_1_or_both_2_and_3_with_dataset_expressions to None, run_after=None
[2026-04-26T17:51:15.261+0100] {logging_mixin.py:188} INFO - [2026-04-26T17:51:15.261+0100] {dag.py:3947} INFO - Setting next_dagrun for dataset_consumes_1 to None, run_after=None
[2026-04-26T17:51:15.261+0100] {logging_mixin.py:188} INFO - [2026-04-26T17:51:15.261+0100] {dag.py:3947} INFO - Setting next_dagrun for dataset_consumes_1_and_2 to None, run_after=None
[2026-04-26T17:51:15.261+0100] {logging_mixin.py:188} INFO - [2026-04-26T17:51:15.261+0100] {dag.py:3947} INFO - Setting next_dagrun for dataset_consumes_1_never_scheduled to None, run_after=None
[2026-04-26T17:51:15.262+0100] {logging_mixin.py:188} INFO - [2026-04-26T17:51:15.262+0100] {dag.py:3947} INFO - Setting next_dagrun for dataset_consumes_unknown_never_scheduled to None, run_after=None
[2026-04-26T17:51:15.262+0100] {logging_mixin.py:188} INFO - [2026-04-26T17:51:15.262+0100] {dag.py:3947} INFO - Setting next_dagrun for dataset_produces_1 to 2026-04-25 00:00:00+00:00, run_after=2026-04-26 00:00:00+00:00
[2026-04-26T17:51:15.263+0100] {logging_mixin.py:188} INFO - [2026-04-26T17:51:15.263+0100] {dag.py:3947} INFO - Setting next_dagrun for dataset_produces_2 to None, run_after=None
[2026-04-26T17:51:15.273+0100] {processor.py:183} INFO - Processing /Users/malone/data-engineering-pathway/.venv/lib/python3.11/site-packages/airflow/example_dags/example_datasets.py took 0.128 seconds
[2026-04-26T17:53:10.568+0100] {processor.py:161} INFO - Started process (PID=9732) to work on /Users/malone/data-engineering-pathway/.venv/lib/python3.11/site-packages/airflow/example_dags/example_datasets.py
[2026-04-26T17:53:10.569+0100] {processor.py:830} INFO - Processing file /Users/malone/data-engineering-pathway/.venv/lib/python3.11/site-packages/airflow/example_dags/example_datasets.py for tasks to queue
[2026-04-26T17:53:10.569+0100] {logging_mixin.py:188} INFO - [2026-04-26T17:53:10.569+0100] {dagbag.py:545} INFO - Filling up the DagBag from /Users/malone/data-engineering-pathway/.venv/lib/python3.11/site-packages/airflow/example_dags/example_datasets.py
[2026-04-26T17:53:10.597+0100] {processor.py:840} INFO - DAG(s) 'dataset_consumes_unknown_never_scheduled', 'dataset_produces_1', 'conditional_dataset_and_time_based_timetable', 'dataset_produces_2', 'consume_1_and_2_with_dataset_expressions', 'dataset_consumes_1_and_2', 'consume_1_or_both_2_and_3_with_dataset_expressions', 'dataset_consumes_1_never_scheduled', 'consume_1_or_2_with_dataset_expressions', 'dataset_consumes_1' retrieved from /Users/malone/data-engineering-pathway/.venv/lib/python3.11/site-packages/airflow/example_dags/example_datasets.py
[2026-04-26T17:53:10.643+0100] {logging_mixin.py:188} INFO - [2026-04-26T17:53:10.642+0100] {dag.py:3089} INFO - Sync 10 DAGs
[2026-04-26T17:53:10.649+0100] {logging_mixin.py:188} INFO - [2026-04-26T17:53:10.649+0100] {dag.py:3947} INFO - Setting next_dagrun for conditional_dataset_and_time_based_timetable to 2026-04-22 01:00:00+00:00, run_after=2026-04-22 01:00:00+00:00
[2026-04-26T17:53:10.650+0100] {logging_mixin.py:188} INFO - [2026-04-26T17:53:10.650+0100] {dag.py:3947} INFO - Setting next_dagrun for consume_1_and_2_with_dataset_expressions to None, run_after=None
[2026-04-26T17:53:10.650+0100] {logging_mixin.py:188} INFO - [2026-04-26T17:53:10.650+0100] {dag.py:3947} INFO - Setting next_dagrun for consume_1_or_2_with_dataset_expressions to None, run_after=None
[2026-04-26T17:53:10.650+0100] {logging_mixin.py:188} INFO - [2026-04-26T17:53:10.650+0100] {dag.py:3947} INFO - Setting next_dagrun for consume_1_or_both_2_and_3_with_dataset_expressions to None, run_after=None
[2026-04-26T17:53:10.651+0100] {logging_mixin.py:188} INFO - [2026-04-26T17:53:10.651+0100] {dag.py:3947} INFO - Setting next_dagrun for dataset_consumes_1 to None, run_after=None
[2026-04-26T17:53:10.651+0100] {logging_mixin.py:188} INFO - [2026-04-26T17:53:10.651+0100] {dag.py:3947} INFO - Setting next_dagrun for dataset_consumes_1_and_2 to None, run_after=None
[2026-04-26T17:53:10.651+0100] {logging_mixin.py:188} INFO - [2026-04-26T17:53:10.651+0100] {dag.py:3947} INFO - Setting next_dagrun for dataset_consumes_1_never_scheduled to None, run_after=None
[2026-04-26T17:53:10.652+0100] {logging_mixin.py:188} INFO - [2026-04-26T17:53:10.651+0100] {dag.py:3947} INFO - Setting next_dagrun for dataset_consumes_unknown_never_scheduled to None, run_after=None
[2026-04-26T17:53:10.652+0100] {logging_mixin.py:188} INFO - [2026-04-26T17:53:10.652+0100] {dag.py:3947} INFO - Setting next_dagrun for dataset_produces_1 to 2026-04-25 00:00:00+00:00, run_after=2026-04-26 00:00:00+00:00
[2026-04-26T17:53:10.652+0100] {logging_mixin.py:188} INFO - [2026-04-26T17:53:10.652+0100] {dag.py:3947} INFO - Setting next_dagrun for dataset_produces_2 to None, run_after=None
[2026-04-26T17:53:10.663+0100] {processor.py:183} INFO - Processing /Users/malone/data-engineering-pathway/.venv/lib/python3.11/site-packages/airflow/example_dags/example_datasets.py took 0.096 seconds
[2026-04-26T17:55:12.233+0100] {processor.py:161} INFO - Started process (PID=9881) to work on /Users/malone/data-engineering-pathway/.venv/lib/python3.11/site-packages/airflow/example_dags/example_datasets.py
[2026-04-26T17:55:12.234+0100] {processor.py:830} INFO - Processing file /Users/malone/data-engineering-pathway/.venv/lib/python3.11/site-packages/airflow/example_dags/example_datasets.py for tasks to queue
[2026-04-26T17:55:12.234+0100] {logging_mixin.py:188} INFO - [2026-04-26T17:55:12.234+0100] {dagbag.py:545} INFO - Filling up the DagBag from /Users/malone/data-engineering-pathway/.venv/lib/python3.11/site-packages/airflow/example_dags/example_datasets.py
[2026-04-26T17:55:12.262+0100] {processor.py:840} INFO - DAG(s) 'consume_1_and_2_with_dataset_expressions', 'dataset_produces_2', 'dataset_consumes_1_and_2', 'dataset_produces_1', 'dataset_consumes_1_never_scheduled', 'conditional_dataset_and_time_based_timetable', 'dataset_consumes_unknown_never_scheduled', 'dataset_consumes_1', 'consume_1_or_2_with_dataset_expressions', 'consume_1_or_both_2_and_3_with_dataset_expressions' retrieved from /Users/malone/data-engineering-pathway/.venv/lib/python3.11/site-packages/airflow/example_dags/example_datasets.py
[2026-04-26T17:55:12.306+0100] {logging_mixin.py:188} INFO - [2026-04-26T17:55:12.306+0100] {dag.py:3089} INFO - Sync 10 DAGs
[2026-04-26T17:55:12.313+0100] {logging_mixin.py:188} INFO - [2026-04-26T17:55:12.313+0100] {dag.py:3947} INFO - Setting next_dagrun for conditional_dataset_and_time_based_timetable to 2026-04-22 01:00:00+00:00, run_after=2026-04-22 01:00:00+00:00
[2026-04-26T17:55:12.314+0100] {logging_mixin.py:188} INFO - [2026-04-26T17:55:12.314+0100] {dag.py:3947} INFO - Setting next_dagrun for consume_1_and_2_with_dataset_expressions to None, run_after=None
[2026-04-26T17:55:12.314+0100] {logging_mixin.py:188} INFO - [2026-04-26T17:55:12.314+0100] {dag.py:3947} INFO - Setting next_dagrun for consume_1_or_2_with_dataset_expressions to None, run_after=None
[2026-04-26T17:55:12.315+0100] {logging_mixin.py:188} INFO - [2026-04-26T17:55:12.314+0100] {dag.py:3947} INFO - Setting next_dagrun for consume_1_or_both_2_and_3_with_dataset_expressions to None, run_after=None
[2026-04-26T17:55:12.315+0100] {logging_mixin.py:188} INFO - [2026-04-26T17:55:12.315+0100] {dag.py:3947} INFO - Setting next_dagrun for dataset_consumes_1 to None, run_after=None
[2026-04-26T17:55:12.315+0100] {logging_mixin.py:188} INFO - [2026-04-26T17:55:12.315+0100] {dag.py:3947} INFO - Setting next_dagrun for dataset_consumes_1_and_2 to None, run_after=None
[2026-04-26T17:55:12.315+0100] {logging_mixin.py:188} INFO - [2026-04-26T17:55:12.315+0100] {dag.py:3947} INFO - Setting next_dagrun for dataset_consumes_1_never_scheduled to None, run_after=None
[2026-04-26T17:55:12.316+0100] {logging_mixin.py:188} INFO - [2026-04-26T17:55:12.316+0100] {dag.py:3947} INFO - Setting next_dagrun for dataset_consumes_unknown_never_scheduled to None, run_after=None
[2026-04-26T17:55:12.316+0100] {logging_mixin.py:188} INFO - [2026-04-26T17:55:12.316+0100] {dag.py:3947} INFO - Setting next_dagrun for dataset_produces_1 to 2026-04-25 00:00:00+00:00, run_after=2026-04-26 00:00:00+00:00
[2026-04-26T17:55:12.317+0100] {logging_mixin.py:188} INFO - [2026-04-26T17:55:12.316+0100] {dag.py:3947} INFO - Setting next_dagrun for dataset_produces_2 to None, run_after=None
[2026-04-26T17:55:12.327+0100] {processor.py:183} INFO - Processing /Users/malone/data-engineering-pathway/.venv/lib/python3.11/site-packages/airflow/example_dags/example_datasets.py took 0.094 seconds
[2026-04-26T17:57:14.037+0100] {processor.py:161} INFO - Started process (PID=10133) to work on /Users/malone/data-engineering-pathway/.venv/lib/python3.11/site-packages/airflow/example_dags/example_datasets.py
[2026-04-26T17:57:14.038+0100] {processor.py:830} INFO - Processing file /Users/malone/data-engineering-pathway/.venv/lib/python3.11/site-packages/airflow/example_dags/example_datasets.py for tasks to queue
[2026-04-26T17:57:14.038+0100] {logging_mixin.py:188} INFO - [2026-04-26T17:57:14.038+0100] {dagbag.py:545} INFO - Filling up the DagBag from /Users/malone/data-engineering-pathway/.venv/lib/python3.11/site-packages/airflow/example_dags/example_datasets.py
[2026-04-26T17:57:14.067+0100] {processor.py:840} INFO - DAG(s) 'dataset_consumes_1_never_scheduled', 'dataset_produces_1', 'consume_1_or_2_with_dataset_expressions', 'dataset_consumes_1_and_2', 'dataset_consumes_1', 'dataset_produces_2', 'consume_1_or_both_2_and_3_with_dataset_expressions', 'consume_1_and_2_with_dataset_expressions', 'conditional_dataset_and_time_based_timetable', 'dataset_consumes_unknown_never_scheduled' retrieved from /Users/malone/data-engineering-pathway/.venv/lib/python3.11/site-packages/airflow/example_dags/example_datasets.py
[2026-04-26T17:57:14.117+0100] {logging_mixin.py:188} INFO - [2026-04-26T17:57:14.117+0100] {dag.py:3089} INFO - Sync 10 DAGs
[2026-04-26T17:57:14.123+0100] {logging_mixin.py:188} INFO - [2026-04-26T17:57:14.123+0100] {dag.py:3947} INFO - Setting next_dagrun for conditional_dataset_and_time_based_timetable to 2026-04-22 01:00:00+00:00, run_after=2026-04-22 01:00:00+00:00
[2026-04-26T17:57:14.124+0100] {logging_mixin.py:188} INFO - [2026-04-26T17:57:14.124+0100] {dag.py:3947} INFO - Setting next_dagrun for consume_1_and_2_with_dataset_expressions to None, run_after=None
[2026-04-26T17:57:14.125+0100] {logging_mixin.py:188} INFO - [2026-04-26T17:57:14.124+0100] {dag.py:3947} INFO - Setting next_dagrun for consume_1_or_2_with_dataset_expressions to None, run_after=None
[2026-04-26T17:57:14.125+0100] {logging_mixin.py:188} INFO - [2026-04-26T17:57:14.125+0100] {dag.py:3947} INFO - Setting next_dagrun for consume_1_or_both_2_and_3_with_dataset_expressions to None, run_after=None
[2026-04-26T17:57:14.125+0100] {logging_mixin.py:188} INFO - [2026-04-26T17:57:14.125+0100] {dag.py:3947} INFO - Setting next_dagrun for dataset_consumes_1 to None, run_after=None
[2026-04-26T17:57:14.125+0100] {logging_mixin.py:188} INFO - [2026-04-26T17:57:14.125+0100] {dag.py:3947} INFO - Setting next_dagrun for dataset_consumes_1_and_2 to None, run_after=None
[2026-04-26T17:57:14.126+0100] {logging_mixin.py:188} INFO - [2026-04-26T17:57:14.126+0100] {dag.py:3947} INFO - Setting next_dagrun for dataset_consumes_1_never_scheduled to None, run_after=None
[2026-04-26T17:57:14.126+0100] {logging_mixin.py:188} INFO - [2026-04-26T17:57:14.126+0100] {dag.py:3947} INFO - Setting next_dagrun for dataset_consumes_unknown_never_scheduled to None, run_after=None
[2026-04-26T17:57:14.127+0100] {logging_mixin.py:188} INFO - [2026-04-26T17:57:14.127+0100] {dag.py:3947} INFO - Setting next_dagrun for dataset_produces_1 to 2026-04-25 00:00:00+00:00, run_after=2026-04-26 00:00:00+00:00
[2026-04-26T17:57:14.127+0100] {logging_mixin.py:188} INFO - [2026-04-26T17:57:14.127+0100] {dag.py:3947} INFO - Setting next_dagrun for dataset_produces_2 to None, run_after=None
[2026-04-26T17:57:14.139+0100] {processor.py:183} INFO - Processing /Users/malone/data-engineering-pathway/.venv/lib/python3.11/site-packages/airflow/example_dags/example_datasets.py took 0.103 seconds
[2026-04-26T17:59:04.832+0100] {processor.py:161} INFO - Started process (PID=10320) to work on /Users/malone/data-engineering-pathway/.venv/lib/python3.11/site-packages/airflow/example_dags/example_datasets.py
[2026-04-26T17:59:04.833+0100] {processor.py:830} INFO - Processing file /Users/malone/data-engineering-pathway/.venv/lib/python3.11/site-packages/airflow/example_dags/example_datasets.py for tasks to queue
[2026-04-26T17:59:04.833+0100] {logging_mixin.py:188} INFO - [2026-04-26T17:59:04.833+0100] {dagbag.py:545} INFO - Filling up the DagBag from /Users/malone/data-engineering-pathway/.venv/lib/python3.11/site-packages/airflow/example_dags/example_datasets.py
[2026-04-26T17:59:04.861+0100] {processor.py:840} INFO - DAG(s) 'dataset_produces_2', 'conditional_dataset_and_time_based_timetable', 'consume_1_or_2_with_dataset_expressions', 'dataset_consumes_1_never_scheduled', 'dataset_consumes_1', 'consume_1_or_both_2_and_3_with_dataset_expressions', 'consume_1_and_2_with_dataset_expressions', 'dataset_consumes_1_and_2', 'dataset_produces_1', 'dataset_consumes_unknown_never_scheduled' retrieved from /Users/malone/data-engineering-pathway/.venv/lib/python3.11/site-packages/airflow/example_dags/example_datasets.py
[2026-04-26T17:59:04.907+0100] {logging_mixin.py:188} INFO - [2026-04-26T17:59:04.907+0100] {dag.py:3089} INFO - Sync 10 DAGs
[2026-04-26T17:59:04.913+0100] {logging_mixin.py:188} INFO - [2026-04-26T17:59:04.913+0100] {dag.py:3947} INFO - Setting next_dagrun for conditional_dataset_and_time_based_timetable to 2026-04-22 01:00:00+00:00, run_after=2026-04-22 01:00:00+00:00
[2026-04-26T17:59:04.914+0100] {logging_mixin.py:188} INFO - [2026-04-26T17:59:04.914+0100] {dag.py:3947} INFO - Setting next_dagrun for consume_1_and_2_with_dataset_expressions to None, run_after=None
[2026-04-26T17:59:04.915+0100] {logging_mixin.py:188} INFO - [2026-04-26T17:59:04.915+0100] {dag.py:3947} INFO - Setting next_dagrun for consume_1_or_2_with_dataset_expressions to None, run_after=None
[2026-04-26T17:59:04.915+0100] {logging_mixin.py:188} INFO - [2026-04-26T17:59:04.915+0100] {dag.py:3947} INFO - Setting next_dagrun for consume_1_or_both_2_and_3_with_dataset_expressions to None, run_after=None
[2026-04-26T17:59:04.915+0100] {logging_mixin.py:188} INFO - [2026-04-26T17:59:04.915+0100] {dag.py:3947} INFO - Setting next_dagrun for dataset_consumes_1 to None, run_after=None
[2026-04-26T17:59:04.916+0100] {logging_mixin.py:188} INFO - [2026-04-26T17:59:04.916+0100] {dag.py:3947} INFO - Setting next_dagrun for dataset_consumes_1_and_2 to None, run_after=None
[2026-04-26T17:59:04.916+0100] {logging_mixin.py:188} INFO - [2026-04-26T17:59:04.916+0100] {dag.py:3947} INFO - Setting next_dagrun for dataset_consumes_1_never_scheduled to None, run_after=None
[2026-04-26T17:59:04.916+0100] {logging_mixin.py:188} INFO - [2026-04-26T17:59:04.916+0100] {dag.py:3947} INFO - Setting next_dagrun for dataset_consumes_unknown_never_scheduled to None, run_after=None
[2026-04-26T17:59:04.917+0100] {logging_mixin.py:188} INFO - [2026-04-26T17:59:04.917+0100] {dag.py:3947} INFO - Setting next_dagrun for dataset_produces_1 to 2026-04-25 00:00:00+00:00, run_after=2026-04-26 00:00:00+00:00
[2026-04-26T17:59:04.917+0100] {logging_mixin.py:188} INFO - [2026-04-26T17:59:04.917+0100] {dag.py:3947} INFO - Setting next_dagrun for dataset_produces_2 to None, run_after=None
[2026-04-26T17:59:04.927+0100] {processor.py:183} INFO - Processing /Users/malone/data-engineering-pathway/.venv/lib/python3.11/site-packages/airflow/example_dags/example_datasets.py took 0.096 seconds
