[2026-04-26T17:39:34.924+0100] {processor.py:161} INFO - Started process (PID=8383) to work on /Users/malone/data-engineering-pathway/.venv/lib/python3.11/site-packages/airflow/example_dags/example_latest_only_with_trigger.py
[2026-04-26T17:39:34.924+0100] {processor.py:830} INFO - Processing file /Users/malone/data-engineering-pathway/.venv/lib/python3.11/site-packages/airflow/example_dags/example_latest_only_with_trigger.py for tasks to queue
[2026-04-26T17:39:34.925+0100] {logging_mixin.py:188} INFO - [2026-04-26T17:39:34.925+0100] {dagbag.py:545} INFO - Filling up the DagBag from /Users/malone/data-engineering-pathway/.venv/lib/python3.11/site-packages/airflow/example_dags/example_latest_only_with_trigger.py
[2026-04-26T17:39:34.928+0100] {processor.py:840} INFO - DAG(s) 'latest_only_with_trigger' retrieved from /Users/malone/data-engineering-pathway/.venv/lib/python3.11/site-packages/airflow/example_dags/example_latest_only_with_trigger.py
[2026-04-26T17:39:35.026+0100] {logging_mixin.py:188} INFO - [2026-04-26T17:39:35.026+0100] {dag.py:3089} INFO - Sync 1 DAGs
[2026-04-26T17:39:35.031+0100] {logging_mixin.py:188} INFO - [2026-04-26T17:39:35.031+0100] {dag.py:3947} INFO - Setting next_dagrun for latest_only_with_trigger to 2026-04-26 12:00:00+00:00, run_after=2026-04-26 16:00:00+00:00
[2026-04-26T17:39:35.039+0100] {processor.py:183} INFO - Processing /Users/malone/data-engineering-pathway/.venv/lib/python3.11/site-packages/airflow/example_dags/example_latest_only_with_trigger.py took 0.116 seconds
[2026-04-26T17:41:03.488+0100] {processor.py:161} INFO - Started process (PID=8528) to work on /Users/malone/data-engineering-pathway/.venv/lib/python3.11/site-packages/airflow/example_dags/example_latest_only_with_trigger.py
[2026-04-26T17:41:03.489+0100] {processor.py:830} INFO - Processing file /Users/malone/data-engineering-pathway/.venv/lib/python3.11/site-packages/airflow/example_dags/example_latest_only_with_trigger.py for tasks to queue
[2026-04-26T17:41:03.489+0100] {logging_mixin.py:188} INFO - [2026-04-26T17:41:03.489+0100] {dagbag.py:545} INFO - Filling up the DagBag from /Users/malone/data-engineering-pathway/.venv/lib/python3.11/site-packages/airflow/example_dags/example_latest_only_with_trigger.py
[2026-04-26T17:41:03.492+0100] {processor.py:840} INFO - DAG(s) 'latest_only_with_trigger' retrieved from /Users/malone/data-engineering-pathway/.venv/lib/python3.11/site-packages/airflow/example_dags/example_latest_only_with_trigger.py
[2026-04-26T17:41:03.530+0100] {logging_mixin.py:188} INFO - [2026-04-26T17:41:03.530+0100] {dag.py:3089} INFO - Sync 1 DAGs
[2026-04-26T17:41:03.536+0100] {logging_mixin.py:188} INFO - [2026-04-26T17:41:03.536+0100] {dag.py:3947} INFO - Setting next_dagrun for latest_only_with_trigger to 2026-04-26 12:00:00+00:00, run_after=2026-04-26 16:00:00+00:00
[2026-04-26T17:41:03.544+0100] {processor.py:183} INFO - Processing /Users/malone/data-engineering-pathway/.venv/lib/python3.11/site-packages/airflow/example_dags/example_latest_only_with_trigger.py took 0.057 seconds
[2026-04-26T17:43:01.047+0100] {processor.py:161} INFO - Started process (PID=8669) to work on /Users/malone/data-engineering-pathway/.venv/lib/python3.11/site-packages/airflow/example_dags/example_latest_only_with_trigger.py
[2026-04-26T17:43:01.048+0100] {processor.py:830} INFO - Processing file /Users/malone/data-engineering-pathway/.venv/lib/python3.11/site-packages/airflow/example_dags/example_latest_only_with_trigger.py for tasks to queue
[2026-04-26T17:43:01.048+0100] {logging_mixin.py:188} INFO - [2026-04-26T17:43:01.048+0100] {dagbag.py:545} INFO - Filling up the DagBag from /Users/malone/data-engineering-pathway/.venv/lib/python3.11/site-packages/airflow/example_dags/example_latest_only_with_trigger.py
[2026-04-26T17:43:01.052+0100] {processor.py:840} INFO - DAG(s) 'latest_only_with_trigger' retrieved from /Users/malone/data-engineering-pathway/.venv/lib/python3.11/site-packages/airflow/example_dags/example_latest_only_with_trigger.py
[2026-04-26T17:43:01.095+0100] {logging_mixin.py:188} INFO - [2026-04-26T17:43:01.095+0100] {dag.py:3089} INFO - Sync 1 DAGs
[2026-04-26T17:43:01.102+0100] {logging_mixin.py:188} INFO - [2026-04-26T17:43:01.102+0100] {dag.py:3947} INFO - Setting next_dagrun for latest_only_with_trigger to 2026-04-26 12:00:00+00:00, run_after=2026-04-26 16:00:00+00:00
[2026-04-26T17:43:01.112+0100] {processor.py:183} INFO - Processing /Users/malone/data-engineering-pathway/.venv/lib/python3.11/site-packages/airflow/example_dags/example_latest_only_with_trigger.py took 0.066 seconds
[2026-04-26T17:44:51.060+0100] {processor.py:161} INFO - Started process (PID=8869) to work on /Users/malone/data-engineering-pathway/.venv/lib/python3.11/site-packages/airflow/example_dags/example_latest_only_with_trigger.py
[2026-04-26T17:44:51.061+0100] {processor.py:830} INFO - Processing file /Users/malone/data-engineering-pathway/.venv/lib/python3.11/site-packages/airflow/example_dags/example_latest_only_with_trigger.py for tasks to queue
[2026-04-26T17:44:51.062+0100] {logging_mixin.py:188} INFO - [2026-04-26T17:44:51.062+0100] {dagbag.py:545} INFO - Filling up the DagBag from /Users/malone/data-engineering-pathway/.venv/lib/python3.11/site-packages/airflow/example_dags/example_latest_only_with_trigger.py
[2026-04-26T17:44:51.065+0100] {processor.py:840} INFO - DAG(s) 'latest_only_with_trigger' retrieved from /Users/malone/data-engineering-pathway/.venv/lib/python3.11/site-packages/airflow/example_dags/example_latest_only_with_trigger.py
[2026-04-26T17:44:51.105+0100] {logging_mixin.py:188} INFO - [2026-04-26T17:44:51.105+0100] {dag.py:3089} INFO - Sync 1 DAGs
[2026-04-26T17:44:51.111+0100] {logging_mixin.py:188} INFO - [2026-04-26T17:44:51.111+0100] {dag.py:3947} INFO - Setting next_dagrun for latest_only_with_trigger to 2026-04-26 12:00:00+00:00, run_after=2026-04-26 16:00:00+00:00
[2026-04-26T17:44:51.119+0100] {processor.py:183} INFO - Processing /Users/malone/data-engineering-pathway/.venv/lib/python3.11/site-packages/airflow/example_dags/example_latest_only_with_trigger.py took 0.061 seconds
[2026-04-26T17:46:37.359+0100] {processor.py:161} INFO - Started process (PID=9037) to work on /Users/malone/data-engineering-pathway/.venv/lib/python3.11/site-packages/airflow/example_dags/example_latest_only_with_trigger.py
[2026-04-26T17:46:37.360+0100] {processor.py:830} INFO - Processing file /Users/malone/data-engineering-pathway/.venv/lib/python3.11/site-packages/airflow/example_dags/example_latest_only_with_trigger.py for tasks to queue
[2026-04-26T17:46:37.360+0100] {logging_mixin.py:188} INFO - [2026-04-26T17:46:37.360+0100] {dagbag.py:545} INFO - Filling up the DagBag from /Users/malone/data-engineering-pathway/.venv/lib/python3.11/site-packages/airflow/example_dags/example_latest_only_with_trigger.py
[2026-04-26T17:46:37.363+0100] {processor.py:840} INFO - DAG(s) 'latest_only_with_trigger' retrieved from /Users/malone/data-engineering-pathway/.venv/lib/python3.11/site-packages/airflow/example_dags/example_latest_only_with_trigger.py
[2026-04-26T17:46:37.401+0100] {logging_mixin.py:188} INFO - [2026-04-26T17:46:37.401+0100] {dag.py:3089} INFO - Sync 1 DAGs
[2026-04-26T17:46:37.408+0100] {logging_mixin.py:188} INFO - [2026-04-26T17:46:37.408+0100] {dag.py:3947} INFO - Setting next_dagrun for latest_only_with_trigger to 2026-04-26 12:00:00+00:00, run_after=2026-04-26 16:00:00+00:00
[2026-04-26T17:46:37.414+0100] {processor.py:183} INFO - Processing /Users/malone/data-engineering-pathway/.venv/lib/python3.11/site-packages/airflow/example_dags/example_latest_only_with_trigger.py took 0.056 seconds
[2026-04-26T17:48:30.465+0100] {processor.py:161} INFO - Started process (PID=9266) to work on /Users/malone/data-engineering-pathway/.venv/lib/python3.11/site-packages/airflow/example_dags/example_latest_only_with_trigger.py
[2026-04-26T17:48:30.466+0100] {processor.py:830} INFO - Processing file /Users/malone/data-engineering-pathway/.venv/lib/python3.11/site-packages/airflow/example_dags/example_latest_only_with_trigger.py for tasks to queue
[2026-04-26T17:48:30.466+0100] {logging_mixin.py:188} INFO - [2026-04-26T17:48:30.466+0100] {dagbag.py:545} INFO - Filling up the DagBag from /Users/malone/data-engineering-pathway/.venv/lib/python3.11/site-packages/airflow/example_dags/example_latest_only_with_trigger.py
[2026-04-26T17:48:30.471+0100] {processor.py:840} INFO - DAG(s) 'latest_only_with_trigger' retrieved from /Users/malone/data-engineering-pathway/.venv/lib/python3.11/site-packages/airflow/example_dags/example_latest_only_with_trigger.py
[2026-04-26T17:48:30.514+0100] {logging_mixin.py:188} INFO - [2026-04-26T17:48:30.514+0100] {dag.py:3089} INFO - Sync 1 DAGs
[2026-04-26T17:48:30.521+0100] {logging_mixin.py:188} INFO - [2026-04-26T17:48:30.520+0100] {dag.py:3947} INFO - Setting next_dagrun for latest_only_with_trigger to 2026-04-26 12:00:00+00:00, run_after=2026-04-26 16:00:00+00:00
[2026-04-26T17:48:30.533+0100] {processor.py:183} INFO - Processing /Users/malone/data-engineering-pathway/.venv/lib/python3.11/site-packages/airflow/example_dags/example_latest_only_with_trigger.py took 0.069 seconds
[2026-04-26T17:50:28.943+0100] {processor.py:161} INFO - Started process (PID=9526) to work on /Users/malone/data-engineering-pathway/.venv/lib/python3.11/site-packages/airflow/example_dags/example_latest_only_with_trigger.py
[2026-04-26T17:50:28.943+0100] {processor.py:830} INFO - Processing file /Users/malone/data-engineering-pathway/.venv/lib/python3.11/site-packages/airflow/example_dags/example_latest_only_with_trigger.py for tasks to queue
[2026-04-26T17:50:28.943+0100] {logging_mixin.py:188} INFO - [2026-04-26T17:50:28.943+0100] {dagbag.py:545} INFO - Filling up the DagBag from /Users/malone/data-engineering-pathway/.venv/lib/python3.11/site-packages/airflow/example_dags/example_latest_only_with_trigger.py
[2026-04-26T17:50:28.947+0100] {processor.py:840} INFO - DAG(s) 'latest_only_with_trigger' retrieved from /Users/malone/data-engineering-pathway/.venv/lib/python3.11/site-packages/airflow/example_dags/example_latest_only_with_trigger.py
[2026-04-26T17:50:28.987+0100] {logging_mixin.py:188} INFO - [2026-04-26T17:50:28.987+0100] {dag.py:3089} INFO - Sync 1 DAGs
[2026-04-26T17:50:28.993+0100] {logging_mixin.py:188} INFO - [2026-04-26T17:50:28.993+0100] {dag.py:3947} INFO - Setting next_dagrun for latest_only_with_trigger to 2026-04-26 12:00:00+00:00, run_after=2026-04-26 16:00:00+00:00
[2026-04-26T17:50:29.000+0100] {processor.py:183} INFO - Processing /Users/malone/data-engineering-pathway/.venv/lib/python3.11/site-packages/airflow/example_dags/example_latest_only_with_trigger.py took 0.059 seconds
[2026-04-26T17:52:29.417+0100] {processor.py:161} INFO - Started process (PID=9685) to work on /Users/malone/data-engineering-pathway/.venv/lib/python3.11/site-packages/airflow/example_dags/example_latest_only_with_trigger.py
[2026-04-26T17:52:29.418+0100] {processor.py:830} INFO - Processing file /Users/malone/data-engineering-pathway/.venv/lib/python3.11/site-packages/airflow/example_dags/example_latest_only_with_trigger.py for tasks to queue
[2026-04-26T17:52:29.418+0100] {logging_mixin.py:188} INFO - [2026-04-26T17:52:29.418+0100] {dagbag.py:545} INFO - Filling up the DagBag from /Users/malone/data-engineering-pathway/.venv/lib/python3.11/site-packages/airflow/example_dags/example_latest_only_with_trigger.py
[2026-04-26T17:52:29.422+0100] {processor.py:840} INFO - DAG(s) 'latest_only_with_trigger' retrieved from /Users/malone/data-engineering-pathway/.venv/lib/python3.11/site-packages/airflow/example_dags/example_latest_only_with_trigger.py
[2026-04-26T17:52:29.460+0100] {logging_mixin.py:188} INFO - [2026-04-26T17:52:29.460+0100] {dag.py:3089} INFO - Sync 1 DAGs
[2026-04-26T17:52:29.466+0100] {logging_mixin.py:188} INFO - [2026-04-26T17:52:29.466+0100] {dag.py:3947} INFO - Setting next_dagrun for latest_only_with_trigger to 2026-04-26 12:00:00+00:00, run_after=2026-04-26 16:00:00+00:00
[2026-04-26T17:52:29.473+0100] {processor.py:183} INFO - Processing /Users/malone/data-engineering-pathway/.venv/lib/python3.11/site-packages/airflow/example_dags/example_latest_only_with_trigger.py took 0.057 seconds
[2026-04-26T17:54:27.439+0100] {processor.py:161} INFO - Started process (PID=9843) to work on /Users/malone/data-engineering-pathway/.venv/lib/python3.11/site-packages/airflow/example_dags/example_latest_only_with_trigger.py
[2026-04-26T17:54:27.440+0100] {processor.py:830} INFO - Processing file /Users/malone/data-engineering-pathway/.venv/lib/python3.11/site-packages/airflow/example_dags/example_latest_only_with_trigger.py for tasks to queue
[2026-04-26T17:54:27.441+0100] {logging_mixin.py:188} INFO - [2026-04-26T17:54:27.441+0100] {dagbag.py:545} INFO - Filling up the DagBag from /Users/malone/data-engineering-pathway/.venv/lib/python3.11/site-packages/airflow/example_dags/example_latest_only_with_trigger.py
[2026-04-26T17:54:27.444+0100] {processor.py:840} INFO - DAG(s) 'latest_only_with_trigger' retrieved from /Users/malone/data-engineering-pathway/.venv/lib/python3.11/site-packages/airflow/example_dags/example_latest_only_with_trigger.py
[2026-04-26T17:54:27.481+0100] {logging_mixin.py:188} INFO - [2026-04-26T17:54:27.481+0100] {dag.py:3089} INFO - Sync 1 DAGs
[2026-04-26T17:54:27.487+0100] {logging_mixin.py:188} INFO - [2026-04-26T17:54:27.487+0100] {dag.py:3947} INFO - Setting next_dagrun for latest_only_with_trigger to 2026-04-26 12:00:00+00:00, run_after=2026-04-26 16:00:00+00:00
[2026-04-26T17:54:27.494+0100] {processor.py:183} INFO - Processing /Users/malone/data-engineering-pathway/.venv/lib/python3.11/site-packages/airflow/example_dags/example_latest_only_with_trigger.py took 0.056 seconds
[2026-04-26T17:56:30.025+0100] {processor.py:161} INFO - Started process (PID=10074) to work on /Users/malone/data-engineering-pathway/.venv/lib/python3.11/site-packages/airflow/example_dags/example_latest_only_with_trigger.py
[2026-04-26T17:56:30.026+0100] {processor.py:830} INFO - Processing file /Users/malone/data-engineering-pathway/.venv/lib/python3.11/site-packages/airflow/example_dags/example_latest_only_with_trigger.py for tasks to queue
[2026-04-26T17:56:30.026+0100] {logging_mixin.py:188} INFO - [2026-04-26T17:56:30.026+0100] {dagbag.py:545} INFO - Filling up the DagBag from /Users/malone/data-engineering-pathway/.venv/lib/python3.11/site-packages/airflow/example_dags/example_latest_only_with_trigger.py
[2026-04-26T17:56:30.031+0100] {processor.py:840} INFO - DAG(s) 'latest_only_with_trigger' retrieved from /Users/malone/data-engineering-pathway/.venv/lib/python3.11/site-packages/airflow/example_dags/example_latest_only_with_trigger.py
[2026-04-26T17:56:30.087+0100] {logging_mixin.py:188} INFO - [2026-04-26T17:56:30.087+0100] {dag.py:3089} INFO - Sync 1 DAGs
[2026-04-26T17:56:30.096+0100] {logging_mixin.py:188} INFO - [2026-04-26T17:56:30.096+0100] {dag.py:3947} INFO - Setting next_dagrun for latest_only_with_trigger to 2026-04-26 12:00:00+00:00, run_after=2026-04-26 16:00:00+00:00
[2026-04-26T17:56:30.104+0100] {processor.py:183} INFO - Processing /Users/malone/data-engineering-pathway/.venv/lib/python3.11/site-packages/airflow/example_dags/example_latest_only_with_trigger.py took 0.082 seconds
[2026-04-26T17:58:24.438+0100] {processor.py:161} INFO - Started process (PID=10257) to work on /Users/malone/data-engineering-pathway/.venv/lib/python3.11/site-packages/airflow/example_dags/example_latest_only_with_trigger.py
[2026-04-26T17:58:24.438+0100] {processor.py:830} INFO - Processing file /Users/malone/data-engineering-pathway/.venv/lib/python3.11/site-packages/airflow/example_dags/example_latest_only_with_trigger.py for tasks to queue
[2026-04-26T17:58:24.439+0100] {logging_mixin.py:188} INFO - [2026-04-26T17:58:24.439+0100] {dagbag.py:545} INFO - Filling up the DagBag from /Users/malone/data-engineering-pathway/.venv/lib/python3.11/site-packages/airflow/example_dags/example_latest_only_with_trigger.py
[2026-04-26T17:58:24.442+0100] {processor.py:840} INFO - DAG(s) 'latest_only_with_trigger' retrieved from /Users/malone/data-engineering-pathway/.venv/lib/python3.11/site-packages/airflow/example_dags/example_latest_only_with_trigger.py
[2026-04-26T17:58:24.481+0100] {logging_mixin.py:188} INFO - [2026-04-26T17:58:24.481+0100] {dag.py:3089} INFO - Sync 1 DAGs
[2026-04-26T17:58:24.488+0100] {logging_mixin.py:188} INFO - [2026-04-26T17:58:24.488+0100] {dag.py:3947} INFO - Setting next_dagrun for latest_only_with_trigger to 2026-04-26 12:00:00+00:00, run_after=2026-04-26 16:00:00+00:00
[2026-04-26T17:58:24.496+0100] {processor.py:183} INFO - Processing /Users/malone/data-engineering-pathway/.venv/lib/python3.11/site-packages/airflow/example_dags/example_latest_only_with_trigger.py took 0.059 seconds
