[2026-04-26T17:39:36.776+0100] {processor.py:161} INFO - Started process (PID=8384) to work on /Users/malone/data-engineering-pathway/.venv/lib/python3.11/site-packages/airflow/example_dags/example_latest_only.py
[2026-04-26T17:39:36.777+0100] {processor.py:830} INFO - Processing file /Users/malone/data-engineering-pathway/.venv/lib/python3.11/site-packages/airflow/example_dags/example_latest_only.py for tasks to queue
[2026-04-26T17:39:36.777+0100] {logging_mixin.py:188} INFO - [2026-04-26T17:39:36.777+0100] {dagbag.py:545} INFO - Filling up the DagBag from /Users/malone/data-engineering-pathway/.venv/lib/python3.11/site-packages/airflow/example_dags/example_latest_only.py
[2026-04-26T17:39:36.780+0100] {processor.py:840} INFO - DAG(s) 'latest_only' retrieved from /Users/malone/data-engineering-pathway/.venv/lib/python3.11/site-packages/airflow/example_dags/example_latest_only.py
[2026-04-26T17:39:36.884+0100] {logging_mixin.py:188} INFO - [2026-04-26T17:39:36.884+0100] {dag.py:3089} INFO - Sync 1 DAGs
[2026-04-26T17:39:36.890+0100] {logging_mixin.py:188} INFO - [2026-04-26T17:39:36.890+0100] {dag.py:3947} INFO - Setting next_dagrun for latest_only to 2026-04-26 12:00:00+00:00, run_after=2026-04-26 16:00:00+00:00
[2026-04-26T17:39:36.897+0100] {processor.py:183} INFO - Processing /Users/malone/data-engineering-pathway/.venv/lib/python3.11/site-packages/airflow/example_dags/example_latest_only.py took 0.122 seconds
[2026-04-26T17:41:32.490+0100] {processor.py:161} INFO - Started process (PID=8571) to work on /Users/malone/data-engineering-pathway/.venv/lib/python3.11/site-packages/airflow/example_dags/example_latest_only.py
[2026-04-26T17:41:32.490+0100] {processor.py:830} INFO - Processing file /Users/malone/data-engineering-pathway/.venv/lib/python3.11/site-packages/airflow/example_dags/example_latest_only.py for tasks to queue
[2026-04-26T17:41:32.490+0100] {logging_mixin.py:188} INFO - [2026-04-26T17:41:32.490+0100] {dagbag.py:545} INFO - Filling up the DagBag from /Users/malone/data-engineering-pathway/.venv/lib/python3.11/site-packages/airflow/example_dags/example_latest_only.py
[2026-04-26T17:41:32.494+0100] {processor.py:840} INFO - DAG(s) 'latest_only' retrieved from /Users/malone/data-engineering-pathway/.venv/lib/python3.11/site-packages/airflow/example_dags/example_latest_only.py
[2026-04-26T17:41:32.531+0100] {logging_mixin.py:188} INFO - [2026-04-26T17:41:32.531+0100] {dag.py:3089} INFO - Sync 1 DAGs
[2026-04-26T17:41:32.537+0100] {logging_mixin.py:188} INFO - [2026-04-26T17:41:32.537+0100] {dag.py:3947} INFO - Setting next_dagrun for latest_only to 2026-04-26 12:00:00+00:00, run_after=2026-04-26 16:00:00+00:00
[2026-04-26T17:41:32.545+0100] {processor.py:183} INFO - Processing /Users/malone/data-engineering-pathway/.venv/lib/python3.11/site-packages/airflow/example_dags/example_latest_only.py took 0.056 seconds
[2026-04-26T17:43:31.031+0100] {processor.py:161} INFO - Started process (PID=8741) to work on /Users/malone/data-engineering-pathway/.venv/lib/python3.11/site-packages/airflow/example_dags/example_latest_only.py
[2026-04-26T17:43:31.031+0100] {processor.py:830} INFO - Processing file /Users/malone/data-engineering-pathway/.venv/lib/python3.11/site-packages/airflow/example_dags/example_latest_only.py for tasks to queue
[2026-04-26T17:43:31.032+0100] {logging_mixin.py:188} INFO - [2026-04-26T17:43:31.032+0100] {dagbag.py:545} INFO - Filling up the DagBag from /Users/malone/data-engineering-pathway/.venv/lib/python3.11/site-packages/airflow/example_dags/example_latest_only.py
[2026-04-26T17:43:31.036+0100] {processor.py:840} INFO - DAG(s) 'latest_only' retrieved from /Users/malone/data-engineering-pathway/.venv/lib/python3.11/site-packages/airflow/example_dags/example_latest_only.py
[2026-04-26T17:43:31.110+0100] {logging_mixin.py:188} INFO - [2026-04-26T17:43:31.109+0100] {dag.py:3089} INFO - Sync 1 DAGs
[2026-04-26T17:43:31.124+0100] {logging_mixin.py:188} INFO - [2026-04-26T17:43:31.124+0100] {dag.py:3947} INFO - Setting next_dagrun for latest_only to 2026-04-26 12:00:00+00:00, run_after=2026-04-26 16:00:00+00:00
[2026-04-26T17:43:31.132+0100] {processor.py:183} INFO - Processing /Users/malone/data-engineering-pathway/.venv/lib/python3.11/site-packages/airflow/example_dags/example_latest_only.py took 0.103 seconds
[2026-04-26T17:45:14.939+0100] {processor.py:161} INFO - Started process (PID=8903) to work on /Users/malone/data-engineering-pathway/.venv/lib/python3.11/site-packages/airflow/example_dags/example_latest_only.py
[2026-04-26T17:45:14.940+0100] {processor.py:830} INFO - Processing file /Users/malone/data-engineering-pathway/.venv/lib/python3.11/site-packages/airflow/example_dags/example_latest_only.py for tasks to queue
[2026-04-26T17:45:14.940+0100] {logging_mixin.py:188} INFO - [2026-04-26T17:45:14.940+0100] {dagbag.py:545} INFO - Filling up the DagBag from /Users/malone/data-engineering-pathway/.venv/lib/python3.11/site-packages/airflow/example_dags/example_latest_only.py
[2026-04-26T17:45:14.943+0100] {processor.py:840} INFO - DAG(s) 'latest_only' retrieved from /Users/malone/data-engineering-pathway/.venv/lib/python3.11/site-packages/airflow/example_dags/example_latest_only.py
[2026-04-26T17:45:14.982+0100] {logging_mixin.py:188} INFO - [2026-04-26T17:45:14.982+0100] {dag.py:3089} INFO - Sync 1 DAGs
[2026-04-26T17:45:14.989+0100] {logging_mixin.py:188} INFO - [2026-04-26T17:45:14.988+0100] {dag.py:3947} INFO - Setting next_dagrun for latest_only to 2026-04-26 12:00:00+00:00, run_after=2026-04-26 16:00:00+00:00
[2026-04-26T17:45:14.997+0100] {processor.py:183} INFO - Processing /Users/malone/data-engineering-pathway/.venv/lib/python3.11/site-packages/airflow/example_dags/example_latest_only.py took 0.058 seconds
[2026-04-26T17:47:03.446+0100] {processor.py:161} INFO - Started process (PID=9078) to work on /Users/malone/data-engineering-pathway/.venv/lib/python3.11/site-packages/airflow/example_dags/example_latest_only.py
[2026-04-26T17:47:03.447+0100] {processor.py:830} INFO - Processing file /Users/malone/data-engineering-pathway/.venv/lib/python3.11/site-packages/airflow/example_dags/example_latest_only.py for tasks to queue
[2026-04-26T17:47:03.447+0100] {logging_mixin.py:188} INFO - [2026-04-26T17:47:03.447+0100] {dagbag.py:545} INFO - Filling up the DagBag from /Users/malone/data-engineering-pathway/.venv/lib/python3.11/site-packages/airflow/example_dags/example_latest_only.py
[2026-04-26T17:47:03.456+0100] {processor.py:840} INFO - DAG(s) 'latest_only' retrieved from /Users/malone/data-engineering-pathway/.venv/lib/python3.11/site-packages/airflow/example_dags/example_latest_only.py
[2026-04-26T17:47:03.497+0100] {logging_mixin.py:188} INFO - [2026-04-26T17:47:03.497+0100] {dag.py:3089} INFO - Sync 1 DAGs
[2026-04-26T17:47:03.503+0100] {logging_mixin.py:188} INFO - [2026-04-26T17:47:03.503+0100] {dag.py:3947} INFO - Setting next_dagrun for latest_only to 2026-04-26 12:00:00+00:00, run_after=2026-04-26 16:00:00+00:00
[2026-04-26T17:47:03.510+0100] {processor.py:183} INFO - Processing /Users/malone/data-engineering-pathway/.venv/lib/python3.11/site-packages/airflow/example_dags/example_latest_only.py took 0.064 seconds
[2026-04-26T17:49:01.226+0100] {processor.py:161} INFO - Started process (PID=9373) to work on /Users/malone/data-engineering-pathway/.venv/lib/python3.11/site-packages/airflow/example_dags/example_latest_only.py
[2026-04-26T17:49:01.227+0100] {processor.py:830} INFO - Processing file /Users/malone/data-engineering-pathway/.venv/lib/python3.11/site-packages/airflow/example_dags/example_latest_only.py for tasks to queue
[2026-04-26T17:49:01.227+0100] {logging_mixin.py:188} INFO - [2026-04-26T17:49:01.227+0100] {dagbag.py:545} INFO - Filling up the DagBag from /Users/malone/data-engineering-pathway/.venv/lib/python3.11/site-packages/airflow/example_dags/example_latest_only.py
[2026-04-26T17:49:01.230+0100] {processor.py:840} INFO - DAG(s) 'latest_only' retrieved from /Users/malone/data-engineering-pathway/.venv/lib/python3.11/site-packages/airflow/example_dags/example_latest_only.py
[2026-04-26T17:49:01.269+0100] {logging_mixin.py:188} INFO - [2026-04-26T17:49:01.269+0100] {dag.py:3089} INFO - Sync 1 DAGs
[2026-04-26T17:49:01.276+0100] {logging_mixin.py:188} INFO - [2026-04-26T17:49:01.276+0100] {dag.py:3947} INFO - Setting next_dagrun for latest_only to 2026-04-26 12:00:00+00:00, run_after=2026-04-26 16:00:00+00:00
[2026-04-26T17:49:01.285+0100] {processor.py:183} INFO - Processing /Users/malone/data-engineering-pathway/.venv/lib/python3.11/site-packages/airflow/example_dags/example_latest_only.py took 0.060 seconds
[2026-04-26T17:51:02.625+0100] {processor.py:161} INFO - Started process (PID=9576) to work on /Users/malone/data-engineering-pathway/.venv/lib/python3.11/site-packages/airflow/example_dags/example_latest_only.py
[2026-04-26T17:51:02.627+0100] {processor.py:830} INFO - Processing file /Users/malone/data-engineering-pathway/.venv/lib/python3.11/site-packages/airflow/example_dags/example_latest_only.py for tasks to queue
[2026-04-26T17:51:02.627+0100] {logging_mixin.py:188} INFO - [2026-04-26T17:51:02.627+0100] {dagbag.py:545} INFO - Filling up the DagBag from /Users/malone/data-engineering-pathway/.venv/lib/python3.11/site-packages/airflow/example_dags/example_latest_only.py
[2026-04-26T17:51:02.633+0100] {processor.py:840} INFO - DAG(s) 'latest_only' retrieved from /Users/malone/data-engineering-pathway/.venv/lib/python3.11/site-packages/airflow/example_dags/example_latest_only.py
[2026-04-26T17:51:02.724+0100] {logging_mixin.py:188} INFO - [2026-04-26T17:51:02.723+0100] {dag.py:3089} INFO - Sync 1 DAGs
[2026-04-26T17:51:02.732+0100] {logging_mixin.py:188} INFO - [2026-04-26T17:51:02.732+0100] {dag.py:3947} INFO - Setting next_dagrun for latest_only to 2026-04-26 12:00:00+00:00, run_after=2026-04-26 16:00:00+00:00
[2026-04-26T17:51:02.750+0100] {processor.py:183} INFO - Processing /Users/malone/data-engineering-pathway/.venv/lib/python3.11/site-packages/airflow/example_dags/example_latest_only.py took 0.126 seconds
[2026-04-26T17:52:31.185+0100] {processor.py:161} INFO - Started process (PID=9688) to work on /Users/malone/data-engineering-pathway/.venv/lib/python3.11/site-packages/airflow/example_dags/example_latest_only.py
[2026-04-26T17:52:31.185+0100] {processor.py:830} INFO - Processing file /Users/malone/data-engineering-pathway/.venv/lib/python3.11/site-packages/airflow/example_dags/example_latest_only.py for tasks to queue
[2026-04-26T17:52:31.186+0100] {logging_mixin.py:188} INFO - [2026-04-26T17:52:31.185+0100] {dagbag.py:545} INFO - Filling up the DagBag from /Users/malone/data-engineering-pathway/.venv/lib/python3.11/site-packages/airflow/example_dags/example_latest_only.py
[2026-04-26T17:52:31.189+0100] {processor.py:840} INFO - DAG(s) 'latest_only' retrieved from /Users/malone/data-engineering-pathway/.venv/lib/python3.11/site-packages/airflow/example_dags/example_latest_only.py
[2026-04-26T17:52:31.225+0100] {logging_mixin.py:188} INFO - [2026-04-26T17:52:31.225+0100] {dag.py:3089} INFO - Sync 1 DAGs
[2026-04-26T17:52:31.231+0100] {logging_mixin.py:188} INFO - [2026-04-26T17:52:31.231+0100] {dag.py:3947} INFO - Setting next_dagrun for latest_only to 2026-04-26 12:00:00+00:00, run_after=2026-04-26 16:00:00+00:00
[2026-04-26T17:52:31.238+0100] {processor.py:183} INFO - Processing /Users/malone/data-engineering-pathway/.venv/lib/python3.11/site-packages/airflow/example_dags/example_latest_only.py took 0.054 seconds
[2026-04-26T17:54:29.211+0100] {processor.py:161} INFO - Started process (PID=9844) to work on /Users/malone/data-engineering-pathway/.venv/lib/python3.11/site-packages/airflow/example_dags/example_latest_only.py
[2026-04-26T17:54:29.211+0100] {processor.py:830} INFO - Processing file /Users/malone/data-engineering-pathway/.venv/lib/python3.11/site-packages/airflow/example_dags/example_latest_only.py for tasks to queue
[2026-04-26T17:54:29.211+0100] {logging_mixin.py:188} INFO - [2026-04-26T17:54:29.211+0100] {dagbag.py:545} INFO - Filling up the DagBag from /Users/malone/data-engineering-pathway/.venv/lib/python3.11/site-packages/airflow/example_dags/example_latest_only.py
[2026-04-26T17:54:29.214+0100] {processor.py:840} INFO - DAG(s) 'latest_only' retrieved from /Users/malone/data-engineering-pathway/.venv/lib/python3.11/site-packages/airflow/example_dags/example_latest_only.py
[2026-04-26T17:54:29.252+0100] {logging_mixin.py:188} INFO - [2026-04-26T17:54:29.252+0100] {dag.py:3089} INFO - Sync 1 DAGs
[2026-04-26T17:54:29.258+0100] {logging_mixin.py:188} INFO - [2026-04-26T17:54:29.257+0100] {dag.py:3947} INFO - Setting next_dagrun for latest_only to 2026-04-26 12:00:00+00:00, run_after=2026-04-26 16:00:00+00:00
[2026-04-26T17:54:29.264+0100] {processor.py:183} INFO - Processing /Users/malone/data-engineering-pathway/.venv/lib/python3.11/site-packages/airflow/example_dags/example_latest_only.py took 0.054 seconds
[2026-04-26T17:56:31.953+0100] {processor.py:161} INFO - Started process (PID=10081) to work on /Users/malone/data-engineering-pathway/.venv/lib/python3.11/site-packages/airflow/example_dags/example_latest_only.py
[2026-04-26T17:56:31.954+0100] {processor.py:830} INFO - Processing file /Users/malone/data-engineering-pathway/.venv/lib/python3.11/site-packages/airflow/example_dags/example_latest_only.py for tasks to queue
[2026-04-26T17:56:31.954+0100] {logging_mixin.py:188} INFO - [2026-04-26T17:56:31.954+0100] {dagbag.py:545} INFO - Filling up the DagBag from /Users/malone/data-engineering-pathway/.venv/lib/python3.11/site-packages/airflow/example_dags/example_latest_only.py
[2026-04-26T17:56:31.958+0100] {processor.py:840} INFO - DAG(s) 'latest_only' retrieved from /Users/malone/data-engineering-pathway/.venv/lib/python3.11/site-packages/airflow/example_dags/example_latest_only.py
[2026-04-26T17:56:31.999+0100] {logging_mixin.py:188} INFO - [2026-04-26T17:56:31.999+0100] {dag.py:3089} INFO - Sync 1 DAGs
[2026-04-26T17:56:32.005+0100] {logging_mixin.py:188} INFO - [2026-04-26T17:56:32.005+0100] {dag.py:3947} INFO - Setting next_dagrun for latest_only to 2026-04-26 12:00:00+00:00, run_after=2026-04-26 16:00:00+00:00
[2026-04-26T17:56:32.013+0100] {processor.py:183} INFO - Processing /Users/malone/data-engineering-pathway/.venv/lib/python3.11/site-packages/airflow/example_dags/example_latest_only.py took 0.061 seconds
[2026-04-26T17:58:26.229+0100] {processor.py:161} INFO - Started process (PID=10258) to work on /Users/malone/data-engineering-pathway/.venv/lib/python3.11/site-packages/airflow/example_dags/example_latest_only.py
[2026-04-26T17:58:26.230+0100] {processor.py:830} INFO - Processing file /Users/malone/data-engineering-pathway/.venv/lib/python3.11/site-packages/airflow/example_dags/example_latest_only.py for tasks to queue
[2026-04-26T17:58:26.230+0100] {logging_mixin.py:188} INFO - [2026-04-26T17:58:26.230+0100] {dagbag.py:545} INFO - Filling up the DagBag from /Users/malone/data-engineering-pathway/.venv/lib/python3.11/site-packages/airflow/example_dags/example_latest_only.py
[2026-04-26T17:58:26.233+0100] {processor.py:840} INFO - DAG(s) 'latest_only' retrieved from /Users/malone/data-engineering-pathway/.venv/lib/python3.11/site-packages/airflow/example_dags/example_latest_only.py
[2026-04-26T17:58:26.272+0100] {logging_mixin.py:188} INFO - [2026-04-26T17:58:26.272+0100] {dag.py:3089} INFO - Sync 1 DAGs
[2026-04-26T17:58:26.278+0100] {logging_mixin.py:188} INFO - [2026-04-26T17:58:26.278+0100] {dag.py:3947} INFO - Setting next_dagrun for latest_only to 2026-04-26 12:00:00+00:00, run_after=2026-04-26 16:00:00+00:00
[2026-04-26T17:58:26.284+0100] {processor.py:183} INFO - Processing /Users/malone/data-engineering-pathway/.venv/lib/python3.11/site-packages/airflow/example_dags/example_latest_only.py took 0.056 seconds
