[2026-04-26T17:39:59.179+0100] {processor.py:161} INFO - Started process (PID=8429) to work on /Users/malone/data-engineering-pathway/.venv/lib/python3.11/site-packages/airflow/example_dags/example_branch_day_of_week_operator.py
[2026-04-26T17:39:59.179+0100] {processor.py:830} INFO - Processing file /Users/malone/data-engineering-pathway/.venv/lib/python3.11/site-packages/airflow/example_dags/example_branch_day_of_week_operator.py for tasks to queue
[2026-04-26T17:39:59.180+0100] {logging_mixin.py:188} INFO - [2026-04-26T17:39:59.179+0100] {dagbag.py:545} INFO - Filling up the DagBag from /Users/malone/data-engineering-pathway/.venv/lib/python3.11/site-packages/airflow/example_dags/example_branch_day_of_week_operator.py
[2026-04-26T17:39:59.184+0100] {processor.py:840} INFO - DAG(s) 'example_weekday_branch_operator' retrieved from /Users/malone/data-engineering-pathway/.venv/lib/python3.11/site-packages/airflow/example_dags/example_branch_day_of_week_operator.py
[2026-04-26T17:39:59.278+0100] {logging_mixin.py:188} INFO - [2026-04-26T17:39:59.278+0100] {dag.py:3089} INFO - Sync 1 DAGs
[2026-04-26T17:39:59.283+0100] {logging_mixin.py:188} INFO - [2026-04-26T17:39:59.283+0100] {dag.py:3947} INFO - Setting next_dagrun for example_weekday_branch_operator to 2026-04-25 00:00:00+00:00, run_after=2026-04-26 00:00:00+00:00
[2026-04-26T17:39:59.291+0100] {processor.py:183} INFO - Processing /Users/malone/data-engineering-pathway/.venv/lib/python3.11/site-packages/airflow/example_dags/example_branch_day_of_week_operator.py took 0.114 seconds
[2026-04-26T17:41:55.001+0100] {processor.py:161} INFO - Started process (PID=8607) to work on /Users/malone/data-engineering-pathway/.venv/lib/python3.11/site-packages/airflow/example_dags/example_branch_day_of_week_operator.py
[2026-04-26T17:41:55.002+0100] {processor.py:830} INFO - Processing file /Users/malone/data-engineering-pathway/.venv/lib/python3.11/site-packages/airflow/example_dags/example_branch_day_of_week_operator.py for tasks to queue
[2026-04-26T17:41:55.002+0100] {logging_mixin.py:188} INFO - [2026-04-26T17:41:55.002+0100] {dagbag.py:545} INFO - Filling up the DagBag from /Users/malone/data-engineering-pathway/.venv/lib/python3.11/site-packages/airflow/example_dags/example_branch_day_of_week_operator.py
[2026-04-26T17:41:55.007+0100] {processor.py:840} INFO - DAG(s) 'example_weekday_branch_operator' retrieved from /Users/malone/data-engineering-pathway/.venv/lib/python3.11/site-packages/airflow/example_dags/example_branch_day_of_week_operator.py
[2026-04-26T17:41:55.044+0100] {logging_mixin.py:188} INFO - [2026-04-26T17:41:55.044+0100] {dag.py:3089} INFO - Sync 1 DAGs
[2026-04-26T17:41:55.050+0100] {logging_mixin.py:188} INFO - [2026-04-26T17:41:55.050+0100] {dag.py:3947} INFO - Setting next_dagrun for example_weekday_branch_operator to 2026-04-25 00:00:00+00:00, run_after=2026-04-26 00:00:00+00:00
[2026-04-26T17:41:55.058+0100] {processor.py:183} INFO - Processing /Users/malone/data-engineering-pathway/.venv/lib/python3.11/site-packages/airflow/example_dags/example_branch_day_of_week_operator.py took 0.059 seconds
[2026-04-26T17:43:52.073+0100] {processor.py:161} INFO - Started process (PID=8782) to work on /Users/malone/data-engineering-pathway/.venv/lib/python3.11/site-packages/airflow/example_dags/example_branch_day_of_week_operator.py
[2026-04-26T17:43:52.074+0100] {processor.py:830} INFO - Processing file /Users/malone/data-engineering-pathway/.venv/lib/python3.11/site-packages/airflow/example_dags/example_branch_day_of_week_operator.py for tasks to queue
[2026-04-26T17:43:52.074+0100] {logging_mixin.py:188} INFO - [2026-04-26T17:43:52.074+0100] {dagbag.py:545} INFO - Filling up the DagBag from /Users/malone/data-engineering-pathway/.venv/lib/python3.11/site-packages/airflow/example_dags/example_branch_day_of_week_operator.py
[2026-04-26T17:43:52.078+0100] {processor.py:840} INFO - DAG(s) 'example_weekday_branch_operator' retrieved from /Users/malone/data-engineering-pathway/.venv/lib/python3.11/site-packages/airflow/example_dags/example_branch_day_of_week_operator.py
[2026-04-26T17:43:52.117+0100] {logging_mixin.py:188} INFO - [2026-04-26T17:43:52.117+0100] {dag.py:3089} INFO - Sync 1 DAGs
[2026-04-26T17:43:52.123+0100] {logging_mixin.py:188} INFO - [2026-04-26T17:43:52.123+0100] {dag.py:3947} INFO - Setting next_dagrun for example_weekday_branch_operator to 2026-04-25 00:00:00+00:00, run_after=2026-04-26 00:00:00+00:00
[2026-04-26T17:43:52.130+0100] {processor.py:183} INFO - Processing /Users/malone/data-engineering-pathway/.venv/lib/python3.11/site-packages/airflow/example_dags/example_branch_day_of_week_operator.py took 0.058 seconds
[2026-04-26T17:45:37.412+0100] {processor.py:161} INFO - Started process (PID=8949) to work on /Users/malone/data-engineering-pathway/.venv/lib/python3.11/site-packages/airflow/example_dags/example_branch_day_of_week_operator.py
[2026-04-26T17:45:37.412+0100] {processor.py:830} INFO - Processing file /Users/malone/data-engineering-pathway/.venv/lib/python3.11/site-packages/airflow/example_dags/example_branch_day_of_week_operator.py for tasks to queue
[2026-04-26T17:45:37.413+0100] {logging_mixin.py:188} INFO - [2026-04-26T17:45:37.413+0100] {dagbag.py:545} INFO - Filling up the DagBag from /Users/malone/data-engineering-pathway/.venv/lib/python3.11/site-packages/airflow/example_dags/example_branch_day_of_week_operator.py
[2026-04-26T17:45:37.419+0100] {processor.py:840} INFO - DAG(s) 'example_weekday_branch_operator' retrieved from /Users/malone/data-engineering-pathway/.venv/lib/python3.11/site-packages/airflow/example_dags/example_branch_day_of_week_operator.py
[2026-04-26T17:45:37.460+0100] {logging_mixin.py:188} INFO - [2026-04-26T17:45:37.460+0100] {dag.py:3089} INFO - Sync 1 DAGs
[2026-04-26T17:45:37.466+0100] {logging_mixin.py:188} INFO - [2026-04-26T17:45:37.466+0100] {dag.py:3947} INFO - Setting next_dagrun for example_weekday_branch_operator to 2026-04-25 00:00:00+00:00, run_after=2026-04-26 00:00:00+00:00
[2026-04-26T17:45:37.473+0100] {processor.py:183} INFO - Processing /Users/malone/data-engineering-pathway/.venv/lib/python3.11/site-packages/airflow/example_dags/example_branch_day_of_week_operator.py took 0.063 seconds
[2026-04-26T17:47:26.560+0100] {processor.py:161} INFO - Started process (PID=9126) to work on /Users/malone/data-engineering-pathway/.venv/lib/python3.11/site-packages/airflow/example_dags/example_branch_day_of_week_operator.py
[2026-04-26T17:47:26.560+0100] {processor.py:830} INFO - Processing file /Users/malone/data-engineering-pathway/.venv/lib/python3.11/site-packages/airflow/example_dags/example_branch_day_of_week_operator.py for tasks to queue
[2026-04-26T17:47:26.560+0100] {logging_mixin.py:188} INFO - [2026-04-26T17:47:26.560+0100] {dagbag.py:545} INFO - Filling up the DagBag from /Users/malone/data-engineering-pathway/.venv/lib/python3.11/site-packages/airflow/example_dags/example_branch_day_of_week_operator.py
[2026-04-26T17:47:26.565+0100] {processor.py:840} INFO - DAG(s) 'example_weekday_branch_operator' retrieved from /Users/malone/data-engineering-pathway/.venv/lib/python3.11/site-packages/airflow/example_dags/example_branch_day_of_week_operator.py
[2026-04-26T17:47:26.608+0100] {logging_mixin.py:188} INFO - [2026-04-26T17:47:26.608+0100] {dag.py:3089} INFO - Sync 1 DAGs
[2026-04-26T17:47:26.614+0100] {logging_mixin.py:188} INFO - [2026-04-26T17:47:26.614+0100] {dag.py:3947} INFO - Setting next_dagrun for example_weekday_branch_operator to 2026-04-25 00:00:00+00:00, run_after=2026-04-26 00:00:00+00:00
[2026-04-26T17:47:26.622+0100] {processor.py:183} INFO - Processing /Users/malone/data-engineering-pathway/.venv/lib/python3.11/site-packages/airflow/example_dags/example_branch_day_of_week_operator.py took 0.063 seconds
[2026-04-26T17:49:24.637+0100] {processor.py:161} INFO - Started process (PID=9451) to work on /Users/malone/data-engineering-pathway/.venv/lib/python3.11/site-packages/airflow/example_dags/example_branch_day_of_week_operator.py
[2026-04-26T17:49:24.637+0100] {processor.py:830} INFO - Processing file /Users/malone/data-engineering-pathway/.venv/lib/python3.11/site-packages/airflow/example_dags/example_branch_day_of_week_operator.py for tasks to queue
[2026-04-26T17:49:24.638+0100] {logging_mixin.py:188} INFO - [2026-04-26T17:49:24.638+0100] {dagbag.py:545} INFO - Filling up the DagBag from /Users/malone/data-engineering-pathway/.venv/lib/python3.11/site-packages/airflow/example_dags/example_branch_day_of_week_operator.py
[2026-04-26T17:49:24.642+0100] {processor.py:840} INFO - DAG(s) 'example_weekday_branch_operator' retrieved from /Users/malone/data-engineering-pathway/.venv/lib/python3.11/site-packages/airflow/example_dags/example_branch_day_of_week_operator.py
[2026-04-26T17:49:24.682+0100] {logging_mixin.py:188} INFO - [2026-04-26T17:49:24.682+0100] {dag.py:3089} INFO - Sync 1 DAGs
[2026-04-26T17:49:24.689+0100] {logging_mixin.py:188} INFO - [2026-04-26T17:49:24.689+0100] {dag.py:3947} INFO - Setting next_dagrun for example_weekday_branch_operator to 2026-04-25 00:00:00+00:00, run_after=2026-04-26 00:00:00+00:00
[2026-04-26T17:49:24.700+0100] {processor.py:183} INFO - Processing /Users/malone/data-engineering-pathway/.venv/lib/python3.11/site-packages/airflow/example_dags/example_branch_day_of_week_operator.py took 0.065 seconds
[2026-04-26T17:51:28.135+0100] {processor.py:161} INFO - Started process (PID=9615) to work on /Users/malone/data-engineering-pathway/.venv/lib/python3.11/site-packages/airflow/example_dags/example_branch_day_of_week_operator.py
[2026-04-26T17:51:28.135+0100] {processor.py:830} INFO - Processing file /Users/malone/data-engineering-pathway/.venv/lib/python3.11/site-packages/airflow/example_dags/example_branch_day_of_week_operator.py for tasks to queue
[2026-04-26T17:51:28.135+0100] {logging_mixin.py:188} INFO - [2026-04-26T17:51:28.135+0100] {dagbag.py:545} INFO - Filling up the DagBag from /Users/malone/data-engineering-pathway/.venv/lib/python3.11/site-packages/airflow/example_dags/example_branch_day_of_week_operator.py
[2026-04-26T17:51:28.140+0100] {processor.py:840} INFO - DAG(s) 'example_weekday_branch_operator' retrieved from /Users/malone/data-engineering-pathway/.venv/lib/python3.11/site-packages/airflow/example_dags/example_branch_day_of_week_operator.py
[2026-04-26T17:51:28.180+0100] {logging_mixin.py:188} INFO - [2026-04-26T17:51:28.179+0100] {dag.py:3089} INFO - Sync 1 DAGs
[2026-04-26T17:51:28.186+0100] {logging_mixin.py:188} INFO - [2026-04-26T17:51:28.186+0100] {dag.py:3947} INFO - Setting next_dagrun for example_weekday_branch_operator to 2026-04-25 00:00:00+00:00, run_after=2026-04-26 00:00:00+00:00
[2026-04-26T17:51:28.192+0100] {processor.py:183} INFO - Processing /Users/malone/data-engineering-pathway/.venv/lib/python3.11/site-packages/airflow/example_dags/example_branch_day_of_week_operator.py took 0.059 seconds
[2026-04-26T17:53:23.478+0100] {processor.py:161} INFO - Started process (PID=9754) to work on /Users/malone/data-engineering-pathway/.venv/lib/python3.11/site-packages/airflow/example_dags/example_branch_day_of_week_operator.py
[2026-04-26T17:53:23.479+0100] {processor.py:830} INFO - Processing file /Users/malone/data-engineering-pathway/.venv/lib/python3.11/site-packages/airflow/example_dags/example_branch_day_of_week_operator.py for tasks to queue
[2026-04-26T17:53:23.479+0100] {logging_mixin.py:188} INFO - [2026-04-26T17:53:23.479+0100] {dagbag.py:545} INFO - Filling up the DagBag from /Users/malone/data-engineering-pathway/.venv/lib/python3.11/site-packages/airflow/example_dags/example_branch_day_of_week_operator.py
[2026-04-26T17:53:23.485+0100] {processor.py:840} INFO - DAG(s) 'example_weekday_branch_operator' retrieved from /Users/malone/data-engineering-pathway/.venv/lib/python3.11/site-packages/airflow/example_dags/example_branch_day_of_week_operator.py
[2026-04-26T17:53:23.525+0100] {logging_mixin.py:188} INFO - [2026-04-26T17:53:23.525+0100] {dag.py:3089} INFO - Sync 1 DAGs
[2026-04-26T17:53:23.532+0100] {logging_mixin.py:188} INFO - [2026-04-26T17:53:23.532+0100] {dag.py:3947} INFO - Setting next_dagrun for example_weekday_branch_operator to 2026-04-25 00:00:00+00:00, run_after=2026-04-26 00:00:00+00:00
[2026-04-26T17:53:23.538+0100] {processor.py:183} INFO - Processing /Users/malone/data-engineering-pathway/.venv/lib/python3.11/site-packages/airflow/example_dags/example_branch_day_of_week_operator.py took 0.062 seconds
[2026-04-26T17:55:24.592+0100] {processor.py:161} INFO - Started process (PID=9926) to work on /Users/malone/data-engineering-pathway/.venv/lib/python3.11/site-packages/airflow/example_dags/example_branch_day_of_week_operator.py
[2026-04-26T17:55:24.592+0100] {processor.py:830} INFO - Processing file /Users/malone/data-engineering-pathway/.venv/lib/python3.11/site-packages/airflow/example_dags/example_branch_day_of_week_operator.py for tasks to queue
[2026-04-26T17:55:24.593+0100] {logging_mixin.py:188} INFO - [2026-04-26T17:55:24.593+0100] {dagbag.py:545} INFO - Filling up the DagBag from /Users/malone/data-engineering-pathway/.venv/lib/python3.11/site-packages/airflow/example_dags/example_branch_day_of_week_operator.py
[2026-04-26T17:55:24.597+0100] {processor.py:840} INFO - DAG(s) 'example_weekday_branch_operator' retrieved from /Users/malone/data-engineering-pathway/.venv/lib/python3.11/site-packages/airflow/example_dags/example_branch_day_of_week_operator.py
[2026-04-26T17:55:24.637+0100] {logging_mixin.py:188} INFO - [2026-04-26T17:55:24.637+0100] {dag.py:3089} INFO - Sync 1 DAGs
[2026-04-26T17:55:24.644+0100] {logging_mixin.py:188} INFO - [2026-04-26T17:55:24.644+0100] {dag.py:3947} INFO - Setting next_dagrun for example_weekday_branch_operator to 2026-04-25 00:00:00+00:00, run_after=2026-04-26 00:00:00+00:00
[2026-04-26T17:55:24.650+0100] {processor.py:183} INFO - Processing /Users/malone/data-engineering-pathway/.venv/lib/python3.11/site-packages/airflow/example_dags/example_branch_day_of_week_operator.py took 0.059 seconds
[2026-04-26T17:57:26.990+0100] {processor.py:161} INFO - Started process (PID=10159) to work on /Users/malone/data-engineering-pathway/.venv/lib/python3.11/site-packages/airflow/example_dags/example_branch_day_of_week_operator.py
[2026-04-26T17:57:26.990+0100] {processor.py:830} INFO - Processing file /Users/malone/data-engineering-pathway/.venv/lib/python3.11/site-packages/airflow/example_dags/example_branch_day_of_week_operator.py for tasks to queue
[2026-04-26T17:57:26.991+0100] {logging_mixin.py:188} INFO - [2026-04-26T17:57:26.991+0100] {dagbag.py:545} INFO - Filling up the DagBag from /Users/malone/data-engineering-pathway/.venv/lib/python3.11/site-packages/airflow/example_dags/example_branch_day_of_week_operator.py
[2026-04-26T17:57:26.995+0100] {processor.py:840} INFO - DAG(s) 'example_weekday_branch_operator' retrieved from /Users/malone/data-engineering-pathway/.venv/lib/python3.11/site-packages/airflow/example_dags/example_branch_day_of_week_operator.py
[2026-04-26T17:57:27.035+0100] {logging_mixin.py:188} INFO - [2026-04-26T17:57:27.035+0100] {dag.py:3089} INFO - Sync 1 DAGs
[2026-04-26T17:57:27.043+0100] {logging_mixin.py:188} INFO - [2026-04-26T17:57:27.043+0100] {dag.py:3947} INFO - Setting next_dagrun for example_weekday_branch_operator to 2026-04-25 00:00:00+00:00, run_after=2026-04-26 00:00:00+00:00
[2026-04-26T17:57:27.051+0100] {processor.py:183} INFO - Processing /Users/malone/data-engineering-pathway/.venv/lib/python3.11/site-packages/airflow/example_dags/example_branch_day_of_week_operator.py took 0.062 seconds
[2026-04-26T17:59:17.246+0100] {processor.py:161} INFO - Started process (PID=10341) to work on /Users/malone/data-engineering-pathway/.venv/lib/python3.11/site-packages/airflow/example_dags/example_branch_day_of_week_operator.py
[2026-04-26T17:59:17.246+0100] {processor.py:830} INFO - Processing file /Users/malone/data-engineering-pathway/.venv/lib/python3.11/site-packages/airflow/example_dags/example_branch_day_of_week_operator.py for tasks to queue
[2026-04-26T17:59:17.246+0100] {logging_mixin.py:188} INFO - [2026-04-26T17:59:17.246+0100] {dagbag.py:545} INFO - Filling up the DagBag from /Users/malone/data-engineering-pathway/.venv/lib/python3.11/site-packages/airflow/example_dags/example_branch_day_of_week_operator.py
[2026-04-26T17:59:17.251+0100] {processor.py:840} INFO - DAG(s) 'example_weekday_branch_operator' retrieved from /Users/malone/data-engineering-pathway/.venv/lib/python3.11/site-packages/airflow/example_dags/example_branch_day_of_week_operator.py
[2026-04-26T17:59:17.290+0100] {logging_mixin.py:188} INFO - [2026-04-26T17:59:17.290+0100] {dag.py:3089} INFO - Sync 1 DAGs
[2026-04-26T17:59:17.296+0100] {logging_mixin.py:188} INFO - [2026-04-26T17:59:17.296+0100] {dag.py:3947} INFO - Setting next_dagrun for example_weekday_branch_operator to 2026-04-25 00:00:00+00:00, run_after=2026-04-26 00:00:00+00:00
[2026-04-26T17:59:17.303+0100] {processor.py:183} INFO - Processing /Users/malone/data-engineering-pathway/.venv/lib/python3.11/site-packages/airflow/example_dags/example_branch_day_of_week_operator.py took 0.058 seconds
