[2026-04-26T17:39:05.458+0100] {processor.py:161} INFO - Started process (PID=8326) to work on /Users/malone/data-engineering-pathway/.venv/lib/python3.11/site-packages/airflow/example_dags/example_task_group_decorator.py
[2026-04-26T17:39:05.458+0100] {processor.py:830} INFO - Processing file /Users/malone/data-engineering-pathway/.venv/lib/python3.11/site-packages/airflow/example_dags/example_task_group_decorator.py for tasks to queue
[2026-04-26T17:39:05.458+0100] {logging_mixin.py:188} INFO - [2026-04-26T17:39:05.458+0100] {dagbag.py:545} INFO - Filling up the DagBag from /Users/malone/data-engineering-pathway/.venv/lib/python3.11/site-packages/airflow/example_dags/example_task_group_decorator.py
[2026-04-26T17:39:05.475+0100] {processor.py:840} INFO - DAG(s) 'example_task_group_decorator' retrieved from /Users/malone/data-engineering-pathway/.venv/lib/python3.11/site-packages/airflow/example_dags/example_task_group_decorator.py
[2026-04-26T17:39:05.575+0100] {logging_mixin.py:188} INFO - [2026-04-26T17:39:05.575+0100] {dag.py:3089} INFO - Sync 1 DAGs
[2026-04-26T17:39:05.580+0100] {logging_mixin.py:188} INFO - [2026-04-26T17:39:05.580+0100] {dag.py:3947} INFO - Setting next_dagrun for example_task_group_decorator to 2026-04-25 00:00:00+00:00, run_after=2026-04-26 00:00:00+00:00
[2026-04-26T17:39:05.587+0100] {processor.py:183} INFO - Processing /Users/malone/data-engineering-pathway/.venv/lib/python3.11/site-packages/airflow/example_dags/example_task_group_decorator.py took 0.130 seconds
[2026-04-26T17:40:32.573+0100] {processor.py:161} INFO - Started process (PID=8478) to work on /Users/malone/data-engineering-pathway/.venv/lib/python3.11/site-packages/airflow/example_dags/example_task_group_decorator.py
[2026-04-26T17:40:32.573+0100] {processor.py:830} INFO - Processing file /Users/malone/data-engineering-pathway/.venv/lib/python3.11/site-packages/airflow/example_dags/example_task_group_decorator.py for tasks to queue
[2026-04-26T17:40:32.574+0100] {logging_mixin.py:188} INFO - [2026-04-26T17:40:32.574+0100] {dagbag.py:545} INFO - Filling up the DagBag from /Users/malone/data-engineering-pathway/.venv/lib/python3.11/site-packages/airflow/example_dags/example_task_group_decorator.py
[2026-04-26T17:40:32.590+0100] {processor.py:840} INFO - DAG(s) 'example_task_group_decorator' retrieved from /Users/malone/data-engineering-pathway/.venv/lib/python3.11/site-packages/airflow/example_dags/example_task_group_decorator.py
[2026-04-26T17:40:32.629+0100] {logging_mixin.py:188} INFO - [2026-04-26T17:40:32.628+0100] {dag.py:3089} INFO - Sync 1 DAGs
[2026-04-26T17:40:32.635+0100] {logging_mixin.py:188} INFO - [2026-04-26T17:40:32.634+0100] {dag.py:3947} INFO - Setting next_dagrun for example_task_group_decorator to 2026-04-25 00:00:00+00:00, run_after=2026-04-26 00:00:00+00:00
[2026-04-26T17:40:32.667+0100] {processor.py:183} INFO - Processing /Users/malone/data-engineering-pathway/.venv/lib/python3.11/site-packages/airflow/example_dags/example_task_group_decorator.py took 0.095 seconds
[2026-04-26T17:41:28.788+0100] {processor.py:161} INFO - Started process (PID=8565) to work on /Users/malone/data-engineering-pathway/.venv/lib/python3.11/site-packages/airflow/example_dags/example_task_group_decorator.py
[2026-04-26T17:41:28.789+0100] {processor.py:830} INFO - Processing file /Users/malone/data-engineering-pathway/.venv/lib/python3.11/site-packages/airflow/example_dags/example_task_group_decorator.py for tasks to queue
[2026-04-26T17:41:28.790+0100] {logging_mixin.py:188} INFO - [2026-04-26T17:41:28.789+0100] {dagbag.py:545} INFO - Filling up the DagBag from /Users/malone/data-engineering-pathway/.venv/lib/python3.11/site-packages/airflow/example_dags/example_task_group_decorator.py
[2026-04-26T17:41:28.807+0100] {processor.py:840} INFO - DAG(s) 'example_task_group_decorator' retrieved from /Users/malone/data-engineering-pathway/.venv/lib/python3.11/site-packages/airflow/example_dags/example_task_group_decorator.py
[2026-04-26T17:41:28.847+0100] {logging_mixin.py:188} INFO - [2026-04-26T17:41:28.847+0100] {dag.py:3089} INFO - Sync 1 DAGs
[2026-04-26T17:41:28.853+0100] {logging_mixin.py:188} INFO - [2026-04-26T17:41:28.853+0100] {dag.py:3947} INFO - Setting next_dagrun for example_task_group_decorator to 2026-04-25 00:00:00+00:00, run_after=2026-04-26 00:00:00+00:00
[2026-04-26T17:41:28.887+0100] {processor.py:183} INFO - Processing /Users/malone/data-engineering-pathway/.venv/lib/python3.11/site-packages/airflow/example_dags/example_task_group_decorator.py took 0.101 seconds
[2026-04-26T17:42:29.519+0100] {processor.py:161} INFO - Started process (PID=8641) to work on /Users/malone/data-engineering-pathway/.venv/lib/python3.11/site-packages/airflow/example_dags/example_task_group_decorator.py
[2026-04-26T17:42:29.520+0100] {processor.py:830} INFO - Processing file /Users/malone/data-engineering-pathway/.venv/lib/python3.11/site-packages/airflow/example_dags/example_task_group_decorator.py for tasks to queue
[2026-04-26T17:42:29.520+0100] {logging_mixin.py:188} INFO - [2026-04-26T17:42:29.520+0100] {dagbag.py:545} INFO - Filling up the DagBag from /Users/malone/data-engineering-pathway/.venv/lib/python3.11/site-packages/airflow/example_dags/example_task_group_decorator.py
[2026-04-26T17:42:29.539+0100] {processor.py:840} INFO - DAG(s) 'example_task_group_decorator' retrieved from /Users/malone/data-engineering-pathway/.venv/lib/python3.11/site-packages/airflow/example_dags/example_task_group_decorator.py
[2026-04-26T17:42:29.579+0100] {logging_mixin.py:188} INFO - [2026-04-26T17:42:29.579+0100] {dag.py:3089} INFO - Sync 1 DAGs
[2026-04-26T17:42:29.585+0100] {logging_mixin.py:188} INFO - [2026-04-26T17:42:29.585+0100] {dag.py:3947} INFO - Setting next_dagrun for example_task_group_decorator to 2026-04-25 00:00:00+00:00, run_after=2026-04-26 00:00:00+00:00
[2026-04-26T17:42:29.620+0100] {processor.py:183} INFO - Processing /Users/malone/data-engineering-pathway/.venv/lib/python3.11/site-packages/airflow/example_dags/example_task_group_decorator.py took 0.102 seconds
[2026-04-26T17:43:28.128+0100] {processor.py:161} INFO - Started process (PID=8732) to work on /Users/malone/data-engineering-pathway/.venv/lib/python3.11/site-packages/airflow/example_dags/example_task_group_decorator.py
[2026-04-26T17:43:28.129+0100] {processor.py:830} INFO - Processing file /Users/malone/data-engineering-pathway/.venv/lib/python3.11/site-packages/airflow/example_dags/example_task_group_decorator.py for tasks to queue
[2026-04-26T17:43:28.129+0100] {logging_mixin.py:188} INFO - [2026-04-26T17:43:28.129+0100] {dagbag.py:545} INFO - Filling up the DagBag from /Users/malone/data-engineering-pathway/.venv/lib/python3.11/site-packages/airflow/example_dags/example_task_group_decorator.py
[2026-04-26T17:43:28.147+0100] {processor.py:840} INFO - DAG(s) 'example_task_group_decorator' retrieved from /Users/malone/data-engineering-pathway/.venv/lib/python3.11/site-packages/airflow/example_dags/example_task_group_decorator.py
[2026-04-26T17:43:28.188+0100] {logging_mixin.py:188} INFO - [2026-04-26T17:43:28.188+0100] {dag.py:3089} INFO - Sync 1 DAGs
[2026-04-26T17:43:28.194+0100] {logging_mixin.py:188} INFO - [2026-04-26T17:43:28.194+0100] {dag.py:3947} INFO - Setting next_dagrun for example_task_group_decorator to 2026-04-25 00:00:00+00:00, run_after=2026-04-26 00:00:00+00:00
[2026-04-26T17:43:28.229+0100] {processor.py:183} INFO - Processing /Users/malone/data-engineering-pathway/.venv/lib/python3.11/site-packages/airflow/example_dags/example_task_group_decorator.py took 0.101 seconds
[2026-04-26T17:45:12.211+0100] {processor.py:161} INFO - Started process (PID=8900) to work on /Users/malone/data-engineering-pathway/.venv/lib/python3.11/site-packages/airflow/example_dags/example_task_group_decorator.py
[2026-04-26T17:45:12.211+0100] {processor.py:830} INFO - Processing file /Users/malone/data-engineering-pathway/.venv/lib/python3.11/site-packages/airflow/example_dags/example_task_group_decorator.py for tasks to queue
[2026-04-26T17:45:12.211+0100] {logging_mixin.py:188} INFO - [2026-04-26T17:45:12.211+0100] {dagbag.py:545} INFO - Filling up the DagBag from /Users/malone/data-engineering-pathway/.venv/lib/python3.11/site-packages/airflow/example_dags/example_task_group_decorator.py
[2026-04-26T17:45:12.228+0100] {processor.py:840} INFO - DAG(s) 'example_task_group_decorator' retrieved from /Users/malone/data-engineering-pathway/.venv/lib/python3.11/site-packages/airflow/example_dags/example_task_group_decorator.py
[2026-04-26T17:45:12.267+0100] {logging_mixin.py:188} INFO - [2026-04-26T17:45:12.267+0100] {dag.py:3089} INFO - Sync 1 DAGs
[2026-04-26T17:45:12.273+0100] {logging_mixin.py:188} INFO - [2026-04-26T17:45:12.273+0100] {dag.py:3947} INFO - Setting next_dagrun for example_task_group_decorator to 2026-04-25 00:00:00+00:00, run_after=2026-04-26 00:00:00+00:00
[2026-04-26T17:45:12.306+0100] {processor.py:183} INFO - Processing /Users/malone/data-engineering-pathway/.venv/lib/python3.11/site-packages/airflow/example_dags/example_task_group_decorator.py took 0.097 seconds
[2026-04-26T17:46:08.071+0100] {processor.py:161} INFO - Started process (PID=8996) to work on /Users/malone/data-engineering-pathway/.venv/lib/python3.11/site-packages/airflow/example_dags/example_task_group_decorator.py
[2026-04-26T17:46:08.072+0100] {processor.py:830} INFO - Processing file /Users/malone/data-engineering-pathway/.venv/lib/python3.11/site-packages/airflow/example_dags/example_task_group_decorator.py for tasks to queue
[2026-04-26T17:46:08.072+0100] {logging_mixin.py:188} INFO - [2026-04-26T17:46:08.072+0100] {dagbag.py:545} INFO - Filling up the DagBag from /Users/malone/data-engineering-pathway/.venv/lib/python3.11/site-packages/airflow/example_dags/example_task_group_decorator.py
[2026-04-26T17:46:08.089+0100] {processor.py:840} INFO - DAG(s) 'example_task_group_decorator' retrieved from /Users/malone/data-engineering-pathway/.venv/lib/python3.11/site-packages/airflow/example_dags/example_task_group_decorator.py
[2026-04-26T17:46:08.127+0100] {logging_mixin.py:188} INFO - [2026-04-26T17:46:08.127+0100] {dag.py:3089} INFO - Sync 1 DAGs
[2026-04-26T17:46:08.133+0100] {logging_mixin.py:188} INFO - [2026-04-26T17:46:08.133+0100] {dag.py:3947} INFO - Setting next_dagrun for example_task_group_decorator to 2026-04-25 00:00:00+00:00, run_after=2026-04-26 00:00:00+00:00
[2026-04-26T17:46:08.167+0100] {processor.py:183} INFO - Processing /Users/malone/data-engineering-pathway/.venv/lib/python3.11/site-packages/airflow/example_dags/example_task_group_decorator.py took 0.097 seconds
[2026-04-26T17:47:58.075+0100] {processor.py:161} INFO - Started process (PID=9186) to work on /Users/malone/data-engineering-pathway/.venv/lib/python3.11/site-packages/airflow/example_dags/example_task_group_decorator.py
[2026-04-26T17:47:58.075+0100] {processor.py:830} INFO - Processing file /Users/malone/data-engineering-pathway/.venv/lib/python3.11/site-packages/airflow/example_dags/example_task_group_decorator.py for tasks to queue
[2026-04-26T17:47:58.076+0100] {logging_mixin.py:188} INFO - [2026-04-26T17:47:58.075+0100] {dagbag.py:545} INFO - Filling up the DagBag from /Users/malone/data-engineering-pathway/.venv/lib/python3.11/site-packages/airflow/example_dags/example_task_group_decorator.py
[2026-04-26T17:47:58.092+0100] {processor.py:840} INFO - DAG(s) 'example_task_group_decorator' retrieved from /Users/malone/data-engineering-pathway/.venv/lib/python3.11/site-packages/airflow/example_dags/example_task_group_decorator.py
[2026-04-26T17:47:58.132+0100] {logging_mixin.py:188} INFO - [2026-04-26T17:47:58.132+0100] {dag.py:3089} INFO - Sync 1 DAGs
[2026-04-26T17:47:58.138+0100] {logging_mixin.py:188} INFO - [2026-04-26T17:47:58.138+0100] {dag.py:3947} INFO - Setting next_dagrun for example_task_group_decorator to 2026-04-25 00:00:00+00:00, run_after=2026-04-26 00:00:00+00:00
[2026-04-26T17:47:58.171+0100] {processor.py:183} INFO - Processing /Users/malone/data-engineering-pathway/.venv/lib/python3.11/site-packages/airflow/example_dags/example_task_group_decorator.py took 0.097 seconds
[2026-04-26T17:48:57.506+0100] {processor.py:161} INFO - Started process (PID=9365) to work on /Users/malone/data-engineering-pathway/.venv/lib/python3.11/site-packages/airflow/example_dags/example_task_group_decorator.py
[2026-04-26T17:48:57.506+0100] {processor.py:830} INFO - Processing file /Users/malone/data-engineering-pathway/.venv/lib/python3.11/site-packages/airflow/example_dags/example_task_group_decorator.py for tasks to queue
[2026-04-26T17:48:57.506+0100] {logging_mixin.py:188} INFO - [2026-04-26T17:48:57.506+0100] {dagbag.py:545} INFO - Filling up the DagBag from /Users/malone/data-engineering-pathway/.venv/lib/python3.11/site-packages/airflow/example_dags/example_task_group_decorator.py
[2026-04-26T17:48:57.524+0100] {processor.py:840} INFO - DAG(s) 'example_task_group_decorator' retrieved from /Users/malone/data-engineering-pathway/.venv/lib/python3.11/site-packages/airflow/example_dags/example_task_group_decorator.py
[2026-04-26T17:48:57.565+0100] {logging_mixin.py:188} INFO - [2026-04-26T17:48:57.565+0100] {dag.py:3089} INFO - Sync 1 DAGs
[2026-04-26T17:48:57.571+0100] {logging_mixin.py:188} INFO - [2026-04-26T17:48:57.571+0100] {dag.py:3947} INFO - Setting next_dagrun for example_task_group_decorator to 2026-04-25 00:00:00+00:00, run_after=2026-04-26 00:00:00+00:00
[2026-04-26T17:48:57.607+0100] {processor.py:183} INFO - Processing /Users/malone/data-engineering-pathway/.venv/lib/python3.11/site-packages/airflow/example_dags/example_task_group_decorator.py took 0.103 seconds
[2026-04-26T17:49:56.194+0100] {processor.py:161} INFO - Started process (PID=9483) to work on /Users/malone/data-engineering-pathway/.venv/lib/python3.11/site-packages/airflow/example_dags/example_task_group_decorator.py
[2026-04-26T17:49:56.194+0100] {processor.py:830} INFO - Processing file /Users/malone/data-engineering-pathway/.venv/lib/python3.11/site-packages/airflow/example_dags/example_task_group_decorator.py for tasks to queue
[2026-04-26T17:49:56.195+0100] {logging_mixin.py:188} INFO - [2026-04-26T17:49:56.195+0100] {dagbag.py:545} INFO - Filling up the DagBag from /Users/malone/data-engineering-pathway/.venv/lib/python3.11/site-packages/airflow/example_dags/example_task_group_decorator.py
[2026-04-26T17:49:56.212+0100] {processor.py:840} INFO - DAG(s) 'example_task_group_decorator' retrieved from /Users/malone/data-engineering-pathway/.venv/lib/python3.11/site-packages/airflow/example_dags/example_task_group_decorator.py
[2026-04-26T17:49:56.251+0100] {logging_mixin.py:188} INFO - [2026-04-26T17:49:56.251+0100] {dag.py:3089} INFO - Sync 1 DAGs
[2026-04-26T17:49:56.258+0100] {logging_mixin.py:188} INFO - [2026-04-26T17:49:56.258+0100] {dag.py:3947} INFO - Setting next_dagrun for example_task_group_decorator to 2026-04-25 00:00:00+00:00, run_after=2026-04-26 00:00:00+00:00
[2026-04-26T17:49:56.290+0100] {processor.py:183} INFO - Processing /Users/malone/data-engineering-pathway/.venv/lib/python3.11/site-packages/airflow/example_dags/example_task_group_decorator.py took 0.098 seconds
[2026-04-26T17:50:57.183+0100] {processor.py:161} INFO - Started process (PID=9570) to work on /Users/malone/data-engineering-pathway/.venv/lib/python3.11/site-packages/airflow/example_dags/example_task_group_decorator.py
[2026-04-26T17:50:57.184+0100] {processor.py:830} INFO - Processing file /Users/malone/data-engineering-pathway/.venv/lib/python3.11/site-packages/airflow/example_dags/example_task_group_decorator.py for tasks to queue
[2026-04-26T17:50:57.184+0100] {logging_mixin.py:188} INFO - [2026-04-26T17:50:57.184+0100] {dagbag.py:545} INFO - Filling up the DagBag from /Users/malone/data-engineering-pathway/.venv/lib/python3.11/site-packages/airflow/example_dags/example_task_group_decorator.py
[2026-04-26T17:50:57.202+0100] {processor.py:840} INFO - DAG(s) 'example_task_group_decorator' retrieved from /Users/malone/data-engineering-pathway/.venv/lib/python3.11/site-packages/airflow/example_dags/example_task_group_decorator.py
[2026-04-26T17:50:57.241+0100] {logging_mixin.py:188} INFO - [2026-04-26T17:50:57.241+0100] {dag.py:3089} INFO - Sync 1 DAGs
[2026-04-26T17:50:57.247+0100] {logging_mixin.py:188} INFO - [2026-04-26T17:50:57.247+0100] {dag.py:3947} INFO - Setting next_dagrun for example_task_group_decorator to 2026-04-25 00:00:00+00:00, run_after=2026-04-26 00:00:00+00:00
[2026-04-26T17:50:57.283+0100] {processor.py:183} INFO - Processing /Users/malone/data-engineering-pathway/.venv/lib/python3.11/site-packages/airflow/example_dags/example_task_group_decorator.py took 0.101 seconds
[2026-04-26T17:51:59.026+0100] {processor.py:161} INFO - Started process (PID=9656) to work on /Users/malone/data-engineering-pathway/.venv/lib/python3.11/site-packages/airflow/example_dags/example_task_group_decorator.py
[2026-04-26T17:51:59.027+0100] {processor.py:830} INFO - Processing file /Users/malone/data-engineering-pathway/.venv/lib/python3.11/site-packages/airflow/example_dags/example_task_group_decorator.py for tasks to queue
[2026-04-26T17:51:59.027+0100] {logging_mixin.py:188} INFO - [2026-04-26T17:51:59.027+0100] {dagbag.py:545} INFO - Filling up the DagBag from /Users/malone/data-engineering-pathway/.venv/lib/python3.11/site-packages/airflow/example_dags/example_task_group_decorator.py
[2026-04-26T17:51:59.044+0100] {processor.py:840} INFO - DAG(s) 'example_task_group_decorator' retrieved from /Users/malone/data-engineering-pathway/.venv/lib/python3.11/site-packages/airflow/example_dags/example_task_group_decorator.py
[2026-04-26T17:51:59.082+0100] {logging_mixin.py:188} INFO - [2026-04-26T17:51:59.082+0100] {dag.py:3089} INFO - Sync 1 DAGs
[2026-04-26T17:51:59.089+0100] {logging_mixin.py:188} INFO - [2026-04-26T17:51:59.088+0100] {dag.py:3947} INFO - Setting next_dagrun for example_task_group_decorator to 2026-04-25 00:00:00+00:00, run_after=2026-04-26 00:00:00+00:00
[2026-04-26T17:51:59.121+0100] {processor.py:183} INFO - Processing /Users/malone/data-engineering-pathway/.venv/lib/python3.11/site-packages/airflow/example_dags/example_task_group_decorator.py took 0.096 seconds
[2026-04-26T17:52:59.844+0100] {processor.py:161} INFO - Started process (PID=9718) to work on /Users/malone/data-engineering-pathway/.venv/lib/python3.11/site-packages/airflow/example_dags/example_task_group_decorator.py
[2026-04-26T17:52:59.844+0100] {processor.py:830} INFO - Processing file /Users/malone/data-engineering-pathway/.venv/lib/python3.11/site-packages/airflow/example_dags/example_task_group_decorator.py for tasks to queue
[2026-04-26T17:52:59.845+0100] {logging_mixin.py:188} INFO - [2026-04-26T17:52:59.844+0100] {dagbag.py:545} INFO - Filling up the DagBag from /Users/malone/data-engineering-pathway/.venv/lib/python3.11/site-packages/airflow/example_dags/example_task_group_decorator.py
[2026-04-26T17:52:59.864+0100] {processor.py:840} INFO - DAG(s) 'example_task_group_decorator' retrieved from /Users/malone/data-engineering-pathway/.venv/lib/python3.11/site-packages/airflow/example_dags/example_task_group_decorator.py
[2026-04-26T17:52:59.907+0100] {logging_mixin.py:188} INFO - [2026-04-26T17:52:59.906+0100] {dag.py:3089} INFO - Sync 1 DAGs
[2026-04-26T17:52:59.913+0100] {logging_mixin.py:188} INFO - [2026-04-26T17:52:59.913+0100] {dag.py:3947} INFO - Setting next_dagrun for example_task_group_decorator to 2026-04-25 00:00:00+00:00, run_after=2026-04-26 00:00:00+00:00
[2026-04-26T17:52:59.950+0100] {processor.py:183} INFO - Processing /Users/malone/data-engineering-pathway/.venv/lib/python3.11/site-packages/airflow/example_dags/example_task_group_decorator.py took 0.107 seconds
[2026-04-26T17:53:55.309+0100] {processor.py:161} INFO - Started process (PID=9803) to work on /Users/malone/data-engineering-pathway/.venv/lib/python3.11/site-packages/airflow/example_dags/example_task_group_decorator.py
[2026-04-26T17:53:55.309+0100] {processor.py:830} INFO - Processing file /Users/malone/data-engineering-pathway/.venv/lib/python3.11/site-packages/airflow/example_dags/example_task_group_decorator.py for tasks to queue
[2026-04-26T17:53:55.309+0100] {logging_mixin.py:188} INFO - [2026-04-26T17:53:55.309+0100] {dagbag.py:545} INFO - Filling up the DagBag from /Users/malone/data-engineering-pathway/.venv/lib/python3.11/site-packages/airflow/example_dags/example_task_group_decorator.py
[2026-04-26T17:53:55.326+0100] {processor.py:840} INFO - DAG(s) 'example_task_group_decorator' retrieved from /Users/malone/data-engineering-pathway/.venv/lib/python3.11/site-packages/airflow/example_dags/example_task_group_decorator.py
[2026-04-26T17:53:55.367+0100] {logging_mixin.py:188} INFO - [2026-04-26T17:53:55.367+0100] {dag.py:3089} INFO - Sync 1 DAGs
[2026-04-26T17:53:55.373+0100] {logging_mixin.py:188} INFO - [2026-04-26T17:53:55.373+0100] {dag.py:3947} INFO - Setting next_dagrun for example_task_group_decorator to 2026-04-25 00:00:00+00:00, run_after=2026-04-26 00:00:00+00:00
[2026-04-26T17:53:55.407+0100] {processor.py:183} INFO - Processing /Users/malone/data-engineering-pathway/.venv/lib/python3.11/site-packages/airflow/example_dags/example_task_group_decorator.py took 0.100 seconds
[2026-04-26T17:54:57.100+0100] {processor.py:161} INFO - Started process (PID=9864) to work on /Users/malone/data-engineering-pathway/.venv/lib/python3.11/site-packages/airflow/example_dags/example_task_group_decorator.py
[2026-04-26T17:54:57.101+0100] {processor.py:830} INFO - Processing file /Users/malone/data-engineering-pathway/.venv/lib/python3.11/site-packages/airflow/example_dags/example_task_group_decorator.py for tasks to queue
[2026-04-26T17:54:57.101+0100] {logging_mixin.py:188} INFO - [2026-04-26T17:54:57.101+0100] {dagbag.py:545} INFO - Filling up the DagBag from /Users/malone/data-engineering-pathway/.venv/lib/python3.11/site-packages/airflow/example_dags/example_task_group_decorator.py
[2026-04-26T17:54:57.118+0100] {processor.py:840} INFO - DAG(s) 'example_task_group_decorator' retrieved from /Users/malone/data-engineering-pathway/.venv/lib/python3.11/site-packages/airflow/example_dags/example_task_group_decorator.py
[2026-04-26T17:54:57.157+0100] {logging_mixin.py:188} INFO - [2026-04-26T17:54:57.157+0100] {dag.py:3089} INFO - Sync 1 DAGs
[2026-04-26T17:54:57.163+0100] {logging_mixin.py:188} INFO - [2026-04-26T17:54:57.163+0100] {dag.py:3947} INFO - Setting next_dagrun for example_task_group_decorator to 2026-04-25 00:00:00+00:00, run_after=2026-04-26 00:00:00+00:00
[2026-04-26T17:54:57.197+0100] {processor.py:183} INFO - Processing /Users/malone/data-engineering-pathway/.venv/lib/python3.11/site-packages/airflow/example_dags/example_task_group_decorator.py took 0.098 seconds
[2026-04-26T17:55:58.340+0100] {processor.py:161} INFO - Started process (PID=10003) to work on /Users/malone/data-engineering-pathway/.venv/lib/python3.11/site-packages/airflow/example_dags/example_task_group_decorator.py
[2026-04-26T17:55:58.340+0100] {processor.py:830} INFO - Processing file /Users/malone/data-engineering-pathway/.venv/lib/python3.11/site-packages/airflow/example_dags/example_task_group_decorator.py for tasks to queue
[2026-04-26T17:55:58.340+0100] {logging_mixin.py:188} INFO - [2026-04-26T17:55:58.340+0100] {dagbag.py:545} INFO - Filling up the DagBag from /Users/malone/data-engineering-pathway/.venv/lib/python3.11/site-packages/airflow/example_dags/example_task_group_decorator.py
[2026-04-26T17:55:58.358+0100] {processor.py:840} INFO - DAG(s) 'example_task_group_decorator' retrieved from /Users/malone/data-engineering-pathway/.venv/lib/python3.11/site-packages/airflow/example_dags/example_task_group_decorator.py
[2026-04-26T17:55:58.398+0100] {logging_mixin.py:188} INFO - [2026-04-26T17:55:58.398+0100] {dag.py:3089} INFO - Sync 1 DAGs
[2026-04-26T17:55:58.404+0100] {logging_mixin.py:188} INFO - [2026-04-26T17:55:58.404+0100] {dag.py:3947} INFO - Setting next_dagrun for example_task_group_decorator to 2026-04-25 00:00:00+00:00, run_after=2026-04-26 00:00:00+00:00
[2026-04-26T17:55:58.439+0100] {processor.py:183} INFO - Processing /Users/malone/data-engineering-pathway/.venv/lib/python3.11/site-packages/airflow/example_dags/example_task_group_decorator.py took 0.101 seconds
[2026-04-26T17:56:58.195+0100] {processor.py:161} INFO - Started process (PID=10114) to work on /Users/malone/data-engineering-pathway/.venv/lib/python3.11/site-packages/airflow/example_dags/example_task_group_decorator.py
[2026-04-26T17:56:58.196+0100] {processor.py:830} INFO - Processing file /Users/malone/data-engineering-pathway/.venv/lib/python3.11/site-packages/airflow/example_dags/example_task_group_decorator.py for tasks to queue
[2026-04-26T17:56:58.196+0100] {logging_mixin.py:188} INFO - [2026-04-26T17:56:58.196+0100] {dagbag.py:545} INFO - Filling up the DagBag from /Users/malone/data-engineering-pathway/.venv/lib/python3.11/site-packages/airflow/example_dags/example_task_group_decorator.py
[2026-04-26T17:56:58.213+0100] {processor.py:840} INFO - DAG(s) 'example_task_group_decorator' retrieved from /Users/malone/data-engineering-pathway/.venv/lib/python3.11/site-packages/airflow/example_dags/example_task_group_decorator.py
[2026-04-26T17:56:58.252+0100] {logging_mixin.py:188} INFO - [2026-04-26T17:56:58.252+0100] {dag.py:3089} INFO - Sync 1 DAGs
[2026-04-26T17:56:58.258+0100] {logging_mixin.py:188} INFO - [2026-04-26T17:56:58.258+0100] {dag.py:3947} INFO - Setting next_dagrun for example_task_group_decorator to 2026-04-25 00:00:00+00:00, run_after=2026-04-26 00:00:00+00:00
[2026-04-26T17:56:58.291+0100] {processor.py:183} INFO - Processing /Users/malone/data-engineering-pathway/.venv/lib/python3.11/site-packages/airflow/example_dags/example_task_group_decorator.py took 0.097 seconds
[2026-04-26T17:57:57.075+0100] {processor.py:161} INFO - Started process (PID=10210) to work on /Users/malone/data-engineering-pathway/.venv/lib/python3.11/site-packages/airflow/example_dags/example_task_group_decorator.py
[2026-04-26T17:57:57.075+0100] {processor.py:830} INFO - Processing file /Users/malone/data-engineering-pathway/.venv/lib/python3.11/site-packages/airflow/example_dags/example_task_group_decorator.py for tasks to queue
[2026-04-26T17:57:57.076+0100] {logging_mixin.py:188} INFO - [2026-04-26T17:57:57.075+0100] {dagbag.py:545} INFO - Filling up the DagBag from /Users/malone/data-engineering-pathway/.venv/lib/python3.11/site-packages/airflow/example_dags/example_task_group_decorator.py
[2026-04-26T17:57:57.091+0100] {processor.py:840} INFO - DAG(s) 'example_task_group_decorator' retrieved from /Users/malone/data-engineering-pathway/.venv/lib/python3.11/site-packages/airflow/example_dags/example_task_group_decorator.py
[2026-04-26T17:57:57.130+0100] {logging_mixin.py:188} INFO - [2026-04-26T17:57:57.130+0100] {dag.py:3089} INFO - Sync 1 DAGs
[2026-04-26T17:57:57.136+0100] {logging_mixin.py:188} INFO - [2026-04-26T17:57:57.136+0100] {dag.py:3947} INFO - Setting next_dagrun for example_task_group_decorator to 2026-04-25 00:00:00+00:00, run_after=2026-04-26 00:00:00+00:00
[2026-04-26T17:57:57.169+0100] {processor.py:183} INFO - Processing /Users/malone/data-engineering-pathway/.venv/lib/python3.11/site-packages/airflow/example_dags/example_task_group_decorator.py took 0.095 seconds
[2026-04-26T17:58:52.603+0100] {processor.py:161} INFO - Started process (PID=10300) to work on /Users/malone/data-engineering-pathway/.venv/lib/python3.11/site-packages/airflow/example_dags/example_task_group_decorator.py
[2026-04-26T17:58:52.605+0100] {processor.py:830} INFO - Processing file /Users/malone/data-engineering-pathway/.venv/lib/python3.11/site-packages/airflow/example_dags/example_task_group_decorator.py for tasks to queue
[2026-04-26T17:58:52.605+0100] {logging_mixin.py:188} INFO - [2026-04-26T17:58:52.605+0100] {dagbag.py:545} INFO - Filling up the DagBag from /Users/malone/data-engineering-pathway/.venv/lib/python3.11/site-packages/airflow/example_dags/example_task_group_decorator.py
[2026-04-26T17:58:52.623+0100] {processor.py:840} INFO - DAG(s) 'example_task_group_decorator' retrieved from /Users/malone/data-engineering-pathway/.venv/lib/python3.11/site-packages/airflow/example_dags/example_task_group_decorator.py
[2026-04-26T17:58:52.665+0100] {logging_mixin.py:188} INFO - [2026-04-26T17:58:52.665+0100] {dag.py:3089} INFO - Sync 1 DAGs
[2026-04-26T17:58:52.672+0100] {logging_mixin.py:188} INFO - [2026-04-26T17:58:52.672+0100] {dag.py:3947} INFO - Setting next_dagrun for example_task_group_decorator to 2026-04-25 00:00:00+00:00, run_after=2026-04-26 00:00:00+00:00
[2026-04-26T17:58:52.706+0100] {processor.py:183} INFO - Processing /Users/malone/data-engineering-pathway/.venv/lib/python3.11/site-packages/airflow/example_dags/example_task_group_decorator.py took 0.104 seconds
