[2026-04-26T17:39:07.291+0100] {processor.py:161} INFO - Started process (PID=8327) to work on /Users/malone/data-engineering-pathway/.venv/lib/python3.11/site-packages/airflow/example_dags/example_task_group.py
[2026-04-26T17:39:07.291+0100] {processor.py:830} INFO - Processing file /Users/malone/data-engineering-pathway/.venv/lib/python3.11/site-packages/airflow/example_dags/example_task_group.py for tasks to queue
[2026-04-26T17:39:07.291+0100] {logging_mixin.py:188} INFO - [2026-04-26T17:39:07.291+0100] {dagbag.py:545} INFO - Filling up the DagBag from /Users/malone/data-engineering-pathway/.venv/lib/python3.11/site-packages/airflow/example_dags/example_task_group.py
[2026-04-26T17:39:07.297+0100] {processor.py:840} INFO - DAG(s) 'example_task_group' retrieved from /Users/malone/data-engineering-pathway/.venv/lib/python3.11/site-packages/airflow/example_dags/example_task_group.py
[2026-04-26T17:39:07.392+0100] {logging_mixin.py:188} INFO - [2026-04-26T17:39:07.392+0100] {dag.py:3089} INFO - Sync 1 DAGs
[2026-04-26T17:39:07.397+0100] {logging_mixin.py:188} INFO - [2026-04-26T17:39:07.397+0100] {dag.py:3947} INFO - Setting next_dagrun for example_task_group to 2026-04-25 00:00:00+00:00, run_after=2026-04-26 00:00:00+00:00
[2026-04-26T17:39:07.405+0100] {processor.py:183} INFO - Processing /Users/malone/data-engineering-pathway/.venv/lib/python3.11/site-packages/airflow/example_dags/example_task_group.py took 0.116 seconds
[2026-04-26T17:40:34.426+0100] {processor.py:161} INFO - Started process (PID=8483) to work on /Users/malone/data-engineering-pathway/.venv/lib/python3.11/site-packages/airflow/example_dags/example_task_group.py
[2026-04-26T17:40:34.427+0100] {processor.py:830} INFO - Processing file /Users/malone/data-engineering-pathway/.venv/lib/python3.11/site-packages/airflow/example_dags/example_task_group.py for tasks to queue
[2026-04-26T17:40:34.427+0100] {logging_mixin.py:188} INFO - [2026-04-26T17:40:34.427+0100] {dagbag.py:545} INFO - Filling up the DagBag from /Users/malone/data-engineering-pathway/.venv/lib/python3.11/site-packages/airflow/example_dags/example_task_group.py
[2026-04-26T17:40:34.431+0100] {processor.py:840} INFO - DAG(s) 'example_task_group' retrieved from /Users/malone/data-engineering-pathway/.venv/lib/python3.11/site-packages/airflow/example_dags/example_task_group.py
[2026-04-26T17:40:34.470+0100] {logging_mixin.py:188} INFO - [2026-04-26T17:40:34.470+0100] {dag.py:3089} INFO - Sync 1 DAGs
[2026-04-26T17:40:34.475+0100] {logging_mixin.py:188} INFO - [2026-04-26T17:40:34.475+0100] {dag.py:3947} INFO - Setting next_dagrun for example_task_group to 2026-04-25 00:00:00+00:00, run_after=2026-04-26 00:00:00+00:00
[2026-04-26T17:40:34.482+0100] {processor.py:183} INFO - Processing /Users/malone/data-engineering-pathway/.venv/lib/python3.11/site-packages/airflow/example_dags/example_task_group.py took 0.057 seconds
[2026-04-26T17:41:30.607+0100] {processor.py:161} INFO - Started process (PID=8570) to work on /Users/malone/data-engineering-pathway/.venv/lib/python3.11/site-packages/airflow/example_dags/example_task_group.py
[2026-04-26T17:41:30.608+0100] {processor.py:830} INFO - Processing file /Users/malone/data-engineering-pathway/.venv/lib/python3.11/site-packages/airflow/example_dags/example_task_group.py for tasks to queue
[2026-04-26T17:41:30.608+0100] {logging_mixin.py:188} INFO - [2026-04-26T17:41:30.608+0100] {dagbag.py:545} INFO - Filling up the DagBag from /Users/malone/data-engineering-pathway/.venv/lib/python3.11/site-packages/airflow/example_dags/example_task_group.py
[2026-04-26T17:41:30.612+0100] {processor.py:840} INFO - DAG(s) 'example_task_group' retrieved from /Users/malone/data-engineering-pathway/.venv/lib/python3.11/site-packages/airflow/example_dags/example_task_group.py
[2026-04-26T17:41:30.668+0100] {logging_mixin.py:188} INFO - [2026-04-26T17:41:30.668+0100] {dag.py:3089} INFO - Sync 1 DAGs
[2026-04-26T17:41:30.675+0100] {logging_mixin.py:188} INFO - [2026-04-26T17:41:30.675+0100] {dag.py:3947} INFO - Setting next_dagrun for example_task_group to 2026-04-25 00:00:00+00:00, run_after=2026-04-26 00:00:00+00:00
[2026-04-26T17:41:30.683+0100] {processor.py:183} INFO - Processing /Users/malone/data-engineering-pathway/.venv/lib/python3.11/site-packages/airflow/example_dags/example_task_group.py took 0.077 seconds
[2026-04-26T17:42:31.324+0100] {processor.py:161} INFO - Started process (PID=8642) to work on /Users/malone/data-engineering-pathway/.venv/lib/python3.11/site-packages/airflow/example_dags/example_task_group.py
[2026-04-26T17:42:31.324+0100] {processor.py:830} INFO - Processing file /Users/malone/data-engineering-pathway/.venv/lib/python3.11/site-packages/airflow/example_dags/example_task_group.py for tasks to queue
[2026-04-26T17:42:31.324+0100] {logging_mixin.py:188} INFO - [2026-04-26T17:42:31.324+0100] {dagbag.py:545} INFO - Filling up the DagBag from /Users/malone/data-engineering-pathway/.venv/lib/python3.11/site-packages/airflow/example_dags/example_task_group.py
[2026-04-26T17:42:31.328+0100] {processor.py:840} INFO - DAG(s) 'example_task_group' retrieved from /Users/malone/data-engineering-pathway/.venv/lib/python3.11/site-packages/airflow/example_dags/example_task_group.py
[2026-04-26T17:42:31.367+0100] {logging_mixin.py:188} INFO - [2026-04-26T17:42:31.366+0100] {dag.py:3089} INFO - Sync 1 DAGs
[2026-04-26T17:42:31.373+0100] {logging_mixin.py:188} INFO - [2026-04-26T17:42:31.373+0100] {dag.py:3947} INFO - Setting next_dagrun for example_task_group to 2026-04-25 00:00:00+00:00, run_after=2026-04-26 00:00:00+00:00
[2026-04-26T17:42:31.379+0100] {processor.py:183} INFO - Processing /Users/malone/data-engineering-pathway/.venv/lib/python3.11/site-packages/airflow/example_dags/example_task_group.py took 0.057 seconds
[2026-04-26T17:43:29.210+0100] {processor.py:161} INFO - Started process (PID=8734) to work on /Users/malone/data-engineering-pathway/.venv/lib/python3.11/site-packages/airflow/example_dags/example_task_group.py
[2026-04-26T17:43:29.211+0100] {processor.py:830} INFO - Processing file /Users/malone/data-engineering-pathway/.venv/lib/python3.11/site-packages/airflow/example_dags/example_task_group.py for tasks to queue
[2026-04-26T17:43:29.211+0100] {logging_mixin.py:188} INFO - [2026-04-26T17:43:29.211+0100] {dagbag.py:545} INFO - Filling up the DagBag from /Users/malone/data-engineering-pathway/.venv/lib/python3.11/site-packages/airflow/example_dags/example_task_group.py
[2026-04-26T17:43:29.214+0100] {processor.py:840} INFO - DAG(s) 'example_task_group' retrieved from /Users/malone/data-engineering-pathway/.venv/lib/python3.11/site-packages/airflow/example_dags/example_task_group.py
[2026-04-26T17:43:29.257+0100] {logging_mixin.py:188} INFO - [2026-04-26T17:43:29.257+0100] {dag.py:3089} INFO - Sync 1 DAGs
[2026-04-26T17:43:29.263+0100] {logging_mixin.py:188} INFO - [2026-04-26T17:43:29.262+0100] {dag.py:3947} INFO - Setting next_dagrun for example_task_group to 2026-04-25 00:00:00+00:00, run_after=2026-04-26 00:00:00+00:00
[2026-04-26T17:43:29.269+0100] {processor.py:183} INFO - Processing /Users/malone/data-engineering-pathway/.venv/lib/python3.11/site-packages/airflow/example_dags/example_task_group.py took 0.060 seconds
[2026-04-26T17:45:13.183+0100] {processor.py:161} INFO - Started process (PID=8901) to work on /Users/malone/data-engineering-pathway/.venv/lib/python3.11/site-packages/airflow/example_dags/example_task_group.py
[2026-04-26T17:45:13.184+0100] {processor.py:830} INFO - Processing file /Users/malone/data-engineering-pathway/.venv/lib/python3.11/site-packages/airflow/example_dags/example_task_group.py for tasks to queue
[2026-04-26T17:45:13.184+0100] {logging_mixin.py:188} INFO - [2026-04-26T17:45:13.184+0100] {dagbag.py:545} INFO - Filling up the DagBag from /Users/malone/data-engineering-pathway/.venv/lib/python3.11/site-packages/airflow/example_dags/example_task_group.py
[2026-04-26T17:45:13.187+0100] {processor.py:840} INFO - DAG(s) 'example_task_group' retrieved from /Users/malone/data-engineering-pathway/.venv/lib/python3.11/site-packages/airflow/example_dags/example_task_group.py
[2026-04-26T17:45:13.226+0100] {logging_mixin.py:188} INFO - [2026-04-26T17:45:13.226+0100] {dag.py:3089} INFO - Sync 1 DAGs
[2026-04-26T17:45:13.232+0100] {logging_mixin.py:188} INFO - [2026-04-26T17:45:13.232+0100] {dag.py:3947} INFO - Setting next_dagrun for example_task_group to 2026-04-25 00:00:00+00:00, run_after=2026-04-26 00:00:00+00:00
[2026-04-26T17:45:13.238+0100] {processor.py:183} INFO - Processing /Users/malone/data-engineering-pathway/.venv/lib/python3.11/site-packages/airflow/example_dags/example_task_group.py took 0.056 seconds
[2026-04-26T17:47:02.139+0100] {processor.py:161} INFO - Started process (PID=9076) to work on /Users/malone/data-engineering-pathway/.venv/lib/python3.11/site-packages/airflow/example_dags/example_task_group.py
[2026-04-26T17:47:02.140+0100] {processor.py:830} INFO - Processing file /Users/malone/data-engineering-pathway/.venv/lib/python3.11/site-packages/airflow/example_dags/example_task_group.py for tasks to queue
[2026-04-26T17:47:02.140+0100] {logging_mixin.py:188} INFO - [2026-04-26T17:47:02.140+0100] {dagbag.py:545} INFO - Filling up the DagBag from /Users/malone/data-engineering-pathway/.venv/lib/python3.11/site-packages/airflow/example_dags/example_task_group.py
[2026-04-26T17:47:02.144+0100] {processor.py:840} INFO - DAG(s) 'example_task_group' retrieved from /Users/malone/data-engineering-pathway/.venv/lib/python3.11/site-packages/airflow/example_dags/example_task_group.py
[2026-04-26T17:47:02.184+0100] {logging_mixin.py:188} INFO - [2026-04-26T17:47:02.184+0100] {dag.py:3089} INFO - Sync 1 DAGs
[2026-04-26T17:47:02.189+0100] {logging_mixin.py:188} INFO - [2026-04-26T17:47:02.189+0100] {dag.py:3947} INFO - Setting next_dagrun for example_task_group to 2026-04-25 00:00:00+00:00, run_after=2026-04-26 00:00:00+00:00
[2026-04-26T17:47:02.196+0100] {processor.py:183} INFO - Processing /Users/malone/data-engineering-pathway/.venv/lib/python3.11/site-packages/airflow/example_dags/example_task_group.py took 0.058 seconds
[2026-04-26T17:47:59.914+0100] {processor.py:161} INFO - Started process (PID=9190) to work on /Users/malone/data-engineering-pathway/.venv/lib/python3.11/site-packages/airflow/example_dags/example_task_group.py
[2026-04-26T17:47:59.915+0100] {processor.py:830} INFO - Processing file /Users/malone/data-engineering-pathway/.venv/lib/python3.11/site-packages/airflow/example_dags/example_task_group.py for tasks to queue
[2026-04-26T17:47:59.915+0100] {logging_mixin.py:188} INFO - [2026-04-26T17:47:59.915+0100] {dagbag.py:545} INFO - Filling up the DagBag from /Users/malone/data-engineering-pathway/.venv/lib/python3.11/site-packages/airflow/example_dags/example_task_group.py
[2026-04-26T17:47:59.919+0100] {processor.py:840} INFO - DAG(s) 'example_task_group' retrieved from /Users/malone/data-engineering-pathway/.venv/lib/python3.11/site-packages/airflow/example_dags/example_task_group.py
[2026-04-26T17:47:59.959+0100] {logging_mixin.py:188} INFO - [2026-04-26T17:47:59.959+0100] {dag.py:3089} INFO - Sync 1 DAGs
[2026-04-26T17:47:59.964+0100] {logging_mixin.py:188} INFO - [2026-04-26T17:47:59.964+0100] {dag.py:3947} INFO - Setting next_dagrun for example_task_group to 2026-04-25 00:00:00+00:00, run_after=2026-04-26 00:00:00+00:00
[2026-04-26T17:47:59.971+0100] {processor.py:183} INFO - Processing /Users/malone/data-engineering-pathway/.venv/lib/python3.11/site-packages/airflow/example_dags/example_task_group.py took 0.058 seconds
[2026-04-26T17:48:59.405+0100] {processor.py:161} INFO - Started process (PID=9368) to work on /Users/malone/data-engineering-pathway/.venv/lib/python3.11/site-packages/airflow/example_dags/example_task_group.py
[2026-04-26T17:48:59.405+0100] {processor.py:830} INFO - Processing file /Users/malone/data-engineering-pathway/.venv/lib/python3.11/site-packages/airflow/example_dags/example_task_group.py for tasks to queue
[2026-04-26T17:48:59.406+0100] {logging_mixin.py:188} INFO - [2026-04-26T17:48:59.406+0100] {dagbag.py:545} INFO - Filling up the DagBag from /Users/malone/data-engineering-pathway/.venv/lib/python3.11/site-packages/airflow/example_dags/example_task_group.py
[2026-04-26T17:48:59.409+0100] {processor.py:840} INFO - DAG(s) 'example_task_group' retrieved from /Users/malone/data-engineering-pathway/.venv/lib/python3.11/site-packages/airflow/example_dags/example_task_group.py
[2026-04-26T17:48:59.451+0100] {logging_mixin.py:188} INFO - [2026-04-26T17:48:59.451+0100] {dag.py:3089} INFO - Sync 1 DAGs
[2026-04-26T17:48:59.457+0100] {logging_mixin.py:188} INFO - [2026-04-26T17:48:59.457+0100] {dag.py:3947} INFO - Setting next_dagrun for example_task_group to 2026-04-25 00:00:00+00:00, run_after=2026-04-26 00:00:00+00:00
[2026-04-26T17:48:59.464+0100] {processor.py:183} INFO - Processing /Users/malone/data-engineering-pathway/.venv/lib/python3.11/site-packages/airflow/example_dags/example_task_group.py took 0.060 seconds
[2026-04-26T17:49:58.035+0100] {processor.py:161} INFO - Started process (PID=9484) to work on /Users/malone/data-engineering-pathway/.venv/lib/python3.11/site-packages/airflow/example_dags/example_task_group.py
[2026-04-26T17:49:58.037+0100] {processor.py:830} INFO - Processing file /Users/malone/data-engineering-pathway/.venv/lib/python3.11/site-packages/airflow/example_dags/example_task_group.py for tasks to queue
[2026-04-26T17:49:58.037+0100] {logging_mixin.py:188} INFO - [2026-04-26T17:49:58.037+0100] {dagbag.py:545} INFO - Filling up the DagBag from /Users/malone/data-engineering-pathway/.venv/lib/python3.11/site-packages/airflow/example_dags/example_task_group.py
[2026-04-26T17:49:58.040+0100] {processor.py:840} INFO - DAG(s) 'example_task_group' retrieved from /Users/malone/data-engineering-pathway/.venv/lib/python3.11/site-packages/airflow/example_dags/example_task_group.py
[2026-04-26T17:49:58.082+0100] {logging_mixin.py:188} INFO - [2026-04-26T17:49:58.082+0100] {dag.py:3089} INFO - Sync 1 DAGs
[2026-04-26T17:49:58.088+0100] {logging_mixin.py:188} INFO - [2026-04-26T17:49:58.088+0100] {dag.py:3947} INFO - Setting next_dagrun for example_task_group to 2026-04-25 00:00:00+00:00, run_after=2026-04-26 00:00:00+00:00
[2026-04-26T17:49:58.095+0100] {processor.py:183} INFO - Processing /Users/malone/data-engineering-pathway/.venv/lib/python3.11/site-packages/airflow/example_dags/example_task_group.py took 0.060 seconds
[2026-04-26T17:50:59.030+0100] {processor.py:161} INFO - Started process (PID=9571) to work on /Users/malone/data-engineering-pathway/.venv/lib/python3.11/site-packages/airflow/example_dags/example_task_group.py
[2026-04-26T17:50:59.030+0100] {processor.py:830} INFO - Processing file /Users/malone/data-engineering-pathway/.venv/lib/python3.11/site-packages/airflow/example_dags/example_task_group.py for tasks to queue
[2026-04-26T17:50:59.031+0100] {logging_mixin.py:188} INFO - [2026-04-26T17:50:59.031+0100] {dagbag.py:545} INFO - Filling up the DagBag from /Users/malone/data-engineering-pathway/.venv/lib/python3.11/site-packages/airflow/example_dags/example_task_group.py
[2026-04-26T17:50:59.035+0100] {processor.py:840} INFO - DAG(s) 'example_task_group' retrieved from /Users/malone/data-engineering-pathway/.venv/lib/python3.11/site-packages/airflow/example_dags/example_task_group.py
[2026-04-26T17:50:59.076+0100] {logging_mixin.py:188} INFO - [2026-04-26T17:50:59.075+0100] {dag.py:3089} INFO - Sync 1 DAGs
[2026-04-26T17:50:59.081+0100] {logging_mixin.py:188} INFO - [2026-04-26T17:50:59.081+0100] {dag.py:3947} INFO - Setting next_dagrun for example_task_group to 2026-04-25 00:00:00+00:00, run_after=2026-04-26 00:00:00+00:00
[2026-04-26T17:50:59.089+0100] {processor.py:183} INFO - Processing /Users/malone/data-engineering-pathway/.venv/lib/python3.11/site-packages/airflow/example_dags/example_task_group.py took 0.061 seconds
[2026-04-26T17:52:00.821+0100] {processor.py:161} INFO - Started process (PID=9657) to work on /Users/malone/data-engineering-pathway/.venv/lib/python3.11/site-packages/airflow/example_dags/example_task_group.py
[2026-04-26T17:52:00.822+0100] {processor.py:830} INFO - Processing file /Users/malone/data-engineering-pathway/.venv/lib/python3.11/site-packages/airflow/example_dags/example_task_group.py for tasks to queue
[2026-04-26T17:52:00.822+0100] {logging_mixin.py:188} INFO - [2026-04-26T17:52:00.822+0100] {dagbag.py:545} INFO - Filling up the DagBag from /Users/malone/data-engineering-pathway/.venv/lib/python3.11/site-packages/airflow/example_dags/example_task_group.py
[2026-04-26T17:52:00.826+0100] {processor.py:840} INFO - DAG(s) 'example_task_group' retrieved from /Users/malone/data-engineering-pathway/.venv/lib/python3.11/site-packages/airflow/example_dags/example_task_group.py
[2026-04-26T17:52:00.866+0100] {logging_mixin.py:188} INFO - [2026-04-26T17:52:00.866+0100] {dag.py:3089} INFO - Sync 1 DAGs
[2026-04-26T17:52:00.871+0100] {logging_mixin.py:188} INFO - [2026-04-26T17:52:00.871+0100] {dag.py:3947} INFO - Setting next_dagrun for example_task_group to 2026-04-25 00:00:00+00:00, run_after=2026-04-26 00:00:00+00:00
[2026-04-26T17:52:00.878+0100] {processor.py:183} INFO - Processing /Users/malone/data-engineering-pathway/.venv/lib/python3.11/site-packages/airflow/example_dags/example_task_group.py took 0.058 seconds
[2026-04-26T17:53:01.695+0100] {processor.py:161} INFO - Started process (PID=9721) to work on /Users/malone/data-engineering-pathway/.venv/lib/python3.11/site-packages/airflow/example_dags/example_task_group.py
[2026-04-26T17:53:01.696+0100] {processor.py:830} INFO - Processing file /Users/malone/data-engineering-pathway/.venv/lib/python3.11/site-packages/airflow/example_dags/example_task_group.py for tasks to queue
[2026-04-26T17:53:01.696+0100] {logging_mixin.py:188} INFO - [2026-04-26T17:53:01.696+0100] {dagbag.py:545} INFO - Filling up the DagBag from /Users/malone/data-engineering-pathway/.venv/lib/python3.11/site-packages/airflow/example_dags/example_task_group.py
[2026-04-26T17:53:01.699+0100] {processor.py:840} INFO - DAG(s) 'example_task_group' retrieved from /Users/malone/data-engineering-pathway/.venv/lib/python3.11/site-packages/airflow/example_dags/example_task_group.py
[2026-04-26T17:53:01.739+0100] {logging_mixin.py:188} INFO - [2026-04-26T17:53:01.739+0100] {dag.py:3089} INFO - Sync 1 DAGs
[2026-04-26T17:53:01.744+0100] {logging_mixin.py:188} INFO - [2026-04-26T17:53:01.744+0100] {dag.py:3947} INFO - Setting next_dagrun for example_task_group to 2026-04-25 00:00:00+00:00, run_after=2026-04-26 00:00:00+00:00
[2026-04-26T17:53:01.752+0100] {processor.py:183} INFO - Processing /Users/malone/data-engineering-pathway/.venv/lib/python3.11/site-packages/airflow/example_dags/example_task_group.py took 0.058 seconds
[2026-04-26T17:54:58.931+0100] {processor.py:161} INFO - Started process (PID=9865) to work on /Users/malone/data-engineering-pathway/.venv/lib/python3.11/site-packages/airflow/example_dags/example_task_group.py
[2026-04-26T17:54:58.931+0100] {processor.py:830} INFO - Processing file /Users/malone/data-engineering-pathway/.venv/lib/python3.11/site-packages/airflow/example_dags/example_task_group.py for tasks to queue
[2026-04-26T17:54:58.931+0100] {logging_mixin.py:188} INFO - [2026-04-26T17:54:58.931+0100] {dagbag.py:545} INFO - Filling up the DagBag from /Users/malone/data-engineering-pathway/.venv/lib/python3.11/site-packages/airflow/example_dags/example_task_group.py
[2026-04-26T17:54:58.935+0100] {processor.py:840} INFO - DAG(s) 'example_task_group' retrieved from /Users/malone/data-engineering-pathway/.venv/lib/python3.11/site-packages/airflow/example_dags/example_task_group.py
[2026-04-26T17:54:58.976+0100] {logging_mixin.py:188} INFO - [2026-04-26T17:54:58.976+0100] {dag.py:3089} INFO - Sync 1 DAGs
[2026-04-26T17:54:58.982+0100] {logging_mixin.py:188} INFO - [2026-04-26T17:54:58.982+0100] {dag.py:3947} INFO - Setting next_dagrun for example_task_group to 2026-04-25 00:00:00+00:00, run_after=2026-04-26 00:00:00+00:00
[2026-04-26T17:54:58.988+0100] {processor.py:183} INFO - Processing /Users/malone/data-engineering-pathway/.venv/lib/python3.11/site-packages/airflow/example_dags/example_task_group.py took 0.059 seconds
[2026-04-26T17:56:00.192+0100] {processor.py:161} INFO - Started process (PID=10009) to work on /Users/malone/data-engineering-pathway/.venv/lib/python3.11/site-packages/airflow/example_dags/example_task_group.py
[2026-04-26T17:56:00.193+0100] {processor.py:830} INFO - Processing file /Users/malone/data-engineering-pathway/.venv/lib/python3.11/site-packages/airflow/example_dags/example_task_group.py for tasks to queue
[2026-04-26T17:56:00.193+0100] {logging_mixin.py:188} INFO - [2026-04-26T17:56:00.193+0100] {dagbag.py:545} INFO - Filling up the DagBag from /Users/malone/data-engineering-pathway/.venv/lib/python3.11/site-packages/airflow/example_dags/example_task_group.py
[2026-04-26T17:56:00.196+0100] {processor.py:840} INFO - DAG(s) 'example_task_group' retrieved from /Users/malone/data-engineering-pathway/.venv/lib/python3.11/site-packages/airflow/example_dags/example_task_group.py
[2026-04-26T17:56:00.244+0100] {logging_mixin.py:188} INFO - [2026-04-26T17:56:00.243+0100] {dag.py:3089} INFO - Sync 1 DAGs
[2026-04-26T17:56:00.250+0100] {logging_mixin.py:188} INFO - [2026-04-26T17:56:00.250+0100] {dag.py:3947} INFO - Setting next_dagrun for example_task_group to 2026-04-25 00:00:00+00:00, run_after=2026-04-26 00:00:00+00:00
[2026-04-26T17:56:00.260+0100] {processor.py:183} INFO - Processing /Users/malone/data-engineering-pathway/.venv/lib/python3.11/site-packages/airflow/example_dags/example_task_group.py took 0.069 seconds
[2026-04-26T17:56:59.991+0100] {processor.py:161} INFO - Started process (PID=10115) to work on /Users/malone/data-engineering-pathway/.venv/lib/python3.11/site-packages/airflow/example_dags/example_task_group.py
[2026-04-26T17:56:59.992+0100] {processor.py:830} INFO - Processing file /Users/malone/data-engineering-pathway/.venv/lib/python3.11/site-packages/airflow/example_dags/example_task_group.py for tasks to queue
[2026-04-26T17:56:59.992+0100] {logging_mixin.py:188} INFO - [2026-04-26T17:56:59.992+0100] {dagbag.py:545} INFO - Filling up the DagBag from /Users/malone/data-engineering-pathway/.venv/lib/python3.11/site-packages/airflow/example_dags/example_task_group.py
[2026-04-26T17:56:59.996+0100] {processor.py:840} INFO - DAG(s) 'example_task_group' retrieved from /Users/malone/data-engineering-pathway/.venv/lib/python3.11/site-packages/airflow/example_dags/example_task_group.py
[2026-04-26T17:57:00.039+0100] {logging_mixin.py:188} INFO - [2026-04-26T17:57:00.039+0100] {dag.py:3089} INFO - Sync 1 DAGs
[2026-04-26T17:57:00.044+0100] {logging_mixin.py:188} INFO - [2026-04-26T17:57:00.044+0100] {dag.py:3947} INFO - Setting next_dagrun for example_task_group to 2026-04-25 00:00:00+00:00, run_after=2026-04-26 00:00:00+00:00
[2026-04-26T17:57:00.051+0100] {processor.py:183} INFO - Processing /Users/malone/data-engineering-pathway/.venv/lib/python3.11/site-packages/airflow/example_dags/example_task_group.py took 0.061 seconds
[2026-04-26T17:57:58.871+0100] {processor.py:161} INFO - Started process (PID=10215) to work on /Users/malone/data-engineering-pathway/.venv/lib/python3.11/site-packages/airflow/example_dags/example_task_group.py
[2026-04-26T17:57:58.871+0100] {processor.py:830} INFO - Processing file /Users/malone/data-engineering-pathway/.venv/lib/python3.11/site-packages/airflow/example_dags/example_task_group.py for tasks to queue
[2026-04-26T17:57:58.871+0100] {logging_mixin.py:188} INFO - [2026-04-26T17:57:58.871+0100] {dagbag.py:545} INFO - Filling up the DagBag from /Users/malone/data-engineering-pathway/.venv/lib/python3.11/site-packages/airflow/example_dags/example_task_group.py
[2026-04-26T17:57:58.875+0100] {processor.py:840} INFO - DAG(s) 'example_task_group' retrieved from /Users/malone/data-engineering-pathway/.venv/lib/python3.11/site-packages/airflow/example_dags/example_task_group.py
[2026-04-26T17:57:58.915+0100] {logging_mixin.py:188} INFO - [2026-04-26T17:57:58.915+0100] {dag.py:3089} INFO - Sync 1 DAGs
[2026-04-26T17:57:58.921+0100] {logging_mixin.py:188} INFO - [2026-04-26T17:57:58.921+0100] {dag.py:3947} INFO - Setting next_dagrun for example_task_group to 2026-04-25 00:00:00+00:00, run_after=2026-04-26 00:00:00+00:00
[2026-04-26T17:57:58.928+0100] {processor.py:183} INFO - Processing /Users/malone/data-engineering-pathway/.venv/lib/python3.11/site-packages/airflow/example_dags/example_task_group.py took 0.058 seconds
