[2026-04-26T17:38:58.252+0100] {processor.py:161} INFO - Started process (PID=8318) to work on /Users/malone/data-engineering-pathway/.venv/lib/python3.11/site-packages/airflow/example_dags/example_xcom.py
[2026-04-26T17:38:58.252+0100] {processor.py:830} INFO - Processing file /Users/malone/data-engineering-pathway/.venv/lib/python3.11/site-packages/airflow/example_dags/example_xcom.py for tasks to queue
[2026-04-26T17:38:58.252+0100] {logging_mixin.py:188} INFO - [2026-04-26T17:38:58.252+0100] {dagbag.py:545} INFO - Filling up the DagBag from /Users/malone/data-engineering-pathway/.venv/lib/python3.11/site-packages/airflow/example_dags/example_xcom.py
[2026-04-26T17:38:58.267+0100] {processor.py:840} INFO - DAG(s) 'example_xcom' retrieved from /Users/malone/data-engineering-pathway/.venv/lib/python3.11/site-packages/airflow/example_dags/example_xcom.py
[2026-04-26T17:38:58.276+0100] {logging_mixin.py:188} INFO - [2026-04-26T17:38:58.275+0100] {dag.py:3089} INFO - Sync 1 DAGs
[2026-04-26T17:38:58.306+0100] {logging_mixin.py:188} INFO - [2026-04-26T17:38:58.306+0100] {dag.py:3947} INFO - Setting next_dagrun for example_xcom to 2021-01-01 00:00:00+00:00, run_after=2021-01-01 00:00:00+00:00
[2026-04-26T17:38:58.313+0100] {processor.py:183} INFO - Processing /Users/malone/data-engineering-pathway/.venv/lib/python3.11/site-packages/airflow/example_dags/example_xcom.py took 0.063 seconds
[2026-04-26T17:40:25.485+0100] {processor.py:161} INFO - Started process (PID=8466) to work on /Users/malone/data-engineering-pathway/.venv/lib/python3.11/site-packages/airflow/example_dags/example_xcom.py
[2026-04-26T17:40:25.485+0100] {processor.py:830} INFO - Processing file /Users/malone/data-engineering-pathway/.venv/lib/python3.11/site-packages/airflow/example_dags/example_xcom.py for tasks to queue
[2026-04-26T17:40:25.486+0100] {logging_mixin.py:188} INFO - [2026-04-26T17:40:25.485+0100] {dagbag.py:545} INFO - Filling up the DagBag from /Users/malone/data-engineering-pathway/.venv/lib/python3.11/site-packages/airflow/example_dags/example_xcom.py
[2026-04-26T17:40:25.499+0100] {processor.py:840} INFO - DAG(s) 'example_xcom' retrieved from /Users/malone/data-engineering-pathway/.venv/lib/python3.11/site-packages/airflow/example_dags/example_xcom.py
[2026-04-26T17:40:25.590+0100] {logging_mixin.py:188} INFO - [2026-04-26T17:40:25.590+0100] {dag.py:3089} INFO - Sync 1 DAGs
[2026-04-26T17:40:25.595+0100] {logging_mixin.py:188} INFO - [2026-04-26T17:40:25.595+0100] {dag.py:3947} INFO - Setting next_dagrun for example_xcom to 2021-01-01 00:00:00+00:00, run_after=2021-01-01 00:00:00+00:00
[2026-04-26T17:40:25.602+0100] {processor.py:183} INFO - Processing /Users/malone/data-engineering-pathway/.venv/lib/python3.11/site-packages/airflow/example_dags/example_xcom.py took 0.118 seconds
[2026-04-26T17:41:22.403+0100] {processor.py:161} INFO - Started process (PID=8556) to work on /Users/malone/data-engineering-pathway/.venv/lib/python3.11/site-packages/airflow/example_dags/example_xcom.py
[2026-04-26T17:41:22.404+0100] {processor.py:830} INFO - Processing file /Users/malone/data-engineering-pathway/.venv/lib/python3.11/site-packages/airflow/example_dags/example_xcom.py for tasks to queue
[2026-04-26T17:41:22.405+0100] {logging_mixin.py:188} INFO - [2026-04-26T17:41:22.405+0100] {dagbag.py:545} INFO - Filling up the DagBag from /Users/malone/data-engineering-pathway/.venv/lib/python3.11/site-packages/airflow/example_dags/example_xcom.py
[2026-04-26T17:41:22.418+0100] {processor.py:840} INFO - DAG(s) 'example_xcom' retrieved from /Users/malone/data-engineering-pathway/.venv/lib/python3.11/site-packages/airflow/example_dags/example_xcom.py
[2026-04-26T17:41:22.455+0100] {logging_mixin.py:188} INFO - [2026-04-26T17:41:22.455+0100] {dag.py:3089} INFO - Sync 1 DAGs
[2026-04-26T17:41:22.460+0100] {logging_mixin.py:188} INFO - [2026-04-26T17:41:22.460+0100] {dag.py:3947} INFO - Setting next_dagrun for example_xcom to 2021-01-01 00:00:00+00:00, run_after=2021-01-01 00:00:00+00:00
[2026-04-26T17:41:22.494+0100] {processor.py:183} INFO - Processing /Users/malone/data-engineering-pathway/.venv/lib/python3.11/site-packages/airflow/example_dags/example_xcom.py took 0.092 seconds
[2026-04-26T17:42:22.152+0100] {processor.py:161} INFO - Started process (PID=8636) to work on /Users/malone/data-engineering-pathway/.venv/lib/python3.11/site-packages/airflow/example_dags/example_xcom.py
[2026-04-26T17:42:22.153+0100] {processor.py:830} INFO - Processing file /Users/malone/data-engineering-pathway/.venv/lib/python3.11/site-packages/airflow/example_dags/example_xcom.py for tasks to queue
[2026-04-26T17:42:22.153+0100] {logging_mixin.py:188} INFO - [2026-04-26T17:42:22.153+0100] {dagbag.py:545} INFO - Filling up the DagBag from /Users/malone/data-engineering-pathway/.venv/lib/python3.11/site-packages/airflow/example_dags/example_xcom.py
[2026-04-26T17:42:22.167+0100] {processor.py:840} INFO - DAG(s) 'example_xcom' retrieved from /Users/malone/data-engineering-pathway/.venv/lib/python3.11/site-packages/airflow/example_dags/example_xcom.py
[2026-04-26T17:42:22.204+0100] {logging_mixin.py:188} INFO - [2026-04-26T17:42:22.204+0100] {dag.py:3089} INFO - Sync 1 DAGs
[2026-04-26T17:42:22.210+0100] {logging_mixin.py:188} INFO - [2026-04-26T17:42:22.209+0100] {dag.py:3947} INFO - Setting next_dagrun for example_xcom to 2021-01-01 00:00:00+00:00, run_after=2021-01-01 00:00:00+00:00
[2026-04-26T17:42:22.243+0100] {processor.py:183} INFO - Processing /Users/malone/data-engineering-pathway/.venv/lib/python3.11/site-packages/airflow/example_dags/example_xcom.py took 0.093 seconds
[2026-04-26T17:43:22.322+0100] {processor.py:161} INFO - Started process (PID=8713) to work on /Users/malone/data-engineering-pathway/.venv/lib/python3.11/site-packages/airflow/example_dags/example_xcom.py
[2026-04-26T17:43:22.323+0100] {processor.py:830} INFO - Processing file /Users/malone/data-engineering-pathway/.venv/lib/python3.11/site-packages/airflow/example_dags/example_xcom.py for tasks to queue
[2026-04-26T17:43:22.323+0100] {logging_mixin.py:188} INFO - [2026-04-26T17:43:22.323+0100] {dagbag.py:545} INFO - Filling up the DagBag from /Users/malone/data-engineering-pathway/.venv/lib/python3.11/site-packages/airflow/example_dags/example_xcom.py
[2026-04-26T17:43:22.337+0100] {processor.py:840} INFO - DAG(s) 'example_xcom' retrieved from /Users/malone/data-engineering-pathway/.venv/lib/python3.11/site-packages/airflow/example_dags/example_xcom.py
[2026-04-26T17:43:22.377+0100] {logging_mixin.py:188} INFO - [2026-04-26T17:43:22.377+0100] {dag.py:3089} INFO - Sync 1 DAGs
[2026-04-26T17:43:22.383+0100] {logging_mixin.py:188} INFO - [2026-04-26T17:43:22.383+0100] {dag.py:3947} INFO - Setting next_dagrun for example_xcom to 2021-01-01 00:00:00+00:00, run_after=2021-01-01 00:00:00+00:00
[2026-04-26T17:43:22.418+0100] {processor.py:183} INFO - Processing /Users/malone/data-engineering-pathway/.venv/lib/python3.11/site-packages/airflow/example_dags/example_xcom.py took 0.097 seconds
[2026-04-26T17:44:17.786+0100] {processor.py:161} INFO - Started process (PID=8818) to work on /Users/malone/data-engineering-pathway/.venv/lib/python3.11/site-packages/airflow/example_dags/example_xcom.py
[2026-04-26T17:44:17.787+0100] {processor.py:830} INFO - Processing file /Users/malone/data-engineering-pathway/.venv/lib/python3.11/site-packages/airflow/example_dags/example_xcom.py for tasks to queue
[2026-04-26T17:44:17.787+0100] {logging_mixin.py:188} INFO - [2026-04-26T17:44:17.787+0100] {dagbag.py:545} INFO - Filling up the DagBag from /Users/malone/data-engineering-pathway/.venv/lib/python3.11/site-packages/airflow/example_dags/example_xcom.py
[2026-04-26T17:44:17.801+0100] {processor.py:840} INFO - DAG(s) 'example_xcom' retrieved from /Users/malone/data-engineering-pathway/.venv/lib/python3.11/site-packages/airflow/example_dags/example_xcom.py
[2026-04-26T17:44:17.839+0100] {logging_mixin.py:188} INFO - [2026-04-26T17:44:17.839+0100] {dag.py:3089} INFO - Sync 1 DAGs
[2026-04-26T17:44:17.845+0100] {logging_mixin.py:188} INFO - [2026-04-26T17:44:17.845+0100] {dag.py:3947} INFO - Setting next_dagrun for example_xcom to 2021-01-01 00:00:00+00:00, run_after=2021-01-01 00:00:00+00:00
[2026-04-26T17:44:17.879+0100] {processor.py:183} INFO - Processing /Users/malone/data-engineering-pathway/.venv/lib/python3.11/site-packages/airflow/example_dags/example_xcom.py took 0.094 seconds
[2026-04-26T17:45:09.186+0100] {processor.py:161} INFO - Started process (PID=8894) to work on /Users/malone/data-engineering-pathway/.venv/lib/python3.11/site-packages/airflow/example_dags/example_xcom.py
[2026-04-26T17:45:09.186+0100] {processor.py:830} INFO - Processing file /Users/malone/data-engineering-pathway/.venv/lib/python3.11/site-packages/airflow/example_dags/example_xcom.py for tasks to queue
[2026-04-26T17:45:09.187+0100] {logging_mixin.py:188} INFO - [2026-04-26T17:45:09.186+0100] {dagbag.py:545} INFO - Filling up the DagBag from /Users/malone/data-engineering-pathway/.venv/lib/python3.11/site-packages/airflow/example_dags/example_xcom.py
[2026-04-26T17:45:09.200+0100] {processor.py:840} INFO - DAG(s) 'example_xcom' retrieved from /Users/malone/data-engineering-pathway/.venv/lib/python3.11/site-packages/airflow/example_dags/example_xcom.py
[2026-04-26T17:45:09.237+0100] {logging_mixin.py:188} INFO - [2026-04-26T17:45:09.237+0100] {dag.py:3089} INFO - Sync 1 DAGs
[2026-04-26T17:45:09.242+0100] {logging_mixin.py:188} INFO - [2026-04-26T17:45:09.242+0100] {dag.py:3947} INFO - Setting next_dagrun for example_xcom to 2021-01-01 00:00:00+00:00, run_after=2021-01-01 00:00:00+00:00
[2026-04-26T17:45:09.276+0100] {processor.py:183} INFO - Processing /Users/malone/data-engineering-pathway/.venv/lib/python3.11/site-packages/airflow/example_dags/example_xcom.py took 0.092 seconds
[2026-04-26T17:46:02.189+0100] {processor.py:161} INFO - Started process (PID=8987) to work on /Users/malone/data-engineering-pathway/.venv/lib/python3.11/site-packages/airflow/example_dags/example_xcom.py
[2026-04-26T17:46:02.190+0100] {processor.py:830} INFO - Processing file /Users/malone/data-engineering-pathway/.venv/lib/python3.11/site-packages/airflow/example_dags/example_xcom.py for tasks to queue
[2026-04-26T17:46:02.190+0100] {logging_mixin.py:188} INFO - [2026-04-26T17:46:02.190+0100] {dagbag.py:545} INFO - Filling up the DagBag from /Users/malone/data-engineering-pathway/.venv/lib/python3.11/site-packages/airflow/example_dags/example_xcom.py
[2026-04-26T17:46:02.206+0100] {processor.py:840} INFO - DAG(s) 'example_xcom' retrieved from /Users/malone/data-engineering-pathway/.venv/lib/python3.11/site-packages/airflow/example_dags/example_xcom.py
[2026-04-26T17:46:02.247+0100] {logging_mixin.py:188} INFO - [2026-04-26T17:46:02.247+0100] {dag.py:3089} INFO - Sync 1 DAGs
[2026-04-26T17:46:02.253+0100] {logging_mixin.py:188} INFO - [2026-04-26T17:46:02.253+0100] {dag.py:3947} INFO - Setting next_dagrun for example_xcom to 2021-01-01 00:00:00+00:00, run_after=2021-01-01 00:00:00+00:00
[2026-04-26T17:46:02.315+0100] {processor.py:183} INFO - Processing /Users/malone/data-engineering-pathway/.venv/lib/python3.11/site-packages/airflow/example_dags/example_xcom.py took 0.128 seconds
[2026-04-26T17:46:55.880+0100] {processor.py:161} INFO - Started process (PID=9064) to work on /Users/malone/data-engineering-pathway/.venv/lib/python3.11/site-packages/airflow/example_dags/example_xcom.py
[2026-04-26T17:46:55.881+0100] {processor.py:830} INFO - Processing file /Users/malone/data-engineering-pathway/.venv/lib/python3.11/site-packages/airflow/example_dags/example_xcom.py for tasks to queue
[2026-04-26T17:46:55.881+0100] {logging_mixin.py:188} INFO - [2026-04-26T17:46:55.881+0100] {dagbag.py:545} INFO - Filling up the DagBag from /Users/malone/data-engineering-pathway/.venv/lib/python3.11/site-packages/airflow/example_dags/example_xcom.py
[2026-04-26T17:46:55.897+0100] {processor.py:840} INFO - DAG(s) 'example_xcom' retrieved from /Users/malone/data-engineering-pathway/.venv/lib/python3.11/site-packages/airflow/example_dags/example_xcom.py
[2026-04-26T17:46:55.935+0100] {logging_mixin.py:188} INFO - [2026-04-26T17:46:55.935+0100] {dag.py:3089} INFO - Sync 1 DAGs
[2026-04-26T17:46:55.940+0100] {logging_mixin.py:188} INFO - [2026-04-26T17:46:55.940+0100] {dag.py:3947} INFO - Setting next_dagrun for example_xcom to 2021-01-01 00:00:00+00:00, run_after=2021-01-01 00:00:00+00:00
[2026-04-26T17:46:55.975+0100] {processor.py:183} INFO - Processing /Users/malone/data-engineering-pathway/.venv/lib/python3.11/site-packages/airflow/example_dags/example_xcom.py took 0.104 seconds
[2026-04-26T17:47:52.228+0100] {processor.py:161} INFO - Started process (PID=9174) to work on /Users/malone/data-engineering-pathway/.venv/lib/python3.11/site-packages/airflow/example_dags/example_xcom.py
[2026-04-26T17:47:52.229+0100] {processor.py:830} INFO - Processing file /Users/malone/data-engineering-pathway/.venv/lib/python3.11/site-packages/airflow/example_dags/example_xcom.py for tasks to queue
[2026-04-26T17:47:52.229+0100] {logging_mixin.py:188} INFO - [2026-04-26T17:47:52.229+0100] {dagbag.py:545} INFO - Filling up the DagBag from /Users/malone/data-engineering-pathway/.venv/lib/python3.11/site-packages/airflow/example_dags/example_xcom.py
[2026-04-26T17:47:52.243+0100] {processor.py:840} INFO - DAG(s) 'example_xcom' retrieved from /Users/malone/data-engineering-pathway/.venv/lib/python3.11/site-packages/airflow/example_dags/example_xcom.py
[2026-04-26T17:47:52.282+0100] {logging_mixin.py:188} INFO - [2026-04-26T17:47:52.282+0100] {dag.py:3089} INFO - Sync 1 DAGs
[2026-04-26T17:47:52.287+0100] {logging_mixin.py:188} INFO - [2026-04-26T17:47:52.287+0100] {dag.py:3947} INFO - Setting next_dagrun for example_xcom to 2021-01-01 00:00:00+00:00, run_after=2021-01-01 00:00:00+00:00
[2026-04-26T17:47:52.322+0100] {processor.py:183} INFO - Processing /Users/malone/data-engineering-pathway/.venv/lib/python3.11/site-packages/airflow/example_dags/example_xcom.py took 0.095 seconds
[2026-04-26T17:48:50.232+0100] {processor.py:161} INFO - Started process (PID=9335) to work on /Users/malone/data-engineering-pathway/.venv/lib/python3.11/site-packages/airflow/example_dags/example_xcom.py
[2026-04-26T17:48:50.233+0100] {processor.py:830} INFO - Processing file /Users/malone/data-engineering-pathway/.venv/lib/python3.11/site-packages/airflow/example_dags/example_xcom.py for tasks to queue
[2026-04-26T17:48:50.233+0100] {logging_mixin.py:188} INFO - [2026-04-26T17:48:50.233+0100] {dagbag.py:545} INFO - Filling up the DagBag from /Users/malone/data-engineering-pathway/.venv/lib/python3.11/site-packages/airflow/example_dags/example_xcom.py
[2026-04-26T17:48:50.262+0100] {processor.py:840} INFO - DAG(s) 'example_xcom' retrieved from /Users/malone/data-engineering-pathway/.venv/lib/python3.11/site-packages/airflow/example_dags/example_xcom.py
[2026-04-26T17:48:50.337+0100] {logging_mixin.py:188} INFO - [2026-04-26T17:48:50.336+0100] {dag.py:3089} INFO - Sync 1 DAGs
[2026-04-26T17:48:50.343+0100] {logging_mixin.py:188} INFO - [2026-04-26T17:48:50.343+0100] {dag.py:3947} INFO - Setting next_dagrun for example_xcom to 2021-01-01 00:00:00+00:00, run_after=2021-01-01 00:00:00+00:00
[2026-04-26T17:48:50.380+0100] {processor.py:183} INFO - Processing /Users/malone/data-engineering-pathway/.venv/lib/python3.11/site-packages/airflow/example_dags/example_xcom.py took 0.149 seconds
[2026-04-26T17:49:48.996+0100] {processor.py:161} INFO - Started process (PID=9476) to work on /Users/malone/data-engineering-pathway/.venv/lib/python3.11/site-packages/airflow/example_dags/example_xcom.py
[2026-04-26T17:49:48.997+0100] {processor.py:830} INFO - Processing file /Users/malone/data-engineering-pathway/.venv/lib/python3.11/site-packages/airflow/example_dags/example_xcom.py for tasks to queue
[2026-04-26T17:49:48.998+0100] {logging_mixin.py:188} INFO - [2026-04-26T17:49:48.997+0100] {dagbag.py:545} INFO - Filling up the DagBag from /Users/malone/data-engineering-pathway/.venv/lib/python3.11/site-packages/airflow/example_dags/example_xcom.py
[2026-04-26T17:49:49.019+0100] {processor.py:840} INFO - DAG(s) 'example_xcom' retrieved from /Users/malone/data-engineering-pathway/.venv/lib/python3.11/site-packages/airflow/example_dags/example_xcom.py
[2026-04-26T17:49:49.065+0100] {logging_mixin.py:188} INFO - [2026-04-26T17:49:49.065+0100] {dag.py:3089} INFO - Sync 1 DAGs
[2026-04-26T17:49:49.075+0100] {logging_mixin.py:188} INFO - [2026-04-26T17:49:49.074+0100] {dag.py:3947} INFO - Setting next_dagrun for example_xcom to 2021-01-01 00:00:00+00:00, run_after=2021-01-01 00:00:00+00:00
[2026-04-26T17:49:49.117+0100] {processor.py:183} INFO - Processing /Users/malone/data-engineering-pathway/.venv/lib/python3.11/site-packages/airflow/example_dags/example_xcom.py took 0.124 seconds
[2026-04-26T17:50:49.785+0100] {processor.py:161} INFO - Started process (PID=9563) to work on /Users/malone/data-engineering-pathway/.venv/lib/python3.11/site-packages/airflow/example_dags/example_xcom.py
[2026-04-26T17:50:49.786+0100] {processor.py:830} INFO - Processing file /Users/malone/data-engineering-pathway/.venv/lib/python3.11/site-packages/airflow/example_dags/example_xcom.py for tasks to queue
[2026-04-26T17:50:49.787+0100] {logging_mixin.py:188} INFO - [2026-04-26T17:50:49.787+0100] {dagbag.py:545} INFO - Filling up the DagBag from /Users/malone/data-engineering-pathway/.venv/lib/python3.11/site-packages/airflow/example_dags/example_xcom.py
[2026-04-26T17:50:49.803+0100] {processor.py:840} INFO - DAG(s) 'example_xcom' retrieved from /Users/malone/data-engineering-pathway/.venv/lib/python3.11/site-packages/airflow/example_dags/example_xcom.py
[2026-04-26T17:50:49.842+0100] {logging_mixin.py:188} INFO - [2026-04-26T17:50:49.842+0100] {dag.py:3089} INFO - Sync 1 DAGs
[2026-04-26T17:50:49.847+0100] {logging_mixin.py:188} INFO - [2026-04-26T17:50:49.847+0100] {dag.py:3947} INFO - Setting next_dagrun for example_xcom to 2021-01-01 00:00:00+00:00, run_after=2021-01-01 00:00:00+00:00
[2026-04-26T17:50:49.881+0100] {processor.py:183} INFO - Processing /Users/malone/data-engineering-pathway/.venv/lib/python3.11/site-packages/airflow/example_dags/example_xcom.py took 0.097 seconds
[2026-04-26T17:51:52.299+0100] {processor.py:161} INFO - Started process (PID=9652) to work on /Users/malone/data-engineering-pathway/.venv/lib/python3.11/site-packages/airflow/example_dags/example_xcom.py
[2026-04-26T17:51:52.299+0100] {processor.py:830} INFO - Processing file /Users/malone/data-engineering-pathway/.venv/lib/python3.11/site-packages/airflow/example_dags/example_xcom.py for tasks to queue
[2026-04-26T17:51:52.300+0100] {logging_mixin.py:188} INFO - [2026-04-26T17:51:52.299+0100] {dagbag.py:545} INFO - Filling up the DagBag from /Users/malone/data-engineering-pathway/.venv/lib/python3.11/site-packages/airflow/example_dags/example_xcom.py
[2026-04-26T17:51:52.314+0100] {processor.py:840} INFO - DAG(s) 'example_xcom' retrieved from /Users/malone/data-engineering-pathway/.venv/lib/python3.11/site-packages/airflow/example_dags/example_xcom.py
[2026-04-26T17:51:52.350+0100] {logging_mixin.py:188} INFO - [2026-04-26T17:51:52.350+0100] {dag.py:3089} INFO - Sync 1 DAGs
[2026-04-26T17:51:52.356+0100] {logging_mixin.py:188} INFO - [2026-04-26T17:51:52.356+0100] {dag.py:3947} INFO - Setting next_dagrun for example_xcom to 2021-01-01 00:00:00+00:00, run_after=2021-01-01 00:00:00+00:00
[2026-04-26T17:51:52.389+0100] {processor.py:183} INFO - Processing /Users/malone/data-engineering-pathway/.venv/lib/python3.11/site-packages/airflow/example_dags/example_xcom.py took 0.092 seconds
[2026-04-26T17:52:52.594+0100] {processor.py:161} INFO - Started process (PID=9714) to work on /Users/malone/data-engineering-pathway/.venv/lib/python3.11/site-packages/airflow/example_dags/example_xcom.py
[2026-04-26T17:52:52.595+0100] {processor.py:830} INFO - Processing file /Users/malone/data-engineering-pathway/.venv/lib/python3.11/site-packages/airflow/example_dags/example_xcom.py for tasks to queue
[2026-04-26T17:52:52.595+0100] {logging_mixin.py:188} INFO - [2026-04-26T17:52:52.595+0100] {dagbag.py:545} INFO - Filling up the DagBag from /Users/malone/data-engineering-pathway/.venv/lib/python3.11/site-packages/airflow/example_dags/example_xcom.py
[2026-04-26T17:52:52.609+0100] {processor.py:840} INFO - DAG(s) 'example_xcom' retrieved from /Users/malone/data-engineering-pathway/.venv/lib/python3.11/site-packages/airflow/example_dags/example_xcom.py
[2026-04-26T17:52:52.647+0100] {logging_mixin.py:188} INFO - [2026-04-26T17:52:52.647+0100] {dag.py:3089} INFO - Sync 1 DAGs
[2026-04-26T17:52:52.652+0100] {logging_mixin.py:188} INFO - [2026-04-26T17:52:52.652+0100] {dag.py:3947} INFO - Setting next_dagrun for example_xcom to 2021-01-01 00:00:00+00:00, run_after=2021-01-01 00:00:00+00:00
[2026-04-26T17:52:52.685+0100] {processor.py:183} INFO - Processing /Users/malone/data-engineering-pathway/.venv/lib/python3.11/site-packages/airflow/example_dags/example_xcom.py took 0.091 seconds
[2026-04-26T17:53:48.285+0100] {processor.py:161} INFO - Started process (PID=9797) to work on /Users/malone/data-engineering-pathway/.venv/lib/python3.11/site-packages/airflow/example_dags/example_xcom.py
[2026-04-26T17:53:48.286+0100] {processor.py:830} INFO - Processing file /Users/malone/data-engineering-pathway/.venv/lib/python3.11/site-packages/airflow/example_dags/example_xcom.py for tasks to queue
[2026-04-26T17:53:48.286+0100] {logging_mixin.py:188} INFO - [2026-04-26T17:53:48.286+0100] {dagbag.py:545} INFO - Filling up the DagBag from /Users/malone/data-engineering-pathway/.venv/lib/python3.11/site-packages/airflow/example_dags/example_xcom.py
[2026-04-26T17:53:48.300+0100] {processor.py:840} INFO - DAG(s) 'example_xcom' retrieved from /Users/malone/data-engineering-pathway/.venv/lib/python3.11/site-packages/airflow/example_dags/example_xcom.py
[2026-04-26T17:53:48.337+0100] {logging_mixin.py:188} INFO - [2026-04-26T17:53:48.337+0100] {dag.py:3089} INFO - Sync 1 DAGs
[2026-04-26T17:53:48.343+0100] {logging_mixin.py:188} INFO - [2026-04-26T17:53:48.342+0100] {dag.py:3947} INFO - Setting next_dagrun for example_xcom to 2021-01-01 00:00:00+00:00, run_after=2021-01-01 00:00:00+00:00
[2026-04-26T17:53:48.376+0100] {processor.py:183} INFO - Processing /Users/malone/data-engineering-pathway/.venv/lib/python3.11/site-packages/airflow/example_dags/example_xcom.py took 0.092 seconds
[2026-04-26T17:54:50.324+0100] {processor.py:161} INFO - Started process (PID=9860) to work on /Users/malone/data-engineering-pathway/.venv/lib/python3.11/site-packages/airflow/example_dags/example_xcom.py
[2026-04-26T17:54:50.325+0100] {processor.py:830} INFO - Processing file /Users/malone/data-engineering-pathway/.venv/lib/python3.11/site-packages/airflow/example_dags/example_xcom.py for tasks to queue
[2026-04-26T17:54:50.325+0100] {logging_mixin.py:188} INFO - [2026-04-26T17:54:50.325+0100] {dagbag.py:545} INFO - Filling up the DagBag from /Users/malone/data-engineering-pathway/.venv/lib/python3.11/site-packages/airflow/example_dags/example_xcom.py
[2026-04-26T17:54:50.339+0100] {processor.py:840} INFO - DAG(s) 'example_xcom' retrieved from /Users/malone/data-engineering-pathway/.venv/lib/python3.11/site-packages/airflow/example_dags/example_xcom.py
[2026-04-26T17:54:50.375+0100] {logging_mixin.py:188} INFO - [2026-04-26T17:54:50.375+0100] {dag.py:3089} INFO - Sync 1 DAGs
[2026-04-26T17:54:50.381+0100] {logging_mixin.py:188} INFO - [2026-04-26T17:54:50.381+0100] {dag.py:3947} INFO - Setting next_dagrun for example_xcom to 2021-01-01 00:00:00+00:00, run_after=2021-01-01 00:00:00+00:00
[2026-04-26T17:54:50.414+0100] {processor.py:183} INFO - Processing /Users/malone/data-engineering-pathway/.venv/lib/python3.11/site-packages/airflow/example_dags/example_xcom.py took 0.091 seconds
[2026-04-26T17:55:52.536+0100] {processor.py:161} INFO - Started process (PID=9985) to work on /Users/malone/data-engineering-pathway/.venv/lib/python3.11/site-packages/airflow/example_dags/example_xcom.py
[2026-04-26T17:55:52.538+0100] {processor.py:830} INFO - Processing file /Users/malone/data-engineering-pathway/.venv/lib/python3.11/site-packages/airflow/example_dags/example_xcom.py for tasks to queue
[2026-04-26T17:55:52.538+0100] {logging_mixin.py:188} INFO - [2026-04-26T17:55:52.538+0100] {dagbag.py:545} INFO - Filling up the DagBag from /Users/malone/data-engineering-pathway/.venv/lib/python3.11/site-packages/airflow/example_dags/example_xcom.py
[2026-04-26T17:55:52.553+0100] {processor.py:840} INFO - DAG(s) 'example_xcom' retrieved from /Users/malone/data-engineering-pathway/.venv/lib/python3.11/site-packages/airflow/example_dags/example_xcom.py
[2026-04-26T17:55:52.593+0100] {logging_mixin.py:188} INFO - [2026-04-26T17:55:52.593+0100] {dag.py:3089} INFO - Sync 1 DAGs
[2026-04-26T17:55:52.598+0100] {logging_mixin.py:188} INFO - [2026-04-26T17:55:52.598+0100] {dag.py:3947} INFO - Setting next_dagrun for example_xcom to 2021-01-01 00:00:00+00:00, run_after=2021-01-01 00:00:00+00:00
[2026-04-26T17:55:52.633+0100] {processor.py:183} INFO - Processing /Users/malone/data-engineering-pathway/.venv/lib/python3.11/site-packages/airflow/example_dags/example_xcom.py took 0.099 seconds
[2026-04-26T17:56:51.166+0100] {processor.py:161} INFO - Started process (PID=10110) to work on /Users/malone/data-engineering-pathway/.venv/lib/python3.11/site-packages/airflow/example_dags/example_xcom.py
[2026-04-26T17:56:51.166+0100] {processor.py:830} INFO - Processing file /Users/malone/data-engineering-pathway/.venv/lib/python3.11/site-packages/airflow/example_dags/example_xcom.py for tasks to queue
[2026-04-26T17:56:51.167+0100] {logging_mixin.py:188} INFO - [2026-04-26T17:56:51.167+0100] {dagbag.py:545} INFO - Filling up the DagBag from /Users/malone/data-engineering-pathway/.venv/lib/python3.11/site-packages/airflow/example_dags/example_xcom.py
[2026-04-26T17:56:51.182+0100] {processor.py:840} INFO - DAG(s) 'example_xcom' retrieved from /Users/malone/data-engineering-pathway/.venv/lib/python3.11/site-packages/airflow/example_dags/example_xcom.py
[2026-04-26T17:56:51.225+0100] {logging_mixin.py:188} INFO - [2026-04-26T17:56:51.225+0100] {dag.py:3089} INFO - Sync 1 DAGs
[2026-04-26T17:56:51.232+0100] {logging_mixin.py:188} INFO - [2026-04-26T17:56:51.232+0100] {dag.py:3947} INFO - Setting next_dagrun for example_xcom to 2021-01-01 00:00:00+00:00, run_after=2021-01-01 00:00:00+00:00
[2026-04-26T17:56:51.267+0100] {processor.py:183} INFO - Processing /Users/malone/data-engineering-pathway/.venv/lib/python3.11/site-packages/airflow/example_dags/example_xcom.py took 0.102 seconds
[2026-04-26T17:57:51.354+0100] {processor.py:161} INFO - Started process (PID=10202) to work on /Users/malone/data-engineering-pathway/.venv/lib/python3.11/site-packages/airflow/example_dags/example_xcom.py
[2026-04-26T17:57:51.354+0100] {processor.py:830} INFO - Processing file /Users/malone/data-engineering-pathway/.venv/lib/python3.11/site-packages/airflow/example_dags/example_xcom.py for tasks to queue
[2026-04-26T17:57:51.355+0100] {logging_mixin.py:188} INFO - [2026-04-26T17:57:51.355+0100] {dagbag.py:545} INFO - Filling up the DagBag from /Users/malone/data-engineering-pathway/.venv/lib/python3.11/site-packages/airflow/example_dags/example_xcom.py
[2026-04-26T17:57:51.369+0100] {processor.py:840} INFO - DAG(s) 'example_xcom' retrieved from /Users/malone/data-engineering-pathway/.venv/lib/python3.11/site-packages/airflow/example_dags/example_xcom.py
[2026-04-26T17:57:51.413+0100] {logging_mixin.py:188} INFO - [2026-04-26T17:57:51.413+0100] {dag.py:3089} INFO - Sync 1 DAGs
[2026-04-26T17:57:51.418+0100] {logging_mixin.py:188} INFO - [2026-04-26T17:57:51.418+0100] {dag.py:3947} INFO - Setting next_dagrun for example_xcom to 2021-01-01 00:00:00+00:00, run_after=2021-01-01 00:00:00+00:00
[2026-04-26T17:57:51.452+0100] {processor.py:183} INFO - Processing /Users/malone/data-engineering-pathway/.venv/lib/python3.11/site-packages/airflow/example_dags/example_xcom.py took 0.100 seconds
[2026-04-26T17:58:45.400+0100] {processor.py:161} INFO - Started process (PID=10289) to work on /Users/malone/data-engineering-pathway/.venv/lib/python3.11/site-packages/airflow/example_dags/example_xcom.py
[2026-04-26T17:58:45.401+0100] {processor.py:830} INFO - Processing file /Users/malone/data-engineering-pathway/.venv/lib/python3.11/site-packages/airflow/example_dags/example_xcom.py for tasks to queue
[2026-04-26T17:58:45.401+0100] {logging_mixin.py:188} INFO - [2026-04-26T17:58:45.401+0100] {dagbag.py:545} INFO - Filling up the DagBag from /Users/malone/data-engineering-pathway/.venv/lib/python3.11/site-packages/airflow/example_dags/example_xcom.py
[2026-04-26T17:58:45.415+0100] {processor.py:840} INFO - DAG(s) 'example_xcom' retrieved from /Users/malone/data-engineering-pathway/.venv/lib/python3.11/site-packages/airflow/example_dags/example_xcom.py
[2026-04-26T17:58:45.452+0100] {logging_mixin.py:188} INFO - [2026-04-26T17:58:45.452+0100] {dag.py:3089} INFO - Sync 1 DAGs
[2026-04-26T17:58:45.457+0100] {logging_mixin.py:188} INFO - [2026-04-26T17:58:45.457+0100] {dag.py:3947} INFO - Setting next_dagrun for example_xcom to 2021-01-01 00:00:00+00:00, run_after=2021-01-01 00:00:00+00:00
[2026-04-26T17:58:45.494+0100] {processor.py:183} INFO - Processing /Users/malone/data-engineering-pathway/.venv/lib/python3.11/site-packages/airflow/example_dags/example_xcom.py took 0.095 seconds
