[2026-04-26T17:39:52.583+0100] {processor.py:161} INFO - Started process (PID=8408) to work on /Users/malone/data-engineering-pathway/.venv/lib/python3.11/site-packages/airflow/example_dags/example_branch_python_dop_operator_3.py
[2026-04-26T17:39:52.583+0100] {processor.py:830} INFO - Processing file /Users/malone/data-engineering-pathway/.venv/lib/python3.11/site-packages/airflow/example_dags/example_branch_python_dop_operator_3.py for tasks to queue
[2026-04-26T17:39:52.584+0100] {logging_mixin.py:188} INFO - [2026-04-26T17:39:52.584+0100] {dagbag.py:545} INFO - Filling up the DagBag from /Users/malone/data-engineering-pathway/.venv/lib/python3.11/site-packages/airflow/example_dags/example_branch_python_dop_operator_3.py
[2026-04-26T17:39:52.602+0100] {processor.py:840} INFO - DAG(s) 'example_branch_dop_operator_v3' retrieved from /Users/malone/data-engineering-pathway/.venv/lib/python3.11/site-packages/airflow/example_dags/example_branch_python_dop_operator_3.py
[2026-04-26T17:39:52.713+0100] {logging_mixin.py:188} INFO - [2026-04-26T17:39:52.713+0100] {dag.py:3089} INFO - Sync 1 DAGs
[2026-04-26T17:39:52.720+0100] {logging_mixin.py:188} INFO - [2026-04-26T17:39:52.720+0100] {dag.py:3947} INFO - Setting next_dagrun for example_branch_dop_operator_v3 to 2026-04-26 16:38:00+00:00, run_after=2026-04-26 16:39:00+00:00
[2026-04-26T17:39:52.728+0100] {processor.py:183} INFO - Processing /Users/malone/data-engineering-pathway/.venv/lib/python3.11/site-packages/airflow/example_dags/example_branch_python_dop_operator_3.py took 0.147 seconds
[2026-04-26T17:41:48.060+0100] {processor.py:161} INFO - Started process (PID=8594) to work on /Users/malone/data-engineering-pathway/.venv/lib/python3.11/site-packages/airflow/example_dags/example_branch_python_dop_operator_3.py
[2026-04-26T17:41:48.060+0100] {processor.py:830} INFO - Processing file /Users/malone/data-engineering-pathway/.venv/lib/python3.11/site-packages/airflow/example_dags/example_branch_python_dop_operator_3.py for tasks to queue
[2026-04-26T17:41:48.061+0100] {logging_mixin.py:188} INFO - [2026-04-26T17:41:48.060+0100] {dagbag.py:545} INFO - Filling up the DagBag from /Users/malone/data-engineering-pathway/.venv/lib/python3.11/site-packages/airflow/example_dags/example_branch_python_dop_operator_3.py
[2026-04-26T17:41:48.075+0100] {processor.py:840} INFO - DAG(s) 'example_branch_dop_operator_v3' retrieved from /Users/malone/data-engineering-pathway/.venv/lib/python3.11/site-packages/airflow/example_dags/example_branch_python_dop_operator_3.py
[2026-04-26T17:41:48.112+0100] {logging_mixin.py:188} INFO - [2026-04-26T17:41:48.112+0100] {dag.py:3089} INFO - Sync 1 DAGs
[2026-04-26T17:41:48.119+0100] {logging_mixin.py:188} INFO - [2026-04-26T17:41:48.119+0100] {dag.py:3947} INFO - Setting next_dagrun for example_branch_dop_operator_v3 to 2026-04-26 16:40:00+00:00, run_after=2026-04-26 16:41:00+00:00
[2026-04-26T17:41:48.153+0100] {processor.py:183} INFO - Processing /Users/malone/data-engineering-pathway/.venv/lib/python3.11/site-packages/airflow/example_dags/example_branch_python_dop_operator_3.py took 0.094 seconds
[2026-04-26T17:43:45.315+0100] {processor.py:161} INFO - Started process (PID=8772) to work on /Users/malone/data-engineering-pathway/.venv/lib/python3.11/site-packages/airflow/example_dags/example_branch_python_dop_operator_3.py
[2026-04-26T17:43:45.315+0100] {processor.py:830} INFO - Processing file /Users/malone/data-engineering-pathway/.venv/lib/python3.11/site-packages/airflow/example_dags/example_branch_python_dop_operator_3.py for tasks to queue
[2026-04-26T17:43:45.315+0100] {logging_mixin.py:188} INFO - [2026-04-26T17:43:45.315+0100] {dagbag.py:545} INFO - Filling up the DagBag from /Users/malone/data-engineering-pathway/.venv/lib/python3.11/site-packages/airflow/example_dags/example_branch_python_dop_operator_3.py
[2026-04-26T17:43:45.330+0100] {processor.py:840} INFO - DAG(s) 'example_branch_dop_operator_v3' retrieved from /Users/malone/data-engineering-pathway/.venv/lib/python3.11/site-packages/airflow/example_dags/example_branch_python_dop_operator_3.py
[2026-04-26T17:43:45.368+0100] {logging_mixin.py:188} INFO - [2026-04-26T17:43:45.368+0100] {dag.py:3089} INFO - Sync 1 DAGs
[2026-04-26T17:43:45.375+0100] {logging_mixin.py:188} INFO - [2026-04-26T17:43:45.375+0100] {dag.py:3947} INFO - Setting next_dagrun for example_branch_dop_operator_v3 to 2026-04-26 16:42:00+00:00, run_after=2026-04-26 16:43:00+00:00
[2026-04-26T17:43:45.410+0100] {processor.py:183} INFO - Processing /Users/malone/data-engineering-pathway/.venv/lib/python3.11/site-packages/airflow/example_dags/example_branch_python_dop_operator_3.py took 0.096 seconds
[2026-04-26T17:45:31.529+0100] {processor.py:161} INFO - Started process (PID=8941) to work on /Users/malone/data-engineering-pathway/.venv/lib/python3.11/site-packages/airflow/example_dags/example_branch_python_dop_operator_3.py
[2026-04-26T17:45:31.530+0100] {processor.py:830} INFO - Processing file /Users/malone/data-engineering-pathway/.venv/lib/python3.11/site-packages/airflow/example_dags/example_branch_python_dop_operator_3.py for tasks to queue
[2026-04-26T17:45:31.530+0100] {logging_mixin.py:188} INFO - [2026-04-26T17:45:31.530+0100] {dagbag.py:545} INFO - Filling up the DagBag from /Users/malone/data-engineering-pathway/.venv/lib/python3.11/site-packages/airflow/example_dags/example_branch_python_dop_operator_3.py
[2026-04-26T17:45:31.544+0100] {processor.py:840} INFO - DAG(s) 'example_branch_dop_operator_v3' retrieved from /Users/malone/data-engineering-pathway/.venv/lib/python3.11/site-packages/airflow/example_dags/example_branch_python_dop_operator_3.py
[2026-04-26T17:45:31.582+0100] {logging_mixin.py:188} INFO - [2026-04-26T17:45:31.582+0100] {dag.py:3089} INFO - Sync 1 DAGs
[2026-04-26T17:45:31.589+0100] {logging_mixin.py:188} INFO - [2026-04-26T17:45:31.589+0100] {dag.py:3947} INFO - Setting next_dagrun for example_branch_dop_operator_v3 to 2026-04-26 16:44:00+00:00, run_after=2026-04-26 16:45:00+00:00
[2026-04-26T17:45:31.623+0100] {processor.py:183} INFO - Processing /Users/malone/data-engineering-pathway/.venv/lib/python3.11/site-packages/airflow/example_dags/example_branch_python_dop_operator_3.py took 0.096 seconds
[2026-04-26T17:47:19.646+0100] {processor.py:161} INFO - Started process (PID=9113) to work on /Users/malone/data-engineering-pathway/.venv/lib/python3.11/site-packages/airflow/example_dags/example_branch_python_dop_operator_3.py
[2026-04-26T17:47:19.647+0100] {processor.py:830} INFO - Processing file /Users/malone/data-engineering-pathway/.venv/lib/python3.11/site-packages/airflow/example_dags/example_branch_python_dop_operator_3.py for tasks to queue
[2026-04-26T17:47:19.647+0100] {logging_mixin.py:188} INFO - [2026-04-26T17:47:19.647+0100] {dagbag.py:545} INFO - Filling up the DagBag from /Users/malone/data-engineering-pathway/.venv/lib/python3.11/site-packages/airflow/example_dags/example_branch_python_dop_operator_3.py
[2026-04-26T17:47:19.664+0100] {processor.py:840} INFO - DAG(s) 'example_branch_dop_operator_v3' retrieved from /Users/malone/data-engineering-pathway/.venv/lib/python3.11/site-packages/airflow/example_dags/example_branch_python_dop_operator_3.py
[2026-04-26T17:47:19.703+0100] {logging_mixin.py:188} INFO - [2026-04-26T17:47:19.703+0100] {dag.py:3089} INFO - Sync 1 DAGs
[2026-04-26T17:47:19.710+0100] {logging_mixin.py:188} INFO - [2026-04-26T17:47:19.710+0100] {dag.py:3947} INFO - Setting next_dagrun for example_branch_dop_operator_v3 to 2026-04-26 16:46:00+00:00, run_after=2026-04-26 16:47:00+00:00
[2026-04-26T17:47:19.744+0100] {processor.py:183} INFO - Processing /Users/malone/data-engineering-pathway/.venv/lib/python3.11/site-packages/airflow/example_dags/example_branch_python_dop_operator_3.py took 0.098 seconds
[2026-04-26T17:49:18.454+0100] {processor.py:161} INFO - Started process (PID=9442) to work on /Users/malone/data-engineering-pathway/.venv/lib/python3.11/site-packages/airflow/example_dags/example_branch_python_dop_operator_3.py
[2026-04-26T17:49:18.454+0100] {processor.py:830} INFO - Processing file /Users/malone/data-engineering-pathway/.venv/lib/python3.11/site-packages/airflow/example_dags/example_branch_python_dop_operator_3.py for tasks to queue
[2026-04-26T17:49:18.455+0100] {logging_mixin.py:188} INFO - [2026-04-26T17:49:18.454+0100] {dagbag.py:545} INFO - Filling up the DagBag from /Users/malone/data-engineering-pathway/.venv/lib/python3.11/site-packages/airflow/example_dags/example_branch_python_dop_operator_3.py
[2026-04-26T17:49:18.478+0100] {processor.py:840} INFO - DAG(s) 'example_branch_dop_operator_v3' retrieved from /Users/malone/data-engineering-pathway/.venv/lib/python3.11/site-packages/airflow/example_dags/example_branch_python_dop_operator_3.py
[2026-04-26T17:49:18.518+0100] {logging_mixin.py:188} INFO - [2026-04-26T17:49:18.518+0100] {dag.py:3089} INFO - Sync 1 DAGs
[2026-04-26T17:49:18.527+0100] {logging_mixin.py:188} INFO - [2026-04-26T17:49:18.526+0100] {dag.py:3947} INFO - Setting next_dagrun for example_branch_dop_operator_v3 to 2026-04-26 16:48:00+00:00, run_after=2026-04-26 16:49:00+00:00
[2026-04-26T17:49:18.565+0100] {processor.py:183} INFO - Processing /Users/malone/data-engineering-pathway/.venv/lib/python3.11/site-packages/airflow/example_dags/example_branch_python_dop_operator_3.py took 0.113 seconds
[2026-04-26T17:51:20.833+0100] {processor.py:161} INFO - Started process (PID=9605) to work on /Users/malone/data-engineering-pathway/.venv/lib/python3.11/site-packages/airflow/example_dags/example_branch_python_dop_operator_3.py
[2026-04-26T17:51:20.834+0100] {processor.py:830} INFO - Processing file /Users/malone/data-engineering-pathway/.venv/lib/python3.11/site-packages/airflow/example_dags/example_branch_python_dop_operator_3.py for tasks to queue
[2026-04-26T17:51:20.834+0100] {logging_mixin.py:188} INFO - [2026-04-26T17:51:20.834+0100] {dagbag.py:545} INFO - Filling up the DagBag from /Users/malone/data-engineering-pathway/.venv/lib/python3.11/site-packages/airflow/example_dags/example_branch_python_dop_operator_3.py
[2026-04-26T17:51:20.853+0100] {processor.py:840} INFO - DAG(s) 'example_branch_dop_operator_v3' retrieved from /Users/malone/data-engineering-pathway/.venv/lib/python3.11/site-packages/airflow/example_dags/example_branch_python_dop_operator_3.py
[2026-04-26T17:51:20.893+0100] {logging_mixin.py:188} INFO - [2026-04-26T17:51:20.893+0100] {dag.py:3089} INFO - Sync 1 DAGs
[2026-04-26T17:51:20.901+0100] {logging_mixin.py:188} INFO - [2026-04-26T17:51:20.901+0100] {dag.py:3947} INFO - Setting next_dagrun for example_branch_dop_operator_v3 to 2026-04-26 16:50:00+00:00, run_after=2026-04-26 16:51:00+00:00
[2026-04-26T17:51:20.941+0100] {processor.py:183} INFO - Processing /Users/malone/data-engineering-pathway/.venv/lib/python3.11/site-packages/airflow/example_dags/example_branch_python_dop_operator_3.py took 0.110 seconds
[2026-04-26T17:53:16.194+0100] {processor.py:161} INFO - Started process (PID=9735) to work on /Users/malone/data-engineering-pathway/.venv/lib/python3.11/site-packages/airflow/example_dags/example_branch_python_dop_operator_3.py
[2026-04-26T17:53:16.195+0100] {processor.py:830} INFO - Processing file /Users/malone/data-engineering-pathway/.venv/lib/python3.11/site-packages/airflow/example_dags/example_branch_python_dop_operator_3.py for tasks to queue
[2026-04-26T17:53:16.195+0100] {logging_mixin.py:188} INFO - [2026-04-26T17:53:16.195+0100] {dagbag.py:545} INFO - Filling up the DagBag from /Users/malone/data-engineering-pathway/.venv/lib/python3.11/site-packages/airflow/example_dags/example_branch_python_dop_operator_3.py
[2026-04-26T17:53:16.230+0100] {processor.py:840} INFO - DAG(s) 'example_branch_dop_operator_v3' retrieved from /Users/malone/data-engineering-pathway/.venv/lib/python3.11/site-packages/airflow/example_dags/example_branch_python_dop_operator_3.py
[2026-04-26T17:53:16.272+0100] {logging_mixin.py:188} INFO - [2026-04-26T17:53:16.271+0100] {dag.py:3089} INFO - Sync 1 DAGs
[2026-04-26T17:53:16.280+0100] {logging_mixin.py:188} INFO - [2026-04-26T17:53:16.279+0100] {dag.py:3947} INFO - Setting next_dagrun for example_branch_dop_operator_v3 to 2026-04-26 16:52:00+00:00, run_after=2026-04-26 16:53:00+00:00
[2026-04-26T17:53:16.316+0100] {processor.py:183} INFO - Processing /Users/malone/data-engineering-pathway/.venv/lib/python3.11/site-packages/airflow/example_dags/example_branch_python_dop_operator_3.py took 0.125 seconds
[2026-04-26T17:55:17.531+0100] {processor.py:161} INFO - Started process (PID=9898) to work on /Users/malone/data-engineering-pathway/.venv/lib/python3.11/site-packages/airflow/example_dags/example_branch_python_dop_operator_3.py
[2026-04-26T17:55:17.532+0100] {processor.py:830} INFO - Processing file /Users/malone/data-engineering-pathway/.venv/lib/python3.11/site-packages/airflow/example_dags/example_branch_python_dop_operator_3.py for tasks to queue
[2026-04-26T17:55:17.532+0100] {logging_mixin.py:188} INFO - [2026-04-26T17:55:17.532+0100] {dagbag.py:545} INFO - Filling up the DagBag from /Users/malone/data-engineering-pathway/.venv/lib/python3.11/site-packages/airflow/example_dags/example_branch_python_dop_operator_3.py
[2026-04-26T17:55:17.563+0100] {processor.py:840} INFO - DAG(s) 'example_branch_dop_operator_v3' retrieved from /Users/malone/data-engineering-pathway/.venv/lib/python3.11/site-packages/airflow/example_dags/example_branch_python_dop_operator_3.py
[2026-04-26T17:55:17.610+0100] {logging_mixin.py:188} INFO - [2026-04-26T17:55:17.610+0100] {dag.py:3089} INFO - Sync 1 DAGs
[2026-04-26T17:55:17.618+0100] {logging_mixin.py:188} INFO - [2026-04-26T17:55:17.618+0100] {dag.py:3947} INFO - Setting next_dagrun for example_branch_dop_operator_v3 to 2026-04-26 16:54:00+00:00, run_after=2026-04-26 16:55:00+00:00
[2026-04-26T17:55:17.656+0100] {processor.py:183} INFO - Processing /Users/malone/data-engineering-pathway/.venv/lib/python3.11/site-packages/airflow/example_dags/example_branch_python_dop_operator_3.py took 0.127 seconds
[2026-04-26T17:57:19.814+0100] {processor.py:161} INFO - Started process (PID=10149) to work on /Users/malone/data-engineering-pathway/.venv/lib/python3.11/site-packages/airflow/example_dags/example_branch_python_dop_operator_3.py
[2026-04-26T17:57:19.815+0100] {processor.py:830} INFO - Processing file /Users/malone/data-engineering-pathway/.venv/lib/python3.11/site-packages/airflow/example_dags/example_branch_python_dop_operator_3.py for tasks to queue
[2026-04-26T17:57:19.815+0100] {logging_mixin.py:188} INFO - [2026-04-26T17:57:19.815+0100] {dagbag.py:545} INFO - Filling up the DagBag from /Users/malone/data-engineering-pathway/.venv/lib/python3.11/site-packages/airflow/example_dags/example_branch_python_dop_operator_3.py
[2026-04-26T17:57:19.831+0100] {processor.py:840} INFO - DAG(s) 'example_branch_dop_operator_v3' retrieved from /Users/malone/data-engineering-pathway/.venv/lib/python3.11/site-packages/airflow/example_dags/example_branch_python_dop_operator_3.py
[2026-04-26T17:57:19.869+0100] {logging_mixin.py:188} INFO - [2026-04-26T17:57:19.869+0100] {dag.py:3089} INFO - Sync 1 DAGs
[2026-04-26T17:57:19.876+0100] {logging_mixin.py:188} INFO - [2026-04-26T17:57:19.876+0100] {dag.py:3947} INFO - Setting next_dagrun for example_branch_dop_operator_v3 to 2026-04-26 16:56:00+00:00, run_after=2026-04-26 16:57:00+00:00
[2026-04-26T17:57:19.913+0100] {processor.py:183} INFO - Processing /Users/malone/data-engineering-pathway/.venv/lib/python3.11/site-packages/airflow/example_dags/example_branch_python_dop_operator_3.py took 0.100 seconds
[2026-04-26T17:59:10.351+0100] {processor.py:161} INFO - Started process (PID=10333) to work on /Users/malone/data-engineering-pathway/.venv/lib/python3.11/site-packages/airflow/example_dags/example_branch_python_dop_operator_3.py
[2026-04-26T17:59:10.352+0100] {processor.py:830} INFO - Processing file /Users/malone/data-engineering-pathway/.venv/lib/python3.11/site-packages/airflow/example_dags/example_branch_python_dop_operator_3.py for tasks to queue
[2026-04-26T17:59:10.352+0100] {logging_mixin.py:188} INFO - [2026-04-26T17:59:10.352+0100] {dagbag.py:545} INFO - Filling up the DagBag from /Users/malone/data-engineering-pathway/.venv/lib/python3.11/site-packages/airflow/example_dags/example_branch_python_dop_operator_3.py
[2026-04-26T17:59:10.367+0100] {processor.py:840} INFO - DAG(s) 'example_branch_dop_operator_v3' retrieved from /Users/malone/data-engineering-pathway/.venv/lib/python3.11/site-packages/airflow/example_dags/example_branch_python_dop_operator_3.py
[2026-04-26T17:59:10.404+0100] {logging_mixin.py:188} INFO - [2026-04-26T17:59:10.404+0100] {dag.py:3089} INFO - Sync 1 DAGs
[2026-04-26T17:59:10.411+0100] {logging_mixin.py:188} INFO - [2026-04-26T17:59:10.411+0100] {dag.py:3947} INFO - Setting next_dagrun for example_branch_dop_operator_v3 to 2026-04-26 16:58:00+00:00, run_after=2026-04-26 16:59:00+00:00
[2026-04-26T17:59:10.446+0100] {processor.py:183} INFO - Processing /Users/malone/data-engineering-pathway/.venv/lib/python3.11/site-packages/airflow/example_dags/example_branch_python_dop_operator_3.py took 0.096 seconds
