[2026-04-26T17:40:04.771+0100] {processor.py:161} INFO - Started process (PID=8437) to work on /Users/malone/data-engineering-pathway/.venv/lib/python3.11/site-packages/airflow/example_dags/example_bash_decorator.py
[2026-04-26T17:40:04.772+0100] {processor.py:830} INFO - Processing file /Users/malone/data-engineering-pathway/.venv/lib/python3.11/site-packages/airflow/example_dags/example_bash_decorator.py for tasks to queue
[2026-04-26T17:40:04.772+0100] {logging_mixin.py:188} INFO - [2026-04-26T17:40:04.772+0100] {dagbag.py:545} INFO - Filling up the DagBag from /Users/malone/data-engineering-pathway/.venv/lib/python3.11/site-packages/airflow/example_dags/example_bash_decorator.py
[2026-04-26T17:40:04.792+0100] {processor.py:840} INFO - DAG(s) 'example_bash_decorator' retrieved from /Users/malone/data-engineering-pathway/.venv/lib/python3.11/site-packages/airflow/example_dags/example_bash_decorator.py
[2026-04-26T17:40:04.884+0100] {logging_mixin.py:188} INFO - [2026-04-26T17:40:04.884+0100] {dag.py:3089} INFO - Sync 1 DAGs
[2026-04-26T17:40:04.887+0100] {logging_mixin.py:188} INFO - [2026-04-26T17:40:04.887+0100] {dag.py:3947} INFO - Setting next_dagrun for example_bash_decorator to None, run_after=None
[2026-04-26T17:40:04.895+0100] {processor.py:183} INFO - Processing /Users/malone/data-engineering-pathway/.venv/lib/python3.11/site-packages/airflow/example_dags/example_bash_decorator.py took 0.125 seconds
[2026-04-26T17:42:00.362+0100] {processor.py:161} INFO - Started process (PID=8614) to work on /Users/malone/data-engineering-pathway/.venv/lib/python3.11/site-packages/airflow/example_dags/example_bash_decorator.py
[2026-04-26T17:42:00.362+0100] {processor.py:830} INFO - Processing file /Users/malone/data-engineering-pathway/.venv/lib/python3.11/site-packages/airflow/example_dags/example_bash_decorator.py for tasks to queue
[2026-04-26T17:42:00.363+0100] {logging_mixin.py:188} INFO - [2026-04-26T17:42:00.362+0100] {dagbag.py:545} INFO - Filling up the DagBag from /Users/malone/data-engineering-pathway/.venv/lib/python3.11/site-packages/airflow/example_dags/example_bash_decorator.py
[2026-04-26T17:42:00.382+0100] {processor.py:840} INFO - DAG(s) 'example_bash_decorator' retrieved from /Users/malone/data-engineering-pathway/.venv/lib/python3.11/site-packages/airflow/example_dags/example_bash_decorator.py
[2026-04-26T17:42:00.494+0100] {logging_mixin.py:188} INFO - [2026-04-26T17:42:00.494+0100] {dag.py:3089} INFO - Sync 1 DAGs
[2026-04-26T17:42:00.497+0100] {logging_mixin.py:188} INFO - [2026-04-26T17:42:00.497+0100] {dag.py:3947} INFO - Setting next_dagrun for example_bash_decorator to None, run_after=None
[2026-04-26T17:42:00.503+0100] {processor.py:183} INFO - Processing /Users/malone/data-engineering-pathway/.venv/lib/python3.11/site-packages/airflow/example_dags/example_bash_decorator.py took 0.143 seconds
[2026-04-26T17:43:56.649+0100] {processor.py:161} INFO - Started process (PID=8789) to work on /Users/malone/data-engineering-pathway/.venv/lib/python3.11/site-packages/airflow/example_dags/example_bash_decorator.py
[2026-04-26T17:43:56.650+0100] {processor.py:830} INFO - Processing file /Users/malone/data-engineering-pathway/.venv/lib/python3.11/site-packages/airflow/example_dags/example_bash_decorator.py for tasks to queue
[2026-04-26T17:43:56.650+0100] {logging_mixin.py:188} INFO - [2026-04-26T17:43:56.650+0100] {dagbag.py:545} INFO - Filling up the DagBag from /Users/malone/data-engineering-pathway/.venv/lib/python3.11/site-packages/airflow/example_dags/example_bash_decorator.py
[2026-04-26T17:43:56.666+0100] {processor.py:840} INFO - DAG(s) 'example_bash_decorator' retrieved from /Users/malone/data-engineering-pathway/.venv/lib/python3.11/site-packages/airflow/example_dags/example_bash_decorator.py
[2026-04-26T17:43:56.778+0100] {logging_mixin.py:188} INFO - [2026-04-26T17:43:56.778+0100] {dag.py:3089} INFO - Sync 1 DAGs
[2026-04-26T17:43:56.781+0100] {logging_mixin.py:188} INFO - [2026-04-26T17:43:56.781+0100] {dag.py:3947} INFO - Setting next_dagrun for example_bash_decorator to None, run_after=None
[2026-04-26T17:43:56.788+0100] {processor.py:183} INFO - Processing /Users/malone/data-engineering-pathway/.venv/lib/python3.11/site-packages/airflow/example_dags/example_bash_decorator.py took 0.140 seconds
[2026-04-26T17:45:41.822+0100] {processor.py:161} INFO - Started process (PID=8959) to work on /Users/malone/data-engineering-pathway/.venv/lib/python3.11/site-packages/airflow/example_dags/example_bash_decorator.py
[2026-04-26T17:45:41.823+0100] {processor.py:830} INFO - Processing file /Users/malone/data-engineering-pathway/.venv/lib/python3.11/site-packages/airflow/example_dags/example_bash_decorator.py for tasks to queue
[2026-04-26T17:45:41.823+0100] {logging_mixin.py:188} INFO - [2026-04-26T17:45:41.823+0100] {dagbag.py:545} INFO - Filling up the DagBag from /Users/malone/data-engineering-pathway/.venv/lib/python3.11/site-packages/airflow/example_dags/example_bash_decorator.py
[2026-04-26T17:45:41.839+0100] {processor.py:840} INFO - DAG(s) 'example_bash_decorator' retrieved from /Users/malone/data-engineering-pathway/.venv/lib/python3.11/site-packages/airflow/example_dags/example_bash_decorator.py
[2026-04-26T17:45:41.950+0100] {logging_mixin.py:188} INFO - [2026-04-26T17:45:41.950+0100] {dag.py:3089} INFO - Sync 1 DAGs
[2026-04-26T17:45:41.953+0100] {logging_mixin.py:188} INFO - [2026-04-26T17:45:41.953+0100] {dag.py:3947} INFO - Setting next_dagrun for example_bash_decorator to None, run_after=None
[2026-04-26T17:45:41.962+0100] {processor.py:183} INFO - Processing /Users/malone/data-engineering-pathway/.venv/lib/python3.11/site-packages/airflow/example_dags/example_bash_decorator.py took 0.140 seconds
[2026-04-26T17:47:31.844+0100] {processor.py:161} INFO - Started process (PID=9133) to work on /Users/malone/data-engineering-pathway/.venv/lib/python3.11/site-packages/airflow/example_dags/example_bash_decorator.py
[2026-04-26T17:47:31.845+0100] {processor.py:830} INFO - Processing file /Users/malone/data-engineering-pathway/.venv/lib/python3.11/site-packages/airflow/example_dags/example_bash_decorator.py for tasks to queue
[2026-04-26T17:47:31.845+0100] {logging_mixin.py:188} INFO - [2026-04-26T17:47:31.845+0100] {dagbag.py:545} INFO - Filling up the DagBag from /Users/malone/data-engineering-pathway/.venv/lib/python3.11/site-packages/airflow/example_dags/example_bash_decorator.py
[2026-04-26T17:47:31.863+0100] {processor.py:840} INFO - DAG(s) 'example_bash_decorator' retrieved from /Users/malone/data-engineering-pathway/.venv/lib/python3.11/site-packages/airflow/example_dags/example_bash_decorator.py
[2026-04-26T17:47:31.975+0100] {logging_mixin.py:188} INFO - [2026-04-26T17:47:31.974+0100] {dag.py:3089} INFO - Sync 1 DAGs
[2026-04-26T17:47:31.977+0100] {logging_mixin.py:188} INFO - [2026-04-26T17:47:31.977+0100] {dag.py:3947} INFO - Setting next_dagrun for example_bash_decorator to None, run_after=None
[2026-04-26T17:47:31.986+0100] {processor.py:183} INFO - Processing /Users/malone/data-engineering-pathway/.venv/lib/python3.11/site-packages/airflow/example_dags/example_bash_decorator.py took 0.143 seconds
[2026-04-26T17:49:29.027+0100] {processor.py:161} INFO - Started process (PID=9454) to work on /Users/malone/data-engineering-pathway/.venv/lib/python3.11/site-packages/airflow/example_dags/example_bash_decorator.py
[2026-04-26T17:49:29.027+0100] {processor.py:830} INFO - Processing file /Users/malone/data-engineering-pathway/.venv/lib/python3.11/site-packages/airflow/example_dags/example_bash_decorator.py for tasks to queue
[2026-04-26T17:49:29.028+0100] {logging_mixin.py:188} INFO - [2026-04-26T17:49:29.027+0100] {dagbag.py:545} INFO - Filling up the DagBag from /Users/malone/data-engineering-pathway/.venv/lib/python3.11/site-packages/airflow/example_dags/example_bash_decorator.py
[2026-04-26T17:49:29.047+0100] {processor.py:840} INFO - DAG(s) 'example_bash_decorator' retrieved from /Users/malone/data-engineering-pathway/.venv/lib/python3.11/site-packages/airflow/example_dags/example_bash_decorator.py
[2026-04-26T17:49:29.162+0100] {logging_mixin.py:188} INFO - [2026-04-26T17:49:29.162+0100] {dag.py:3089} INFO - Sync 1 DAGs
[2026-04-26T17:49:29.165+0100] {logging_mixin.py:188} INFO - [2026-04-26T17:49:29.165+0100] {dag.py:3947} INFO - Setting next_dagrun for example_bash_decorator to None, run_after=None
[2026-04-26T17:49:29.171+0100] {processor.py:183} INFO - Processing /Users/malone/data-engineering-pathway/.venv/lib/python3.11/site-packages/airflow/example_dags/example_bash_decorator.py took 0.146 seconds
[2026-04-26T17:51:32.050+0100] {processor.py:161} INFO - Started process (PID=9619) to work on /Users/malone/data-engineering-pathway/.venv/lib/python3.11/site-packages/airflow/example_dags/example_bash_decorator.py
[2026-04-26T17:51:32.051+0100] {processor.py:830} INFO - Processing file /Users/malone/data-engineering-pathway/.venv/lib/python3.11/site-packages/airflow/example_dags/example_bash_decorator.py for tasks to queue
[2026-04-26T17:51:32.051+0100] {logging_mixin.py:188} INFO - [2026-04-26T17:51:32.051+0100] {dagbag.py:545} INFO - Filling up the DagBag from /Users/malone/data-engineering-pathway/.venv/lib/python3.11/site-packages/airflow/example_dags/example_bash_decorator.py
[2026-04-26T17:51:32.070+0100] {processor.py:840} INFO - DAG(s) 'example_bash_decorator' retrieved from /Users/malone/data-engineering-pathway/.venv/lib/python3.11/site-packages/airflow/example_dags/example_bash_decorator.py
[2026-04-26T17:51:32.185+0100] {logging_mixin.py:188} INFO - [2026-04-26T17:51:32.184+0100] {dag.py:3089} INFO - Sync 1 DAGs
[2026-04-26T17:51:32.189+0100] {logging_mixin.py:188} INFO - [2026-04-26T17:51:32.188+0100] {dag.py:3947} INFO - Setting next_dagrun for example_bash_decorator to None, run_after=None
[2026-04-26T17:51:32.196+0100] {processor.py:183} INFO - Processing /Users/malone/data-engineering-pathway/.venv/lib/python3.11/site-packages/airflow/example_dags/example_bash_decorator.py took 0.147 seconds
[2026-04-26T17:53:28.856+0100] {processor.py:161} INFO - Started process (PID=9762) to work on /Users/malone/data-engineering-pathway/.venv/lib/python3.11/site-packages/airflow/example_dags/example_bash_decorator.py
[2026-04-26T17:53:28.857+0100] {processor.py:830} INFO - Processing file /Users/malone/data-engineering-pathway/.venv/lib/python3.11/site-packages/airflow/example_dags/example_bash_decorator.py for tasks to queue
[2026-04-26T17:53:28.857+0100] {logging_mixin.py:188} INFO - [2026-04-26T17:53:28.857+0100] {dagbag.py:545} INFO - Filling up the DagBag from /Users/malone/data-engineering-pathway/.venv/lib/python3.11/site-packages/airflow/example_dags/example_bash_decorator.py
[2026-04-26T17:53:28.876+0100] {processor.py:840} INFO - DAG(s) 'example_bash_decorator' retrieved from /Users/malone/data-engineering-pathway/.venv/lib/python3.11/site-packages/airflow/example_dags/example_bash_decorator.py
[2026-04-26T17:53:28.988+0100] {logging_mixin.py:188} INFO - [2026-04-26T17:53:28.988+0100] {dag.py:3089} INFO - Sync 1 DAGs
[2026-04-26T17:53:28.991+0100] {logging_mixin.py:188} INFO - [2026-04-26T17:53:28.991+0100] {dag.py:3947} INFO - Setting next_dagrun for example_bash_decorator to None, run_after=None
[2026-04-26T17:53:28.997+0100] {processor.py:183} INFO - Processing /Users/malone/data-engineering-pathway/.venv/lib/python3.11/site-packages/airflow/example_dags/example_bash_decorator.py took 0.143 seconds
[2026-04-26T17:55:30.404+0100] {processor.py:161} INFO - Started process (PID=9946) to work on /Users/malone/data-engineering-pathway/.venv/lib/python3.11/site-packages/airflow/example_dags/example_bash_decorator.py
[2026-04-26T17:55:30.404+0100] {processor.py:830} INFO - Processing file /Users/malone/data-engineering-pathway/.venv/lib/python3.11/site-packages/airflow/example_dags/example_bash_decorator.py for tasks to queue
[2026-04-26T17:55:30.405+0100] {logging_mixin.py:188} INFO - [2026-04-26T17:55:30.404+0100] {dagbag.py:545} INFO - Filling up the DagBag from /Users/malone/data-engineering-pathway/.venv/lib/python3.11/site-packages/airflow/example_dags/example_bash_decorator.py
[2026-04-26T17:55:30.426+0100] {processor.py:840} INFO - DAG(s) 'example_bash_decorator' retrieved from /Users/malone/data-engineering-pathway/.venv/lib/python3.11/site-packages/airflow/example_dags/example_bash_decorator.py
[2026-04-26T17:55:30.541+0100] {logging_mixin.py:188} INFO - [2026-04-26T17:55:30.541+0100] {dag.py:3089} INFO - Sync 1 DAGs
[2026-04-26T17:55:30.544+0100] {logging_mixin.py:188} INFO - [2026-04-26T17:55:30.544+0100] {dag.py:3947} INFO - Setting next_dagrun for example_bash_decorator to None, run_after=None
[2026-04-26T17:55:30.551+0100] {processor.py:183} INFO - Processing /Users/malone/data-engineering-pathway/.venv/lib/python3.11/site-packages/airflow/example_dags/example_bash_decorator.py took 0.149 seconds
[2026-04-26T17:57:31.643+0100] {processor.py:161} INFO - Started process (PID=10167) to work on /Users/malone/data-engineering-pathway/.venv/lib/python3.11/site-packages/airflow/example_dags/example_bash_decorator.py
[2026-04-26T17:57:31.644+0100] {processor.py:830} INFO - Processing file /Users/malone/data-engineering-pathway/.venv/lib/python3.11/site-packages/airflow/example_dags/example_bash_decorator.py for tasks to queue
[2026-04-26T17:57:31.644+0100] {logging_mixin.py:188} INFO - [2026-04-26T17:57:31.644+0100] {dagbag.py:545} INFO - Filling up the DagBag from /Users/malone/data-engineering-pathway/.venv/lib/python3.11/site-packages/airflow/example_dags/example_bash_decorator.py
[2026-04-26T17:57:31.663+0100] {processor.py:840} INFO - DAG(s) 'example_bash_decorator' retrieved from /Users/malone/data-engineering-pathway/.venv/lib/python3.11/site-packages/airflow/example_dags/example_bash_decorator.py
[2026-04-26T17:57:31.785+0100] {logging_mixin.py:188} INFO - [2026-04-26T17:57:31.785+0100] {dag.py:3089} INFO - Sync 1 DAGs
[2026-04-26T17:57:31.788+0100] {logging_mixin.py:188} INFO - [2026-04-26T17:57:31.788+0100] {dag.py:3947} INFO - Setting next_dagrun for example_bash_decorator to None, run_after=None
[2026-04-26T17:57:31.795+0100] {processor.py:183} INFO - Processing /Users/malone/data-engineering-pathway/.venv/lib/python3.11/site-packages/airflow/example_dags/example_bash_decorator.py took 0.153 seconds
[2026-04-26T17:59:22.652+0100] {processor.py:161} INFO - Started process (PID=10352) to work on /Users/malone/data-engineering-pathway/.venv/lib/python3.11/site-packages/airflow/example_dags/example_bash_decorator.py
[2026-04-26T17:59:22.653+0100] {processor.py:830} INFO - Processing file /Users/malone/data-engineering-pathway/.venv/lib/python3.11/site-packages/airflow/example_dags/example_bash_decorator.py for tasks to queue
[2026-04-26T17:59:22.653+0100] {logging_mixin.py:188} INFO - [2026-04-26T17:59:22.653+0100] {dagbag.py:545} INFO - Filling up the DagBag from /Users/malone/data-engineering-pathway/.venv/lib/python3.11/site-packages/airflow/example_dags/example_bash_decorator.py
[2026-04-26T17:59:22.674+0100] {processor.py:840} INFO - DAG(s) 'example_bash_decorator' retrieved from /Users/malone/data-engineering-pathway/.venv/lib/python3.11/site-packages/airflow/example_dags/example_bash_decorator.py
[2026-04-26T17:59:22.784+0100] {logging_mixin.py:188} INFO - [2026-04-26T17:59:22.784+0100] {dag.py:3089} INFO - Sync 1 DAGs
[2026-04-26T17:59:22.787+0100] {logging_mixin.py:188} INFO - [2026-04-26T17:59:22.787+0100] {dag.py:3947} INFO - Setting next_dagrun for example_bash_decorator to None, run_after=None
[2026-04-26T17:59:22.795+0100] {processor.py:183} INFO - Processing /Users/malone/data-engineering-pathway/.venv/lib/python3.11/site-packages/airflow/example_dags/example_bash_decorator.py took 0.144 seconds
