[2026-04-26T17:39:39.773+0100] {processor.py:161} INFO - Started process (PID=8392) to work on /Users/malone/data-engineering-pathway/.venv/lib/python3.11/site-packages/airflow/example_dags/example_external_task_marker_dag.py
[2026-04-26T17:39:39.774+0100] {processor.py:830} INFO - Processing file /Users/malone/data-engineering-pathway/.venv/lib/python3.11/site-packages/airflow/example_dags/example_external_task_marker_dag.py for tasks to queue
[2026-04-26T17:39:39.774+0100] {logging_mixin.py:188} INFO - [2026-04-26T17:39:39.774+0100] {dagbag.py:545} INFO - Filling up the DagBag from /Users/malone/data-engineering-pathway/.venv/lib/python3.11/site-packages/airflow/example_dags/example_external_task_marker_dag.py
[2026-04-26T17:39:39.781+0100] {processor.py:840} INFO - DAG(s) 'example_external_task_marker_parent', 'example_external_task_marker_child' retrieved from /Users/malone/data-engineering-pathway/.venv/lib/python3.11/site-packages/airflow/example_dags/example_external_task_marker_dag.py
[2026-04-26T17:39:39.877+0100] {logging_mixin.py:188} INFO - [2026-04-26T17:39:39.877+0100] {dag.py:3089} INFO - Sync 2 DAGs
[2026-04-26T17:39:39.880+0100] {logging_mixin.py:188} INFO - [2026-04-26T17:39:39.880+0100] {dag.py:3947} INFO - Setting next_dagrun for example_external_task_marker_child to None, run_after=None
[2026-04-26T17:39:39.881+0100] {logging_mixin.py:188} INFO - [2026-04-26T17:39:39.881+0100] {dag.py:3947} INFO - Setting next_dagrun for example_external_task_marker_parent to None, run_after=None
[2026-04-26T17:39:39.892+0100] {processor.py:183} INFO - Processing /Users/malone/data-engineering-pathway/.venv/lib/python3.11/site-packages/airflow/example_dags/example_external_task_marker_dag.py took 0.119 seconds
[2026-04-26T17:41:35.431+0100] {processor.py:161} INFO - Started process (PID=8577) to work on /Users/malone/data-engineering-pathway/.venv/lib/python3.11/site-packages/airflow/example_dags/example_external_task_marker_dag.py
[2026-04-26T17:41:35.433+0100] {processor.py:830} INFO - Processing file /Users/malone/data-engineering-pathway/.venv/lib/python3.11/site-packages/airflow/example_dags/example_external_task_marker_dag.py for tasks to queue
[2026-04-26T17:41:35.433+0100] {logging_mixin.py:188} INFO - [2026-04-26T17:41:35.433+0100] {dagbag.py:545} INFO - Filling up the DagBag from /Users/malone/data-engineering-pathway/.venv/lib/python3.11/site-packages/airflow/example_dags/example_external_task_marker_dag.py
[2026-04-26T17:41:35.439+0100] {processor.py:840} INFO - DAG(s) 'example_external_task_marker_child', 'example_external_task_marker_parent' retrieved from /Users/malone/data-engineering-pathway/.venv/lib/python3.11/site-packages/airflow/example_dags/example_external_task_marker_dag.py
[2026-04-26T17:41:35.481+0100] {logging_mixin.py:188} INFO - [2026-04-26T17:41:35.481+0100] {dag.py:3089} INFO - Sync 2 DAGs
[2026-04-26T17:41:35.485+0100] {logging_mixin.py:188} INFO - [2026-04-26T17:41:35.484+0100] {dag.py:3947} INFO - Setting next_dagrun for example_external_task_marker_child to None, run_after=None
[2026-04-26T17:41:35.486+0100] {logging_mixin.py:188} INFO - [2026-04-26T17:41:35.485+0100] {dag.py:3947} INFO - Setting next_dagrun for example_external_task_marker_parent to None, run_after=None
[2026-04-26T17:41:35.493+0100] {processor.py:183} INFO - Processing /Users/malone/data-engineering-pathway/.venv/lib/python3.11/site-packages/airflow/example_dags/example_external_task_marker_dag.py took 0.064 seconds
[2026-04-26T17:43:34.641+0100] {processor.py:161} INFO - Started process (PID=8748) to work on /Users/malone/data-engineering-pathway/.venv/lib/python3.11/site-packages/airflow/example_dags/example_external_task_marker_dag.py
[2026-04-26T17:43:34.642+0100] {processor.py:830} INFO - Processing file /Users/malone/data-engineering-pathway/.venv/lib/python3.11/site-packages/airflow/example_dags/example_external_task_marker_dag.py for tasks to queue
[2026-04-26T17:43:34.642+0100] {logging_mixin.py:188} INFO - [2026-04-26T17:43:34.642+0100] {dagbag.py:545} INFO - Filling up the DagBag from /Users/malone/data-engineering-pathway/.venv/lib/python3.11/site-packages/airflow/example_dags/example_external_task_marker_dag.py
[2026-04-26T17:43:34.648+0100] {processor.py:840} INFO - DAG(s) 'example_external_task_marker_child', 'example_external_task_marker_parent' retrieved from /Users/malone/data-engineering-pathway/.venv/lib/python3.11/site-packages/airflow/example_dags/example_external_task_marker_dag.py
[2026-04-26T17:43:34.699+0100] {logging_mixin.py:188} INFO - [2026-04-26T17:43:34.699+0100] {dag.py:3089} INFO - Sync 2 DAGs
[2026-04-26T17:43:34.704+0100] {logging_mixin.py:188} INFO - [2026-04-26T17:43:34.703+0100] {dag.py:3947} INFO - Setting next_dagrun for example_external_task_marker_child to None, run_after=None
[2026-04-26T17:43:34.705+0100] {logging_mixin.py:188} INFO - [2026-04-26T17:43:34.705+0100] {dag.py:3947} INFO - Setting next_dagrun for example_external_task_marker_parent to None, run_after=None
[2026-04-26T17:43:34.715+0100] {processor.py:183} INFO - Processing /Users/malone/data-engineering-pathway/.venv/lib/python3.11/site-packages/airflow/example_dags/example_external_task_marker_dag.py took 0.075 seconds
[2026-04-26T17:45:18.869+0100] {processor.py:161} INFO - Started process (PID=8911) to work on /Users/malone/data-engineering-pathway/.venv/lib/python3.11/site-packages/airflow/example_dags/example_external_task_marker_dag.py
[2026-04-26T17:45:18.870+0100] {processor.py:830} INFO - Processing file /Users/malone/data-engineering-pathway/.venv/lib/python3.11/site-packages/airflow/example_dags/example_external_task_marker_dag.py for tasks to queue
[2026-04-26T17:45:18.870+0100] {logging_mixin.py:188} INFO - [2026-04-26T17:45:18.870+0100] {dagbag.py:545} INFO - Filling up the DagBag from /Users/malone/data-engineering-pathway/.venv/lib/python3.11/site-packages/airflow/example_dags/example_external_task_marker_dag.py
[2026-04-26T17:45:18.876+0100] {processor.py:840} INFO - DAG(s) 'example_external_task_marker_child', 'example_external_task_marker_parent' retrieved from /Users/malone/data-engineering-pathway/.venv/lib/python3.11/site-packages/airflow/example_dags/example_external_task_marker_dag.py
[2026-04-26T17:45:18.921+0100] {logging_mixin.py:188} INFO - [2026-04-26T17:45:18.920+0100] {dag.py:3089} INFO - Sync 2 DAGs
[2026-04-26T17:45:18.924+0100] {logging_mixin.py:188} INFO - [2026-04-26T17:45:18.924+0100] {dag.py:3947} INFO - Setting next_dagrun for example_external_task_marker_child to None, run_after=None
[2026-04-26T17:45:18.925+0100] {logging_mixin.py:188} INFO - [2026-04-26T17:45:18.925+0100] {dag.py:3947} INFO - Setting next_dagrun for example_external_task_marker_parent to None, run_after=None
[2026-04-26T17:45:18.931+0100] {processor.py:183} INFO - Processing /Users/malone/data-engineering-pathway/.venv/lib/python3.11/site-packages/airflow/example_dags/example_external_task_marker_dag.py took 0.063 seconds
[2026-04-26T17:47:06.946+0100] {processor.py:161} INFO - Started process (PID=9085) to work on /Users/malone/data-engineering-pathway/.venv/lib/python3.11/site-packages/airflow/example_dags/example_external_task_marker_dag.py
[2026-04-26T17:47:06.946+0100] {processor.py:830} INFO - Processing file /Users/malone/data-engineering-pathway/.venv/lib/python3.11/site-packages/airflow/example_dags/example_external_task_marker_dag.py for tasks to queue
[2026-04-26T17:47:06.946+0100] {logging_mixin.py:188} INFO - [2026-04-26T17:47:06.946+0100] {dagbag.py:545} INFO - Filling up the DagBag from /Users/malone/data-engineering-pathway/.venv/lib/python3.11/site-packages/airflow/example_dags/example_external_task_marker_dag.py
[2026-04-26T17:47:06.952+0100] {processor.py:840} INFO - DAG(s) 'example_external_task_marker_child', 'example_external_task_marker_parent' retrieved from /Users/malone/data-engineering-pathway/.venv/lib/python3.11/site-packages/airflow/example_dags/example_external_task_marker_dag.py
[2026-04-26T17:47:06.995+0100] {logging_mixin.py:188} INFO - [2026-04-26T17:47:06.995+0100] {dag.py:3089} INFO - Sync 2 DAGs
[2026-04-26T17:47:06.998+0100] {logging_mixin.py:188} INFO - [2026-04-26T17:47:06.998+0100] {dag.py:3947} INFO - Setting next_dagrun for example_external_task_marker_child to None, run_after=None
[2026-04-26T17:47:06.999+0100] {logging_mixin.py:188} INFO - [2026-04-26T17:47:06.999+0100] {dag.py:3947} INFO - Setting next_dagrun for example_external_task_marker_parent to None, run_after=None
[2026-04-26T17:47:07.007+0100] {processor.py:183} INFO - Processing /Users/malone/data-engineering-pathway/.venv/lib/python3.11/site-packages/airflow/example_dags/example_external_task_marker_dag.py took 0.063 seconds
[2026-04-26T17:49:05.068+0100] {processor.py:161} INFO - Started process (PID=9387) to work on /Users/malone/data-engineering-pathway/.venv/lib/python3.11/site-packages/airflow/example_dags/example_external_task_marker_dag.py
[2026-04-26T17:49:05.068+0100] {processor.py:830} INFO - Processing file /Users/malone/data-engineering-pathway/.venv/lib/python3.11/site-packages/airflow/example_dags/example_external_task_marker_dag.py for tasks to queue
[2026-04-26T17:49:05.069+0100] {logging_mixin.py:188} INFO - [2026-04-26T17:49:05.068+0100] {dagbag.py:545} INFO - Filling up the DagBag from /Users/malone/data-engineering-pathway/.venv/lib/python3.11/site-packages/airflow/example_dags/example_external_task_marker_dag.py
[2026-04-26T17:49:05.074+0100] {processor.py:840} INFO - DAG(s) 'example_external_task_marker_parent', 'example_external_task_marker_child' retrieved from /Users/malone/data-engineering-pathway/.venv/lib/python3.11/site-packages/airflow/example_dags/example_external_task_marker_dag.py
[2026-04-26T17:49:05.121+0100] {logging_mixin.py:188} INFO - [2026-04-26T17:49:05.121+0100] {dag.py:3089} INFO - Sync 2 DAGs
[2026-04-26T17:49:05.126+0100] {logging_mixin.py:188} INFO - [2026-04-26T17:49:05.125+0100] {dag.py:3947} INFO - Setting next_dagrun for example_external_task_marker_child to None, run_after=None
[2026-04-26T17:49:05.127+0100] {logging_mixin.py:188} INFO - [2026-04-26T17:49:05.127+0100] {dag.py:3947} INFO - Setting next_dagrun for example_external_task_marker_parent to None, run_after=None
[2026-04-26T17:49:05.134+0100] {processor.py:183} INFO - Processing /Users/malone/data-engineering-pathway/.venv/lib/python3.11/site-packages/airflow/example_dags/example_external_task_marker_dag.py took 0.067 seconds
[2026-04-26T17:51:06.340+0100] {processor.py:161} INFO - Started process (PID=9578) to work on /Users/malone/data-engineering-pathway/.venv/lib/python3.11/site-packages/airflow/example_dags/example_external_task_marker_dag.py
[2026-04-26T17:51:06.341+0100] {processor.py:830} INFO - Processing file /Users/malone/data-engineering-pathway/.venv/lib/python3.11/site-packages/airflow/example_dags/example_external_task_marker_dag.py for tasks to queue
[2026-04-26T17:51:06.341+0100] {logging_mixin.py:188} INFO - [2026-04-26T17:51:06.341+0100] {dagbag.py:545} INFO - Filling up the DagBag from /Users/malone/data-engineering-pathway/.venv/lib/python3.11/site-packages/airflow/example_dags/example_external_task_marker_dag.py
[2026-04-26T17:51:06.346+0100] {processor.py:840} INFO - DAG(s) 'example_external_task_marker_child', 'example_external_task_marker_parent' retrieved from /Users/malone/data-engineering-pathway/.venv/lib/python3.11/site-packages/airflow/example_dags/example_external_task_marker_dag.py
[2026-04-26T17:51:06.390+0100] {logging_mixin.py:188} INFO - [2026-04-26T17:51:06.390+0100] {dag.py:3089} INFO - Sync 2 DAGs
[2026-04-26T17:51:06.394+0100] {logging_mixin.py:188} INFO - [2026-04-26T17:51:06.394+0100] {dag.py:3947} INFO - Setting next_dagrun for example_external_task_marker_child to None, run_after=None
[2026-04-26T17:51:06.395+0100] {logging_mixin.py:188} INFO - [2026-04-26T17:51:06.395+0100] {dag.py:3947} INFO - Setting next_dagrun for example_external_task_marker_parent to None, run_after=None
[2026-04-26T17:51:06.405+0100] {processor.py:183} INFO - Processing /Users/malone/data-engineering-pathway/.venv/lib/python3.11/site-packages/airflow/example_dags/example_external_task_marker_dag.py took 0.066 seconds
[2026-04-26T17:53:04.359+0100] {processor.py:161} INFO - Started process (PID=9723) to work on /Users/malone/data-engineering-pathway/.venv/lib/python3.11/site-packages/airflow/example_dags/example_external_task_marker_dag.py
[2026-04-26T17:53:04.360+0100] {processor.py:830} INFO - Processing file /Users/malone/data-engineering-pathway/.venv/lib/python3.11/site-packages/airflow/example_dags/example_external_task_marker_dag.py for tasks to queue
[2026-04-26T17:53:04.360+0100] {logging_mixin.py:188} INFO - [2026-04-26T17:53:04.360+0100] {dagbag.py:545} INFO - Filling up the DagBag from /Users/malone/data-engineering-pathway/.venv/lib/python3.11/site-packages/airflow/example_dags/example_external_task_marker_dag.py
[2026-04-26T17:53:04.365+0100] {processor.py:840} INFO - DAG(s) 'example_external_task_marker_child', 'example_external_task_marker_parent' retrieved from /Users/malone/data-engineering-pathway/.venv/lib/python3.11/site-packages/airflow/example_dags/example_external_task_marker_dag.py
[2026-04-26T17:53:04.409+0100] {logging_mixin.py:188} INFO - [2026-04-26T17:53:04.409+0100] {dag.py:3089} INFO - Sync 2 DAGs
[2026-04-26T17:53:04.413+0100] {logging_mixin.py:188} INFO - [2026-04-26T17:53:04.413+0100] {dag.py:3947} INFO - Setting next_dagrun for example_external_task_marker_child to None, run_after=None
[2026-04-26T17:53:04.414+0100] {logging_mixin.py:188} INFO - [2026-04-26T17:53:04.414+0100] {dag.py:3947} INFO - Setting next_dagrun for example_external_task_marker_parent to None, run_after=None
[2026-04-26T17:53:04.420+0100] {processor.py:183} INFO - Processing /Users/malone/data-engineering-pathway/.venv/lib/python3.11/site-packages/airflow/example_dags/example_external_task_marker_dag.py took 0.063 seconds
[2026-04-26T17:55:06.420+0100] {processor.py:161} INFO - Started process (PID=9873) to work on /Users/malone/data-engineering-pathway/.venv/lib/python3.11/site-packages/airflow/example_dags/example_external_task_marker_dag.py
[2026-04-26T17:55:06.420+0100] {processor.py:830} INFO - Processing file /Users/malone/data-engineering-pathway/.venv/lib/python3.11/site-packages/airflow/example_dags/example_external_task_marker_dag.py for tasks to queue
[2026-04-26T17:55:06.421+0100] {logging_mixin.py:188} INFO - [2026-04-26T17:55:06.421+0100] {dagbag.py:545} INFO - Filling up the DagBag from /Users/malone/data-engineering-pathway/.venv/lib/python3.11/site-packages/airflow/example_dags/example_external_task_marker_dag.py
[2026-04-26T17:55:06.426+0100] {processor.py:840} INFO - DAG(s) 'example_external_task_marker_child', 'example_external_task_marker_parent' retrieved from /Users/malone/data-engineering-pathway/.venv/lib/python3.11/site-packages/airflow/example_dags/example_external_task_marker_dag.py
[2026-04-26T17:55:06.467+0100] {logging_mixin.py:188} INFO - [2026-04-26T17:55:06.467+0100] {dag.py:3089} INFO - Sync 2 DAGs
[2026-04-26T17:55:06.472+0100] {logging_mixin.py:188} INFO - [2026-04-26T17:55:06.472+0100] {dag.py:3947} INFO - Setting next_dagrun for example_external_task_marker_child to None, run_after=None
[2026-04-26T17:55:06.473+0100] {logging_mixin.py:188} INFO - [2026-04-26T17:55:06.473+0100] {dag.py:3947} INFO - Setting next_dagrun for example_external_task_marker_parent to None, run_after=None
[2026-04-26T17:55:06.480+0100] {processor.py:183} INFO - Processing /Users/malone/data-engineering-pathway/.venv/lib/python3.11/site-packages/airflow/example_dags/example_external_task_marker_dag.py took 0.061 seconds
[2026-04-26T17:57:07.368+0100] {processor.py:161} INFO - Started process (PID=10120) to work on /Users/malone/data-engineering-pathway/.venv/lib/python3.11/site-packages/airflow/example_dags/example_external_task_marker_dag.py
[2026-04-26T17:57:07.375+0100] {processor.py:830} INFO - Processing file /Users/malone/data-engineering-pathway/.venv/lib/python3.11/site-packages/airflow/example_dags/example_external_task_marker_dag.py for tasks to queue
[2026-04-26T17:57:07.376+0100] {logging_mixin.py:188} INFO - [2026-04-26T17:57:07.376+0100] {dagbag.py:545} INFO - Filling up the DagBag from /Users/malone/data-engineering-pathway/.venv/lib/python3.11/site-packages/airflow/example_dags/example_external_task_marker_dag.py
[2026-04-26T17:57:07.384+0100] {processor.py:840} INFO - DAG(s) 'example_external_task_marker_child', 'example_external_task_marker_parent' retrieved from /Users/malone/data-engineering-pathway/.venv/lib/python3.11/site-packages/airflow/example_dags/example_external_task_marker_dag.py
[2026-04-26T17:57:07.428+0100] {logging_mixin.py:188} INFO - [2026-04-26T17:57:07.428+0100] {dag.py:3089} INFO - Sync 2 DAGs
[2026-04-26T17:57:07.431+0100] {logging_mixin.py:188} INFO - [2026-04-26T17:57:07.431+0100] {dag.py:3947} INFO - Setting next_dagrun for example_external_task_marker_child to None, run_after=None
[2026-04-26T17:57:07.432+0100] {logging_mixin.py:188} INFO - [2026-04-26T17:57:07.432+0100] {dag.py:3947} INFO - Setting next_dagrun for example_external_task_marker_parent to None, run_after=None
[2026-04-26T17:57:07.439+0100] {processor.py:183} INFO - Processing /Users/malone/data-engineering-pathway/.venv/lib/python3.11/site-packages/airflow/example_dags/example_external_task_marker_dag.py took 0.072 seconds
[2026-04-26T17:58:57.953+0100] {processor.py:161} INFO - Started process (PID=10307) to work on /Users/malone/data-engineering-pathway/.venv/lib/python3.11/site-packages/airflow/example_dags/example_external_task_marker_dag.py
[2026-04-26T17:58:57.954+0100] {processor.py:830} INFO - Processing file /Users/malone/data-engineering-pathway/.venv/lib/python3.11/site-packages/airflow/example_dags/example_external_task_marker_dag.py for tasks to queue
[2026-04-26T17:58:57.954+0100] {logging_mixin.py:188} INFO - [2026-04-26T17:58:57.954+0100] {dagbag.py:545} INFO - Filling up the DagBag from /Users/malone/data-engineering-pathway/.venv/lib/python3.11/site-packages/airflow/example_dags/example_external_task_marker_dag.py
[2026-04-26T17:58:57.959+0100] {processor.py:840} INFO - DAG(s) 'example_external_task_marker_parent', 'example_external_task_marker_child' retrieved from /Users/malone/data-engineering-pathway/.venv/lib/python3.11/site-packages/airflow/example_dags/example_external_task_marker_dag.py
[2026-04-26T17:58:58.001+0100] {logging_mixin.py:188} INFO - [2026-04-26T17:58:58.001+0100] {dag.py:3089} INFO - Sync 2 DAGs
[2026-04-26T17:58:58.004+0100] {logging_mixin.py:188} INFO - [2026-04-26T17:58:58.004+0100] {dag.py:3947} INFO - Setting next_dagrun for example_external_task_marker_child to None, run_after=None
[2026-04-26T17:58:58.005+0100] {logging_mixin.py:188} INFO - [2026-04-26T17:58:58.005+0100] {dag.py:3947} INFO - Setting next_dagrun for example_external_task_marker_parent to None, run_after=None
[2026-04-26T17:58:58.011+0100] {processor.py:183} INFO - Processing /Users/malone/data-engineering-pathway/.venv/lib/python3.11/site-packages/airflow/example_dags/example_external_task_marker_dag.py took 0.060 seconds
