[2026-04-26T17:39:00.038+0100] {processor.py:161} INFO - Started process (PID=8319) to work on /Users/malone/data-engineering-pathway/.venv/lib/python3.11/site-packages/airflow/example_dags/example_trigger_target_dag.py
[2026-04-26T17:39:00.038+0100] {processor.py:830} INFO - Processing file /Users/malone/data-engineering-pathway/.venv/lib/python3.11/site-packages/airflow/example_dags/example_trigger_target_dag.py for tasks to queue
[2026-04-26T17:39:00.039+0100] {logging_mixin.py:188} INFO - [2026-04-26T17:39:00.038+0100] {dagbag.py:545} INFO - Filling up the DagBag from /Users/malone/data-engineering-pathway/.venv/lib/python3.11/site-packages/airflow/example_dags/example_trigger_target_dag.py
[2026-04-26T17:39:00.053+0100] {processor.py:840} INFO - DAG(s) 'example_trigger_target_dag' retrieved from /Users/malone/data-engineering-pathway/.venv/lib/python3.11/site-packages/airflow/example_dags/example_trigger_target_dag.py
[2026-04-26T17:39:00.062+0100] {logging_mixin.py:188} INFO - [2026-04-26T17:39:00.062+0100] {dag.py:3089} INFO - Sync 1 DAGs
[2026-04-26T17:39:00.089+0100] {logging_mixin.py:188} INFO - [2026-04-26T17:39:00.089+0100] {dag.py:3947} INFO - Setting next_dagrun for example_trigger_target_dag to None, run_after=None
[2026-04-26T17:39:00.096+0100] {processor.py:183} INFO - Processing /Users/malone/data-engineering-pathway/.venv/lib/python3.11/site-packages/airflow/example_dags/example_trigger_target_dag.py took 0.059 seconds
[2026-04-26T17:40:27.063+0100] {processor.py:161} INFO - Started process (PID=8467) to work on /Users/malone/data-engineering-pathway/.venv/lib/python3.11/site-packages/airflow/example_dags/example_trigger_target_dag.py
[2026-04-26T17:40:27.064+0100] {processor.py:830} INFO - Processing file /Users/malone/data-engineering-pathway/.venv/lib/python3.11/site-packages/airflow/example_dags/example_trigger_target_dag.py for tasks to queue
[2026-04-26T17:40:27.064+0100] {logging_mixin.py:188} INFO - [2026-04-26T17:40:27.064+0100] {dagbag.py:545} INFO - Filling up the DagBag from /Users/malone/data-engineering-pathway/.venv/lib/python3.11/site-packages/airflow/example_dags/example_trigger_target_dag.py
[2026-04-26T17:40:27.077+0100] {processor.py:840} INFO - DAG(s) 'example_trigger_target_dag' retrieved from /Users/malone/data-engineering-pathway/.venv/lib/python3.11/site-packages/airflow/example_dags/example_trigger_target_dag.py
[2026-04-26T17:40:27.167+0100] {logging_mixin.py:188} INFO - [2026-04-26T17:40:27.167+0100] {dag.py:3089} INFO - Sync 1 DAGs
[2026-04-26T17:40:27.170+0100] {logging_mixin.py:188} INFO - [2026-04-26T17:40:27.170+0100] {dag.py:3947} INFO - Setting next_dagrun for example_trigger_target_dag to None, run_after=None
[2026-04-26T17:40:27.177+0100] {processor.py:183} INFO - Processing /Users/malone/data-engineering-pathway/.venv/lib/python3.11/site-packages/airflow/example_dags/example_trigger_target_dag.py took 0.115 seconds
[2026-04-26T17:41:24.219+0100] {processor.py:161} INFO - Started process (PID=8562) to work on /Users/malone/data-engineering-pathway/.venv/lib/python3.11/site-packages/airflow/example_dags/example_trigger_target_dag.py
[2026-04-26T17:41:24.220+0100] {processor.py:830} INFO - Processing file /Users/malone/data-engineering-pathway/.venv/lib/python3.11/site-packages/airflow/example_dags/example_trigger_target_dag.py for tasks to queue
[2026-04-26T17:41:24.220+0100] {logging_mixin.py:188} INFO - [2026-04-26T17:41:24.220+0100] {dagbag.py:545} INFO - Filling up the DagBag from /Users/malone/data-engineering-pathway/.venv/lib/python3.11/site-packages/airflow/example_dags/example_trigger_target_dag.py
[2026-04-26T17:41:24.235+0100] {processor.py:840} INFO - DAG(s) 'example_trigger_target_dag' retrieved from /Users/malone/data-engineering-pathway/.venv/lib/python3.11/site-packages/airflow/example_dags/example_trigger_target_dag.py
[2026-04-26T17:41:24.272+0100] {logging_mixin.py:188} INFO - [2026-04-26T17:41:24.272+0100] {dag.py:3089} INFO - Sync 1 DAGs
[2026-04-26T17:41:24.275+0100] {logging_mixin.py:188} INFO - [2026-04-26T17:41:24.275+0100] {dag.py:3947} INFO - Setting next_dagrun for example_trigger_target_dag to None, run_after=None
[2026-04-26T17:41:24.282+0100] {processor.py:183} INFO - Processing /Users/malone/data-engineering-pathway/.venv/lib/python3.11/site-packages/airflow/example_dags/example_trigger_target_dag.py took 0.065 seconds
[2026-04-26T17:42:23.980+0100] {processor.py:161} INFO - Started process (PID=8637) to work on /Users/malone/data-engineering-pathway/.venv/lib/python3.11/site-packages/airflow/example_dags/example_trigger_target_dag.py
[2026-04-26T17:42:23.980+0100] {processor.py:830} INFO - Processing file /Users/malone/data-engineering-pathway/.venv/lib/python3.11/site-packages/airflow/example_dags/example_trigger_target_dag.py for tasks to queue
[2026-04-26T17:42:23.980+0100] {logging_mixin.py:188} INFO - [2026-04-26T17:42:23.980+0100] {dagbag.py:545} INFO - Filling up the DagBag from /Users/malone/data-engineering-pathway/.venv/lib/python3.11/site-packages/airflow/example_dags/example_trigger_target_dag.py
[2026-04-26T17:42:23.996+0100] {processor.py:840} INFO - DAG(s) 'example_trigger_target_dag' retrieved from /Users/malone/data-engineering-pathway/.venv/lib/python3.11/site-packages/airflow/example_dags/example_trigger_target_dag.py
[2026-04-26T17:42:24.040+0100] {logging_mixin.py:188} INFO - [2026-04-26T17:42:24.040+0100] {dag.py:3089} INFO - Sync 1 DAGs
[2026-04-26T17:42:24.043+0100] {logging_mixin.py:188} INFO - [2026-04-26T17:42:24.043+0100] {dag.py:3947} INFO - Setting next_dagrun for example_trigger_target_dag to None, run_after=None
[2026-04-26T17:42:24.053+0100] {processor.py:183} INFO - Processing /Users/malone/data-engineering-pathway/.venv/lib/python3.11/site-packages/airflow/example_dags/example_trigger_target_dag.py took 0.075 seconds
[2026-04-26T17:43:23.391+0100] {processor.py:161} INFO - Started process (PID=8715) to work on /Users/malone/data-engineering-pathway/.venv/lib/python3.11/site-packages/airflow/example_dags/example_trigger_target_dag.py
[2026-04-26T17:43:23.392+0100] {processor.py:830} INFO - Processing file /Users/malone/data-engineering-pathway/.venv/lib/python3.11/site-packages/airflow/example_dags/example_trigger_target_dag.py for tasks to queue
[2026-04-26T17:43:23.392+0100] {logging_mixin.py:188} INFO - [2026-04-26T17:43:23.392+0100] {dagbag.py:545} INFO - Filling up the DagBag from /Users/malone/data-engineering-pathway/.venv/lib/python3.11/site-packages/airflow/example_dags/example_trigger_target_dag.py
[2026-04-26T17:43:23.407+0100] {processor.py:840} INFO - DAG(s) 'example_trigger_target_dag' retrieved from /Users/malone/data-engineering-pathway/.venv/lib/python3.11/site-packages/airflow/example_dags/example_trigger_target_dag.py
[2026-04-26T17:43:23.447+0100] {logging_mixin.py:188} INFO - [2026-04-26T17:43:23.447+0100] {dag.py:3089} INFO - Sync 1 DAGs
[2026-04-26T17:43:23.451+0100] {logging_mixin.py:188} INFO - [2026-04-26T17:43:23.451+0100] {dag.py:3947} INFO - Setting next_dagrun for example_trigger_target_dag to None, run_after=None
[2026-04-26T17:43:23.460+0100] {processor.py:183} INFO - Processing /Users/malone/data-engineering-pathway/.venv/lib/python3.11/site-packages/airflow/example_dags/example_trigger_target_dag.py took 0.070 seconds
[2026-04-26T17:44:19.602+0100] {processor.py:161} INFO - Started process (PID=8819) to work on /Users/malone/data-engineering-pathway/.venv/lib/python3.11/site-packages/airflow/example_dags/example_trigger_target_dag.py
[2026-04-26T17:44:19.603+0100] {processor.py:830} INFO - Processing file /Users/malone/data-engineering-pathway/.venv/lib/python3.11/site-packages/airflow/example_dags/example_trigger_target_dag.py for tasks to queue
[2026-04-26T17:44:19.603+0100] {logging_mixin.py:188} INFO - [2026-04-26T17:44:19.603+0100] {dagbag.py:545} INFO - Filling up the DagBag from /Users/malone/data-engineering-pathway/.venv/lib/python3.11/site-packages/airflow/example_dags/example_trigger_target_dag.py
[2026-04-26T17:44:19.617+0100] {processor.py:840} INFO - DAG(s) 'example_trigger_target_dag' retrieved from /Users/malone/data-engineering-pathway/.venv/lib/python3.11/site-packages/airflow/example_dags/example_trigger_target_dag.py
[2026-04-26T17:44:19.654+0100] {logging_mixin.py:188} INFO - [2026-04-26T17:44:19.654+0100] {dag.py:3089} INFO - Sync 1 DAGs
[2026-04-26T17:44:19.657+0100] {logging_mixin.py:188} INFO - [2026-04-26T17:44:19.657+0100] {dag.py:3947} INFO - Setting next_dagrun for example_trigger_target_dag to None, run_after=None
[2026-04-26T17:44:19.664+0100] {processor.py:183} INFO - Processing /Users/malone/data-engineering-pathway/.venv/lib/python3.11/site-packages/airflow/example_dags/example_trigger_target_dag.py took 0.063 seconds
[2026-04-26T17:45:10.410+0100] {processor.py:161} INFO - Started process (PID=8899) to work on /Users/malone/data-engineering-pathway/.venv/lib/python3.11/site-packages/airflow/example_dags/example_trigger_target_dag.py
[2026-04-26T17:45:10.411+0100] {processor.py:830} INFO - Processing file /Users/malone/data-engineering-pathway/.venv/lib/python3.11/site-packages/airflow/example_dags/example_trigger_target_dag.py for tasks to queue
[2026-04-26T17:45:10.411+0100] {logging_mixin.py:188} INFO - [2026-04-26T17:45:10.411+0100] {dagbag.py:545} INFO - Filling up the DagBag from /Users/malone/data-engineering-pathway/.venv/lib/python3.11/site-packages/airflow/example_dags/example_trigger_target_dag.py
[2026-04-26T17:45:10.424+0100] {processor.py:840} INFO - DAG(s) 'example_trigger_target_dag' retrieved from /Users/malone/data-engineering-pathway/.venv/lib/python3.11/site-packages/airflow/example_dags/example_trigger_target_dag.py
[2026-04-26T17:45:10.461+0100] {logging_mixin.py:188} INFO - [2026-04-26T17:45:10.461+0100] {dag.py:3089} INFO - Sync 1 DAGs
[2026-04-26T17:45:10.464+0100] {logging_mixin.py:188} INFO - [2026-04-26T17:45:10.464+0100] {dag.py:3947} INFO - Setting next_dagrun for example_trigger_target_dag to None, run_after=None
[2026-04-26T17:45:10.471+0100] {processor.py:183} INFO - Processing /Users/malone/data-engineering-pathway/.venv/lib/python3.11/site-packages/airflow/example_dags/example_trigger_target_dag.py took 0.062 seconds
[2026-04-26T17:46:04.185+0100] {processor.py:161} INFO - Started process (PID=8988) to work on /Users/malone/data-engineering-pathway/.venv/lib/python3.11/site-packages/airflow/example_dags/example_trigger_target_dag.py
[2026-04-26T17:46:04.186+0100] {processor.py:830} INFO - Processing file /Users/malone/data-engineering-pathway/.venv/lib/python3.11/site-packages/airflow/example_dags/example_trigger_target_dag.py for tasks to queue
[2026-04-26T17:46:04.186+0100] {logging_mixin.py:188} INFO - [2026-04-26T17:46:04.186+0100] {dagbag.py:545} INFO - Filling up the DagBag from /Users/malone/data-engineering-pathway/.venv/lib/python3.11/site-packages/airflow/example_dags/example_trigger_target_dag.py
[2026-04-26T17:46:04.199+0100] {processor.py:840} INFO - DAG(s) 'example_trigger_target_dag' retrieved from /Users/malone/data-engineering-pathway/.venv/lib/python3.11/site-packages/airflow/example_dags/example_trigger_target_dag.py
[2026-04-26T17:46:04.235+0100] {logging_mixin.py:188} INFO - [2026-04-26T17:46:04.235+0100] {dag.py:3089} INFO - Sync 1 DAGs
[2026-04-26T17:46:04.239+0100] {logging_mixin.py:188} INFO - [2026-04-26T17:46:04.238+0100] {dag.py:3947} INFO - Setting next_dagrun for example_trigger_target_dag to None, run_after=None
[2026-04-26T17:46:04.246+0100] {processor.py:183} INFO - Processing /Users/malone/data-engineering-pathway/.venv/lib/python3.11/site-packages/airflow/example_dags/example_trigger_target_dag.py took 0.062 seconds
[2026-04-26T17:46:57.667+0100] {processor.py:161} INFO - Started process (PID=9069) to work on /Users/malone/data-engineering-pathway/.venv/lib/python3.11/site-packages/airflow/example_dags/example_trigger_target_dag.py
[2026-04-26T17:46:57.668+0100] {processor.py:830} INFO - Processing file /Users/malone/data-engineering-pathway/.venv/lib/python3.11/site-packages/airflow/example_dags/example_trigger_target_dag.py for tasks to queue
[2026-04-26T17:46:57.668+0100] {logging_mixin.py:188} INFO - [2026-04-26T17:46:57.668+0100] {dagbag.py:545} INFO - Filling up the DagBag from /Users/malone/data-engineering-pathway/.venv/lib/python3.11/site-packages/airflow/example_dags/example_trigger_target_dag.py
[2026-04-26T17:46:57.685+0100] {processor.py:840} INFO - DAG(s) 'example_trigger_target_dag' retrieved from /Users/malone/data-engineering-pathway/.venv/lib/python3.11/site-packages/airflow/example_dags/example_trigger_target_dag.py
[2026-04-26T17:46:57.722+0100] {logging_mixin.py:188} INFO - [2026-04-26T17:46:57.722+0100] {dag.py:3089} INFO - Sync 1 DAGs
[2026-04-26T17:46:57.725+0100] {logging_mixin.py:188} INFO - [2026-04-26T17:46:57.725+0100] {dag.py:3947} INFO - Setting next_dagrun for example_trigger_target_dag to None, run_after=None
[2026-04-26T17:46:57.733+0100] {processor.py:183} INFO - Processing /Users/malone/data-engineering-pathway/.venv/lib/python3.11/site-packages/airflow/example_dags/example_trigger_target_dag.py took 0.067 seconds
[2026-04-26T17:47:53.494+0100] {processor.py:161} INFO - Started process (PID=9176) to work on /Users/malone/data-engineering-pathway/.venv/lib/python3.11/site-packages/airflow/example_dags/example_trigger_target_dag.py
[2026-04-26T17:47:53.495+0100] {processor.py:830} INFO - Processing file /Users/malone/data-engineering-pathway/.venv/lib/python3.11/site-packages/airflow/example_dags/example_trigger_target_dag.py for tasks to queue
[2026-04-26T17:47:53.495+0100] {logging_mixin.py:188} INFO - [2026-04-26T17:47:53.495+0100] {dagbag.py:545} INFO - Filling up the DagBag from /Users/malone/data-engineering-pathway/.venv/lib/python3.11/site-packages/airflow/example_dags/example_trigger_target_dag.py
[2026-04-26T17:47:53.510+0100] {processor.py:840} INFO - DAG(s) 'example_trigger_target_dag' retrieved from /Users/malone/data-engineering-pathway/.venv/lib/python3.11/site-packages/airflow/example_dags/example_trigger_target_dag.py
[2026-04-26T17:47:53.547+0100] {logging_mixin.py:188} INFO - [2026-04-26T17:47:53.547+0100] {dag.py:3089} INFO - Sync 1 DAGs
[2026-04-26T17:47:53.551+0100] {logging_mixin.py:188} INFO - [2026-04-26T17:47:53.550+0100] {dag.py:3947} INFO - Setting next_dagrun for example_trigger_target_dag to None, run_after=None
[2026-04-26T17:47:53.558+0100] {processor.py:183} INFO - Processing /Users/malone/data-engineering-pathway/.venv/lib/python3.11/site-packages/airflow/example_dags/example_trigger_target_dag.py took 0.065 seconds
[2026-04-26T17:48:52.155+0100] {processor.py:161} INFO - Started process (PID=9341) to work on /Users/malone/data-engineering-pathway/.venv/lib/python3.11/site-packages/airflow/example_dags/example_trigger_target_dag.py
[2026-04-26T17:48:52.156+0100] {processor.py:830} INFO - Processing file /Users/malone/data-engineering-pathway/.venv/lib/python3.11/site-packages/airflow/example_dags/example_trigger_target_dag.py for tasks to queue
[2026-04-26T17:48:52.156+0100] {logging_mixin.py:188} INFO - [2026-04-26T17:48:52.156+0100] {dagbag.py:545} INFO - Filling up the DagBag from /Users/malone/data-engineering-pathway/.venv/lib/python3.11/site-packages/airflow/example_dags/example_trigger_target_dag.py
[2026-04-26T17:48:52.171+0100] {processor.py:840} INFO - DAG(s) 'example_trigger_target_dag' retrieved from /Users/malone/data-engineering-pathway/.venv/lib/python3.11/site-packages/airflow/example_dags/example_trigger_target_dag.py
[2026-04-26T17:48:52.210+0100] {logging_mixin.py:188} INFO - [2026-04-26T17:48:52.209+0100] {dag.py:3089} INFO - Sync 1 DAGs
[2026-04-26T17:48:52.213+0100] {logging_mixin.py:188} INFO - [2026-04-26T17:48:52.213+0100] {dag.py:3947} INFO - Setting next_dagrun for example_trigger_target_dag to None, run_after=None
[2026-04-26T17:48:52.220+0100] {processor.py:183} INFO - Processing /Users/malone/data-engineering-pathway/.venv/lib/python3.11/site-packages/airflow/example_dags/example_trigger_target_dag.py took 0.066 seconds
[2026-04-26T17:49:50.995+0100] {processor.py:161} INFO - Started process (PID=9477) to work on /Users/malone/data-engineering-pathway/.venv/lib/python3.11/site-packages/airflow/example_dags/example_trigger_target_dag.py
[2026-04-26T17:49:50.996+0100] {processor.py:830} INFO - Processing file /Users/malone/data-engineering-pathway/.venv/lib/python3.11/site-packages/airflow/example_dags/example_trigger_target_dag.py for tasks to queue
[2026-04-26T17:49:50.996+0100] {logging_mixin.py:188} INFO - [2026-04-26T17:49:50.996+0100] {dagbag.py:545} INFO - Filling up the DagBag from /Users/malone/data-engineering-pathway/.venv/lib/python3.11/site-packages/airflow/example_dags/example_trigger_target_dag.py
[2026-04-26T17:49:51.009+0100] {processor.py:840} INFO - DAG(s) 'example_trigger_target_dag' retrieved from /Users/malone/data-engineering-pathway/.venv/lib/python3.11/site-packages/airflow/example_dags/example_trigger_target_dag.py
[2026-04-26T17:49:51.046+0100] {logging_mixin.py:188} INFO - [2026-04-26T17:49:51.046+0100] {dag.py:3089} INFO - Sync 1 DAGs
[2026-04-26T17:49:51.049+0100] {logging_mixin.py:188} INFO - [2026-04-26T17:49:51.049+0100] {dag.py:3947} INFO - Setting next_dagrun for example_trigger_target_dag to None, run_after=None
[2026-04-26T17:49:51.056+0100] {processor.py:183} INFO - Processing /Users/malone/data-engineering-pathway/.venv/lib/python3.11/site-packages/airflow/example_dags/example_trigger_target_dag.py took 0.063 seconds
[2026-04-26T17:50:51.614+0100] {processor.py:161} INFO - Started process (PID=9564) to work on /Users/malone/data-engineering-pathway/.venv/lib/python3.11/site-packages/airflow/example_dags/example_trigger_target_dag.py
[2026-04-26T17:50:51.614+0100] {processor.py:830} INFO - Processing file /Users/malone/data-engineering-pathway/.venv/lib/python3.11/site-packages/airflow/example_dags/example_trigger_target_dag.py for tasks to queue
[2026-04-26T17:50:51.614+0100] {logging_mixin.py:188} INFO - [2026-04-26T17:50:51.614+0100] {dagbag.py:545} INFO - Filling up the DagBag from /Users/malone/data-engineering-pathway/.venv/lib/python3.11/site-packages/airflow/example_dags/example_trigger_target_dag.py
[2026-04-26T17:50:51.631+0100] {processor.py:840} INFO - DAG(s) 'example_trigger_target_dag' retrieved from /Users/malone/data-engineering-pathway/.venv/lib/python3.11/site-packages/airflow/example_dags/example_trigger_target_dag.py
[2026-04-26T17:50:51.670+0100] {logging_mixin.py:188} INFO - [2026-04-26T17:50:51.670+0100] {dag.py:3089} INFO - Sync 1 DAGs
[2026-04-26T17:50:51.673+0100] {logging_mixin.py:188} INFO - [2026-04-26T17:50:51.673+0100] {dag.py:3947} INFO - Setting next_dagrun for example_trigger_target_dag to None, run_after=None
[2026-04-26T17:50:51.680+0100] {processor.py:183} INFO - Processing /Users/malone/data-engineering-pathway/.venv/lib/python3.11/site-packages/airflow/example_dags/example_trigger_target_dag.py took 0.067 seconds
[2026-04-26T17:51:54.082+0100] {processor.py:161} INFO - Started process (PID=9653) to work on /Users/malone/data-engineering-pathway/.venv/lib/python3.11/site-packages/airflow/example_dags/example_trigger_target_dag.py
[2026-04-26T17:51:54.083+0100] {processor.py:830} INFO - Processing file /Users/malone/data-engineering-pathway/.venv/lib/python3.11/site-packages/airflow/example_dags/example_trigger_target_dag.py for tasks to queue
[2026-04-26T17:51:54.083+0100] {logging_mixin.py:188} INFO - [2026-04-26T17:51:54.083+0100] {dagbag.py:545} INFO - Filling up the DagBag from /Users/malone/data-engineering-pathway/.venv/lib/python3.11/site-packages/airflow/example_dags/example_trigger_target_dag.py
[2026-04-26T17:51:54.098+0100] {processor.py:840} INFO - DAG(s) 'example_trigger_target_dag' retrieved from /Users/malone/data-engineering-pathway/.venv/lib/python3.11/site-packages/airflow/example_dags/example_trigger_target_dag.py
[2026-04-26T17:51:54.136+0100] {logging_mixin.py:188} INFO - [2026-04-26T17:51:54.136+0100] {dag.py:3089} INFO - Sync 1 DAGs
[2026-04-26T17:51:54.139+0100] {logging_mixin.py:188} INFO - [2026-04-26T17:51:54.139+0100] {dag.py:3947} INFO - Setting next_dagrun for example_trigger_target_dag to None, run_after=None
[2026-04-26T17:51:54.146+0100] {processor.py:183} INFO - Processing /Users/malone/data-engineering-pathway/.venv/lib/python3.11/site-packages/airflow/example_dags/example_trigger_target_dag.py took 0.065 seconds
[2026-04-26T17:52:54.436+0100] {processor.py:161} INFO - Started process (PID=9715) to work on /Users/malone/data-engineering-pathway/.venv/lib/python3.11/site-packages/airflow/example_dags/example_trigger_target_dag.py
[2026-04-26T17:52:54.437+0100] {processor.py:830} INFO - Processing file /Users/malone/data-engineering-pathway/.venv/lib/python3.11/site-packages/airflow/example_dags/example_trigger_target_dag.py for tasks to queue
[2026-04-26T17:52:54.437+0100] {logging_mixin.py:188} INFO - [2026-04-26T17:52:54.437+0100] {dagbag.py:545} INFO - Filling up the DagBag from /Users/malone/data-engineering-pathway/.venv/lib/python3.11/site-packages/airflow/example_dags/example_trigger_target_dag.py
[2026-04-26T17:52:54.453+0100] {processor.py:840} INFO - DAG(s) 'example_trigger_target_dag' retrieved from /Users/malone/data-engineering-pathway/.venv/lib/python3.11/site-packages/airflow/example_dags/example_trigger_target_dag.py
[2026-04-26T17:52:54.490+0100] {logging_mixin.py:188} INFO - [2026-04-26T17:52:54.490+0100] {dag.py:3089} INFO - Sync 1 DAGs
[2026-04-26T17:52:54.494+0100] {logging_mixin.py:188} INFO - [2026-04-26T17:52:54.494+0100] {dag.py:3947} INFO - Setting next_dagrun for example_trigger_target_dag to None, run_after=None
[2026-04-26T17:52:54.501+0100] {processor.py:183} INFO - Processing /Users/malone/data-engineering-pathway/.venv/lib/python3.11/site-packages/airflow/example_dags/example_trigger_target_dag.py took 0.066 seconds
[2026-04-26T17:53:49.597+0100] {processor.py:161} INFO - Started process (PID=9798) to work on /Users/malone/data-engineering-pathway/.venv/lib/python3.11/site-packages/airflow/example_dags/example_trigger_target_dag.py
[2026-04-26T17:53:49.598+0100] {processor.py:830} INFO - Processing file /Users/malone/data-engineering-pathway/.venv/lib/python3.11/site-packages/airflow/example_dags/example_trigger_target_dag.py for tasks to queue
[2026-04-26T17:53:49.598+0100] {logging_mixin.py:188} INFO - [2026-04-26T17:53:49.598+0100] {dagbag.py:545} INFO - Filling up the DagBag from /Users/malone/data-engineering-pathway/.venv/lib/python3.11/site-packages/airflow/example_dags/example_trigger_target_dag.py
[2026-04-26T17:53:49.613+0100] {processor.py:840} INFO - DAG(s) 'example_trigger_target_dag' retrieved from /Users/malone/data-engineering-pathway/.venv/lib/python3.11/site-packages/airflow/example_dags/example_trigger_target_dag.py
[2026-04-26T17:53:49.650+0100] {logging_mixin.py:188} INFO - [2026-04-26T17:53:49.650+0100] {dag.py:3089} INFO - Sync 1 DAGs
[2026-04-26T17:53:49.653+0100] {logging_mixin.py:188} INFO - [2026-04-26T17:53:49.653+0100] {dag.py:3947} INFO - Setting next_dagrun for example_trigger_target_dag to None, run_after=None
[2026-04-26T17:53:49.661+0100] {processor.py:183} INFO - Processing /Users/malone/data-engineering-pathway/.venv/lib/python3.11/site-packages/airflow/example_dags/example_trigger_target_dag.py took 0.065 seconds
[2026-04-26T17:54:51.719+0100] {processor.py:161} INFO - Started process (PID=9861) to work on /Users/malone/data-engineering-pathway/.venv/lib/python3.11/site-packages/airflow/example_dags/example_trigger_target_dag.py
[2026-04-26T17:54:51.720+0100] {processor.py:830} INFO - Processing file /Users/malone/data-engineering-pathway/.venv/lib/python3.11/site-packages/airflow/example_dags/example_trigger_target_dag.py for tasks to queue
[2026-04-26T17:54:51.720+0100] {logging_mixin.py:188} INFO - [2026-04-26T17:54:51.720+0100] {dagbag.py:545} INFO - Filling up the DagBag from /Users/malone/data-engineering-pathway/.venv/lib/python3.11/site-packages/airflow/example_dags/example_trigger_target_dag.py
[2026-04-26T17:54:51.733+0100] {processor.py:840} INFO - DAG(s) 'example_trigger_target_dag' retrieved from /Users/malone/data-engineering-pathway/.venv/lib/python3.11/site-packages/airflow/example_dags/example_trigger_target_dag.py
[2026-04-26T17:54:51.770+0100] {logging_mixin.py:188} INFO - [2026-04-26T17:54:51.770+0100] {dag.py:3089} INFO - Sync 1 DAGs
[2026-04-26T17:54:51.773+0100] {logging_mixin.py:188} INFO - [2026-04-26T17:54:51.773+0100] {dag.py:3947} INFO - Setting next_dagrun for example_trigger_target_dag to None, run_after=None
[2026-04-26T17:54:51.780+0100] {processor.py:183} INFO - Processing /Users/malone/data-engineering-pathway/.venv/lib/python3.11/site-packages/airflow/example_dags/example_trigger_target_dag.py took 0.062 seconds
[2026-04-26T17:55:53.919+0100] {processor.py:161} INFO - Started process (PID=9991) to work on /Users/malone/data-engineering-pathway/.venv/lib/python3.11/site-packages/airflow/example_dags/example_trigger_target_dag.py
[2026-04-26T17:55:53.921+0100] {processor.py:830} INFO - Processing file /Users/malone/data-engineering-pathway/.venv/lib/python3.11/site-packages/airflow/example_dags/example_trigger_target_dag.py for tasks to queue
[2026-04-26T17:55:53.921+0100] {logging_mixin.py:188} INFO - [2026-04-26T17:55:53.921+0100] {dagbag.py:545} INFO - Filling up the DagBag from /Users/malone/data-engineering-pathway/.venv/lib/python3.11/site-packages/airflow/example_dags/example_trigger_target_dag.py
[2026-04-26T17:55:53.935+0100] {processor.py:840} INFO - DAG(s) 'example_trigger_target_dag' retrieved from /Users/malone/data-engineering-pathway/.venv/lib/python3.11/site-packages/airflow/example_dags/example_trigger_target_dag.py
[2026-04-26T17:55:53.973+0100] {logging_mixin.py:188} INFO - [2026-04-26T17:55:53.973+0100] {dag.py:3089} INFO - Sync 1 DAGs
[2026-04-26T17:55:53.976+0100] {logging_mixin.py:188} INFO - [2026-04-26T17:55:53.976+0100] {dag.py:3947} INFO - Setting next_dagrun for example_trigger_target_dag to None, run_after=None
[2026-04-26T17:55:53.983+0100] {processor.py:183} INFO - Processing /Users/malone/data-engineering-pathway/.venv/lib/python3.11/site-packages/airflow/example_dags/example_trigger_target_dag.py took 0.065 seconds
[2026-04-26T17:56:53.022+0100] {processor.py:161} INFO - Started process (PID=10111) to work on /Users/malone/data-engineering-pathway/.venv/lib/python3.11/site-packages/airflow/example_dags/example_trigger_target_dag.py
[2026-04-26T17:56:53.022+0100] {processor.py:830} INFO - Processing file /Users/malone/data-engineering-pathway/.venv/lib/python3.11/site-packages/airflow/example_dags/example_trigger_target_dag.py for tasks to queue
[2026-04-26T17:56:53.023+0100] {logging_mixin.py:188} INFO - [2026-04-26T17:56:53.023+0100] {dagbag.py:545} INFO - Filling up the DagBag from /Users/malone/data-engineering-pathway/.venv/lib/python3.11/site-packages/airflow/example_dags/example_trigger_target_dag.py
[2026-04-26T17:56:53.037+0100] {processor.py:840} INFO - DAG(s) 'example_trigger_target_dag' retrieved from /Users/malone/data-engineering-pathway/.venv/lib/python3.11/site-packages/airflow/example_dags/example_trigger_target_dag.py
[2026-04-26T17:56:53.075+0100] {logging_mixin.py:188} INFO - [2026-04-26T17:56:53.075+0100] {dag.py:3089} INFO - Sync 1 DAGs
[2026-04-26T17:56:53.078+0100] {logging_mixin.py:188} INFO - [2026-04-26T17:56:53.078+0100] {dag.py:3947} INFO - Setting next_dagrun for example_trigger_target_dag to None, run_after=None
[2026-04-26T17:56:53.085+0100] {processor.py:183} INFO - Processing /Users/malone/data-engineering-pathway/.venv/lib/python3.11/site-packages/airflow/example_dags/example_trigger_target_dag.py took 0.065 seconds
[2026-04-26T17:57:52.781+0100] {processor.py:161} INFO - Started process (PID=10203) to work on /Users/malone/data-engineering-pathway/.venv/lib/python3.11/site-packages/airflow/example_dags/example_trigger_target_dag.py
[2026-04-26T17:57:52.782+0100] {processor.py:830} INFO - Processing file /Users/malone/data-engineering-pathway/.venv/lib/python3.11/site-packages/airflow/example_dags/example_trigger_target_dag.py for tasks to queue
[2026-04-26T17:57:52.782+0100] {logging_mixin.py:188} INFO - [2026-04-26T17:57:52.782+0100] {dagbag.py:545} INFO - Filling up the DagBag from /Users/malone/data-engineering-pathway/.venv/lib/python3.11/site-packages/airflow/example_dags/example_trigger_target_dag.py
[2026-04-26T17:57:52.796+0100] {processor.py:840} INFO - DAG(s) 'example_trigger_target_dag' retrieved from /Users/malone/data-engineering-pathway/.venv/lib/python3.11/site-packages/airflow/example_dags/example_trigger_target_dag.py
[2026-04-26T17:57:52.833+0100] {logging_mixin.py:188} INFO - [2026-04-26T17:57:52.833+0100] {dag.py:3089} INFO - Sync 1 DAGs
[2026-04-26T17:57:52.836+0100] {logging_mixin.py:188} INFO - [2026-04-26T17:57:52.836+0100] {dag.py:3947} INFO - Setting next_dagrun for example_trigger_target_dag to None, run_after=None
[2026-04-26T17:57:52.844+0100] {processor.py:183} INFO - Processing /Users/malone/data-engineering-pathway/.venv/lib/python3.11/site-packages/airflow/example_dags/example_trigger_target_dag.py took 0.064 seconds
[2026-04-26T17:58:47.217+0100] {processor.py:161} INFO - Started process (PID=10292) to work on /Users/malone/data-engineering-pathway/.venv/lib/python3.11/site-packages/airflow/example_dags/example_trigger_target_dag.py
[2026-04-26T17:58:47.218+0100] {processor.py:830} INFO - Processing file /Users/malone/data-engineering-pathway/.venv/lib/python3.11/site-packages/airflow/example_dags/example_trigger_target_dag.py for tasks to queue
[2026-04-26T17:58:47.218+0100] {logging_mixin.py:188} INFO - [2026-04-26T17:58:47.218+0100] {dagbag.py:545} INFO - Filling up the DagBag from /Users/malone/data-engineering-pathway/.venv/lib/python3.11/site-packages/airflow/example_dags/example_trigger_target_dag.py
[2026-04-26T17:58:47.231+0100] {processor.py:840} INFO - DAG(s) 'example_trigger_target_dag' retrieved from /Users/malone/data-engineering-pathway/.venv/lib/python3.11/site-packages/airflow/example_dags/example_trigger_target_dag.py
[2026-04-26T17:58:47.268+0100] {logging_mixin.py:188} INFO - [2026-04-26T17:58:47.268+0100] {dag.py:3089} INFO - Sync 1 DAGs
[2026-04-26T17:58:47.271+0100] {logging_mixin.py:188} INFO - [2026-04-26T17:58:47.271+0100] {dag.py:3947} INFO - Setting next_dagrun for example_trigger_target_dag to None, run_after=None
[2026-04-26T17:58:47.279+0100] {processor.py:183} INFO - Processing /Users/malone/data-engineering-pathway/.venv/lib/python3.11/site-packages/airflow/example_dags/example_trigger_target_dag.py took 0.063 seconds
