[2026-04-26T17:39:42.609+0100] {processor.py:161} INFO - Started process (PID=8394) to work on /Users/malone/data-engineering-pathway/.venv/lib/python3.11/site-packages/airflow/example_dags/example_dynamic_task_mapping.py
[2026-04-26T17:39:42.610+0100] {processor.py:830} INFO - Processing file /Users/malone/data-engineering-pathway/.venv/lib/python3.11/site-packages/airflow/example_dags/example_dynamic_task_mapping.py for tasks to queue
[2026-04-26T17:39:42.610+0100] {logging_mixin.py:188} INFO - [2026-04-26T17:39:42.610+0100] {dagbag.py:545} INFO - Filling up the DagBag from /Users/malone/data-engineering-pathway/.venv/lib/python3.11/site-packages/airflow/example_dags/example_dynamic_task_mapping.py
[2026-04-26T17:39:42.627+0100] {processor.py:840} INFO - DAG(s) 'example_dynamic_task_mapping' retrieved from /Users/malone/data-engineering-pathway/.venv/lib/python3.11/site-packages/airflow/example_dags/example_dynamic_task_mapping.py
[2026-04-26T17:39:42.719+0100] {logging_mixin.py:188} INFO - [2026-04-26T17:39:42.719+0100] {dag.py:3089} INFO - Sync 1 DAGs
[2026-04-26T17:39:42.725+0100] {logging_mixin.py:188} INFO - [2026-04-26T17:39:42.725+0100] {dag.py:3947} INFO - Setting next_dagrun for example_dynamic_task_mapping to 2022-03-04 00:00:00+00:00, run_after=2022-03-05 00:00:00+00:00
[2026-04-26T17:39:42.731+0100] {processor.py:183} INFO - Processing /Users/malone/data-engineering-pathway/.venv/lib/python3.11/site-packages/airflow/example_dags/example_dynamic_task_mapping.py took 0.123 seconds
[2026-04-26T17:41:38.916+0100] {processor.py:161} INFO - Started process (PID=8579) to work on /Users/malone/data-engineering-pathway/.venv/lib/python3.11/site-packages/airflow/example_dags/example_dynamic_task_mapping.py
[2026-04-26T17:41:38.916+0100] {processor.py:830} INFO - Processing file /Users/malone/data-engineering-pathway/.venv/lib/python3.11/site-packages/airflow/example_dags/example_dynamic_task_mapping.py for tasks to queue
[2026-04-26T17:41:38.916+0100] {logging_mixin.py:188} INFO - [2026-04-26T17:41:38.916+0100] {dagbag.py:545} INFO - Filling up the DagBag from /Users/malone/data-engineering-pathway/.venv/lib/python3.11/site-packages/airflow/example_dags/example_dynamic_task_mapping.py
[2026-04-26T17:41:38.931+0100] {processor.py:840} INFO - DAG(s) 'example_dynamic_task_mapping' retrieved from /Users/malone/data-engineering-pathway/.venv/lib/python3.11/site-packages/airflow/example_dags/example_dynamic_task_mapping.py
[2026-04-26T17:41:38.967+0100] {logging_mixin.py:188} INFO - [2026-04-26T17:41:38.967+0100] {dag.py:3089} INFO - Sync 1 DAGs
[2026-04-26T17:41:38.973+0100] {logging_mixin.py:188} INFO - [2026-04-26T17:41:38.973+0100] {dag.py:3947} INFO - Setting next_dagrun for example_dynamic_task_mapping to 2022-03-04 00:00:00+00:00, run_after=2022-03-05 00:00:00+00:00
[2026-04-26T17:41:39.006+0100] {processor.py:183} INFO - Processing /Users/malone/data-engineering-pathway/.venv/lib/python3.11/site-packages/airflow/example_dags/example_dynamic_task_mapping.py took 0.092 seconds
[2026-04-26T17:43:37.100+0100] {processor.py:161} INFO - Started process (PID=8754) to work on /Users/malone/data-engineering-pathway/.venv/lib/python3.11/site-packages/airflow/example_dags/example_dynamic_task_mapping.py
[2026-04-26T17:43:37.101+0100] {processor.py:830} INFO - Processing file /Users/malone/data-engineering-pathway/.venv/lib/python3.11/site-packages/airflow/example_dags/example_dynamic_task_mapping.py for tasks to queue
[2026-04-26T17:43:37.101+0100] {logging_mixin.py:188} INFO - [2026-04-26T17:43:37.101+0100] {dagbag.py:545} INFO - Filling up the DagBag from /Users/malone/data-engineering-pathway/.venv/lib/python3.11/site-packages/airflow/example_dags/example_dynamic_task_mapping.py
[2026-04-26T17:43:37.117+0100] {processor.py:840} INFO - DAG(s) 'example_dynamic_task_mapping' retrieved from /Users/malone/data-engineering-pathway/.venv/lib/python3.11/site-packages/airflow/example_dags/example_dynamic_task_mapping.py
[2026-04-26T17:43:37.153+0100] {logging_mixin.py:188} INFO - [2026-04-26T17:43:37.153+0100] {dag.py:3089} INFO - Sync 1 DAGs
[2026-04-26T17:43:37.158+0100] {logging_mixin.py:188} INFO - [2026-04-26T17:43:37.158+0100] {dag.py:3947} INFO - Setting next_dagrun for example_dynamic_task_mapping to 2022-03-04 00:00:00+00:00, run_after=2022-03-05 00:00:00+00:00
[2026-04-26T17:43:37.195+0100] {processor.py:183} INFO - Processing /Users/malone/data-engineering-pathway/.venv/lib/python3.11/site-packages/airflow/example_dags/example_dynamic_task_mapping.py took 0.097 seconds
[2026-04-26T17:45:22.490+0100] {processor.py:161} INFO - Started process (PID=8922) to work on /Users/malone/data-engineering-pathway/.venv/lib/python3.11/site-packages/airflow/example_dags/example_dynamic_task_mapping.py
[2026-04-26T17:45:22.491+0100] {processor.py:830} INFO - Processing file /Users/malone/data-engineering-pathway/.venv/lib/python3.11/site-packages/airflow/example_dags/example_dynamic_task_mapping.py for tasks to queue
[2026-04-26T17:45:22.491+0100] {logging_mixin.py:188} INFO - [2026-04-26T17:45:22.491+0100] {dagbag.py:545} INFO - Filling up the DagBag from /Users/malone/data-engineering-pathway/.venv/lib/python3.11/site-packages/airflow/example_dags/example_dynamic_task_mapping.py
[2026-04-26T17:45:22.505+0100] {processor.py:840} INFO - DAG(s) 'example_dynamic_task_mapping' retrieved from /Users/malone/data-engineering-pathway/.venv/lib/python3.11/site-packages/airflow/example_dags/example_dynamic_task_mapping.py
[2026-04-26T17:45:22.542+0100] {logging_mixin.py:188} INFO - [2026-04-26T17:45:22.542+0100] {dag.py:3089} INFO - Sync 1 DAGs
[2026-04-26T17:45:22.547+0100] {logging_mixin.py:188} INFO - [2026-04-26T17:45:22.547+0100] {dag.py:3947} INFO - Setting next_dagrun for example_dynamic_task_mapping to 2022-03-04 00:00:00+00:00, run_after=2022-03-05 00:00:00+00:00
[2026-04-26T17:45:22.581+0100] {processor.py:183} INFO - Processing /Users/malone/data-engineering-pathway/.venv/lib/python3.11/site-packages/airflow/example_dags/example_dynamic_task_mapping.py took 0.092 seconds
[2026-04-26T17:47:10.502+0100] {processor.py:161} INFO - Started process (PID=9092) to work on /Users/malone/data-engineering-pathway/.venv/lib/python3.11/site-packages/airflow/example_dags/example_dynamic_task_mapping.py
[2026-04-26T17:47:10.502+0100] {processor.py:830} INFO - Processing file /Users/malone/data-engineering-pathway/.venv/lib/python3.11/site-packages/airflow/example_dags/example_dynamic_task_mapping.py for tasks to queue
[2026-04-26T17:47:10.502+0100] {logging_mixin.py:188} INFO - [2026-04-26T17:47:10.502+0100] {dagbag.py:545} INFO - Filling up the DagBag from /Users/malone/data-engineering-pathway/.venv/lib/python3.11/site-packages/airflow/example_dags/example_dynamic_task_mapping.py
[2026-04-26T17:47:10.519+0100] {processor.py:840} INFO - DAG(s) 'example_dynamic_task_mapping' retrieved from /Users/malone/data-engineering-pathway/.venv/lib/python3.11/site-packages/airflow/example_dags/example_dynamic_task_mapping.py
[2026-04-26T17:47:10.556+0100] {logging_mixin.py:188} INFO - [2026-04-26T17:47:10.555+0100] {dag.py:3089} INFO - Sync 1 DAGs
[2026-04-26T17:47:10.561+0100] {logging_mixin.py:188} INFO - [2026-04-26T17:47:10.561+0100] {dag.py:3947} INFO - Setting next_dagrun for example_dynamic_task_mapping to 2022-03-04 00:00:00+00:00, run_after=2022-03-05 00:00:00+00:00
[2026-04-26T17:47:10.595+0100] {processor.py:183} INFO - Processing /Users/malone/data-engineering-pathway/.venv/lib/python3.11/site-packages/airflow/example_dags/example_dynamic_task_mapping.py took 0.095 seconds
[2026-04-26T17:49:08.519+0100] {processor.py:161} INFO - Started process (PID=9422) to work on /Users/malone/data-engineering-pathway/.venv/lib/python3.11/site-packages/airflow/example_dags/example_dynamic_task_mapping.py
[2026-04-26T17:49:08.519+0100] {processor.py:830} INFO - Processing file /Users/malone/data-engineering-pathway/.venv/lib/python3.11/site-packages/airflow/example_dags/example_dynamic_task_mapping.py for tasks to queue
[2026-04-26T17:49:08.520+0100] {logging_mixin.py:188} INFO - [2026-04-26T17:49:08.519+0100] {dagbag.py:545} INFO - Filling up the DagBag from /Users/malone/data-engineering-pathway/.venv/lib/python3.11/site-packages/airflow/example_dags/example_dynamic_task_mapping.py
[2026-04-26T17:49:08.544+0100] {processor.py:840} INFO - DAG(s) 'example_dynamic_task_mapping' retrieved from /Users/malone/data-engineering-pathway/.venv/lib/python3.11/site-packages/airflow/example_dags/example_dynamic_task_mapping.py
[2026-04-26T17:49:08.590+0100] {logging_mixin.py:188} INFO - [2026-04-26T17:49:08.590+0100] {dag.py:3089} INFO - Sync 1 DAGs
[2026-04-26T17:49:08.599+0100] {logging_mixin.py:188} INFO - [2026-04-26T17:49:08.599+0100] {dag.py:3947} INFO - Setting next_dagrun for example_dynamic_task_mapping to 2022-03-04 00:00:00+00:00, run_after=2022-03-05 00:00:00+00:00
[2026-04-26T17:49:08.666+0100] {processor.py:183} INFO - Processing /Users/malone/data-engineering-pathway/.venv/lib/python3.11/site-packages/airflow/example_dags/example_dynamic_task_mapping.py took 0.148 seconds
[2026-04-26T17:51:10.485+0100] {processor.py:161} INFO - Started process (PID=9588) to work on /Users/malone/data-engineering-pathway/.venv/lib/python3.11/site-packages/airflow/example_dags/example_dynamic_task_mapping.py
[2026-04-26T17:51:10.486+0100] {processor.py:830} INFO - Processing file /Users/malone/data-engineering-pathway/.venv/lib/python3.11/site-packages/airflow/example_dags/example_dynamic_task_mapping.py for tasks to queue
[2026-04-26T17:51:10.488+0100] {logging_mixin.py:188} INFO - [2026-04-26T17:51:10.487+0100] {dagbag.py:545} INFO - Filling up the DagBag from /Users/malone/data-engineering-pathway/.venv/lib/python3.11/site-packages/airflow/example_dags/example_dynamic_task_mapping.py
[2026-04-26T17:51:10.525+0100] {processor.py:840} INFO - DAG(s) 'example_dynamic_task_mapping' retrieved from /Users/malone/data-engineering-pathway/.venv/lib/python3.11/site-packages/airflow/example_dags/example_dynamic_task_mapping.py
[2026-04-26T17:51:10.596+0100] {logging_mixin.py:188} INFO - [2026-04-26T17:51:10.596+0100] {dag.py:3089} INFO - Sync 1 DAGs
[2026-04-26T17:51:10.605+0100] {logging_mixin.py:188} INFO - [2026-04-26T17:51:10.605+0100] {dag.py:3947} INFO - Setting next_dagrun for example_dynamic_task_mapping to 2022-03-04 00:00:00+00:00, run_after=2022-03-05 00:00:00+00:00
[2026-04-26T17:51:10.689+0100] {processor.py:183} INFO - Processing /Users/malone/data-engineering-pathway/.venv/lib/python3.11/site-packages/airflow/example_dags/example_dynamic_task_mapping.py took 0.207 seconds
[2026-04-26T17:53:07.001+0100] {processor.py:161} INFO - Started process (PID=9728) to work on /Users/malone/data-engineering-pathway/.venv/lib/python3.11/site-packages/airflow/example_dags/example_dynamic_task_mapping.py
[2026-04-26T17:53:07.002+0100] {processor.py:830} INFO - Processing file /Users/malone/data-engineering-pathway/.venv/lib/python3.11/site-packages/airflow/example_dags/example_dynamic_task_mapping.py for tasks to queue
[2026-04-26T17:53:07.002+0100] {logging_mixin.py:188} INFO - [2026-04-26T17:53:07.002+0100] {dagbag.py:545} INFO - Filling up the DagBag from /Users/malone/data-engineering-pathway/.venv/lib/python3.11/site-packages/airflow/example_dags/example_dynamic_task_mapping.py
[2026-04-26T17:53:07.016+0100] {processor.py:840} INFO - DAG(s) 'example_dynamic_task_mapping' retrieved from /Users/malone/data-engineering-pathway/.venv/lib/python3.11/site-packages/airflow/example_dags/example_dynamic_task_mapping.py
[2026-04-26T17:53:07.052+0100] {logging_mixin.py:188} INFO - [2026-04-26T17:53:07.052+0100] {dag.py:3089} INFO - Sync 1 DAGs
[2026-04-26T17:53:07.057+0100] {logging_mixin.py:188} INFO - [2026-04-26T17:53:07.057+0100] {dag.py:3947} INFO - Setting next_dagrun for example_dynamic_task_mapping to 2022-03-04 00:00:00+00:00, run_after=2022-03-05 00:00:00+00:00
[2026-04-26T17:53:07.091+0100] {processor.py:183} INFO - Processing /Users/malone/data-engineering-pathway/.venv/lib/python3.11/site-packages/airflow/example_dags/example_dynamic_task_mapping.py took 0.091 seconds
[2026-04-26T17:55:08.610+0100] {processor.py:161} INFO - Started process (PID=9879) to work on /Users/malone/data-engineering-pathway/.venv/lib/python3.11/site-packages/airflow/example_dags/example_dynamic_task_mapping.py
[2026-04-26T17:55:08.611+0100] {processor.py:830} INFO - Processing file /Users/malone/data-engineering-pathway/.venv/lib/python3.11/site-packages/airflow/example_dags/example_dynamic_task_mapping.py for tasks to queue
[2026-04-26T17:55:08.611+0100] {logging_mixin.py:188} INFO - [2026-04-26T17:55:08.611+0100] {dagbag.py:545} INFO - Filling up the DagBag from /Users/malone/data-engineering-pathway/.venv/lib/python3.11/site-packages/airflow/example_dags/example_dynamic_task_mapping.py
[2026-04-26T17:55:08.625+0100] {processor.py:840} INFO - DAG(s) 'example_dynamic_task_mapping' retrieved from /Users/malone/data-engineering-pathway/.venv/lib/python3.11/site-packages/airflow/example_dags/example_dynamic_task_mapping.py
[2026-04-26T17:55:08.662+0100] {logging_mixin.py:188} INFO - [2026-04-26T17:55:08.661+0100] {dag.py:3089} INFO - Sync 1 DAGs
[2026-04-26T17:55:08.667+0100] {logging_mixin.py:188} INFO - [2026-04-26T17:55:08.667+0100] {dag.py:3947} INFO - Setting next_dagrun for example_dynamic_task_mapping to 2022-03-04 00:00:00+00:00, run_after=2022-03-05 00:00:00+00:00
[2026-04-26T17:55:08.701+0100] {processor.py:183} INFO - Processing /Users/malone/data-engineering-pathway/.venv/lib/python3.11/site-packages/airflow/example_dags/example_dynamic_task_mapping.py took 0.092 seconds
[2026-04-26T17:57:10.772+0100] {processor.py:161} INFO - Started process (PID=10126) to work on /Users/malone/data-engineering-pathway/.venv/lib/python3.11/site-packages/airflow/example_dags/example_dynamic_task_mapping.py
[2026-04-26T17:57:10.773+0100] {processor.py:830} INFO - Processing file /Users/malone/data-engineering-pathway/.venv/lib/python3.11/site-packages/airflow/example_dags/example_dynamic_task_mapping.py for tasks to queue
[2026-04-26T17:57:10.773+0100] {logging_mixin.py:188} INFO - [2026-04-26T17:57:10.773+0100] {dagbag.py:545} INFO - Filling up the DagBag from /Users/malone/data-engineering-pathway/.venv/lib/python3.11/site-packages/airflow/example_dags/example_dynamic_task_mapping.py
[2026-04-26T17:57:10.788+0100] {processor.py:840} INFO - DAG(s) 'example_dynamic_task_mapping' retrieved from /Users/malone/data-engineering-pathway/.venv/lib/python3.11/site-packages/airflow/example_dags/example_dynamic_task_mapping.py
[2026-04-26T17:57:10.828+0100] {logging_mixin.py:188} INFO - [2026-04-26T17:57:10.827+0100] {dag.py:3089} INFO - Sync 1 DAGs
[2026-04-26T17:57:10.833+0100] {logging_mixin.py:188} INFO - [2026-04-26T17:57:10.833+0100] {dag.py:3947} INFO - Setting next_dagrun for example_dynamic_task_mapping to 2022-03-04 00:00:00+00:00, run_after=2022-03-05 00:00:00+00:00
[2026-04-26T17:57:10.869+0100] {processor.py:183} INFO - Processing /Users/malone/data-engineering-pathway/.venv/lib/python3.11/site-packages/airflow/example_dags/example_dynamic_task_mapping.py took 0.098 seconds
[2026-04-26T17:59:01.231+0100] {processor.py:161} INFO - Started process (PID=10313) to work on /Users/malone/data-engineering-pathway/.venv/lib/python3.11/site-packages/airflow/example_dags/example_dynamic_task_mapping.py
[2026-04-26T17:59:01.232+0100] {processor.py:830} INFO - Processing file /Users/malone/data-engineering-pathway/.venv/lib/python3.11/site-packages/airflow/example_dags/example_dynamic_task_mapping.py for tasks to queue
[2026-04-26T17:59:01.232+0100] {logging_mixin.py:188} INFO - [2026-04-26T17:59:01.232+0100] {dagbag.py:545} INFO - Filling up the DagBag from /Users/malone/data-engineering-pathway/.venv/lib/python3.11/site-packages/airflow/example_dags/example_dynamic_task_mapping.py
[2026-04-26T17:59:01.246+0100] {processor.py:840} INFO - DAG(s) 'example_dynamic_task_mapping' retrieved from /Users/malone/data-engineering-pathway/.venv/lib/python3.11/site-packages/airflow/example_dags/example_dynamic_task_mapping.py
[2026-04-26T17:59:01.282+0100] {logging_mixin.py:188} INFO - [2026-04-26T17:59:01.282+0100] {dag.py:3089} INFO - Sync 1 DAGs
[2026-04-26T17:59:01.287+0100] {logging_mixin.py:188} INFO - [2026-04-26T17:59:01.287+0100] {dag.py:3947} INFO - Setting next_dagrun for example_dynamic_task_mapping to 2022-03-04 00:00:00+00:00, run_after=2022-03-05 00:00:00+00:00
[2026-04-26T17:59:01.321+0100] {processor.py:183} INFO - Processing /Users/malone/data-engineering-pathway/.venv/lib/python3.11/site-packages/airflow/example_dags/example_dynamic_task_mapping.py took 0.091 seconds
