[2026-04-26T17:38:56.508+0100] {processor.py:161} INFO - Started process (PID=8313) to work on /Users/malone/data-engineering-pathway/.venv/lib/python3.11/site-packages/airflow/example_dags/example_xcomargs.py
[2026-04-26T17:38:56.508+0100] {processor.py:830} INFO - Processing file /Users/malone/data-engineering-pathway/.venv/lib/python3.11/site-packages/airflow/example_dags/example_xcomargs.py for tasks to queue
[2026-04-26T17:38:56.508+0100] {logging_mixin.py:188} INFO - [2026-04-26T17:38:56.508+0100] {dagbag.py:545} INFO - Filling up the DagBag from /Users/malone/data-engineering-pathway/.venv/lib/python3.11/site-packages/airflow/example_dags/example_xcomargs.py
[2026-04-26T17:38:56.522+0100] {processor.py:840} INFO - DAG(s) 'example_xcom_args_with_operators', 'example_xcom_args' retrieved from /Users/malone/data-engineering-pathway/.venv/lib/python3.11/site-packages/airflow/example_dags/example_xcomargs.py
[2026-04-26T17:38:56.531+0100] {logging_mixin.py:188} INFO - [2026-04-26T17:38:56.531+0100] {dag.py:3089} INFO - Sync 2 DAGs
[2026-04-26T17:38:56.558+0100] {logging_mixin.py:188} INFO - [2026-04-26T17:38:56.558+0100] {dag.py:3947} INFO - Setting next_dagrun for example_xcom_args to None, run_after=None
[2026-04-26T17:38:56.559+0100] {logging_mixin.py:188} INFO - [2026-04-26T17:38:56.559+0100] {dag.py:3947} INFO - Setting next_dagrun for example_xcom_args_with_operators to None, run_after=None
[2026-04-26T17:38:56.565+0100] {processor.py:183} INFO - Processing /Users/malone/data-engineering-pathway/.venv/lib/python3.11/site-packages/airflow/example_dags/example_xcomargs.py took 0.059 seconds
[2026-04-26T17:40:23.637+0100] {processor.py:161} INFO - Started process (PID=8465) to work on /Users/malone/data-engineering-pathway/.venv/lib/python3.11/site-packages/airflow/example_dags/example_xcomargs.py
[2026-04-26T17:40:23.637+0100] {processor.py:830} INFO - Processing file /Users/malone/data-engineering-pathway/.venv/lib/python3.11/site-packages/airflow/example_dags/example_xcomargs.py for tasks to queue
[2026-04-26T17:40:23.638+0100] {logging_mixin.py:188} INFO - [2026-04-26T17:40:23.638+0100] {dagbag.py:545} INFO - Filling up the DagBag from /Users/malone/data-engineering-pathway/.venv/lib/python3.11/site-packages/airflow/example_dags/example_xcomargs.py
[2026-04-26T17:40:23.652+0100] {processor.py:840} INFO - DAG(s) 'example_xcom_args_with_operators', 'example_xcom_args' retrieved from /Users/malone/data-engineering-pathway/.venv/lib/python3.11/site-packages/airflow/example_dags/example_xcomargs.py
[2026-04-26T17:40:23.747+0100] {logging_mixin.py:188} INFO - [2026-04-26T17:40:23.747+0100] {dag.py:3089} INFO - Sync 2 DAGs
[2026-04-26T17:40:23.750+0100] {logging_mixin.py:188} INFO - [2026-04-26T17:40:23.750+0100] {dag.py:3947} INFO - Setting next_dagrun for example_xcom_args to None, run_after=None
[2026-04-26T17:40:23.750+0100] {logging_mixin.py:188} INFO - [2026-04-26T17:40:23.750+0100] {dag.py:3947} INFO - Setting next_dagrun for example_xcom_args_with_operators to None, run_after=None
[2026-04-26T17:40:23.757+0100] {processor.py:183} INFO - Processing /Users/malone/data-engineering-pathway/.venv/lib/python3.11/site-packages/airflow/example_dags/example_xcomargs.py took 0.121 seconds
[2026-04-26T17:41:21.568+0100] {processor.py:161} INFO - Started process (PID=8555) to work on /Users/malone/data-engineering-pathway/.venv/lib/python3.11/site-packages/airflow/example_dags/example_xcomargs.py
[2026-04-26T17:41:21.570+0100] {processor.py:830} INFO - Processing file /Users/malone/data-engineering-pathway/.venv/lib/python3.11/site-packages/airflow/example_dags/example_xcomargs.py for tasks to queue
[2026-04-26T17:41:21.571+0100] {logging_mixin.py:188} INFO - [2026-04-26T17:41:21.570+0100] {dagbag.py:545} INFO - Filling up the DagBag from /Users/malone/data-engineering-pathway/.venv/lib/python3.11/site-packages/airflow/example_dags/example_xcomargs.py
[2026-04-26T17:41:21.588+0100] {processor.py:840} INFO - DAG(s) 'example_xcom_args', 'example_xcom_args_with_operators' retrieved from /Users/malone/data-engineering-pathway/.venv/lib/python3.11/site-packages/airflow/example_dags/example_xcomargs.py
[2026-04-26T17:41:21.625+0100] {logging_mixin.py:188} INFO - [2026-04-26T17:41:21.625+0100] {dag.py:3089} INFO - Sync 2 DAGs
[2026-04-26T17:41:21.629+0100] {logging_mixin.py:188} INFO - [2026-04-26T17:41:21.628+0100] {dag.py:3947} INFO - Setting next_dagrun for example_xcom_args to None, run_after=None
[2026-04-26T17:41:21.630+0100] {logging_mixin.py:188} INFO - [2026-04-26T17:41:21.630+0100] {dag.py:3947} INFO - Setting next_dagrun for example_xcom_args_with_operators to None, run_after=None
[2026-04-26T17:41:21.638+0100] {processor.py:183} INFO - Processing /Users/malone/data-engineering-pathway/.venv/lib/python3.11/site-packages/airflow/example_dags/example_xcomargs.py took 0.072 seconds
[2026-04-26T17:42:20.423+0100] {processor.py:161} INFO - Started process (PID=8635) to work on /Users/malone/data-engineering-pathway/.venv/lib/python3.11/site-packages/airflow/example_dags/example_xcomargs.py
[2026-04-26T17:42:20.423+0100] {processor.py:830} INFO - Processing file /Users/malone/data-engineering-pathway/.venv/lib/python3.11/site-packages/airflow/example_dags/example_xcomargs.py for tasks to queue
[2026-04-26T17:42:20.424+0100] {logging_mixin.py:188} INFO - [2026-04-26T17:42:20.423+0100] {dagbag.py:545} INFO - Filling up the DagBag from /Users/malone/data-engineering-pathway/.venv/lib/python3.11/site-packages/airflow/example_dags/example_xcomargs.py
[2026-04-26T17:42:20.440+0100] {processor.py:840} INFO - DAG(s) 'example_xcom_args_with_operators', 'example_xcom_args' retrieved from /Users/malone/data-engineering-pathway/.venv/lib/python3.11/site-packages/airflow/example_dags/example_xcomargs.py
[2026-04-26T17:42:20.479+0100] {logging_mixin.py:188} INFO - [2026-04-26T17:42:20.479+0100] {dag.py:3089} INFO - Sync 2 DAGs
[2026-04-26T17:42:20.483+0100] {logging_mixin.py:188} INFO - [2026-04-26T17:42:20.483+0100] {dag.py:3947} INFO - Setting next_dagrun for example_xcom_args to None, run_after=None
[2026-04-26T17:42:20.484+0100] {logging_mixin.py:188} INFO - [2026-04-26T17:42:20.484+0100] {dag.py:3947} INFO - Setting next_dagrun for example_xcom_args_with_operators to None, run_after=None
[2026-04-26T17:42:20.490+0100] {processor.py:183} INFO - Processing /Users/malone/data-engineering-pathway/.venv/lib/python3.11/site-packages/airflow/example_dags/example_xcomargs.py took 0.068 seconds
[2026-04-26T17:43:20.352+0100] {processor.py:161} INFO - Started process (PID=8708) to work on /Users/malone/data-engineering-pathway/.venv/lib/python3.11/site-packages/airflow/example_dags/example_xcomargs.py
[2026-04-26T17:43:20.353+0100] {processor.py:830} INFO - Processing file /Users/malone/data-engineering-pathway/.venv/lib/python3.11/site-packages/airflow/example_dags/example_xcomargs.py for tasks to queue
[2026-04-26T17:43:20.354+0100] {logging_mixin.py:188} INFO - [2026-04-26T17:43:20.354+0100] {dagbag.py:545} INFO - Filling up the DagBag from /Users/malone/data-engineering-pathway/.venv/lib/python3.11/site-packages/airflow/example_dags/example_xcomargs.py
[2026-04-26T17:43:20.373+0100] {processor.py:840} INFO - DAG(s) 'example_xcom_args_with_operators', 'example_xcom_args' retrieved from /Users/malone/data-engineering-pathway/.venv/lib/python3.11/site-packages/airflow/example_dags/example_xcomargs.py
[2026-04-26T17:43:20.421+0100] {logging_mixin.py:188} INFO - [2026-04-26T17:43:20.421+0100] {dag.py:3089} INFO - Sync 2 DAGs
[2026-04-26T17:43:20.426+0100] {logging_mixin.py:188} INFO - [2026-04-26T17:43:20.426+0100] {dag.py:3947} INFO - Setting next_dagrun for example_xcom_args to None, run_after=None
[2026-04-26T17:43:20.428+0100] {logging_mixin.py:188} INFO - [2026-04-26T17:43:20.428+0100] {dag.py:3947} INFO - Setting next_dagrun for example_xcom_args_with_operators to None, run_after=None
[2026-04-26T17:43:20.440+0100] {processor.py:183} INFO - Processing /Users/malone/data-engineering-pathway/.venv/lib/python3.11/site-packages/airflow/example_dags/example_xcomargs.py took 0.090 seconds
[2026-04-26T17:44:15.957+0100] {processor.py:161} INFO - Started process (PID=8817) to work on /Users/malone/data-engineering-pathway/.venv/lib/python3.11/site-packages/airflow/example_dags/example_xcomargs.py
[2026-04-26T17:44:15.958+0100] {processor.py:830} INFO - Processing file /Users/malone/data-engineering-pathway/.venv/lib/python3.11/site-packages/airflow/example_dags/example_xcomargs.py for tasks to queue
[2026-04-26T17:44:15.958+0100] {logging_mixin.py:188} INFO - [2026-04-26T17:44:15.958+0100] {dagbag.py:545} INFO - Filling up the DagBag from /Users/malone/data-engineering-pathway/.venv/lib/python3.11/site-packages/airflow/example_dags/example_xcomargs.py
[2026-04-26T17:44:15.973+0100] {processor.py:840} INFO - DAG(s) 'example_xcom_args_with_operators', 'example_xcom_args' retrieved from /Users/malone/data-engineering-pathway/.venv/lib/python3.11/site-packages/airflow/example_dags/example_xcomargs.py
[2026-04-26T17:44:16.011+0100] {logging_mixin.py:188} INFO - [2026-04-26T17:44:16.011+0100] {dag.py:3089} INFO - Sync 2 DAGs
[2026-04-26T17:44:16.015+0100] {logging_mixin.py:188} INFO - [2026-04-26T17:44:16.015+0100] {dag.py:3947} INFO - Setting next_dagrun for example_xcom_args to None, run_after=None
[2026-04-26T17:44:16.016+0100] {logging_mixin.py:188} INFO - [2026-04-26T17:44:16.016+0100] {dag.py:3947} INFO - Setting next_dagrun for example_xcom_args_with_operators to None, run_after=None
[2026-04-26T17:44:16.022+0100] {processor.py:183} INFO - Processing /Users/malone/data-engineering-pathway/.venv/lib/python3.11/site-packages/airflow/example_dags/example_xcomargs.py took 0.066 seconds
[2026-04-26T17:45:07.420+0100] {processor.py:161} INFO - Started process (PID=8892) to work on /Users/malone/data-engineering-pathway/.venv/lib/python3.11/site-packages/airflow/example_dags/example_xcomargs.py
[2026-04-26T17:45:07.420+0100] {processor.py:830} INFO - Processing file /Users/malone/data-engineering-pathway/.venv/lib/python3.11/site-packages/airflow/example_dags/example_xcomargs.py for tasks to queue
[2026-04-26T17:45:07.421+0100] {logging_mixin.py:188} INFO - [2026-04-26T17:45:07.420+0100] {dagbag.py:545} INFO - Filling up the DagBag from /Users/malone/data-engineering-pathway/.venv/lib/python3.11/site-packages/airflow/example_dags/example_xcomargs.py
[2026-04-26T17:45:07.437+0100] {processor.py:840} INFO - DAG(s) 'example_xcom_args', 'example_xcom_args_with_operators' retrieved from /Users/malone/data-engineering-pathway/.venv/lib/python3.11/site-packages/airflow/example_dags/example_xcomargs.py
[2026-04-26T17:45:07.477+0100] {logging_mixin.py:188} INFO - [2026-04-26T17:45:07.476+0100] {dag.py:3089} INFO - Sync 2 DAGs
[2026-04-26T17:45:07.480+0100] {logging_mixin.py:188} INFO - [2026-04-26T17:45:07.480+0100] {dag.py:3947} INFO - Setting next_dagrun for example_xcom_args to None, run_after=None
[2026-04-26T17:45:07.481+0100] {logging_mixin.py:188} INFO - [2026-04-26T17:45:07.481+0100] {dag.py:3947} INFO - Setting next_dagrun for example_xcom_args_with_operators to None, run_after=None
[2026-04-26T17:45:07.489+0100] {processor.py:183} INFO - Processing /Users/malone/data-engineering-pathway/.venv/lib/python3.11/site-packages/airflow/example_dags/example_xcomargs.py took 0.070 seconds
[2026-04-26T17:46:01.193+0100] {processor.py:161} INFO - Started process (PID=8986) to work on /Users/malone/data-engineering-pathway/.venv/lib/python3.11/site-packages/airflow/example_dags/example_xcomargs.py
[2026-04-26T17:46:01.193+0100] {processor.py:830} INFO - Processing file /Users/malone/data-engineering-pathway/.venv/lib/python3.11/site-packages/airflow/example_dags/example_xcomargs.py for tasks to queue
[2026-04-26T17:46:01.194+0100] {logging_mixin.py:188} INFO - [2026-04-26T17:46:01.194+0100] {dagbag.py:545} INFO - Filling up the DagBag from /Users/malone/data-engineering-pathway/.venv/lib/python3.11/site-packages/airflow/example_dags/example_xcomargs.py
[2026-04-26T17:46:01.209+0100] {processor.py:840} INFO - DAG(s) 'example_xcom_args_with_operators', 'example_xcom_args' retrieved from /Users/malone/data-engineering-pathway/.venv/lib/python3.11/site-packages/airflow/example_dags/example_xcomargs.py
[2026-04-26T17:46:01.247+0100] {logging_mixin.py:188} INFO - [2026-04-26T17:46:01.247+0100] {dag.py:3089} INFO - Sync 2 DAGs
[2026-04-26T17:46:01.251+0100] {logging_mixin.py:188} INFO - [2026-04-26T17:46:01.251+0100] {dag.py:3947} INFO - Setting next_dagrun for example_xcom_args to None, run_after=None
[2026-04-26T17:46:01.252+0100] {logging_mixin.py:188} INFO - [2026-04-26T17:46:01.252+0100] {dag.py:3947} INFO - Setting next_dagrun for example_xcom_args_with_operators to None, run_after=None
[2026-04-26T17:46:01.260+0100] {processor.py:183} INFO - Processing /Users/malone/data-engineering-pathway/.venv/lib/python3.11/site-packages/airflow/example_dags/example_xcomargs.py took 0.068 seconds
[2026-04-26T17:46:54.054+0100] {processor.py:161} INFO - Started process (PID=9063) to work on /Users/malone/data-engineering-pathway/.venv/lib/python3.11/site-packages/airflow/example_dags/example_xcomargs.py
[2026-04-26T17:46:54.055+0100] {processor.py:830} INFO - Processing file /Users/malone/data-engineering-pathway/.venv/lib/python3.11/site-packages/airflow/example_dags/example_xcomargs.py for tasks to queue
[2026-04-26T17:46:54.055+0100] {logging_mixin.py:188} INFO - [2026-04-26T17:46:54.055+0100] {dagbag.py:545} INFO - Filling up the DagBag from /Users/malone/data-engineering-pathway/.venv/lib/python3.11/site-packages/airflow/example_dags/example_xcomargs.py
[2026-04-26T17:46:54.072+0100] {processor.py:840} INFO - DAG(s) 'example_xcom_args', 'example_xcom_args_with_operators' retrieved from /Users/malone/data-engineering-pathway/.venv/lib/python3.11/site-packages/airflow/example_dags/example_xcomargs.py
[2026-04-26T17:46:54.110+0100] {logging_mixin.py:188} INFO - [2026-04-26T17:46:54.110+0100] {dag.py:3089} INFO - Sync 2 DAGs
[2026-04-26T17:46:54.113+0100] {logging_mixin.py:188} INFO - [2026-04-26T17:46:54.113+0100] {dag.py:3947} INFO - Setting next_dagrun for example_xcom_args to None, run_after=None
[2026-04-26T17:46:54.114+0100] {logging_mixin.py:188} INFO - [2026-04-26T17:46:54.114+0100] {dag.py:3947} INFO - Setting next_dagrun for example_xcom_args_with_operators to None, run_after=None
[2026-04-26T17:46:54.122+0100] {processor.py:183} INFO - Processing /Users/malone/data-engineering-pathway/.venv/lib/python3.11/site-packages/airflow/example_dags/example_xcomargs.py took 0.069 seconds
[2026-04-26T17:47:51.431+0100] {processor.py:161} INFO - Started process (PID=9169) to work on /Users/malone/data-engineering-pathway/.venv/lib/python3.11/site-packages/airflow/example_dags/example_xcomargs.py
[2026-04-26T17:47:51.431+0100] {processor.py:830} INFO - Processing file /Users/malone/data-engineering-pathway/.venv/lib/python3.11/site-packages/airflow/example_dags/example_xcomargs.py for tasks to queue
[2026-04-26T17:47:51.432+0100] {logging_mixin.py:188} INFO - [2026-04-26T17:47:51.431+0100] {dagbag.py:545} INFO - Filling up the DagBag from /Users/malone/data-engineering-pathway/.venv/lib/python3.11/site-packages/airflow/example_dags/example_xcomargs.py
[2026-04-26T17:47:51.448+0100] {processor.py:840} INFO - DAG(s) 'example_xcom_args', 'example_xcom_args_with_operators' retrieved from /Users/malone/data-engineering-pathway/.venv/lib/python3.11/site-packages/airflow/example_dags/example_xcomargs.py
[2026-04-26T17:47:51.490+0100] {logging_mixin.py:188} INFO - [2026-04-26T17:47:51.490+0100] {dag.py:3089} INFO - Sync 2 DAGs
[2026-04-26T17:47:51.493+0100] {logging_mixin.py:188} INFO - [2026-04-26T17:47:51.493+0100] {dag.py:3947} INFO - Setting next_dagrun for example_xcom_args to None, run_after=None
[2026-04-26T17:47:51.494+0100] {logging_mixin.py:188} INFO - [2026-04-26T17:47:51.494+0100] {dag.py:3947} INFO - Setting next_dagrun for example_xcom_args_with_operators to None, run_after=None
[2026-04-26T17:47:51.500+0100] {processor.py:183} INFO - Processing /Users/malone/data-engineering-pathway/.venv/lib/python3.11/site-packages/airflow/example_dags/example_xcomargs.py took 0.071 seconds
[2026-04-26T17:48:48.524+0100] {processor.py:161} INFO - Started process (PID=9329) to work on /Users/malone/data-engineering-pathway/.venv/lib/python3.11/site-packages/airflow/example_dags/example_xcomargs.py
[2026-04-26T17:48:48.526+0100] {processor.py:830} INFO - Processing file /Users/malone/data-engineering-pathway/.venv/lib/python3.11/site-packages/airflow/example_dags/example_xcomargs.py for tasks to queue
[2026-04-26T17:48:48.526+0100] {logging_mixin.py:188} INFO - [2026-04-26T17:48:48.526+0100] {dagbag.py:545} INFO - Filling up the DagBag from /Users/malone/data-engineering-pathway/.venv/lib/python3.11/site-packages/airflow/example_dags/example_xcomargs.py
[2026-04-26T17:48:48.542+0100] {processor.py:840} INFO - DAG(s) 'example_xcom_args', 'example_xcom_args_with_operators' retrieved from /Users/malone/data-engineering-pathway/.venv/lib/python3.11/site-packages/airflow/example_dags/example_xcomargs.py
[2026-04-26T17:48:48.583+0100] {logging_mixin.py:188} INFO - [2026-04-26T17:48:48.582+0100] {dag.py:3089} INFO - Sync 2 DAGs
[2026-04-26T17:48:48.586+0100] {logging_mixin.py:188} INFO - [2026-04-26T17:48:48.586+0100] {dag.py:3947} INFO - Setting next_dagrun for example_xcom_args to None, run_after=None
[2026-04-26T17:48:48.587+0100] {logging_mixin.py:188} INFO - [2026-04-26T17:48:48.587+0100] {dag.py:3947} INFO - Setting next_dagrun for example_xcom_args_with_operators to None, run_after=None
[2026-04-26T17:48:48.593+0100] {processor.py:183} INFO - Processing /Users/malone/data-engineering-pathway/.venv/lib/python3.11/site-packages/airflow/example_dags/example_xcomargs.py took 0.071 seconds
[2026-04-26T17:49:47.057+0100] {processor.py:161} INFO - Started process (PID=9475) to work on /Users/malone/data-engineering-pathway/.venv/lib/python3.11/site-packages/airflow/example_dags/example_xcomargs.py
[2026-04-26T17:49:47.058+0100] {processor.py:830} INFO - Processing file /Users/malone/data-engineering-pathway/.venv/lib/python3.11/site-packages/airflow/example_dags/example_xcomargs.py for tasks to queue
[2026-04-26T17:49:47.058+0100] {logging_mixin.py:188} INFO - [2026-04-26T17:49:47.058+0100] {dagbag.py:545} INFO - Filling up the DagBag from /Users/malone/data-engineering-pathway/.venv/lib/python3.11/site-packages/airflow/example_dags/example_xcomargs.py
[2026-04-26T17:49:47.072+0100] {processor.py:840} INFO - DAG(s) 'example_xcom_args_with_operators', 'example_xcom_args' retrieved from /Users/malone/data-engineering-pathway/.venv/lib/python3.11/site-packages/airflow/example_dags/example_xcomargs.py
[2026-04-26T17:49:47.109+0100] {logging_mixin.py:188} INFO - [2026-04-26T17:49:47.109+0100] {dag.py:3089} INFO - Sync 2 DAGs
[2026-04-26T17:49:47.112+0100] {logging_mixin.py:188} INFO - [2026-04-26T17:49:47.112+0100] {dag.py:3947} INFO - Setting next_dagrun for example_xcom_args to None, run_after=None
[2026-04-26T17:49:47.113+0100] {logging_mixin.py:188} INFO - [2026-04-26T17:49:47.113+0100] {dag.py:3947} INFO - Setting next_dagrun for example_xcom_args_with_operators to None, run_after=None
[2026-04-26T17:49:47.120+0100] {processor.py:183} INFO - Processing /Users/malone/data-engineering-pathway/.venv/lib/python3.11/site-packages/airflow/example_dags/example_xcomargs.py took 0.064 seconds
[2026-04-26T17:50:47.987+0100] {processor.py:161} INFO - Started process (PID=9562) to work on /Users/malone/data-engineering-pathway/.venv/lib/python3.11/site-packages/airflow/example_dags/example_xcomargs.py
[2026-04-26T17:50:47.987+0100] {processor.py:830} INFO - Processing file /Users/malone/data-engineering-pathway/.venv/lib/python3.11/site-packages/airflow/example_dags/example_xcomargs.py for tasks to queue
[2026-04-26T17:50:47.987+0100] {logging_mixin.py:188} INFO - [2026-04-26T17:50:47.987+0100] {dagbag.py:545} INFO - Filling up the DagBag from /Users/malone/data-engineering-pathway/.venv/lib/python3.11/site-packages/airflow/example_dags/example_xcomargs.py
[2026-04-26T17:50:48.003+0100] {processor.py:840} INFO - DAG(s) 'example_xcom_args', 'example_xcom_args_with_operators' retrieved from /Users/malone/data-engineering-pathway/.venv/lib/python3.11/site-packages/airflow/example_dags/example_xcomargs.py
[2026-04-26T17:50:48.041+0100] {logging_mixin.py:188} INFO - [2026-04-26T17:50:48.041+0100] {dag.py:3089} INFO - Sync 2 DAGs
[2026-04-26T17:50:48.045+0100] {logging_mixin.py:188} INFO - [2026-04-26T17:50:48.045+0100] {dag.py:3947} INFO - Setting next_dagrun for example_xcom_args to None, run_after=None
[2026-04-26T17:50:48.046+0100] {logging_mixin.py:188} INFO - [2026-04-26T17:50:48.046+0100] {dag.py:3947} INFO - Setting next_dagrun for example_xcom_args_with_operators to None, run_after=None
[2026-04-26T17:50:48.053+0100] {processor.py:183} INFO - Processing /Users/malone/data-engineering-pathway/.venv/lib/python3.11/site-packages/airflow/example_dags/example_xcomargs.py took 0.068 seconds
[2026-04-26T17:51:50.536+0100] {processor.py:161} INFO - Started process (PID=9651) to work on /Users/malone/data-engineering-pathway/.venv/lib/python3.11/site-packages/airflow/example_dags/example_xcomargs.py
[2026-04-26T17:51:50.536+0100] {processor.py:830} INFO - Processing file /Users/malone/data-engineering-pathway/.venv/lib/python3.11/site-packages/airflow/example_dags/example_xcomargs.py for tasks to queue
[2026-04-26T17:51:50.536+0100] {logging_mixin.py:188} INFO - [2026-04-26T17:51:50.536+0100] {dagbag.py:545} INFO - Filling up the DagBag from /Users/malone/data-engineering-pathway/.venv/lib/python3.11/site-packages/airflow/example_dags/example_xcomargs.py
[2026-04-26T17:51:50.551+0100] {processor.py:840} INFO - DAG(s) 'example_xcom_args', 'example_xcom_args_with_operators' retrieved from /Users/malone/data-engineering-pathway/.venv/lib/python3.11/site-packages/airflow/example_dags/example_xcomargs.py
[2026-04-26T17:51:50.587+0100] {logging_mixin.py:188} INFO - [2026-04-26T17:51:50.587+0100] {dag.py:3089} INFO - Sync 2 DAGs
[2026-04-26T17:51:50.591+0100] {logging_mixin.py:188} INFO - [2026-04-26T17:51:50.590+0100] {dag.py:3947} INFO - Setting next_dagrun for example_xcom_args to None, run_after=None
[2026-04-26T17:51:50.592+0100] {logging_mixin.py:188} INFO - [2026-04-26T17:51:50.592+0100] {dag.py:3947} INFO - Setting next_dagrun for example_xcom_args_with_operators to None, run_after=None
[2026-04-26T17:51:50.598+0100] {processor.py:183} INFO - Processing /Users/malone/data-engineering-pathway/.venv/lib/python3.11/site-packages/airflow/example_dags/example_xcomargs.py took 0.064 seconds
[2026-04-26T17:52:50.774+0100] {processor.py:161} INFO - Started process (PID=9713) to work on /Users/malone/data-engineering-pathway/.venv/lib/python3.11/site-packages/airflow/example_dags/example_xcomargs.py
[2026-04-26T17:52:50.774+0100] {processor.py:830} INFO - Processing file /Users/malone/data-engineering-pathway/.venv/lib/python3.11/site-packages/airflow/example_dags/example_xcomargs.py for tasks to queue
[2026-04-26T17:52:50.775+0100] {logging_mixin.py:188} INFO - [2026-04-26T17:52:50.774+0100] {dagbag.py:545} INFO - Filling up the DagBag from /Users/malone/data-engineering-pathway/.venv/lib/python3.11/site-packages/airflow/example_dags/example_xcomargs.py
[2026-04-26T17:52:50.794+0100] {processor.py:840} INFO - DAG(s) 'example_xcom_args_with_operators', 'example_xcom_args' retrieved from /Users/malone/data-engineering-pathway/.venv/lib/python3.11/site-packages/airflow/example_dags/example_xcomargs.py
[2026-04-26T17:52:50.832+0100] {logging_mixin.py:188} INFO - [2026-04-26T17:52:50.832+0100] {dag.py:3089} INFO - Sync 2 DAGs
[2026-04-26T17:52:50.836+0100] {logging_mixin.py:188} INFO - [2026-04-26T17:52:50.836+0100] {dag.py:3947} INFO - Setting next_dagrun for example_xcom_args to None, run_after=None
[2026-04-26T17:52:50.837+0100] {logging_mixin.py:188} INFO - [2026-04-26T17:52:50.837+0100] {dag.py:3947} INFO - Setting next_dagrun for example_xcom_args_with_operators to None, run_after=None
[2026-04-26T17:52:50.844+0100] {processor.py:183} INFO - Processing /Users/malone/data-engineering-pathway/.venv/lib/python3.11/site-packages/airflow/example_dags/example_xcomargs.py took 0.072 seconds
[2026-04-26T17:53:46.360+0100] {processor.py:161} INFO - Started process (PID=9790) to work on /Users/malone/data-engineering-pathway/.venv/lib/python3.11/site-packages/airflow/example_dags/example_xcomargs.py
[2026-04-26T17:53:46.361+0100] {processor.py:830} INFO - Processing file /Users/malone/data-engineering-pathway/.venv/lib/python3.11/site-packages/airflow/example_dags/example_xcomargs.py for tasks to queue
[2026-04-26T17:53:46.361+0100] {logging_mixin.py:188} INFO - [2026-04-26T17:53:46.361+0100] {dagbag.py:545} INFO - Filling up the DagBag from /Users/malone/data-engineering-pathway/.venv/lib/python3.11/site-packages/airflow/example_dags/example_xcomargs.py
[2026-04-26T17:53:46.383+0100] {processor.py:840} INFO - DAG(s) 'example_xcom_args', 'example_xcom_args_with_operators' retrieved from /Users/malone/data-engineering-pathway/.venv/lib/python3.11/site-packages/airflow/example_dags/example_xcomargs.py
[2026-04-26T17:53:46.433+0100] {logging_mixin.py:188} INFO - [2026-04-26T17:53:46.433+0100] {dag.py:3089} INFO - Sync 2 DAGs
[2026-04-26T17:53:46.436+0100] {logging_mixin.py:188} INFO - [2026-04-26T17:53:46.436+0100] {dag.py:3947} INFO - Setting next_dagrun for example_xcom_args to None, run_after=None
[2026-04-26T17:53:46.438+0100] {logging_mixin.py:188} INFO - [2026-04-26T17:53:46.437+0100] {dag.py:3947} INFO - Setting next_dagrun for example_xcom_args_with_operators to None, run_after=None
[2026-04-26T17:53:46.444+0100] {processor.py:183} INFO - Processing /Users/malone/data-engineering-pathway/.venv/lib/python3.11/site-packages/airflow/example_dags/example_xcomargs.py took 0.086 seconds
[2026-04-26T17:54:48.506+0100] {processor.py:161} INFO - Started process (PID=9859) to work on /Users/malone/data-engineering-pathway/.venv/lib/python3.11/site-packages/airflow/example_dags/example_xcomargs.py
[2026-04-26T17:54:48.507+0100] {processor.py:830} INFO - Processing file /Users/malone/data-engineering-pathway/.venv/lib/python3.11/site-packages/airflow/example_dags/example_xcomargs.py for tasks to queue
[2026-04-26T17:54:48.507+0100] {logging_mixin.py:188} INFO - [2026-04-26T17:54:48.507+0100] {dagbag.py:545} INFO - Filling up the DagBag from /Users/malone/data-engineering-pathway/.venv/lib/python3.11/site-packages/airflow/example_dags/example_xcomargs.py
[2026-04-26T17:54:48.523+0100] {processor.py:840} INFO - DAG(s) 'example_xcom_args_with_operators', 'example_xcom_args' retrieved from /Users/malone/data-engineering-pathway/.venv/lib/python3.11/site-packages/airflow/example_dags/example_xcomargs.py
[2026-04-26T17:54:48.563+0100] {logging_mixin.py:188} INFO - [2026-04-26T17:54:48.563+0100] {dag.py:3089} INFO - Sync 2 DAGs
[2026-04-26T17:54:48.567+0100] {logging_mixin.py:188} INFO - [2026-04-26T17:54:48.567+0100] {dag.py:3947} INFO - Setting next_dagrun for example_xcom_args to None, run_after=None
[2026-04-26T17:54:48.568+0100] {logging_mixin.py:188} INFO - [2026-04-26T17:54:48.568+0100] {dag.py:3947} INFO - Setting next_dagrun for example_xcom_args_with_operators to None, run_after=None
[2026-04-26T17:54:48.575+0100] {processor.py:183} INFO - Processing /Users/malone/data-engineering-pathway/.venv/lib/python3.11/site-packages/airflow/example_dags/example_xcomargs.py took 0.070 seconds
[2026-04-26T17:55:50.709+0100] {processor.py:161} INFO - Started process (PID=9984) to work on /Users/malone/data-engineering-pathway/.venv/lib/python3.11/site-packages/airflow/example_dags/example_xcomargs.py
[2026-04-26T17:55:50.709+0100] {processor.py:830} INFO - Processing file /Users/malone/data-engineering-pathway/.venv/lib/python3.11/site-packages/airflow/example_dags/example_xcomargs.py for tasks to queue
[2026-04-26T17:55:50.710+0100] {logging_mixin.py:188} INFO - [2026-04-26T17:55:50.710+0100] {dagbag.py:545} INFO - Filling up the DagBag from /Users/malone/data-engineering-pathway/.venv/lib/python3.11/site-packages/airflow/example_dags/example_xcomargs.py
[2026-04-26T17:55:50.725+0100] {processor.py:840} INFO - DAG(s) 'example_xcom_args_with_operators', 'example_xcom_args' retrieved from /Users/malone/data-engineering-pathway/.venv/lib/python3.11/site-packages/airflow/example_dags/example_xcomargs.py
[2026-04-26T17:55:50.764+0100] {logging_mixin.py:188} INFO - [2026-04-26T17:55:50.764+0100] {dag.py:3089} INFO - Sync 2 DAGs
[2026-04-26T17:55:50.767+0100] {logging_mixin.py:188} INFO - [2026-04-26T17:55:50.767+0100] {dag.py:3947} INFO - Setting next_dagrun for example_xcom_args to None, run_after=None
[2026-04-26T17:55:50.768+0100] {logging_mixin.py:188} INFO - [2026-04-26T17:55:50.768+0100] {dag.py:3947} INFO - Setting next_dagrun for example_xcom_args_with_operators to None, run_after=None
[2026-04-26T17:55:50.775+0100] {processor.py:183} INFO - Processing /Users/malone/data-engineering-pathway/.venv/lib/python3.11/site-packages/airflow/example_dags/example_xcomargs.py took 0.067 seconds
[2026-04-26T17:56:49.324+0100] {processor.py:161} INFO - Started process (PID=10109) to work on /Users/malone/data-engineering-pathway/.venv/lib/python3.11/site-packages/airflow/example_dags/example_xcomargs.py
[2026-04-26T17:56:49.325+0100] {processor.py:830} INFO - Processing file /Users/malone/data-engineering-pathway/.venv/lib/python3.11/site-packages/airflow/example_dags/example_xcomargs.py for tasks to queue
[2026-04-26T17:56:49.325+0100] {logging_mixin.py:188} INFO - [2026-04-26T17:56:49.325+0100] {dagbag.py:545} INFO - Filling up the DagBag from /Users/malone/data-engineering-pathway/.venv/lib/python3.11/site-packages/airflow/example_dags/example_xcomargs.py
[2026-04-26T17:56:49.339+0100] {processor.py:840} INFO - DAG(s) 'example_xcom_args', 'example_xcom_args_with_operators' retrieved from /Users/malone/data-engineering-pathway/.venv/lib/python3.11/site-packages/airflow/example_dags/example_xcomargs.py
[2026-04-26T17:56:49.378+0100] {logging_mixin.py:188} INFO - [2026-04-26T17:56:49.378+0100] {dag.py:3089} INFO - Sync 2 DAGs
[2026-04-26T17:56:49.381+0100] {logging_mixin.py:188} INFO - [2026-04-26T17:56:49.381+0100] {dag.py:3947} INFO - Setting next_dagrun for example_xcom_args to None, run_after=None
[2026-04-26T17:56:49.382+0100] {logging_mixin.py:188} INFO - [2026-04-26T17:56:49.382+0100] {dag.py:3947} INFO - Setting next_dagrun for example_xcom_args_with_operators to None, run_after=None
[2026-04-26T17:56:49.390+0100] {processor.py:183} INFO - Processing /Users/malone/data-engineering-pathway/.venv/lib/python3.11/site-packages/airflow/example_dags/example_xcomargs.py took 0.067 seconds
[2026-04-26T17:57:49.560+0100] {processor.py:161} INFO - Started process (PID=10201) to work on /Users/malone/data-engineering-pathway/.venv/lib/python3.11/site-packages/airflow/example_dags/example_xcomargs.py
[2026-04-26T17:57:49.561+0100] {processor.py:830} INFO - Processing file /Users/malone/data-engineering-pathway/.venv/lib/python3.11/site-packages/airflow/example_dags/example_xcomargs.py for tasks to queue
[2026-04-26T17:57:49.561+0100] {logging_mixin.py:188} INFO - [2026-04-26T17:57:49.561+0100] {dagbag.py:545} INFO - Filling up the DagBag from /Users/malone/data-engineering-pathway/.venv/lib/python3.11/site-packages/airflow/example_dags/example_xcomargs.py
[2026-04-26T17:57:49.577+0100] {processor.py:840} INFO - DAG(s) 'example_xcom_args', 'example_xcom_args_with_operators' retrieved from /Users/malone/data-engineering-pathway/.venv/lib/python3.11/site-packages/airflow/example_dags/example_xcomargs.py
[2026-04-26T17:57:49.617+0100] {logging_mixin.py:188} INFO - [2026-04-26T17:57:49.617+0100] {dag.py:3089} INFO - Sync 2 DAGs
[2026-04-26T17:57:49.621+0100] {logging_mixin.py:188} INFO - [2026-04-26T17:57:49.621+0100] {dag.py:3947} INFO - Setting next_dagrun for example_xcom_args to None, run_after=None
[2026-04-26T17:57:49.622+0100] {logging_mixin.py:188} INFO - [2026-04-26T17:57:49.622+0100] {dag.py:3947} INFO - Setting next_dagrun for example_xcom_args_with_operators to None, run_after=None
[2026-04-26T17:57:49.628+0100] {processor.py:183} INFO - Processing /Users/malone/data-engineering-pathway/.venv/lib/python3.11/site-packages/airflow/example_dags/example_xcomargs.py took 0.069 seconds
[2026-04-26T17:58:43.823+0100] {processor.py:161} INFO - Started process (PID=10288) to work on /Users/malone/data-engineering-pathway/.venv/lib/python3.11/site-packages/airflow/example_dags/example_xcomargs.py
[2026-04-26T17:58:43.824+0100] {processor.py:830} INFO - Processing file /Users/malone/data-engineering-pathway/.venv/lib/python3.11/site-packages/airflow/example_dags/example_xcomargs.py for tasks to queue
[2026-04-26T17:58:43.824+0100] {logging_mixin.py:188} INFO - [2026-04-26T17:58:43.824+0100] {dagbag.py:545} INFO - Filling up the DagBag from /Users/malone/data-engineering-pathway/.venv/lib/python3.11/site-packages/airflow/example_dags/example_xcomargs.py
[2026-04-26T17:58:43.839+0100] {processor.py:840} INFO - DAG(s) 'example_xcom_args', 'example_xcom_args_with_operators' retrieved from /Users/malone/data-engineering-pathway/.venv/lib/python3.11/site-packages/airflow/example_dags/example_xcomargs.py
[2026-04-26T17:58:43.876+0100] {logging_mixin.py:188} INFO - [2026-04-26T17:58:43.876+0100] {dag.py:3089} INFO - Sync 2 DAGs
[2026-04-26T17:58:43.880+0100] {logging_mixin.py:188} INFO - [2026-04-26T17:58:43.879+0100] {dag.py:3947} INFO - Setting next_dagrun for example_xcom_args to None, run_after=None
[2026-04-26T17:58:43.881+0100] {logging_mixin.py:188} INFO - [2026-04-26T17:58:43.880+0100] {dag.py:3947} INFO - Setting next_dagrun for example_xcom_args_with_operators to None, run_after=None
[2026-04-26T17:58:43.891+0100] {processor.py:183} INFO - Processing /Users/malone/data-engineering-pathway/.venv/lib/python3.11/site-packages/airflow/example_dags/example_xcomargs.py took 0.069 seconds
