[2026-04-26T17:39:54.174+0100] {processor.py:161} INFO - Started process (PID=8420) to work on /Users/malone/data-engineering-pathway/.venv/lib/python3.11/site-packages/airflow/example_dags/example_branch_operator_decorator.py
[2026-04-26T17:39:54.175+0100] {processor.py:830} INFO - Processing file /Users/malone/data-engineering-pathway/.venv/lib/python3.11/site-packages/airflow/example_dags/example_branch_operator_decorator.py for tasks to queue
[2026-04-26T17:39:54.175+0100] {logging_mixin.py:188} INFO - [2026-04-26T17:39:54.175+0100] {dagbag.py:545} INFO - Filling up the DagBag from /Users/malone/data-engineering-pathway/.venv/lib/python3.11/site-packages/airflow/example_dags/example_branch_operator_decorator.py
[2026-04-26T17:39:54.184+0100] {processor.py:842} WARNING - No viable dags retrieved from /Users/malone/data-engineering-pathway/.venv/lib/python3.11/site-packages/airflow/example_dags/example_branch_operator_decorator.py
[2026-04-26T17:39:54.211+0100] {processor.py:183} INFO - Processing /Users/malone/data-engineering-pathway/.venv/lib/python3.11/site-packages/airflow/example_dags/example_branch_operator_decorator.py took 0.037 seconds
[2026-04-26T17:41:49.755+0100] {processor.py:161} INFO - Started process (PID=8599) to work on /Users/malone/data-engineering-pathway/.venv/lib/python3.11/site-packages/airflow/example_dags/example_branch_operator_decorator.py
[2026-04-26T17:41:49.756+0100] {processor.py:830} INFO - Processing file /Users/malone/data-engineering-pathway/.venv/lib/python3.11/site-packages/airflow/example_dags/example_branch_operator_decorator.py for tasks to queue
[2026-04-26T17:41:49.756+0100] {logging_mixin.py:188} INFO - [2026-04-26T17:41:49.756+0100] {dagbag.py:545} INFO - Filling up the DagBag from /Users/malone/data-engineering-pathway/.venv/lib/python3.11/site-packages/airflow/example_dags/example_branch_operator_decorator.py
[2026-04-26T17:41:49.765+0100] {processor.py:842} WARNING - No viable dags retrieved from /Users/malone/data-engineering-pathway/.venv/lib/python3.11/site-packages/airflow/example_dags/example_branch_operator_decorator.py
[2026-04-26T17:41:49.791+0100] {processor.py:183} INFO - Processing /Users/malone/data-engineering-pathway/.venv/lib/python3.11/site-packages/airflow/example_dags/example_branch_operator_decorator.py took 0.037 seconds
[2026-04-26T17:43:47.297+0100] {processor.py:161} INFO - Started process (PID=8773) to work on /Users/malone/data-engineering-pathway/.venv/lib/python3.11/site-packages/airflow/example_dags/example_branch_operator_decorator.py
[2026-04-26T17:43:47.298+0100] {processor.py:830} INFO - Processing file /Users/malone/data-engineering-pathway/.venv/lib/python3.11/site-packages/airflow/example_dags/example_branch_operator_decorator.py for tasks to queue
[2026-04-26T17:43:47.298+0100] {logging_mixin.py:188} INFO - [2026-04-26T17:43:47.298+0100] {dagbag.py:545} INFO - Filling up the DagBag from /Users/malone/data-engineering-pathway/.venv/lib/python3.11/site-packages/airflow/example_dags/example_branch_operator_decorator.py
[2026-04-26T17:43:47.306+0100] {processor.py:842} WARNING - No viable dags retrieved from /Users/malone/data-engineering-pathway/.venv/lib/python3.11/site-packages/airflow/example_dags/example_branch_operator_decorator.py
[2026-04-26T17:43:47.334+0100] {processor.py:183} INFO - Processing /Users/malone/data-engineering-pathway/.venv/lib/python3.11/site-packages/airflow/example_dags/example_branch_operator_decorator.py took 0.038 seconds
[2026-04-26T17:45:33.336+0100] {processor.py:161} INFO - Started process (PID=8942) to work on /Users/malone/data-engineering-pathway/.venv/lib/python3.11/site-packages/airflow/example_dags/example_branch_operator_decorator.py
[2026-04-26T17:45:33.337+0100] {processor.py:830} INFO - Processing file /Users/malone/data-engineering-pathway/.venv/lib/python3.11/site-packages/airflow/example_dags/example_branch_operator_decorator.py for tasks to queue
[2026-04-26T17:45:33.337+0100] {logging_mixin.py:188} INFO - [2026-04-26T17:45:33.337+0100] {dagbag.py:545} INFO - Filling up the DagBag from /Users/malone/data-engineering-pathway/.venv/lib/python3.11/site-packages/airflow/example_dags/example_branch_operator_decorator.py
[2026-04-26T17:45:33.345+0100] {processor.py:842} WARNING - No viable dags retrieved from /Users/malone/data-engineering-pathway/.venv/lib/python3.11/site-packages/airflow/example_dags/example_branch_operator_decorator.py
[2026-04-26T17:45:33.371+0100] {processor.py:183} INFO - Processing /Users/malone/data-engineering-pathway/.venv/lib/python3.11/site-packages/airflow/example_dags/example_branch_operator_decorator.py took 0.036 seconds
[2026-04-26T17:47:21.307+0100] {processor.py:161} INFO - Started process (PID=9119) to work on /Users/malone/data-engineering-pathway/.venv/lib/python3.11/site-packages/airflow/example_dags/example_branch_operator_decorator.py
[2026-04-26T17:47:21.309+0100] {processor.py:830} INFO - Processing file /Users/malone/data-engineering-pathway/.venv/lib/python3.11/site-packages/airflow/example_dags/example_branch_operator_decorator.py for tasks to queue
[2026-04-26T17:47:21.309+0100] {logging_mixin.py:188} INFO - [2026-04-26T17:47:21.309+0100] {dagbag.py:545} INFO - Filling up the DagBag from /Users/malone/data-engineering-pathway/.venv/lib/python3.11/site-packages/airflow/example_dags/example_branch_operator_decorator.py
[2026-04-26T17:47:21.331+0100] {processor.py:842} WARNING - No viable dags retrieved from /Users/malone/data-engineering-pathway/.venv/lib/python3.11/site-packages/airflow/example_dags/example_branch_operator_decorator.py
[2026-04-26T17:47:21.360+0100] {processor.py:183} INFO - Processing /Users/malone/data-engineering-pathway/.venv/lib/python3.11/site-packages/airflow/example_dags/example_branch_operator_decorator.py took 0.054 seconds
[2026-04-26T17:49:19.518+0100] {processor.py:161} INFO - Started process (PID=9447) to work on /Users/malone/data-engineering-pathway/.venv/lib/python3.11/site-packages/airflow/example_dags/example_branch_operator_decorator.py
[2026-04-26T17:49:19.519+0100] {processor.py:830} INFO - Processing file /Users/malone/data-engineering-pathway/.venv/lib/python3.11/site-packages/airflow/example_dags/example_branch_operator_decorator.py for tasks to queue
[2026-04-26T17:49:19.520+0100] {logging_mixin.py:188} INFO - [2026-04-26T17:49:19.520+0100] {dagbag.py:545} INFO - Filling up the DagBag from /Users/malone/data-engineering-pathway/.venv/lib/python3.11/site-packages/airflow/example_dags/example_branch_operator_decorator.py
[2026-04-26T17:49:19.541+0100] {processor.py:842} WARNING - No viable dags retrieved from /Users/malone/data-engineering-pathway/.venv/lib/python3.11/site-packages/airflow/example_dags/example_branch_operator_decorator.py
[2026-04-26T17:49:19.571+0100] {processor.py:183} INFO - Processing /Users/malone/data-engineering-pathway/.venv/lib/python3.11/site-packages/airflow/example_dags/example_branch_operator_decorator.py took 0.054 seconds
[2026-04-26T17:51:22.816+0100] {processor.py:161} INFO - Started process (PID=9611) to work on /Users/malone/data-engineering-pathway/.venv/lib/python3.11/site-packages/airflow/example_dags/example_branch_operator_decorator.py
[2026-04-26T17:51:22.816+0100] {processor.py:830} INFO - Processing file /Users/malone/data-engineering-pathway/.venv/lib/python3.11/site-packages/airflow/example_dags/example_branch_operator_decorator.py for tasks to queue
[2026-04-26T17:51:22.817+0100] {logging_mixin.py:188} INFO - [2026-04-26T17:51:22.817+0100] {dagbag.py:545} INFO - Filling up the DagBag from /Users/malone/data-engineering-pathway/.venv/lib/python3.11/site-packages/airflow/example_dags/example_branch_operator_decorator.py
[2026-04-26T17:51:22.828+0100] {processor.py:842} WARNING - No viable dags retrieved from /Users/malone/data-engineering-pathway/.venv/lib/python3.11/site-packages/airflow/example_dags/example_branch_operator_decorator.py
[2026-04-26T17:51:22.857+0100] {processor.py:183} INFO - Processing /Users/malone/data-engineering-pathway/.venv/lib/python3.11/site-packages/airflow/example_dags/example_branch_operator_decorator.py took 0.042 seconds
[2026-04-26T17:53:18.100+0100] {processor.py:161} INFO - Started process (PID=9740) to work on /Users/malone/data-engineering-pathway/.venv/lib/python3.11/site-packages/airflow/example_dags/example_branch_operator_decorator.py
[2026-04-26T17:53:18.101+0100] {processor.py:830} INFO - Processing file /Users/malone/data-engineering-pathway/.venv/lib/python3.11/site-packages/airflow/example_dags/example_branch_operator_decorator.py for tasks to queue
[2026-04-26T17:53:18.101+0100] {logging_mixin.py:188} INFO - [2026-04-26T17:53:18.101+0100] {dagbag.py:545} INFO - Filling up the DagBag from /Users/malone/data-engineering-pathway/.venv/lib/python3.11/site-packages/airflow/example_dags/example_branch_operator_decorator.py
[2026-04-26T17:53:18.111+0100] {processor.py:842} WARNING - No viable dags retrieved from /Users/malone/data-engineering-pathway/.venv/lib/python3.11/site-packages/airflow/example_dags/example_branch_operator_decorator.py
[2026-04-26T17:53:18.138+0100] {processor.py:183} INFO - Processing /Users/malone/data-engineering-pathway/.venv/lib/python3.11/site-packages/airflow/example_dags/example_branch_operator_decorator.py took 0.039 seconds
[2026-04-26T17:55:19.468+0100] {processor.py:161} INFO - Started process (PID=9910) to work on /Users/malone/data-engineering-pathway/.venv/lib/python3.11/site-packages/airflow/example_dags/example_branch_operator_decorator.py
[2026-04-26T17:55:19.468+0100] {processor.py:830} INFO - Processing file /Users/malone/data-engineering-pathway/.venv/lib/python3.11/site-packages/airflow/example_dags/example_branch_operator_decorator.py for tasks to queue
[2026-04-26T17:55:19.468+0100] {logging_mixin.py:188} INFO - [2026-04-26T17:55:19.468+0100] {dagbag.py:545} INFO - Filling up the DagBag from /Users/malone/data-engineering-pathway/.venv/lib/python3.11/site-packages/airflow/example_dags/example_branch_operator_decorator.py
[2026-04-26T17:55:19.479+0100] {processor.py:842} WARNING - No viable dags retrieved from /Users/malone/data-engineering-pathway/.venv/lib/python3.11/site-packages/airflow/example_dags/example_branch_operator_decorator.py
[2026-04-26T17:55:19.505+0100] {processor.py:183} INFO - Processing /Users/malone/data-engineering-pathway/.venv/lib/python3.11/site-packages/airflow/example_dags/example_branch_operator_decorator.py took 0.039 seconds
[2026-04-26T17:57:21.608+0100] {processor.py:161} INFO - Started process (PID=10151) to work on /Users/malone/data-engineering-pathway/.venv/lib/python3.11/site-packages/airflow/example_dags/example_branch_operator_decorator.py
[2026-04-26T17:57:21.609+0100] {processor.py:830} INFO - Processing file /Users/malone/data-engineering-pathway/.venv/lib/python3.11/site-packages/airflow/example_dags/example_branch_operator_decorator.py for tasks to queue
[2026-04-26T17:57:21.609+0100] {logging_mixin.py:188} INFO - [2026-04-26T17:57:21.609+0100] {dagbag.py:545} INFO - Filling up the DagBag from /Users/malone/data-engineering-pathway/.venv/lib/python3.11/site-packages/airflow/example_dags/example_branch_operator_decorator.py
[2026-04-26T17:57:21.617+0100] {processor.py:842} WARNING - No viable dags retrieved from /Users/malone/data-engineering-pathway/.venv/lib/python3.11/site-packages/airflow/example_dags/example_branch_operator_decorator.py
[2026-04-26T17:57:21.643+0100] {processor.py:183} INFO - Processing /Users/malone/data-engineering-pathway/.venv/lib/python3.11/site-packages/airflow/example_dags/example_branch_operator_decorator.py took 0.037 seconds
[2026-04-26T17:59:12.163+0100] {processor.py:161} INFO - Started process (PID=10334) to work on /Users/malone/data-engineering-pathway/.venv/lib/python3.11/site-packages/airflow/example_dags/example_branch_operator_decorator.py
[2026-04-26T17:59:12.166+0100] {processor.py:830} INFO - Processing file /Users/malone/data-engineering-pathway/.venv/lib/python3.11/site-packages/airflow/example_dags/example_branch_operator_decorator.py for tasks to queue
[2026-04-26T17:59:12.166+0100] {logging_mixin.py:188} INFO - [2026-04-26T17:59:12.166+0100] {dagbag.py:545} INFO - Filling up the DagBag from /Users/malone/data-engineering-pathway/.venv/lib/python3.11/site-packages/airflow/example_dags/example_branch_operator_decorator.py
[2026-04-26T17:59:12.174+0100] {processor.py:842} WARNING - No viable dags retrieved from /Users/malone/data-engineering-pathway/.venv/lib/python3.11/site-packages/airflow/example_dags/example_branch_operator_decorator.py
[2026-04-26T17:59:12.201+0100] {processor.py:183} INFO - Processing /Users/malone/data-engineering-pathway/.venv/lib/python3.11/site-packages/airflow/example_dags/example_branch_operator_decorator.py took 0.039 seconds
