[2026-04-26T17:38:49.593+0100] {processor.py:161} INFO - Started process (PID=8304) to work on /Users/malone/data-engineering-pathway/.venv/lib/python3.11/site-packages/airflow/example_dags/tutorial_taskflow_api.py
[2026-04-26T17:38:49.593+0100] {processor.py:830} INFO - Processing file /Users/malone/data-engineering-pathway/.venv/lib/python3.11/site-packages/airflow/example_dags/tutorial_taskflow_api.py for tasks to queue
[2026-04-26T17:38:49.594+0100] {logging_mixin.py:188} INFO - [2026-04-26T17:38:49.594+0100] {dagbag.py:545} INFO - Filling up the DagBag from /Users/malone/data-engineering-pathway/.venv/lib/python3.11/site-packages/airflow/example_dags/tutorial_taskflow_api.py
[2026-04-26T17:38:49.608+0100] {processor.py:840} INFO - DAG(s) 'tutorial_taskflow_api' retrieved from /Users/malone/data-engineering-pathway/.venv/lib/python3.11/site-packages/airflow/example_dags/tutorial_taskflow_api.py
[2026-04-26T17:38:49.622+0100] {logging_mixin.py:188} INFO - [2026-04-26T17:38:49.622+0100] {dag.py:3089} INFO - Sync 1 DAGs
[2026-04-26T17:38:49.649+0100] {logging_mixin.py:188} INFO - [2026-04-26T17:38:49.649+0100] {dag.py:3947} INFO - Setting next_dagrun for tutorial_taskflow_api to None, run_after=None
[2026-04-26T17:38:49.656+0100] {processor.py:183} INFO - Processing /Users/malone/data-engineering-pathway/.venv/lib/python3.11/site-packages/airflow/example_dags/tutorial_taskflow_api.py took 0.064 seconds
[2026-04-26T17:40:16.170+0100] {processor.py:161} INFO - Started process (PID=8452) to work on /Users/malone/data-engineering-pathway/.venv/lib/python3.11/site-packages/airflow/example_dags/tutorial_taskflow_api.py
[2026-04-26T17:40:16.171+0100] {processor.py:830} INFO - Processing file /Users/malone/data-engineering-pathway/.venv/lib/python3.11/site-packages/airflow/example_dags/tutorial_taskflow_api.py for tasks to queue
[2026-04-26T17:40:16.171+0100] {logging_mixin.py:188} INFO - [2026-04-26T17:40:16.171+0100] {dagbag.py:545} INFO - Filling up the DagBag from /Users/malone/data-engineering-pathway/.venv/lib/python3.11/site-packages/airflow/example_dags/tutorial_taskflow_api.py
[2026-04-26T17:40:16.186+0100] {processor.py:840} INFO - DAG(s) 'tutorial_taskflow_api' retrieved from /Users/malone/data-engineering-pathway/.venv/lib/python3.11/site-packages/airflow/example_dags/tutorial_taskflow_api.py
[2026-04-26T17:40:16.304+0100] {logging_mixin.py:188} INFO - [2026-04-26T17:40:16.304+0100] {dag.py:3089} INFO - Sync 1 DAGs
[2026-04-26T17:40:16.307+0100] {logging_mixin.py:188} INFO - [2026-04-26T17:40:16.307+0100] {dag.py:3947} INFO - Setting next_dagrun for tutorial_taskflow_api to None, run_after=None
[2026-04-26T17:40:16.313+0100] {processor.py:183} INFO - Processing /Users/malone/data-engineering-pathway/.venv/lib/python3.11/site-packages/airflow/example_dags/tutorial_taskflow_api.py took 0.144 seconds
[2026-04-26T17:41:15.505+0100] {processor.py:161} INFO - Started process (PID=8547) to work on /Users/malone/data-engineering-pathway/.venv/lib/python3.11/site-packages/airflow/example_dags/tutorial_taskflow_api.py
[2026-04-26T17:41:15.505+0100] {processor.py:830} INFO - Processing file /Users/malone/data-engineering-pathway/.venv/lib/python3.11/site-packages/airflow/example_dags/tutorial_taskflow_api.py for tasks to queue
[2026-04-26T17:41:15.506+0100] {logging_mixin.py:188} INFO - [2026-04-26T17:41:15.505+0100] {dagbag.py:545} INFO - Filling up the DagBag from /Users/malone/data-engineering-pathway/.venv/lib/python3.11/site-packages/airflow/example_dags/tutorial_taskflow_api.py
[2026-04-26T17:41:15.521+0100] {processor.py:840} INFO - DAG(s) 'tutorial_taskflow_api' retrieved from /Users/malone/data-engineering-pathway/.venv/lib/python3.11/site-packages/airflow/example_dags/tutorial_taskflow_api.py
[2026-04-26T17:41:15.570+0100] {logging_mixin.py:188} INFO - [2026-04-26T17:41:15.570+0100] {dag.py:3089} INFO - Sync 1 DAGs
[2026-04-26T17:41:15.573+0100] {logging_mixin.py:188} INFO - [2026-04-26T17:41:15.573+0100] {dag.py:3947} INFO - Setting next_dagrun for tutorial_taskflow_api to None, run_after=None
[2026-04-26T17:41:15.582+0100] {processor.py:183} INFO - Processing /Users/malone/data-engineering-pathway/.venv/lib/python3.11/site-packages/airflow/example_dags/tutorial_taskflow_api.py took 0.078 seconds
[2026-04-26T17:42:13.113+0100] {processor.py:161} INFO - Started process (PID=8631) to work on /Users/malone/data-engineering-pathway/.venv/lib/python3.11/site-packages/airflow/example_dags/tutorial_taskflow_api.py
[2026-04-26T17:42:13.113+0100] {processor.py:830} INFO - Processing file /Users/malone/data-engineering-pathway/.venv/lib/python3.11/site-packages/airflow/example_dags/tutorial_taskflow_api.py for tasks to queue
[2026-04-26T17:42:13.114+0100] {logging_mixin.py:188} INFO - [2026-04-26T17:42:13.114+0100] {dagbag.py:545} INFO - Filling up the DagBag from /Users/malone/data-engineering-pathway/.venv/lib/python3.11/site-packages/airflow/example_dags/tutorial_taskflow_api.py
[2026-04-26T17:42:13.130+0100] {processor.py:840} INFO - DAG(s) 'tutorial_taskflow_api' retrieved from /Users/malone/data-engineering-pathway/.venv/lib/python3.11/site-packages/airflow/example_dags/tutorial_taskflow_api.py
[2026-04-26T17:42:13.179+0100] {logging_mixin.py:188} INFO - [2026-04-26T17:42:13.179+0100] {dag.py:3089} INFO - Sync 1 DAGs
[2026-04-26T17:42:13.182+0100] {logging_mixin.py:188} INFO - [2026-04-26T17:42:13.182+0100] {dag.py:3947} INFO - Setting next_dagrun for tutorial_taskflow_api to None, run_after=None
[2026-04-26T17:42:13.191+0100] {processor.py:183} INFO - Processing /Users/malone/data-engineering-pathway/.venv/lib/python3.11/site-packages/airflow/example_dags/tutorial_taskflow_api.py took 0.079 seconds
[2026-04-26T17:43:13.596+0100] {processor.py:161} INFO - Started process (PID=8687) to work on /Users/malone/data-engineering-pathway/.venv/lib/python3.11/site-packages/airflow/example_dags/tutorial_taskflow_api.py
[2026-04-26T17:43:13.597+0100] {processor.py:830} INFO - Processing file /Users/malone/data-engineering-pathway/.venv/lib/python3.11/site-packages/airflow/example_dags/tutorial_taskflow_api.py for tasks to queue
[2026-04-26T17:43:13.597+0100] {logging_mixin.py:188} INFO - [2026-04-26T17:43:13.597+0100] {dagbag.py:545} INFO - Filling up the DagBag from /Users/malone/data-engineering-pathway/.venv/lib/python3.11/site-packages/airflow/example_dags/tutorial_taskflow_api.py
[2026-04-26T17:43:13.614+0100] {processor.py:840} INFO - DAG(s) 'tutorial_taskflow_api' retrieved from /Users/malone/data-engineering-pathway/.venv/lib/python3.11/site-packages/airflow/example_dags/tutorial_taskflow_api.py
[2026-04-26T17:43:13.663+0100] {logging_mixin.py:188} INFO - [2026-04-26T17:43:13.662+0100] {dag.py:3089} INFO - Sync 1 DAGs
[2026-04-26T17:43:13.667+0100] {logging_mixin.py:188} INFO - [2026-04-26T17:43:13.667+0100] {dag.py:3947} INFO - Setting next_dagrun for tutorial_taskflow_api to None, run_after=None
[2026-04-26T17:43:13.676+0100] {processor.py:183} INFO - Processing /Users/malone/data-engineering-pathway/.venv/lib/python3.11/site-packages/airflow/example_dags/tutorial_taskflow_api.py took 0.081 seconds
[2026-04-26T17:44:08.813+0100] {processor.py:161} INFO - Started process (PID=8805) to work on /Users/malone/data-engineering-pathway/.venv/lib/python3.11/site-packages/airflow/example_dags/tutorial_taskflow_api.py
[2026-04-26T17:44:08.814+0100] {processor.py:830} INFO - Processing file /Users/malone/data-engineering-pathway/.venv/lib/python3.11/site-packages/airflow/example_dags/tutorial_taskflow_api.py for tasks to queue
[2026-04-26T17:44:08.815+0100] {logging_mixin.py:188} INFO - [2026-04-26T17:44:08.815+0100] {dagbag.py:545} INFO - Filling up the DagBag from /Users/malone/data-engineering-pathway/.venv/lib/python3.11/site-packages/airflow/example_dags/tutorial_taskflow_api.py
[2026-04-26T17:44:08.830+0100] {processor.py:840} INFO - DAG(s) 'tutorial_taskflow_api' retrieved from /Users/malone/data-engineering-pathway/.venv/lib/python3.11/site-packages/airflow/example_dags/tutorial_taskflow_api.py
[2026-04-26T17:44:08.875+0100] {logging_mixin.py:188} INFO - [2026-04-26T17:44:08.875+0100] {dag.py:3089} INFO - Sync 1 DAGs
[2026-04-26T17:44:08.878+0100] {logging_mixin.py:188} INFO - [2026-04-26T17:44:08.878+0100] {dag.py:3947} INFO - Setting next_dagrun for tutorial_taskflow_api to None, run_after=None
[2026-04-26T17:44:08.887+0100] {processor.py:183} INFO - Processing /Users/malone/data-engineering-pathway/.venv/lib/python3.11/site-packages/airflow/example_dags/tutorial_taskflow_api.py took 0.075 seconds
[2026-04-26T17:45:01.637+0100] {processor.py:161} INFO - Started process (PID=8884) to work on /Users/malone/data-engineering-pathway/.venv/lib/python3.11/site-packages/airflow/example_dags/tutorial_taskflow_api.py
[2026-04-26T17:45:01.637+0100] {processor.py:830} INFO - Processing file /Users/malone/data-engineering-pathway/.venv/lib/python3.11/site-packages/airflow/example_dags/tutorial_taskflow_api.py for tasks to queue
[2026-04-26T17:45:01.638+0100] {logging_mixin.py:188} INFO - [2026-04-26T17:45:01.638+0100] {dagbag.py:545} INFO - Filling up the DagBag from /Users/malone/data-engineering-pathway/.venv/lib/python3.11/site-packages/airflow/example_dags/tutorial_taskflow_api.py
[2026-04-26T17:45:01.653+0100] {processor.py:840} INFO - DAG(s) 'tutorial_taskflow_api' retrieved from /Users/malone/data-engineering-pathway/.venv/lib/python3.11/site-packages/airflow/example_dags/tutorial_taskflow_api.py
[2026-04-26T17:45:01.702+0100] {logging_mixin.py:188} INFO - [2026-04-26T17:45:01.701+0100] {dag.py:3089} INFO - Sync 1 DAGs
[2026-04-26T17:45:01.705+0100] {logging_mixin.py:188} INFO - [2026-04-26T17:45:01.705+0100] {dag.py:3947} INFO - Setting next_dagrun for tutorial_taskflow_api to None, run_after=None
[2026-04-26T17:45:01.713+0100] {processor.py:183} INFO - Processing /Users/malone/data-engineering-pathway/.venv/lib/python3.11/site-packages/airflow/example_dags/tutorial_taskflow_api.py took 0.078 seconds
[2026-04-26T17:45:54.540+0100] {processor.py:161} INFO - Started process (PID=8974) to work on /Users/malone/data-engineering-pathway/.venv/lib/python3.11/site-packages/airflow/example_dags/tutorial_taskflow_api.py
[2026-04-26T17:45:54.540+0100] {processor.py:830} INFO - Processing file /Users/malone/data-engineering-pathway/.venv/lib/python3.11/site-packages/airflow/example_dags/tutorial_taskflow_api.py for tasks to queue
[2026-04-26T17:45:54.540+0100] {logging_mixin.py:188} INFO - [2026-04-26T17:45:54.540+0100] {dagbag.py:545} INFO - Filling up the DagBag from /Users/malone/data-engineering-pathway/.venv/lib/python3.11/site-packages/airflow/example_dags/tutorial_taskflow_api.py
[2026-04-26T17:45:54.556+0100] {processor.py:840} INFO - DAG(s) 'tutorial_taskflow_api' retrieved from /Users/malone/data-engineering-pathway/.venv/lib/python3.11/site-packages/airflow/example_dags/tutorial_taskflow_api.py
[2026-04-26T17:45:54.602+0100] {logging_mixin.py:188} INFO - [2026-04-26T17:45:54.601+0100] {dag.py:3089} INFO - Sync 1 DAGs
[2026-04-26T17:45:54.605+0100] {logging_mixin.py:188} INFO - [2026-04-26T17:45:54.605+0100] {dag.py:3947} INFO - Setting next_dagrun for tutorial_taskflow_api to None, run_after=None
[2026-04-26T17:45:54.613+0100] {processor.py:183} INFO - Processing /Users/malone/data-engineering-pathway/.venv/lib/python3.11/site-packages/airflow/example_dags/tutorial_taskflow_api.py took 0.075 seconds
[2026-04-26T17:46:48.358+0100] {processor.py:161} INFO - Started process (PID=9055) to work on /Users/malone/data-engineering-pathway/.venv/lib/python3.11/site-packages/airflow/example_dags/tutorial_taskflow_api.py
[2026-04-26T17:46:48.359+0100] {processor.py:830} INFO - Processing file /Users/malone/data-engineering-pathway/.venv/lib/python3.11/site-packages/airflow/example_dags/tutorial_taskflow_api.py for tasks to queue
[2026-04-26T17:46:48.359+0100] {logging_mixin.py:188} INFO - [2026-04-26T17:46:48.359+0100] {dagbag.py:545} INFO - Filling up the DagBag from /Users/malone/data-engineering-pathway/.venv/lib/python3.11/site-packages/airflow/example_dags/tutorial_taskflow_api.py
[2026-04-26T17:46:48.384+0100] {processor.py:840} INFO - DAG(s) 'tutorial_taskflow_api' retrieved from /Users/malone/data-engineering-pathway/.venv/lib/python3.11/site-packages/airflow/example_dags/tutorial_taskflow_api.py
[2026-04-26T17:46:48.432+0100] {logging_mixin.py:188} INFO - [2026-04-26T17:46:48.432+0100] {dag.py:3089} INFO - Sync 1 DAGs
[2026-04-26T17:46:48.435+0100] {logging_mixin.py:188} INFO - [2026-04-26T17:46:48.435+0100] {dag.py:3947} INFO - Setting next_dagrun for tutorial_taskflow_api to None, run_after=None
[2026-04-26T17:46:48.443+0100] {processor.py:183} INFO - Processing /Users/malone/data-engineering-pathway/.venv/lib/python3.11/site-packages/airflow/example_dags/tutorial_taskflow_api.py took 0.086 seconds
[2026-04-26T17:47:44.452+0100] {processor.py:161} INFO - Started process (PID=9151) to work on /Users/malone/data-engineering-pathway/.venv/lib/python3.11/site-packages/airflow/example_dags/tutorial_taskflow_api.py
[2026-04-26T17:47:44.453+0100] {processor.py:830} INFO - Processing file /Users/malone/data-engineering-pathway/.venv/lib/python3.11/site-packages/airflow/example_dags/tutorial_taskflow_api.py for tasks to queue
[2026-04-26T17:47:44.453+0100] {logging_mixin.py:188} INFO - [2026-04-26T17:47:44.453+0100] {dagbag.py:545} INFO - Filling up the DagBag from /Users/malone/data-engineering-pathway/.venv/lib/python3.11/site-packages/airflow/example_dags/tutorial_taskflow_api.py
[2026-04-26T17:47:44.468+0100] {processor.py:840} INFO - DAG(s) 'tutorial_taskflow_api' retrieved from /Users/malone/data-engineering-pathway/.venv/lib/python3.11/site-packages/airflow/example_dags/tutorial_taskflow_api.py
[2026-04-26T17:47:44.513+0100] {logging_mixin.py:188} INFO - [2026-04-26T17:47:44.513+0100] {dag.py:3089} INFO - Sync 1 DAGs
[2026-04-26T17:47:44.516+0100] {logging_mixin.py:188} INFO - [2026-04-26T17:47:44.516+0100] {dag.py:3947} INFO - Setting next_dagrun for tutorial_taskflow_api to None, run_after=None
[2026-04-26T17:47:44.525+0100] {processor.py:183} INFO - Processing /Users/malone/data-engineering-pathway/.venv/lib/python3.11/site-packages/airflow/example_dags/tutorial_taskflow_api.py took 0.074 seconds
[2026-04-26T17:48:41.518+0100] {processor.py:161} INFO - Started process (PID=9303) to work on /Users/malone/data-engineering-pathway/.venv/lib/python3.11/site-packages/airflow/example_dags/tutorial_taskflow_api.py
[2026-04-26T17:48:41.518+0100] {processor.py:830} INFO - Processing file /Users/malone/data-engineering-pathway/.venv/lib/python3.11/site-packages/airflow/example_dags/tutorial_taskflow_api.py for tasks to queue
[2026-04-26T17:48:41.519+0100] {logging_mixin.py:188} INFO - [2026-04-26T17:48:41.519+0100] {dagbag.py:545} INFO - Filling up the DagBag from /Users/malone/data-engineering-pathway/.venv/lib/python3.11/site-packages/airflow/example_dags/tutorial_taskflow_api.py
[2026-04-26T17:48:41.534+0100] {processor.py:840} INFO - DAG(s) 'tutorial_taskflow_api' retrieved from /Users/malone/data-engineering-pathway/.venv/lib/python3.11/site-packages/airflow/example_dags/tutorial_taskflow_api.py
[2026-04-26T17:48:41.581+0100] {logging_mixin.py:188} INFO - [2026-04-26T17:48:41.581+0100] {dag.py:3089} INFO - Sync 1 DAGs
[2026-04-26T17:48:41.585+0100] {logging_mixin.py:188} INFO - [2026-04-26T17:48:41.585+0100] {dag.py:3947} INFO - Setting next_dagrun for tutorial_taskflow_api to None, run_after=None
[2026-04-26T17:48:41.594+0100] {processor.py:183} INFO - Processing /Users/malone/data-engineering-pathway/.venv/lib/python3.11/site-packages/airflow/example_dags/tutorial_taskflow_api.py took 0.077 seconds
[2026-04-26T17:49:40.352+0100] {processor.py:161} INFO - Started process (PID=9467) to work on /Users/malone/data-engineering-pathway/.venv/lib/python3.11/site-packages/airflow/example_dags/tutorial_taskflow_api.py
[2026-04-26T17:49:40.354+0100] {processor.py:830} INFO - Processing file /Users/malone/data-engineering-pathway/.venv/lib/python3.11/site-packages/airflow/example_dags/tutorial_taskflow_api.py for tasks to queue
[2026-04-26T17:49:40.354+0100] {logging_mixin.py:188} INFO - [2026-04-26T17:49:40.354+0100] {dagbag.py:545} INFO - Filling up the DagBag from /Users/malone/data-engineering-pathway/.venv/lib/python3.11/site-packages/airflow/example_dags/tutorial_taskflow_api.py
[2026-04-26T17:49:40.369+0100] {processor.py:840} INFO - DAG(s) 'tutorial_taskflow_api' retrieved from /Users/malone/data-engineering-pathway/.venv/lib/python3.11/site-packages/airflow/example_dags/tutorial_taskflow_api.py
[2026-04-26T17:49:40.416+0100] {logging_mixin.py:188} INFO - [2026-04-26T17:49:40.416+0100] {dag.py:3089} INFO - Sync 1 DAGs
[2026-04-26T17:49:40.420+0100] {logging_mixin.py:188} INFO - [2026-04-26T17:49:40.420+0100] {dag.py:3947} INFO - Setting next_dagrun for tutorial_taskflow_api to None, run_after=None
[2026-04-26T17:49:40.434+0100] {processor.py:183} INFO - Processing /Users/malone/data-engineering-pathway/.venv/lib/python3.11/site-packages/airflow/example_dags/tutorial_taskflow_api.py took 0.083 seconds
[2026-04-26T17:50:42.024+0100] {processor.py:161} INFO - Started process (PID=9556) to work on /Users/malone/data-engineering-pathway/.venv/lib/python3.11/site-packages/airflow/example_dags/tutorial_taskflow_api.py
[2026-04-26T17:50:42.024+0100] {processor.py:830} INFO - Processing file /Users/malone/data-engineering-pathway/.venv/lib/python3.11/site-packages/airflow/example_dags/tutorial_taskflow_api.py for tasks to queue
[2026-04-26T17:50:42.025+0100] {logging_mixin.py:188} INFO - [2026-04-26T17:50:42.025+0100] {dagbag.py:545} INFO - Filling up the DagBag from /Users/malone/data-engineering-pathway/.venv/lib/python3.11/site-packages/airflow/example_dags/tutorial_taskflow_api.py
[2026-04-26T17:50:42.042+0100] {processor.py:840} INFO - DAG(s) 'tutorial_taskflow_api' retrieved from /Users/malone/data-engineering-pathway/.venv/lib/python3.11/site-packages/airflow/example_dags/tutorial_taskflow_api.py
[2026-04-26T17:50:42.090+0100] {logging_mixin.py:188} INFO - [2026-04-26T17:50:42.090+0100] {dag.py:3089} INFO - Sync 1 DAGs
[2026-04-26T17:50:42.093+0100] {logging_mixin.py:188} INFO - [2026-04-26T17:50:42.093+0100] {dag.py:3947} INFO - Setting next_dagrun for tutorial_taskflow_api to None, run_after=None
[2026-04-26T17:50:42.104+0100] {processor.py:183} INFO - Processing /Users/malone/data-engineering-pathway/.venv/lib/python3.11/site-packages/airflow/example_dags/tutorial_taskflow_api.py took 0.082 seconds
[2026-04-26T17:51:44.025+0100] {processor.py:161} INFO - Started process (PID=9646) to work on /Users/malone/data-engineering-pathway/.venv/lib/python3.11/site-packages/airflow/example_dags/tutorial_taskflow_api.py
[2026-04-26T17:51:44.026+0100] {processor.py:830} INFO - Processing file /Users/malone/data-engineering-pathway/.venv/lib/python3.11/site-packages/airflow/example_dags/tutorial_taskflow_api.py for tasks to queue
[2026-04-26T17:51:44.026+0100] {logging_mixin.py:188} INFO - [2026-04-26T17:51:44.026+0100] {dagbag.py:545} INFO - Filling up the DagBag from /Users/malone/data-engineering-pathway/.venv/lib/python3.11/site-packages/airflow/example_dags/tutorial_taskflow_api.py
[2026-04-26T17:51:44.041+0100] {processor.py:840} INFO - DAG(s) 'tutorial_taskflow_api' retrieved from /Users/malone/data-engineering-pathway/.venv/lib/python3.11/site-packages/airflow/example_dags/tutorial_taskflow_api.py
[2026-04-26T17:51:44.085+0100] {logging_mixin.py:188} INFO - [2026-04-26T17:51:44.084+0100] {dag.py:3089} INFO - Sync 1 DAGs
[2026-04-26T17:51:44.088+0100] {logging_mixin.py:188} INFO - [2026-04-26T17:51:44.088+0100] {dag.py:3947} INFO - Setting next_dagrun for tutorial_taskflow_api to None, run_after=None
[2026-04-26T17:51:44.096+0100] {processor.py:183} INFO - Processing /Users/malone/data-engineering-pathway/.venv/lib/python3.11/site-packages/airflow/example_dags/tutorial_taskflow_api.py took 0.072 seconds
[2026-04-26T17:52:44.083+0100] {processor.py:161} INFO - Started process (PID=9707) to work on /Users/malone/data-engineering-pathway/.venv/lib/python3.11/site-packages/airflow/example_dags/tutorial_taskflow_api.py
[2026-04-26T17:52:44.084+0100] {processor.py:830} INFO - Processing file /Users/malone/data-engineering-pathway/.venv/lib/python3.11/site-packages/airflow/example_dags/tutorial_taskflow_api.py for tasks to queue
[2026-04-26T17:52:44.084+0100] {logging_mixin.py:188} INFO - [2026-04-26T17:52:44.084+0100] {dagbag.py:545} INFO - Filling up the DagBag from /Users/malone/data-engineering-pathway/.venv/lib/python3.11/site-packages/airflow/example_dags/tutorial_taskflow_api.py
[2026-04-26T17:52:44.100+0100] {processor.py:840} INFO - DAG(s) 'tutorial_taskflow_api' retrieved from /Users/malone/data-engineering-pathway/.venv/lib/python3.11/site-packages/airflow/example_dags/tutorial_taskflow_api.py
[2026-04-26T17:52:44.145+0100] {logging_mixin.py:188} INFO - [2026-04-26T17:52:44.145+0100] {dag.py:3089} INFO - Sync 1 DAGs
[2026-04-26T17:52:44.148+0100] {logging_mixin.py:188} INFO - [2026-04-26T17:52:44.148+0100] {dag.py:3947} INFO - Setting next_dagrun for tutorial_taskflow_api to None, run_after=None
[2026-04-26T17:52:44.155+0100] {processor.py:183} INFO - Processing /Users/malone/data-engineering-pathway/.venv/lib/python3.11/site-packages/airflow/example_dags/tutorial_taskflow_api.py took 0.073 seconds
[2026-04-26T17:53:39.445+0100] {processor.py:161} INFO - Started process (PID=9782) to work on /Users/malone/data-engineering-pathway/.venv/lib/python3.11/site-packages/airflow/example_dags/tutorial_taskflow_api.py
[2026-04-26T17:53:39.445+0100] {processor.py:830} INFO - Processing file /Users/malone/data-engineering-pathway/.venv/lib/python3.11/site-packages/airflow/example_dags/tutorial_taskflow_api.py for tasks to queue
[2026-04-26T17:53:39.446+0100] {logging_mixin.py:188} INFO - [2026-04-26T17:53:39.445+0100] {dagbag.py:545} INFO - Filling up the DagBag from /Users/malone/data-engineering-pathway/.venv/lib/python3.11/site-packages/airflow/example_dags/tutorial_taskflow_api.py
[2026-04-26T17:53:39.461+0100] {processor.py:840} INFO - DAG(s) 'tutorial_taskflow_api' retrieved from /Users/malone/data-engineering-pathway/.venv/lib/python3.11/site-packages/airflow/example_dags/tutorial_taskflow_api.py
[2026-04-26T17:53:39.510+0100] {logging_mixin.py:188} INFO - [2026-04-26T17:53:39.510+0100] {dag.py:3089} INFO - Sync 1 DAGs
[2026-04-26T17:53:39.513+0100] {logging_mixin.py:188} INFO - [2026-04-26T17:53:39.513+0100] {dag.py:3947} INFO - Setting next_dagrun for tutorial_taskflow_api to None, run_after=None
[2026-04-26T17:53:39.522+0100] {processor.py:183} INFO - Processing /Users/malone/data-engineering-pathway/.venv/lib/python3.11/site-packages/airflow/example_dags/tutorial_taskflow_api.py took 0.078 seconds
[2026-04-26T17:54:41.474+0100] {processor.py:161} INFO - Started process (PID=9853) to work on /Users/malone/data-engineering-pathway/.venv/lib/python3.11/site-packages/airflow/example_dags/tutorial_taskflow_api.py
[2026-04-26T17:54:41.477+0100] {processor.py:830} INFO - Processing file /Users/malone/data-engineering-pathway/.venv/lib/python3.11/site-packages/airflow/example_dags/tutorial_taskflow_api.py for tasks to queue
[2026-04-26T17:54:41.478+0100] {logging_mixin.py:188} INFO - [2026-04-26T17:54:41.478+0100] {dagbag.py:545} INFO - Filling up the DagBag from /Users/malone/data-engineering-pathway/.venv/lib/python3.11/site-packages/airflow/example_dags/tutorial_taskflow_api.py
[2026-04-26T17:54:41.519+0100] {processor.py:840} INFO - DAG(s) 'tutorial_taskflow_api' retrieved from /Users/malone/data-engineering-pathway/.venv/lib/python3.11/site-packages/airflow/example_dags/tutorial_taskflow_api.py
[2026-04-26T17:54:41.611+0100] {logging_mixin.py:188} INFO - [2026-04-26T17:54:41.611+0100] {dag.py:3089} INFO - Sync 1 DAGs
[2026-04-26T17:54:41.618+0100] {logging_mixin.py:188} INFO - [2026-04-26T17:54:41.618+0100] {dag.py:3947} INFO - Setting next_dagrun for tutorial_taskflow_api to None, run_after=None
[2026-04-26T17:54:41.632+0100] {processor.py:183} INFO - Processing /Users/malone/data-engineering-pathway/.venv/lib/python3.11/site-packages/airflow/example_dags/tutorial_taskflow_api.py took 0.161 seconds
[2026-04-26T17:55:43.416+0100] {processor.py:161} INFO - Started process (PID=9968) to work on /Users/malone/data-engineering-pathway/.venv/lib/python3.11/site-packages/airflow/example_dags/tutorial_taskflow_api.py
[2026-04-26T17:55:43.417+0100] {processor.py:830} INFO - Processing file /Users/malone/data-engineering-pathway/.venv/lib/python3.11/site-packages/airflow/example_dags/tutorial_taskflow_api.py for tasks to queue
[2026-04-26T17:55:43.417+0100] {logging_mixin.py:188} INFO - [2026-04-26T17:55:43.417+0100] {dagbag.py:545} INFO - Filling up the DagBag from /Users/malone/data-engineering-pathway/.venv/lib/python3.11/site-packages/airflow/example_dags/tutorial_taskflow_api.py
[2026-04-26T17:55:43.434+0100] {processor.py:840} INFO - DAG(s) 'tutorial_taskflow_api' retrieved from /Users/malone/data-engineering-pathway/.venv/lib/python3.11/site-packages/airflow/example_dags/tutorial_taskflow_api.py
[2026-04-26T17:55:43.486+0100] {logging_mixin.py:188} INFO - [2026-04-26T17:55:43.486+0100] {dag.py:3089} INFO - Sync 1 DAGs
[2026-04-26T17:55:43.490+0100] {logging_mixin.py:188} INFO - [2026-04-26T17:55:43.490+0100] {dag.py:3947} INFO - Setting next_dagrun for tutorial_taskflow_api to None, run_after=None
[2026-04-26T17:55:43.499+0100] {processor.py:183} INFO - Processing /Users/malone/data-engineering-pathway/.venv/lib/python3.11/site-packages/airflow/example_dags/tutorial_taskflow_api.py took 0.084 seconds
[2026-04-26T17:56:43.505+0100] {processor.py:161} INFO - Started process (PID=10101) to work on /Users/malone/data-engineering-pathway/.venv/lib/python3.11/site-packages/airflow/example_dags/tutorial_taskflow_api.py
[2026-04-26T17:56:43.506+0100] {processor.py:830} INFO - Processing file /Users/malone/data-engineering-pathway/.venv/lib/python3.11/site-packages/airflow/example_dags/tutorial_taskflow_api.py for tasks to queue
[2026-04-26T17:56:43.507+0100] {logging_mixin.py:188} INFO - [2026-04-26T17:56:43.506+0100] {dagbag.py:545} INFO - Filling up the DagBag from /Users/malone/data-engineering-pathway/.venv/lib/python3.11/site-packages/airflow/example_dags/tutorial_taskflow_api.py
[2026-04-26T17:56:43.521+0100] {processor.py:840} INFO - DAG(s) 'tutorial_taskflow_api' retrieved from /Users/malone/data-engineering-pathway/.venv/lib/python3.11/site-packages/airflow/example_dags/tutorial_taskflow_api.py
[2026-04-26T17:56:43.569+0100] {logging_mixin.py:188} INFO - [2026-04-26T17:56:43.569+0100] {dag.py:3089} INFO - Sync 1 DAGs
[2026-04-26T17:56:43.573+0100] {logging_mixin.py:188} INFO - [2026-04-26T17:56:43.573+0100] {dag.py:3947} INFO - Setting next_dagrun for tutorial_taskflow_api to None, run_after=None
[2026-04-26T17:56:43.583+0100] {processor.py:183} INFO - Processing /Users/malone/data-engineering-pathway/.venv/lib/python3.11/site-packages/airflow/example_dags/tutorial_taskflow_api.py took 0.079 seconds
[2026-04-26T17:57:43.791+0100] {processor.py:161} INFO - Started process (PID=10193) to work on /Users/malone/data-engineering-pathway/.venv/lib/python3.11/site-packages/airflow/example_dags/tutorial_taskflow_api.py
[2026-04-26T17:57:43.792+0100] {processor.py:830} INFO - Processing file /Users/malone/data-engineering-pathway/.venv/lib/python3.11/site-packages/airflow/example_dags/tutorial_taskflow_api.py for tasks to queue
[2026-04-26T17:57:43.792+0100] {logging_mixin.py:188} INFO - [2026-04-26T17:57:43.792+0100] {dagbag.py:545} INFO - Filling up the DagBag from /Users/malone/data-engineering-pathway/.venv/lib/python3.11/site-packages/airflow/example_dags/tutorial_taskflow_api.py
[2026-04-26T17:57:43.807+0100] {processor.py:840} INFO - DAG(s) 'tutorial_taskflow_api' retrieved from /Users/malone/data-engineering-pathway/.venv/lib/python3.11/site-packages/airflow/example_dags/tutorial_taskflow_api.py
[2026-04-26T17:57:43.854+0100] {logging_mixin.py:188} INFO - [2026-04-26T17:57:43.854+0100] {dag.py:3089} INFO - Sync 1 DAGs
[2026-04-26T17:57:43.857+0100] {logging_mixin.py:188} INFO - [2026-04-26T17:57:43.857+0100] {dag.py:3947} INFO - Setting next_dagrun for tutorial_taskflow_api to None, run_after=None
[2026-04-26T17:57:43.866+0100] {processor.py:183} INFO - Processing /Users/malone/data-engineering-pathway/.venv/lib/python3.11/site-packages/airflow/example_dags/tutorial_taskflow_api.py took 0.076 seconds
[2026-04-26T17:58:36.771+0100] {processor.py:161} INFO - Started process (PID=10274) to work on /Users/malone/data-engineering-pathway/.venv/lib/python3.11/site-packages/airflow/example_dags/tutorial_taskflow_api.py
[2026-04-26T17:58:36.772+0100] {processor.py:830} INFO - Processing file /Users/malone/data-engineering-pathway/.venv/lib/python3.11/site-packages/airflow/example_dags/tutorial_taskflow_api.py for tasks to queue
[2026-04-26T17:58:36.772+0100] {logging_mixin.py:188} INFO - [2026-04-26T17:58:36.772+0100] {dagbag.py:545} INFO - Filling up the DagBag from /Users/malone/data-engineering-pathway/.venv/lib/python3.11/site-packages/airflow/example_dags/tutorial_taskflow_api.py
[2026-04-26T17:58:36.787+0100] {processor.py:840} INFO - DAG(s) 'tutorial_taskflow_api' retrieved from /Users/malone/data-engineering-pathway/.venv/lib/python3.11/site-packages/airflow/example_dags/tutorial_taskflow_api.py
[2026-04-26T17:58:36.833+0100] {logging_mixin.py:188} INFO - [2026-04-26T17:58:36.832+0100] {dag.py:3089} INFO - Sync 1 DAGs
[2026-04-26T17:58:36.836+0100] {logging_mixin.py:188} INFO - [2026-04-26T17:58:36.836+0100] {dag.py:3947} INFO - Setting next_dagrun for tutorial_taskflow_api to None, run_after=None
[2026-04-26T17:58:36.845+0100] {processor.py:183} INFO - Processing /Users/malone/data-engineering-pathway/.venv/lib/python3.11/site-packages/airflow/example_dags/tutorial_taskflow_api.py took 0.074 seconds
[2026-04-26T17:59:34.778+0100] {processor.py:161} INFO - Started process (PID=10372) to work on /Users/malone/data-engineering-pathway/.venv/lib/python3.11/site-packages/airflow/example_dags/tutorial_taskflow_api.py
[2026-04-26T17:59:34.780+0100] {processor.py:830} INFO - Processing file /Users/malone/data-engineering-pathway/.venv/lib/python3.11/site-packages/airflow/example_dags/tutorial_taskflow_api.py for tasks to queue
[2026-04-26T17:59:34.781+0100] {logging_mixin.py:188} INFO - [2026-04-26T17:59:34.781+0100] {dagbag.py:545} INFO - Filling up the DagBag from /Users/malone/data-engineering-pathway/.venv/lib/python3.11/site-packages/airflow/example_dags/tutorial_taskflow_api.py
[2026-04-26T17:59:34.799+0100] {processor.py:840} INFO - DAG(s) 'tutorial_taskflow_api' retrieved from /Users/malone/data-engineering-pathway/.venv/lib/python3.11/site-packages/airflow/example_dags/tutorial_taskflow_api.py
[2026-04-26T17:59:34.852+0100] {logging_mixin.py:188} INFO - [2026-04-26T17:59:34.852+0100] {dag.py:3089} INFO - Sync 1 DAGs
[2026-04-26T17:59:34.855+0100] {logging_mixin.py:188} INFO - [2026-04-26T17:59:34.855+0100] {dag.py:3947} INFO - Setting next_dagrun for tutorial_taskflow_api to None, run_after=None
[2026-04-26T17:59:34.865+0100] {processor.py:183} INFO - Processing /Users/malone/data-engineering-pathway/.venv/lib/python3.11/site-packages/airflow/example_dags/tutorial_taskflow_api.py took 0.088 seconds
