[2026-04-26T17:38:54.755+0100] {processor.py:161} INFO - Started process (PID=8312) to work on /Users/malone/data-engineering-pathway/.venv/lib/python3.11/site-packages/airflow/example_dags/tutorial.py
[2026-04-26T17:38:54.755+0100] {processor.py:830} INFO - Processing file /Users/malone/data-engineering-pathway/.venv/lib/python3.11/site-packages/airflow/example_dags/tutorial.py for tasks to queue
[2026-04-26T17:38:54.755+0100] {logging_mixin.py:188} INFO - [2026-04-26T17:38:54.755+0100] {dagbag.py:545} INFO - Filling up the DagBag from /Users/malone/data-engineering-pathway/.venv/lib/python3.11/site-packages/airflow/example_dags/tutorial.py
[2026-04-26T17:38:54.758+0100] {processor.py:840} INFO - DAG(s) 'tutorial' retrieved from /Users/malone/data-engineering-pathway/.venv/lib/python3.11/site-packages/airflow/example_dags/tutorial.py
[2026-04-26T17:38:54.767+0100] {logging_mixin.py:188} INFO - [2026-04-26T17:38:54.767+0100] {dag.py:3089} INFO - Sync 1 DAGs
[2026-04-26T17:38:54.798+0100] {logging_mixin.py:188} INFO - [2026-04-26T17:38:54.798+0100] {dag.py:3947} INFO - Setting next_dagrun for tutorial to 2026-04-25 00:00:00+00:00, run_after=2026-04-26 00:00:00+00:00
[2026-04-26T17:38:54.805+0100] {processor.py:183} INFO - Processing /Users/malone/data-engineering-pathway/.venv/lib/python3.11/site-packages/airflow/example_dags/tutorial.py took 0.051 seconds
[2026-04-26T17:40:21.826+0100] {processor.py:161} INFO - Started process (PID=8459) to work on /Users/malone/data-engineering-pathway/.venv/lib/python3.11/site-packages/airflow/example_dags/tutorial.py
[2026-04-26T17:40:21.826+0100] {processor.py:830} INFO - Processing file /Users/malone/data-engineering-pathway/.venv/lib/python3.11/site-packages/airflow/example_dags/tutorial.py for tasks to queue
[2026-04-26T17:40:21.827+0100] {logging_mixin.py:188} INFO - [2026-04-26T17:40:21.827+0100] {dagbag.py:545} INFO - Filling up the DagBag from /Users/malone/data-engineering-pathway/.venv/lib/python3.11/site-packages/airflow/example_dags/tutorial.py
[2026-04-26T17:40:21.829+0100] {processor.py:840} INFO - DAG(s) 'tutorial' retrieved from /Users/malone/data-engineering-pathway/.venv/lib/python3.11/site-packages/airflow/example_dags/tutorial.py
[2026-04-26T17:40:21.924+0100] {logging_mixin.py:188} INFO - [2026-04-26T17:40:21.924+0100] {dag.py:3089} INFO - Sync 1 DAGs
[2026-04-26T17:40:21.929+0100] {logging_mixin.py:188} INFO - [2026-04-26T17:40:21.929+0100] {dag.py:3947} INFO - Setting next_dagrun for tutorial to 2026-04-25 00:00:00+00:00, run_after=2026-04-26 00:00:00+00:00
[2026-04-26T17:40:21.937+0100] {processor.py:183} INFO - Processing /Users/malone/data-engineering-pathway/.venv/lib/python3.11/site-packages/airflow/example_dags/tutorial.py took 0.113 seconds
[2026-04-26T17:41:19.801+0100] {processor.py:161} INFO - Started process (PID=8554) to work on /Users/malone/data-engineering-pathway/.venv/lib/python3.11/site-packages/airflow/example_dags/tutorial.py
[2026-04-26T17:41:19.802+0100] {processor.py:830} INFO - Processing file /Users/malone/data-engineering-pathway/.venv/lib/python3.11/site-packages/airflow/example_dags/tutorial.py for tasks to queue
[2026-04-26T17:41:19.802+0100] {logging_mixin.py:188} INFO - [2026-04-26T17:41:19.802+0100] {dagbag.py:545} INFO - Filling up the DagBag from /Users/malone/data-engineering-pathway/.venv/lib/python3.11/site-packages/airflow/example_dags/tutorial.py
[2026-04-26T17:41:19.805+0100] {processor.py:840} INFO - DAG(s) 'tutorial' retrieved from /Users/malone/data-engineering-pathway/.venv/lib/python3.11/site-packages/airflow/example_dags/tutorial.py
[2026-04-26T17:41:19.844+0100] {logging_mixin.py:188} INFO - [2026-04-26T17:41:19.844+0100] {dag.py:3089} INFO - Sync 1 DAGs
[2026-04-26T17:41:19.850+0100] {logging_mixin.py:188} INFO - [2026-04-26T17:41:19.850+0100] {dag.py:3947} INFO - Setting next_dagrun for tutorial to 2026-04-25 00:00:00+00:00, run_after=2026-04-26 00:00:00+00:00
[2026-04-26T17:41:19.857+0100] {processor.py:183} INFO - Processing /Users/malone/data-engineering-pathway/.venv/lib/python3.11/site-packages/airflow/example_dags/tutorial.py took 0.056 seconds
[2026-04-26T17:42:18.572+0100] {processor.py:161} INFO - Started process (PID=8634) to work on /Users/malone/data-engineering-pathway/.venv/lib/python3.11/site-packages/airflow/example_dags/tutorial.py
[2026-04-26T17:42:18.572+0100] {processor.py:830} INFO - Processing file /Users/malone/data-engineering-pathway/.venv/lib/python3.11/site-packages/airflow/example_dags/tutorial.py for tasks to queue
[2026-04-26T17:42:18.572+0100] {logging_mixin.py:188} INFO - [2026-04-26T17:42:18.572+0100] {dagbag.py:545} INFO - Filling up the DagBag from /Users/malone/data-engineering-pathway/.venv/lib/python3.11/site-packages/airflow/example_dags/tutorial.py
[2026-04-26T17:42:18.575+0100] {processor.py:840} INFO - DAG(s) 'tutorial' retrieved from /Users/malone/data-engineering-pathway/.venv/lib/python3.11/site-packages/airflow/example_dags/tutorial.py
[2026-04-26T17:42:18.617+0100] {logging_mixin.py:188} INFO - [2026-04-26T17:42:18.617+0100] {dag.py:3089} INFO - Sync 1 DAGs
[2026-04-26T17:42:18.624+0100] {logging_mixin.py:188} INFO - [2026-04-26T17:42:18.624+0100] {dag.py:3947} INFO - Setting next_dagrun for tutorial to 2026-04-25 00:00:00+00:00, run_after=2026-04-26 00:00:00+00:00
[2026-04-26T17:42:18.632+0100] {processor.py:183} INFO - Processing /Users/malone/data-engineering-pathway/.venv/lib/python3.11/site-packages/airflow/example_dags/tutorial.py took 0.061 seconds
[2026-04-26T17:43:19.445+0100] {processor.py:161} INFO - Started process (PID=8702) to work on /Users/malone/data-engineering-pathway/.venv/lib/python3.11/site-packages/airflow/example_dags/tutorial.py
[2026-04-26T17:43:19.445+0100] {processor.py:830} INFO - Processing file /Users/malone/data-engineering-pathway/.venv/lib/python3.11/site-packages/airflow/example_dags/tutorial.py for tasks to queue
[2026-04-26T17:43:19.446+0100] {logging_mixin.py:188} INFO - [2026-04-26T17:43:19.446+0100] {dagbag.py:545} INFO - Filling up the DagBag from /Users/malone/data-engineering-pathway/.venv/lib/python3.11/site-packages/airflow/example_dags/tutorial.py
[2026-04-26T17:43:19.449+0100] {processor.py:840} INFO - DAG(s) 'tutorial' retrieved from /Users/malone/data-engineering-pathway/.venv/lib/python3.11/site-packages/airflow/example_dags/tutorial.py
[2026-04-26T17:43:19.489+0100] {logging_mixin.py:188} INFO - [2026-04-26T17:43:19.488+0100] {dag.py:3089} INFO - Sync 1 DAGs
[2026-04-26T17:43:19.495+0100] {logging_mixin.py:188} INFO - [2026-04-26T17:43:19.495+0100] {dag.py:3947} INFO - Setting next_dagrun for tutorial to 2026-04-25 00:00:00+00:00, run_after=2026-04-26 00:00:00+00:00
[2026-04-26T17:43:19.501+0100] {processor.py:183} INFO - Processing /Users/malone/data-engineering-pathway/.venv/lib/python3.11/site-packages/airflow/example_dags/tutorial.py took 0.058 seconds
[2026-04-26T17:44:14.190+0100] {processor.py:161} INFO - Started process (PID=8812) to work on /Users/malone/data-engineering-pathway/.venv/lib/python3.11/site-packages/airflow/example_dags/tutorial.py
[2026-04-26T17:44:14.190+0100] {processor.py:830} INFO - Processing file /Users/malone/data-engineering-pathway/.venv/lib/python3.11/site-packages/airflow/example_dags/tutorial.py for tasks to queue
[2026-04-26T17:44:14.191+0100] {logging_mixin.py:188} INFO - [2026-04-26T17:44:14.190+0100] {dagbag.py:545} INFO - Filling up the DagBag from /Users/malone/data-engineering-pathway/.venv/lib/python3.11/site-packages/airflow/example_dags/tutorial.py
[2026-04-26T17:44:14.193+0100] {processor.py:840} INFO - DAG(s) 'tutorial' retrieved from /Users/malone/data-engineering-pathway/.venv/lib/python3.11/site-packages/airflow/example_dags/tutorial.py
[2026-04-26T17:44:14.231+0100] {logging_mixin.py:188} INFO - [2026-04-26T17:44:14.231+0100] {dag.py:3089} INFO - Sync 1 DAGs
[2026-04-26T17:44:14.237+0100] {logging_mixin.py:188} INFO - [2026-04-26T17:44:14.237+0100] {dag.py:3947} INFO - Setting next_dagrun for tutorial to 2026-04-25 00:00:00+00:00, run_after=2026-04-26 00:00:00+00:00
[2026-04-26T17:44:14.246+0100] {processor.py:183} INFO - Processing /Users/malone/data-engineering-pathway/.venv/lib/python3.11/site-packages/airflow/example_dags/tutorial.py took 0.057 seconds
[2026-04-26T17:45:06.253+0100] {processor.py:161} INFO - Started process (PID=8891) to work on /Users/malone/data-engineering-pathway/.venv/lib/python3.11/site-packages/airflow/example_dags/tutorial.py
[2026-04-26T17:45:06.254+0100] {processor.py:830} INFO - Processing file /Users/malone/data-engineering-pathway/.venv/lib/python3.11/site-packages/airflow/example_dags/tutorial.py for tasks to queue
[2026-04-26T17:45:06.254+0100] {logging_mixin.py:188} INFO - [2026-04-26T17:45:06.254+0100] {dagbag.py:545} INFO - Filling up the DagBag from /Users/malone/data-engineering-pathway/.venv/lib/python3.11/site-packages/airflow/example_dags/tutorial.py
[2026-04-26T17:45:06.257+0100] {processor.py:840} INFO - DAG(s) 'tutorial' retrieved from /Users/malone/data-engineering-pathway/.venv/lib/python3.11/site-packages/airflow/example_dags/tutorial.py
[2026-04-26T17:45:06.295+0100] {logging_mixin.py:188} INFO - [2026-04-26T17:45:06.294+0100] {dag.py:3089} INFO - Sync 1 DAGs
[2026-04-26T17:45:06.301+0100] {logging_mixin.py:188} INFO - [2026-04-26T17:45:06.301+0100] {dag.py:3947} INFO - Setting next_dagrun for tutorial to 2026-04-25 00:00:00+00:00, run_after=2026-04-26 00:00:00+00:00
[2026-04-26T17:45:06.308+0100] {processor.py:183} INFO - Processing /Users/malone/data-engineering-pathway/.venv/lib/python3.11/site-packages/airflow/example_dags/tutorial.py took 0.056 seconds
[2026-04-26T17:45:59.433+0100] {processor.py:161} INFO - Started process (PID=8981) to work on /Users/malone/data-engineering-pathway/.venv/lib/python3.11/site-packages/airflow/example_dags/tutorial.py
[2026-04-26T17:45:59.434+0100] {processor.py:830} INFO - Processing file /Users/malone/data-engineering-pathway/.venv/lib/python3.11/site-packages/airflow/example_dags/tutorial.py for tasks to queue
[2026-04-26T17:45:59.435+0100] {logging_mixin.py:188} INFO - [2026-04-26T17:45:59.435+0100] {dagbag.py:545} INFO - Filling up the DagBag from /Users/malone/data-engineering-pathway/.venv/lib/python3.11/site-packages/airflow/example_dags/tutorial.py
[2026-04-26T17:45:59.438+0100] {processor.py:840} INFO - DAG(s) 'tutorial' retrieved from /Users/malone/data-engineering-pathway/.venv/lib/python3.11/site-packages/airflow/example_dags/tutorial.py
[2026-04-26T17:45:59.475+0100] {logging_mixin.py:188} INFO - [2026-04-26T17:45:59.475+0100] {dag.py:3089} INFO - Sync 1 DAGs
[2026-04-26T17:45:59.481+0100] {logging_mixin.py:188} INFO - [2026-04-26T17:45:59.481+0100] {dag.py:3947} INFO - Setting next_dagrun for tutorial to 2026-04-25 00:00:00+00:00, run_after=2026-04-26 00:00:00+00:00
[2026-04-26T17:45:59.488+0100] {processor.py:183} INFO - Processing /Users/malone/data-engineering-pathway/.venv/lib/python3.11/site-packages/airflow/example_dags/tutorial.py took 0.056 seconds
[2026-04-26T17:46:52.292+0100] {processor.py:161} INFO - Started process (PID=9062) to work on /Users/malone/data-engineering-pathway/.venv/lib/python3.11/site-packages/airflow/example_dags/tutorial.py
[2026-04-26T17:46:52.293+0100] {processor.py:830} INFO - Processing file /Users/malone/data-engineering-pathway/.venv/lib/python3.11/site-packages/airflow/example_dags/tutorial.py for tasks to queue
[2026-04-26T17:46:52.293+0100] {logging_mixin.py:188} INFO - [2026-04-26T17:46:52.293+0100] {dagbag.py:545} INFO - Filling up the DagBag from /Users/malone/data-engineering-pathway/.venv/lib/python3.11/site-packages/airflow/example_dags/tutorial.py
[2026-04-26T17:46:52.296+0100] {processor.py:840} INFO - DAG(s) 'tutorial' retrieved from /Users/malone/data-engineering-pathway/.venv/lib/python3.11/site-packages/airflow/example_dags/tutorial.py
[2026-04-26T17:46:52.334+0100] {logging_mixin.py:188} INFO - [2026-04-26T17:46:52.334+0100] {dag.py:3089} INFO - Sync 1 DAGs
[2026-04-26T17:46:52.340+0100] {logging_mixin.py:188} INFO - [2026-04-26T17:46:52.340+0100] {dag.py:3947} INFO - Setting next_dagrun for tutorial to 2026-04-25 00:00:00+00:00, run_after=2026-04-26 00:00:00+00:00
[2026-04-26T17:46:52.347+0100] {processor.py:183} INFO - Processing /Users/malone/data-engineering-pathway/.venv/lib/python3.11/site-packages/airflow/example_dags/tutorial.py took 0.057 seconds
[2026-04-26T17:47:49.573+0100] {processor.py:161} INFO - Started process (PID=9166) to work on /Users/malone/data-engineering-pathway/.venv/lib/python3.11/site-packages/airflow/example_dags/tutorial.py
[2026-04-26T17:47:49.575+0100] {processor.py:830} INFO - Processing file /Users/malone/data-engineering-pathway/.venv/lib/python3.11/site-packages/airflow/example_dags/tutorial.py for tasks to queue
[2026-04-26T17:47:49.575+0100] {logging_mixin.py:188} INFO - [2026-04-26T17:47:49.575+0100] {dagbag.py:545} INFO - Filling up the DagBag from /Users/malone/data-engineering-pathway/.venv/lib/python3.11/site-packages/airflow/example_dags/tutorial.py
[2026-04-26T17:47:49.578+0100] {processor.py:840} INFO - DAG(s) 'tutorial' retrieved from /Users/malone/data-engineering-pathway/.venv/lib/python3.11/site-packages/airflow/example_dags/tutorial.py
[2026-04-26T17:47:49.618+0100] {logging_mixin.py:188} INFO - [2026-04-26T17:47:49.618+0100] {dag.py:3089} INFO - Sync 1 DAGs
[2026-04-26T17:47:49.625+0100] {logging_mixin.py:188} INFO - [2026-04-26T17:47:49.624+0100] {dag.py:3947} INFO - Setting next_dagrun for tutorial to 2026-04-25 00:00:00+00:00, run_after=2026-04-26 00:00:00+00:00
[2026-04-26T17:47:49.631+0100] {processor.py:183} INFO - Processing /Users/malone/data-engineering-pathway/.venv/lib/python3.11/site-packages/airflow/example_dags/tutorial.py took 0.059 seconds
[2026-04-26T17:48:46.656+0100] {processor.py:161} INFO - Started process (PID=9323) to work on /Users/malone/data-engineering-pathway/.venv/lib/python3.11/site-packages/airflow/example_dags/tutorial.py
[2026-04-26T17:48:46.657+0100] {processor.py:830} INFO - Processing file /Users/malone/data-engineering-pathway/.venv/lib/python3.11/site-packages/airflow/example_dags/tutorial.py for tasks to queue
[2026-04-26T17:48:46.657+0100] {logging_mixin.py:188} INFO - [2026-04-26T17:48:46.657+0100] {dagbag.py:545} INFO - Filling up the DagBag from /Users/malone/data-engineering-pathway/.venv/lib/python3.11/site-packages/airflow/example_dags/tutorial.py
[2026-04-26T17:48:46.666+0100] {processor.py:840} INFO - DAG(s) 'tutorial' retrieved from /Users/malone/data-engineering-pathway/.venv/lib/python3.11/site-packages/airflow/example_dags/tutorial.py
[2026-04-26T17:48:46.712+0100] {logging_mixin.py:188} INFO - [2026-04-26T17:48:46.712+0100] {dag.py:3089} INFO - Sync 1 DAGs
[2026-04-26T17:48:46.719+0100] {logging_mixin.py:188} INFO - [2026-04-26T17:48:46.719+0100] {dag.py:3947} INFO - Setting next_dagrun for tutorial to 2026-04-25 00:00:00+00:00, run_after=2026-04-26 00:00:00+00:00
[2026-04-26T17:48:46.727+0100] {processor.py:183} INFO - Processing /Users/malone/data-engineering-pathway/.venv/lib/python3.11/site-packages/airflow/example_dags/tutorial.py took 0.074 seconds
[2026-04-26T17:49:45.241+0100] {processor.py:161} INFO - Started process (PID=9474) to work on /Users/malone/data-engineering-pathway/.venv/lib/python3.11/site-packages/airflow/example_dags/tutorial.py
[2026-04-26T17:49:45.242+0100] {processor.py:830} INFO - Processing file /Users/malone/data-engineering-pathway/.venv/lib/python3.11/site-packages/airflow/example_dags/tutorial.py for tasks to queue
[2026-04-26T17:49:45.242+0100] {logging_mixin.py:188} INFO - [2026-04-26T17:49:45.242+0100] {dagbag.py:545} INFO - Filling up the DagBag from /Users/malone/data-engineering-pathway/.venv/lib/python3.11/site-packages/airflow/example_dags/tutorial.py
[2026-04-26T17:49:45.245+0100] {processor.py:840} INFO - DAG(s) 'tutorial' retrieved from /Users/malone/data-engineering-pathway/.venv/lib/python3.11/site-packages/airflow/example_dags/tutorial.py
[2026-04-26T17:49:45.286+0100] {logging_mixin.py:188} INFO - [2026-04-26T17:49:45.285+0100] {dag.py:3089} INFO - Sync 1 DAGs
[2026-04-26T17:49:45.292+0100] {logging_mixin.py:188} INFO - [2026-04-26T17:49:45.292+0100] {dag.py:3947} INFO - Setting next_dagrun for tutorial to 2026-04-25 00:00:00+00:00, run_after=2026-04-26 00:00:00+00:00
[2026-04-26T17:49:45.298+0100] {processor.py:183} INFO - Processing /Users/malone/data-engineering-pathway/.venv/lib/python3.11/site-packages/airflow/example_dags/tutorial.py took 0.059 seconds
[2026-04-26T17:50:46.141+0100] {processor.py:161} INFO - Started process (PID=9561) to work on /Users/malone/data-engineering-pathway/.venv/lib/python3.11/site-packages/airflow/example_dags/tutorial.py
[2026-04-26T17:50:46.142+0100] {processor.py:830} INFO - Processing file /Users/malone/data-engineering-pathway/.venv/lib/python3.11/site-packages/airflow/example_dags/tutorial.py for tasks to queue
[2026-04-26T17:50:46.143+0100] {logging_mixin.py:188} INFO - [2026-04-26T17:50:46.143+0100] {dagbag.py:545} INFO - Filling up the DagBag from /Users/malone/data-engineering-pathway/.venv/lib/python3.11/site-packages/airflow/example_dags/tutorial.py
[2026-04-26T17:50:46.146+0100] {processor.py:840} INFO - DAG(s) 'tutorial' retrieved from /Users/malone/data-engineering-pathway/.venv/lib/python3.11/site-packages/airflow/example_dags/tutorial.py
[2026-04-26T17:50:46.189+0100] {logging_mixin.py:188} INFO - [2026-04-26T17:50:46.189+0100] {dag.py:3089} INFO - Sync 1 DAGs
[2026-04-26T17:50:46.195+0100] {logging_mixin.py:188} INFO - [2026-04-26T17:50:46.195+0100] {dag.py:3947} INFO - Setting next_dagrun for tutorial to 2026-04-25 00:00:00+00:00, run_after=2026-04-26 00:00:00+00:00
[2026-04-26T17:50:46.202+0100] {processor.py:183} INFO - Processing /Users/malone/data-engineering-pathway/.venv/lib/python3.11/site-packages/airflow/example_dags/tutorial.py took 0.063 seconds
[2026-04-26T17:51:49.029+0100] {processor.py:161} INFO - Started process (PID=9650) to work on /Users/malone/data-engineering-pathway/.venv/lib/python3.11/site-packages/airflow/example_dags/tutorial.py
[2026-04-26T17:51:49.030+0100] {processor.py:830} INFO - Processing file /Users/malone/data-engineering-pathway/.venv/lib/python3.11/site-packages/airflow/example_dags/tutorial.py for tasks to queue
[2026-04-26T17:51:49.030+0100] {logging_mixin.py:188} INFO - [2026-04-26T17:51:49.030+0100] {dagbag.py:545} INFO - Filling up the DagBag from /Users/malone/data-engineering-pathway/.venv/lib/python3.11/site-packages/airflow/example_dags/tutorial.py
[2026-04-26T17:51:49.033+0100] {processor.py:840} INFO - DAG(s) 'tutorial' retrieved from /Users/malone/data-engineering-pathway/.venv/lib/python3.11/site-packages/airflow/example_dags/tutorial.py
[2026-04-26T17:51:49.072+0100] {logging_mixin.py:188} INFO - [2026-04-26T17:51:49.072+0100] {dag.py:3089} INFO - Sync 1 DAGs
[2026-04-26T17:51:49.078+0100] {logging_mixin.py:188} INFO - [2026-04-26T17:51:49.078+0100] {dag.py:3947} INFO - Setting next_dagrun for tutorial to 2026-04-25 00:00:00+00:00, run_after=2026-04-26 00:00:00+00:00
[2026-04-26T17:51:49.085+0100] {processor.py:183} INFO - Processing /Users/malone/data-engineering-pathway/.venv/lib/python3.11/site-packages/airflow/example_dags/tutorial.py took 0.057 seconds
[2026-04-26T17:52:48.628+0100] {processor.py:161} INFO - Started process (PID=9712) to work on /Users/malone/data-engineering-pathway/.venv/lib/python3.11/site-packages/airflow/example_dags/tutorial.py
[2026-04-26T17:52:48.628+0100] {processor.py:830} INFO - Processing file /Users/malone/data-engineering-pathway/.venv/lib/python3.11/site-packages/airflow/example_dags/tutorial.py for tasks to queue
[2026-04-26T17:52:48.629+0100] {logging_mixin.py:188} INFO - [2026-04-26T17:52:48.629+0100] {dagbag.py:545} INFO - Filling up the DagBag from /Users/malone/data-engineering-pathway/.venv/lib/python3.11/site-packages/airflow/example_dags/tutorial.py
[2026-04-26T17:52:48.632+0100] {processor.py:840} INFO - DAG(s) 'tutorial' retrieved from /Users/malone/data-engineering-pathway/.venv/lib/python3.11/site-packages/airflow/example_dags/tutorial.py
[2026-04-26T17:52:48.671+0100] {logging_mixin.py:188} INFO - [2026-04-26T17:52:48.671+0100] {dag.py:3089} INFO - Sync 1 DAGs
[2026-04-26T17:52:48.677+0100] {logging_mixin.py:188} INFO - [2026-04-26T17:52:48.677+0100] {dag.py:3947} INFO - Setting next_dagrun for tutorial to 2026-04-25 00:00:00+00:00, run_after=2026-04-26 00:00:00+00:00
[2026-04-26T17:52:48.684+0100] {processor.py:183} INFO - Processing /Users/malone/data-engineering-pathway/.venv/lib/python3.11/site-packages/airflow/example_dags/tutorial.py took 0.057 seconds
[2026-04-26T17:53:44.154+0100] {processor.py:161} INFO - Started process (PID=9787) to work on /Users/malone/data-engineering-pathway/.venv/lib/python3.11/site-packages/airflow/example_dags/tutorial.py
[2026-04-26T17:53:44.155+0100] {processor.py:830} INFO - Processing file /Users/malone/data-engineering-pathway/.venv/lib/python3.11/site-packages/airflow/example_dags/tutorial.py for tasks to queue
[2026-04-26T17:53:44.156+0100] {logging_mixin.py:188} INFO - [2026-04-26T17:53:44.155+0100] {dagbag.py:545} INFO - Filling up the DagBag from /Users/malone/data-engineering-pathway/.venv/lib/python3.11/site-packages/airflow/example_dags/tutorial.py
[2026-04-26T17:53:44.158+0100] {processor.py:840} INFO - DAG(s) 'tutorial' retrieved from /Users/malone/data-engineering-pathway/.venv/lib/python3.11/site-packages/airflow/example_dags/tutorial.py
[2026-04-26T17:53:44.197+0100] {logging_mixin.py:188} INFO - [2026-04-26T17:53:44.197+0100] {dag.py:3089} INFO - Sync 1 DAGs
[2026-04-26T17:53:44.204+0100] {logging_mixin.py:188} INFO - [2026-04-26T17:53:44.204+0100] {dag.py:3947} INFO - Setting next_dagrun for tutorial to 2026-04-25 00:00:00+00:00, run_after=2026-04-26 00:00:00+00:00
[2026-04-26T17:53:44.210+0100] {processor.py:183} INFO - Processing /Users/malone/data-engineering-pathway/.venv/lib/python3.11/site-packages/airflow/example_dags/tutorial.py took 0.057 seconds
[2026-04-26T17:54:46.720+0100] {processor.py:161} INFO - Started process (PID=9858) to work on /Users/malone/data-engineering-pathway/.venv/lib/python3.11/site-packages/airflow/example_dags/tutorial.py
[2026-04-26T17:54:46.722+0100] {processor.py:830} INFO - Processing file /Users/malone/data-engineering-pathway/.venv/lib/python3.11/site-packages/airflow/example_dags/tutorial.py for tasks to queue
[2026-04-26T17:54:46.722+0100] {logging_mixin.py:188} INFO - [2026-04-26T17:54:46.722+0100] {dagbag.py:545} INFO - Filling up the DagBag from /Users/malone/data-engineering-pathway/.venv/lib/python3.11/site-packages/airflow/example_dags/tutorial.py
[2026-04-26T17:54:46.725+0100] {processor.py:840} INFO - DAG(s) 'tutorial' retrieved from /Users/malone/data-engineering-pathway/.venv/lib/python3.11/site-packages/airflow/example_dags/tutorial.py
[2026-04-26T17:54:46.762+0100] {logging_mixin.py:188} INFO - [2026-04-26T17:54:46.762+0100] {dag.py:3089} INFO - Sync 1 DAGs
[2026-04-26T17:54:46.768+0100] {logging_mixin.py:188} INFO - [2026-04-26T17:54:46.768+0100] {dag.py:3947} INFO - Setting next_dagrun for tutorial to 2026-04-25 00:00:00+00:00, run_after=2026-04-26 00:00:00+00:00
[2026-04-26T17:54:46.774+0100] {processor.py:183} INFO - Processing /Users/malone/data-engineering-pathway/.venv/lib/python3.11/site-packages/airflow/example_dags/tutorial.py took 0.055 seconds
[2026-04-26T17:55:48.863+0100] {processor.py:161} INFO - Started process (PID=9981) to work on /Users/malone/data-engineering-pathway/.venv/lib/python3.11/site-packages/airflow/example_dags/tutorial.py
[2026-04-26T17:55:48.863+0100] {processor.py:830} INFO - Processing file /Users/malone/data-engineering-pathway/.venv/lib/python3.11/site-packages/airflow/example_dags/tutorial.py for tasks to queue
[2026-04-26T17:55:48.864+0100] {logging_mixin.py:188} INFO - [2026-04-26T17:55:48.864+0100] {dagbag.py:545} INFO - Filling up the DagBag from /Users/malone/data-engineering-pathway/.venv/lib/python3.11/site-packages/airflow/example_dags/tutorial.py
[2026-04-26T17:55:48.867+0100] {processor.py:840} INFO - DAG(s) 'tutorial' retrieved from /Users/malone/data-engineering-pathway/.venv/lib/python3.11/site-packages/airflow/example_dags/tutorial.py
[2026-04-26T17:55:48.906+0100] {logging_mixin.py:188} INFO - [2026-04-26T17:55:48.906+0100] {dag.py:3089} INFO - Sync 1 DAGs
[2026-04-26T17:55:48.913+0100] {logging_mixin.py:188} INFO - [2026-04-26T17:55:48.912+0100] {dag.py:3947} INFO - Setting next_dagrun for tutorial to 2026-04-25 00:00:00+00:00, run_after=2026-04-26 00:00:00+00:00
[2026-04-26T17:55:48.922+0100] {processor.py:183} INFO - Processing /Users/malone/data-engineering-pathway/.venv/lib/python3.11/site-packages/airflow/example_dags/tutorial.py took 0.060 seconds
[2026-04-26T17:56:48.033+0100] {processor.py:161} INFO - Started process (PID=10108) to work on /Users/malone/data-engineering-pathway/.venv/lib/python3.11/site-packages/airflow/example_dags/tutorial.py
[2026-04-26T17:56:48.033+0100] {processor.py:830} INFO - Processing file /Users/malone/data-engineering-pathway/.venv/lib/python3.11/site-packages/airflow/example_dags/tutorial.py for tasks to queue
[2026-04-26T17:56:48.034+0100] {logging_mixin.py:188} INFO - [2026-04-26T17:56:48.034+0100] {dagbag.py:545} INFO - Filling up the DagBag from /Users/malone/data-engineering-pathway/.venv/lib/python3.11/site-packages/airflow/example_dags/tutorial.py
[2026-04-26T17:56:48.038+0100] {processor.py:840} INFO - DAG(s) 'tutorial' retrieved from /Users/malone/data-engineering-pathway/.venv/lib/python3.11/site-packages/airflow/example_dags/tutorial.py
[2026-04-26T17:56:48.079+0100] {logging_mixin.py:188} INFO - [2026-04-26T17:56:48.079+0100] {dag.py:3089} INFO - Sync 1 DAGs
[2026-04-26T17:56:48.086+0100] {logging_mixin.py:188} INFO - [2026-04-26T17:56:48.086+0100] {dag.py:3947} INFO - Setting next_dagrun for tutorial to 2026-04-25 00:00:00+00:00, run_after=2026-04-26 00:00:00+00:00
[2026-04-26T17:56:48.094+0100] {processor.py:183} INFO - Processing /Users/malone/data-engineering-pathway/.venv/lib/python3.11/site-packages/airflow/example_dags/tutorial.py took 0.062 seconds
[2026-04-26T17:57:48.742+0100] {processor.py:161} INFO - Started process (PID=10200) to work on /Users/malone/data-engineering-pathway/.venv/lib/python3.11/site-packages/airflow/example_dags/tutorial.py
[2026-04-26T17:57:48.746+0100] {processor.py:830} INFO - Processing file /Users/malone/data-engineering-pathway/.venv/lib/python3.11/site-packages/airflow/example_dags/tutorial.py for tasks to queue
[2026-04-26T17:57:48.746+0100] {logging_mixin.py:188} INFO - [2026-04-26T17:57:48.746+0100] {dagbag.py:545} INFO - Filling up the DagBag from /Users/malone/data-engineering-pathway/.venv/lib/python3.11/site-packages/airflow/example_dags/tutorial.py
[2026-04-26T17:57:48.748+0100] {processor.py:840} INFO - DAG(s) 'tutorial' retrieved from /Users/malone/data-engineering-pathway/.venv/lib/python3.11/site-packages/airflow/example_dags/tutorial.py
[2026-04-26T17:57:48.789+0100] {logging_mixin.py:188} INFO - [2026-04-26T17:57:48.788+0100] {dag.py:3089} INFO - Sync 1 DAGs
[2026-04-26T17:57:48.795+0100] {logging_mixin.py:188} INFO - [2026-04-26T17:57:48.795+0100] {dag.py:3947} INFO - Setting next_dagrun for tutorial to 2026-04-25 00:00:00+00:00, run_after=2026-04-26 00:00:00+00:00
[2026-04-26T17:57:48.801+0100] {processor.py:183} INFO - Processing /Users/malone/data-engineering-pathway/.venv/lib/python3.11/site-packages/airflow/example_dags/tutorial.py took 0.060 seconds
[2026-04-26T17:58:42.029+0100] {processor.py:161} INFO - Started process (PID=10283) to work on /Users/malone/data-engineering-pathway/.venv/lib/python3.11/site-packages/airflow/example_dags/tutorial.py
[2026-04-26T17:58:42.032+0100] {processor.py:830} INFO - Processing file /Users/malone/data-engineering-pathway/.venv/lib/python3.11/site-packages/airflow/example_dags/tutorial.py for tasks to queue
[2026-04-26T17:58:42.032+0100] {logging_mixin.py:188} INFO - [2026-04-26T17:58:42.032+0100] {dagbag.py:545} INFO - Filling up the DagBag from /Users/malone/data-engineering-pathway/.venv/lib/python3.11/site-packages/airflow/example_dags/tutorial.py
[2026-04-26T17:58:42.035+0100] {processor.py:840} INFO - DAG(s) 'tutorial' retrieved from /Users/malone/data-engineering-pathway/.venv/lib/python3.11/site-packages/airflow/example_dags/tutorial.py
[2026-04-26T17:58:42.073+0100] {logging_mixin.py:188} INFO - [2026-04-26T17:58:42.073+0100] {dag.py:3089} INFO - Sync 1 DAGs
[2026-04-26T17:58:42.080+0100] {logging_mixin.py:188} INFO - [2026-04-26T17:58:42.080+0100] {dag.py:3947} INFO - Setting next_dagrun for tutorial to 2026-04-25 00:00:00+00:00, run_after=2026-04-26 00:00:00+00:00
[2026-04-26T17:58:42.087+0100] {processor.py:183} INFO - Processing /Users/malone/data-engineering-pathway/.venv/lib/python3.11/site-packages/airflow/example_dags/tutorial.py took 0.058 seconds
