[2026-04-26T17:38:51.414+0100] {processor.py:161} INFO - Started process (PID=8306) to work on /Users/malone/data-engineering-pathway/.venv/lib/python3.11/site-packages/airflow/example_dags/tutorial_objectstorage.py
[2026-04-26T17:38:51.415+0100] {processor.py:830} INFO - Processing file /Users/malone/data-engineering-pathway/.venv/lib/python3.11/site-packages/airflow/example_dags/tutorial_objectstorage.py for tasks to queue
[2026-04-26T17:38:51.415+0100] {logging_mixin.py:188} INFO - [2026-04-26T17:38:51.415+0100] {dagbag.py:545} INFO - Filling up the DagBag from /Users/malone/data-engineering-pathway/.venv/lib/python3.11/site-packages/airflow/example_dags/tutorial_objectstorage.py
[2026-04-26T17:38:51.444+0100] {processor.py:840} INFO - DAG(s) 'tutorial_objectstorage' retrieved from /Users/malone/data-engineering-pathway/.venv/lib/python3.11/site-packages/airflow/example_dags/tutorial_objectstorage.py
[2026-04-26T17:38:51.452+0100] {logging_mixin.py:188} INFO - [2026-04-26T17:38:51.452+0100] {dag.py:3089} INFO - Sync 1 DAGs
[2026-04-26T17:38:51.505+0100] {logging_mixin.py:188} INFO - [2026-04-26T17:38:51.505+0100] {dag.py:3947} INFO - Setting next_dagrun for tutorial_objectstorage to None, run_after=None
[2026-04-26T17:38:51.512+0100] {processor.py:183} INFO - Processing /Users/malone/data-engineering-pathway/.venv/lib/python3.11/site-packages/airflow/example_dags/tutorial_objectstorage.py took 0.099 seconds
[2026-04-26T17:40:18.077+0100] {processor.py:161} INFO - Started process (PID=8453) to work on /Users/malone/data-engineering-pathway/.venv/lib/python3.11/site-packages/airflow/example_dags/tutorial_objectstorage.py
[2026-04-26T17:40:18.078+0100] {processor.py:830} INFO - Processing file /Users/malone/data-engineering-pathway/.venv/lib/python3.11/site-packages/airflow/example_dags/tutorial_objectstorage.py for tasks to queue
[2026-04-26T17:40:18.078+0100] {logging_mixin.py:188} INFO - [2026-04-26T17:40:18.078+0100] {dagbag.py:545} INFO - Filling up the DagBag from /Users/malone/data-engineering-pathway/.venv/lib/python3.11/site-packages/airflow/example_dags/tutorial_objectstorage.py
[2026-04-26T17:40:18.119+0100] {processor.py:840} INFO - DAG(s) 'tutorial_objectstorage' retrieved from /Users/malone/data-engineering-pathway/.venv/lib/python3.11/site-packages/airflow/example_dags/tutorial_objectstorage.py
[2026-04-26T17:40:18.208+0100] {logging_mixin.py:188} INFO - [2026-04-26T17:40:18.208+0100] {dag.py:3089} INFO - Sync 1 DAGs
[2026-04-26T17:40:18.211+0100] {logging_mixin.py:188} INFO - [2026-04-26T17:40:18.211+0100] {dag.py:3947} INFO - Setting next_dagrun for tutorial_objectstorage to None, run_after=None
[2026-04-26T17:40:18.218+0100] {processor.py:183} INFO - Processing /Users/malone/data-engineering-pathway/.venv/lib/python3.11/site-packages/airflow/example_dags/tutorial_objectstorage.py took 0.143 seconds
[2026-04-26T17:41:16.490+0100] {processor.py:161} INFO - Started process (PID=8548) to work on /Users/malone/data-engineering-pathway/.venv/lib/python3.11/site-packages/airflow/example_dags/tutorial_objectstorage.py
[2026-04-26T17:41:16.491+0100] {processor.py:830} INFO - Processing file /Users/malone/data-engineering-pathway/.venv/lib/python3.11/site-packages/airflow/example_dags/tutorial_objectstorage.py for tasks to queue
[2026-04-26T17:41:16.491+0100] {logging_mixin.py:188} INFO - [2026-04-26T17:41:16.491+0100] {dagbag.py:545} INFO - Filling up the DagBag from /Users/malone/data-engineering-pathway/.venv/lib/python3.11/site-packages/airflow/example_dags/tutorial_objectstorage.py
[2026-04-26T17:41:16.526+0100] {processor.py:840} INFO - DAG(s) 'tutorial_objectstorage' retrieved from /Users/malone/data-engineering-pathway/.venv/lib/python3.11/site-packages/airflow/example_dags/tutorial_objectstorage.py
[2026-04-26T17:41:16.590+0100] {logging_mixin.py:188} INFO - [2026-04-26T17:41:16.590+0100] {dag.py:3089} INFO - Sync 1 DAGs
[2026-04-26T17:41:16.593+0100] {logging_mixin.py:188} INFO - [2026-04-26T17:41:16.593+0100] {dag.py:3947} INFO - Setting next_dagrun for tutorial_objectstorage to None, run_after=None
[2026-04-26T17:41:16.600+0100] {processor.py:183} INFO - Processing /Users/malone/data-engineering-pathway/.venv/lib/python3.11/site-packages/airflow/example_dags/tutorial_objectstorage.py took 0.111 seconds
[2026-04-26T17:42:14.939+0100] {processor.py:161} INFO - Started process (PID=8632) to work on /Users/malone/data-engineering-pathway/.venv/lib/python3.11/site-packages/airflow/example_dags/tutorial_objectstorage.py
[2026-04-26T17:42:14.939+0100] {processor.py:830} INFO - Processing file /Users/malone/data-engineering-pathway/.venv/lib/python3.11/site-packages/airflow/example_dags/tutorial_objectstorage.py for tasks to queue
[2026-04-26T17:42:14.940+0100] {logging_mixin.py:188} INFO - [2026-04-26T17:42:14.940+0100] {dagbag.py:545} INFO - Filling up the DagBag from /Users/malone/data-engineering-pathway/.venv/lib/python3.11/site-packages/airflow/example_dags/tutorial_objectstorage.py
[2026-04-26T17:42:14.976+0100] {processor.py:840} INFO - DAG(s) 'tutorial_objectstorage' retrieved from /Users/malone/data-engineering-pathway/.venv/lib/python3.11/site-packages/airflow/example_dags/tutorial_objectstorage.py
[2026-04-26T17:42:15.040+0100] {logging_mixin.py:188} INFO - [2026-04-26T17:42:15.040+0100] {dag.py:3089} INFO - Sync 1 DAGs
[2026-04-26T17:42:15.043+0100] {logging_mixin.py:188} INFO - [2026-04-26T17:42:15.043+0100] {dag.py:3947} INFO - Setting next_dagrun for tutorial_objectstorage to None, run_after=None
[2026-04-26T17:42:15.050+0100] {processor.py:183} INFO - Processing /Users/malone/data-engineering-pathway/.venv/lib/python3.11/site-packages/airflow/example_dags/tutorial_objectstorage.py took 0.113 seconds
[2026-04-26T17:43:15.362+0100] {processor.py:161} INFO - Started process (PID=8692) to work on /Users/malone/data-engineering-pathway/.venv/lib/python3.11/site-packages/airflow/example_dags/tutorial_objectstorage.py
[2026-04-26T17:43:15.362+0100] {processor.py:830} INFO - Processing file /Users/malone/data-engineering-pathway/.venv/lib/python3.11/site-packages/airflow/example_dags/tutorial_objectstorage.py for tasks to queue
[2026-04-26T17:43:15.362+0100] {logging_mixin.py:188} INFO - [2026-04-26T17:43:15.362+0100] {dagbag.py:545} INFO - Filling up the DagBag from /Users/malone/data-engineering-pathway/.venv/lib/python3.11/site-packages/airflow/example_dags/tutorial_objectstorage.py
[2026-04-26T17:43:15.402+0100] {processor.py:840} INFO - DAG(s) 'tutorial_objectstorage' retrieved from /Users/malone/data-engineering-pathway/.venv/lib/python3.11/site-packages/airflow/example_dags/tutorial_objectstorage.py
[2026-04-26T17:43:15.481+0100] {logging_mixin.py:188} INFO - [2026-04-26T17:43:15.481+0100] {dag.py:3089} INFO - Sync 1 DAGs
[2026-04-26T17:43:15.485+0100] {logging_mixin.py:188} INFO - [2026-04-26T17:43:15.485+0100] {dag.py:3947} INFO - Setting next_dagrun for tutorial_objectstorage to None, run_after=None
[2026-04-26T17:43:15.494+0100] {processor.py:183} INFO - Processing /Users/malone/data-engineering-pathway/.venv/lib/python3.11/site-packages/airflow/example_dags/tutorial_objectstorage.py took 0.134 seconds
[2026-04-26T17:44:10.600+0100] {processor.py:161} INFO - Started process (PID=8810) to work on /Users/malone/data-engineering-pathway/.venv/lib/python3.11/site-packages/airflow/example_dags/tutorial_objectstorage.py
[2026-04-26T17:44:10.601+0100] {processor.py:830} INFO - Processing file /Users/malone/data-engineering-pathway/.venv/lib/python3.11/site-packages/airflow/example_dags/tutorial_objectstorage.py for tasks to queue
[2026-04-26T17:44:10.601+0100] {logging_mixin.py:188} INFO - [2026-04-26T17:44:10.601+0100] {dagbag.py:545} INFO - Filling up the DagBag from /Users/malone/data-engineering-pathway/.venv/lib/python3.11/site-packages/airflow/example_dags/tutorial_objectstorage.py
[2026-04-26T17:44:10.637+0100] {processor.py:840} INFO - DAG(s) 'tutorial_objectstorage' retrieved from /Users/malone/data-engineering-pathway/.venv/lib/python3.11/site-packages/airflow/example_dags/tutorial_objectstorage.py
[2026-04-26T17:44:10.701+0100] {logging_mixin.py:188} INFO - [2026-04-26T17:44:10.701+0100] {dag.py:3089} INFO - Sync 1 DAGs
[2026-04-26T17:44:10.704+0100] {logging_mixin.py:188} INFO - [2026-04-26T17:44:10.704+0100] {dag.py:3947} INFO - Setting next_dagrun for tutorial_objectstorage to None, run_after=None
[2026-04-26T17:44:10.712+0100] {processor.py:183} INFO - Processing /Users/malone/data-engineering-pathway/.venv/lib/python3.11/site-packages/airflow/example_dags/tutorial_objectstorage.py took 0.113 seconds
[2026-04-26T17:45:02.675+0100] {processor.py:161} INFO - Started process (PID=8885) to work on /Users/malone/data-engineering-pathway/.venv/lib/python3.11/site-packages/airflow/example_dags/tutorial_objectstorage.py
[2026-04-26T17:45:02.675+0100] {processor.py:830} INFO - Processing file /Users/malone/data-engineering-pathway/.venv/lib/python3.11/site-packages/airflow/example_dags/tutorial_objectstorage.py for tasks to queue
[2026-04-26T17:45:02.675+0100] {logging_mixin.py:188} INFO - [2026-04-26T17:45:02.675+0100] {dagbag.py:545} INFO - Filling up the DagBag from /Users/malone/data-engineering-pathway/.venv/lib/python3.11/site-packages/airflow/example_dags/tutorial_objectstorage.py
[2026-04-26T17:45:02.711+0100] {processor.py:840} INFO - DAG(s) 'tutorial_objectstorage' retrieved from /Users/malone/data-engineering-pathway/.venv/lib/python3.11/site-packages/airflow/example_dags/tutorial_objectstorage.py
[2026-04-26T17:45:02.774+0100] {logging_mixin.py:188} INFO - [2026-04-26T17:45:02.774+0100] {dag.py:3089} INFO - Sync 1 DAGs
[2026-04-26T17:45:02.777+0100] {logging_mixin.py:188} INFO - [2026-04-26T17:45:02.777+0100] {dag.py:3947} INFO - Setting next_dagrun for tutorial_objectstorage to None, run_after=None
[2026-04-26T17:45:02.785+0100] {processor.py:183} INFO - Processing /Users/malone/data-engineering-pathway/.venv/lib/python3.11/site-packages/airflow/example_dags/tutorial_objectstorage.py took 0.111 seconds
[2026-04-26T17:45:56.343+0100] {processor.py:161} INFO - Started process (PID=8979) to work on /Users/malone/data-engineering-pathway/.venv/lib/python3.11/site-packages/airflow/example_dags/tutorial_objectstorage.py
[2026-04-26T17:45:56.344+0100] {processor.py:830} INFO - Processing file /Users/malone/data-engineering-pathway/.venv/lib/python3.11/site-packages/airflow/example_dags/tutorial_objectstorage.py for tasks to queue
[2026-04-26T17:45:56.344+0100] {logging_mixin.py:188} INFO - [2026-04-26T17:45:56.344+0100] {dagbag.py:545} INFO - Filling up the DagBag from /Users/malone/data-engineering-pathway/.venv/lib/python3.11/site-packages/airflow/example_dags/tutorial_objectstorage.py
[2026-04-26T17:45:56.381+0100] {processor.py:840} INFO - DAG(s) 'tutorial_objectstorage' retrieved from /Users/malone/data-engineering-pathway/.venv/lib/python3.11/site-packages/airflow/example_dags/tutorial_objectstorage.py
[2026-04-26T17:45:56.445+0100] {logging_mixin.py:188} INFO - [2026-04-26T17:45:56.445+0100] {dag.py:3089} INFO - Sync 1 DAGs
[2026-04-26T17:45:56.448+0100] {logging_mixin.py:188} INFO - [2026-04-26T17:45:56.448+0100] {dag.py:3947} INFO - Setting next_dagrun for tutorial_objectstorage to None, run_after=None
[2026-04-26T17:45:56.456+0100] {processor.py:183} INFO - Processing /Users/malone/data-engineering-pathway/.venv/lib/python3.11/site-packages/airflow/example_dags/tutorial_objectstorage.py took 0.113 seconds
[2026-04-26T17:46:49.474+0100] {processor.py:161} INFO - Started process (PID=9056) to work on /Users/malone/data-engineering-pathway/.venv/lib/python3.11/site-packages/airflow/example_dags/tutorial_objectstorage.py
[2026-04-26T17:46:49.475+0100] {processor.py:830} INFO - Processing file /Users/malone/data-engineering-pathway/.venv/lib/python3.11/site-packages/airflow/example_dags/tutorial_objectstorage.py for tasks to queue
[2026-04-26T17:46:49.476+0100] {logging_mixin.py:188} INFO - [2026-04-26T17:46:49.476+0100] {dagbag.py:545} INFO - Filling up the DagBag from /Users/malone/data-engineering-pathway/.venv/lib/python3.11/site-packages/airflow/example_dags/tutorial_objectstorage.py
[2026-04-26T17:46:49.515+0100] {processor.py:840} INFO - DAG(s) 'tutorial_objectstorage' retrieved from /Users/malone/data-engineering-pathway/.venv/lib/python3.11/site-packages/airflow/example_dags/tutorial_objectstorage.py
[2026-04-26T17:46:49.579+0100] {logging_mixin.py:188} INFO - [2026-04-26T17:46:49.579+0100] {dag.py:3089} INFO - Sync 1 DAGs
[2026-04-26T17:46:49.582+0100] {logging_mixin.py:188} INFO - [2026-04-26T17:46:49.582+0100] {dag.py:3947} INFO - Setting next_dagrun for tutorial_objectstorage to None, run_after=None
[2026-04-26T17:46:49.589+0100] {processor.py:183} INFO - Processing /Users/malone/data-engineering-pathway/.venv/lib/python3.11/site-packages/airflow/example_dags/tutorial_objectstorage.py took 0.116 seconds
[2026-04-26T17:47:46.380+0100] {processor.py:161} INFO - Started process (PID=9158) to work on /Users/malone/data-engineering-pathway/.venv/lib/python3.11/site-packages/airflow/example_dags/tutorial_objectstorage.py
[2026-04-26T17:47:46.381+0100] {processor.py:830} INFO - Processing file /Users/malone/data-engineering-pathway/.venv/lib/python3.11/site-packages/airflow/example_dags/tutorial_objectstorage.py for tasks to queue
[2026-04-26T17:47:46.381+0100] {logging_mixin.py:188} INFO - [2026-04-26T17:47:46.381+0100] {dagbag.py:545} INFO - Filling up the DagBag from /Users/malone/data-engineering-pathway/.venv/lib/python3.11/site-packages/airflow/example_dags/tutorial_objectstorage.py
[2026-04-26T17:47:46.418+0100] {processor.py:840} INFO - DAG(s) 'tutorial_objectstorage' retrieved from /Users/malone/data-engineering-pathway/.venv/lib/python3.11/site-packages/airflow/example_dags/tutorial_objectstorage.py
[2026-04-26T17:47:46.485+0100] {logging_mixin.py:188} INFO - [2026-04-26T17:47:46.484+0100] {dag.py:3089} INFO - Sync 1 DAGs
[2026-04-26T17:47:46.488+0100] {logging_mixin.py:188} INFO - [2026-04-26T17:47:46.488+0100] {dag.py:3947} INFO - Setting next_dagrun for tutorial_objectstorage to None, run_after=None
[2026-04-26T17:47:46.497+0100] {processor.py:183} INFO - Processing /Users/malone/data-engineering-pathway/.venv/lib/python3.11/site-packages/airflow/example_dags/tutorial_objectstorage.py took 0.118 seconds
[2026-04-26T17:48:43.323+0100] {processor.py:161} INFO - Started process (PID=9308) to work on /Users/malone/data-engineering-pathway/.venv/lib/python3.11/site-packages/airflow/example_dags/tutorial_objectstorage.py
[2026-04-26T17:48:43.324+0100] {processor.py:830} INFO - Processing file /Users/malone/data-engineering-pathway/.venv/lib/python3.11/site-packages/airflow/example_dags/tutorial_objectstorage.py for tasks to queue
[2026-04-26T17:48:43.324+0100] {logging_mixin.py:188} INFO - [2026-04-26T17:48:43.324+0100] {dagbag.py:545} INFO - Filling up the DagBag from /Users/malone/data-engineering-pathway/.venv/lib/python3.11/site-packages/airflow/example_dags/tutorial_objectstorage.py
[2026-04-26T17:48:43.359+0100] {processor.py:840} INFO - DAG(s) 'tutorial_objectstorage' retrieved from /Users/malone/data-engineering-pathway/.venv/lib/python3.11/site-packages/airflow/example_dags/tutorial_objectstorage.py
[2026-04-26T17:48:43.422+0100] {logging_mixin.py:188} INFO - [2026-04-26T17:48:43.422+0100] {dag.py:3089} INFO - Sync 1 DAGs
[2026-04-26T17:48:43.426+0100] {logging_mixin.py:188} INFO - [2026-04-26T17:48:43.426+0100] {dag.py:3947} INFO - Setting next_dagrun for tutorial_objectstorage to None, run_after=None
[2026-04-26T17:48:43.433+0100] {processor.py:183} INFO - Processing /Users/malone/data-engineering-pathway/.venv/lib/python3.11/site-packages/airflow/example_dags/tutorial_objectstorage.py took 0.111 seconds
[2026-04-26T17:49:42.406+0100] {processor.py:161} INFO - Started process (PID=9469) to work on /Users/malone/data-engineering-pathway/.venv/lib/python3.11/site-packages/airflow/example_dags/tutorial_objectstorage.py
[2026-04-26T17:49:42.407+0100] {processor.py:830} INFO - Processing file /Users/malone/data-engineering-pathway/.venv/lib/python3.11/site-packages/airflow/example_dags/tutorial_objectstorage.py for tasks to queue
[2026-04-26T17:49:42.408+0100] {logging_mixin.py:188} INFO - [2026-04-26T17:49:42.408+0100] {dagbag.py:545} INFO - Filling up the DagBag from /Users/malone/data-engineering-pathway/.venv/lib/python3.11/site-packages/airflow/example_dags/tutorial_objectstorage.py
[2026-04-26T17:49:42.450+0100] {processor.py:840} INFO - DAG(s) 'tutorial_objectstorage' retrieved from /Users/malone/data-engineering-pathway/.venv/lib/python3.11/site-packages/airflow/example_dags/tutorial_objectstorage.py
[2026-04-26T17:49:42.516+0100] {logging_mixin.py:188} INFO - [2026-04-26T17:49:42.516+0100] {dag.py:3089} INFO - Sync 1 DAGs
[2026-04-26T17:49:42.519+0100] {logging_mixin.py:188} INFO - [2026-04-26T17:49:42.519+0100] {dag.py:3947} INFO - Setting next_dagrun for tutorial_objectstorage to None, run_after=None
[2026-04-26T17:49:42.526+0100] {processor.py:183} INFO - Processing /Users/malone/data-engineering-pathway/.venv/lib/python3.11/site-packages/airflow/example_dags/tutorial_objectstorage.py took 0.123 seconds
[2026-04-26T17:50:43.316+0100] {processor.py:161} INFO - Started process (PID=9557) to work on /Users/malone/data-engineering-pathway/.venv/lib/python3.11/site-packages/airflow/example_dags/tutorial_objectstorage.py
[2026-04-26T17:50:43.317+0100] {processor.py:830} INFO - Processing file /Users/malone/data-engineering-pathway/.venv/lib/python3.11/site-packages/airflow/example_dags/tutorial_objectstorage.py for tasks to queue
[2026-04-26T17:50:43.317+0100] {logging_mixin.py:188} INFO - [2026-04-26T17:50:43.317+0100] {dagbag.py:545} INFO - Filling up the DagBag from /Users/malone/data-engineering-pathway/.venv/lib/python3.11/site-packages/airflow/example_dags/tutorial_objectstorage.py
[2026-04-26T17:50:43.357+0100] {processor.py:840} INFO - DAG(s) 'tutorial_objectstorage' retrieved from /Users/malone/data-engineering-pathway/.venv/lib/python3.11/site-packages/airflow/example_dags/tutorial_objectstorage.py
[2026-04-26T17:50:43.426+0100] {logging_mixin.py:188} INFO - [2026-04-26T17:50:43.426+0100] {dag.py:3089} INFO - Sync 1 DAGs
[2026-04-26T17:50:43.430+0100] {logging_mixin.py:188} INFO - [2026-04-26T17:50:43.430+0100] {dag.py:3947} INFO - Setting next_dagrun for tutorial_objectstorage to None, run_after=None
[2026-04-26T17:50:43.437+0100] {processor.py:183} INFO - Processing /Users/malone/data-engineering-pathway/.venv/lib/python3.11/site-packages/airflow/example_dags/tutorial_objectstorage.py took 0.123 seconds
[2026-04-26T17:51:45.806+0100] {processor.py:161} INFO - Started process (PID=9647) to work on /Users/malone/data-engineering-pathway/.venv/lib/python3.11/site-packages/airflow/example_dags/tutorial_objectstorage.py
[2026-04-26T17:51:45.807+0100] {processor.py:830} INFO - Processing file /Users/malone/data-engineering-pathway/.venv/lib/python3.11/site-packages/airflow/example_dags/tutorial_objectstorage.py for tasks to queue
[2026-04-26T17:51:45.807+0100] {logging_mixin.py:188} INFO - [2026-04-26T17:51:45.807+0100] {dagbag.py:545} INFO - Filling up the DagBag from /Users/malone/data-engineering-pathway/.venv/lib/python3.11/site-packages/airflow/example_dags/tutorial_objectstorage.py
[2026-04-26T17:51:45.843+0100] {processor.py:840} INFO - DAG(s) 'tutorial_objectstorage' retrieved from /Users/malone/data-engineering-pathway/.venv/lib/python3.11/site-packages/airflow/example_dags/tutorial_objectstorage.py
[2026-04-26T17:51:45.906+0100] {logging_mixin.py:188} INFO - [2026-04-26T17:51:45.906+0100] {dag.py:3089} INFO - Sync 1 DAGs
[2026-04-26T17:51:45.909+0100] {logging_mixin.py:188} INFO - [2026-04-26T17:51:45.909+0100] {dag.py:3947} INFO - Setting next_dagrun for tutorial_objectstorage to None, run_after=None
[2026-04-26T17:51:45.916+0100] {processor.py:183} INFO - Processing /Users/malone/data-engineering-pathway/.venv/lib/python3.11/site-packages/airflow/example_dags/tutorial_objectstorage.py took 0.111 seconds
[2026-04-26T17:52:45.031+0100] {processor.py:161} INFO - Started process (PID=9708) to work on /Users/malone/data-engineering-pathway/.venv/lib/python3.11/site-packages/airflow/example_dags/tutorial_objectstorage.py
[2026-04-26T17:52:45.031+0100] {processor.py:830} INFO - Processing file /Users/malone/data-engineering-pathway/.venv/lib/python3.11/site-packages/airflow/example_dags/tutorial_objectstorage.py for tasks to queue
[2026-04-26T17:52:45.031+0100] {logging_mixin.py:188} INFO - [2026-04-26T17:52:45.031+0100] {dagbag.py:545} INFO - Filling up the DagBag from /Users/malone/data-engineering-pathway/.venv/lib/python3.11/site-packages/airflow/example_dags/tutorial_objectstorage.py
[2026-04-26T17:52:45.066+0100] {processor.py:840} INFO - DAG(s) 'tutorial_objectstorage' retrieved from /Users/malone/data-engineering-pathway/.venv/lib/python3.11/site-packages/airflow/example_dags/tutorial_objectstorage.py
[2026-04-26T17:52:45.128+0100] {logging_mixin.py:188} INFO - [2026-04-26T17:52:45.128+0100] {dag.py:3089} INFO - Sync 1 DAGs
[2026-04-26T17:52:45.132+0100] {logging_mixin.py:188} INFO - [2026-04-26T17:52:45.132+0100] {dag.py:3947} INFO - Setting next_dagrun for tutorial_objectstorage to None, run_after=None
[2026-04-26T17:52:45.139+0100] {processor.py:183} INFO - Processing /Users/malone/data-engineering-pathway/.venv/lib/python3.11/site-packages/airflow/example_dags/tutorial_objectstorage.py took 0.109 seconds
[2026-04-26T17:53:40.461+0100] {processor.py:161} INFO - Started process (PID=9783) to work on /Users/malone/data-engineering-pathway/.venv/lib/python3.11/site-packages/airflow/example_dags/tutorial_objectstorage.py
[2026-04-26T17:53:40.462+0100] {processor.py:830} INFO - Processing file /Users/malone/data-engineering-pathway/.venv/lib/python3.11/site-packages/airflow/example_dags/tutorial_objectstorage.py for tasks to queue
[2026-04-26T17:53:40.462+0100] {logging_mixin.py:188} INFO - [2026-04-26T17:53:40.462+0100] {dagbag.py:545} INFO - Filling up the DagBag from /Users/malone/data-engineering-pathway/.venv/lib/python3.11/site-packages/airflow/example_dags/tutorial_objectstorage.py
[2026-04-26T17:53:40.500+0100] {processor.py:840} INFO - DAG(s) 'tutorial_objectstorage' retrieved from /Users/malone/data-engineering-pathway/.venv/lib/python3.11/site-packages/airflow/example_dags/tutorial_objectstorage.py
[2026-04-26T17:53:40.569+0100] {logging_mixin.py:188} INFO - [2026-04-26T17:53:40.569+0100] {dag.py:3089} INFO - Sync 1 DAGs
[2026-04-26T17:53:40.572+0100] {logging_mixin.py:188} INFO - [2026-04-26T17:53:40.572+0100] {dag.py:3947} INFO - Setting next_dagrun for tutorial_objectstorage to None, run_after=None
[2026-04-26T17:53:40.579+0100] {processor.py:183} INFO - Processing /Users/malone/data-engineering-pathway/.venv/lib/python3.11/site-packages/airflow/example_dags/tutorial_objectstorage.py took 0.119 seconds
[2026-04-26T17:54:43.669+0100] {processor.py:161} INFO - Started process (PID=9854) to work on /Users/malone/data-engineering-pathway/.venv/lib/python3.11/site-packages/airflow/example_dags/tutorial_objectstorage.py
[2026-04-26T17:54:43.670+0100] {processor.py:830} INFO - Processing file /Users/malone/data-engineering-pathway/.venv/lib/python3.11/site-packages/airflow/example_dags/tutorial_objectstorage.py for tasks to queue
[2026-04-26T17:54:43.671+0100] {logging_mixin.py:188} INFO - [2026-04-26T17:54:43.671+0100] {dagbag.py:545} INFO - Filling up the DagBag from /Users/malone/data-engineering-pathway/.venv/lib/python3.11/site-packages/airflow/example_dags/tutorial_objectstorage.py
[2026-04-26T17:54:43.720+0100] {processor.py:840} INFO - DAG(s) 'tutorial_objectstorage' retrieved from /Users/malone/data-engineering-pathway/.venv/lib/python3.11/site-packages/airflow/example_dags/tutorial_objectstorage.py
[2026-04-26T17:54:43.796+0100] {logging_mixin.py:188} INFO - [2026-04-26T17:54:43.796+0100] {dag.py:3089} INFO - Sync 1 DAGs
[2026-04-26T17:54:43.800+0100] {logging_mixin.py:188} INFO - [2026-04-26T17:54:43.800+0100] {dag.py:3947} INFO - Setting next_dagrun for tutorial_objectstorage to None, run_after=None
[2026-04-26T17:54:43.810+0100] {processor.py:183} INFO - Processing /Users/malone/data-engineering-pathway/.venv/lib/python3.11/site-packages/airflow/example_dags/tutorial_objectstorage.py took 0.143 seconds
[2026-04-26T17:55:45.235+0100] {processor.py:161} INFO - Started process (PID=9974) to work on /Users/malone/data-engineering-pathway/.venv/lib/python3.11/site-packages/airflow/example_dags/tutorial_objectstorage.py
[2026-04-26T17:55:45.235+0100] {processor.py:830} INFO - Processing file /Users/malone/data-engineering-pathway/.venv/lib/python3.11/site-packages/airflow/example_dags/tutorial_objectstorage.py for tasks to queue
[2026-04-26T17:55:45.236+0100] {logging_mixin.py:188} INFO - [2026-04-26T17:55:45.236+0100] {dagbag.py:545} INFO - Filling up the DagBag from /Users/malone/data-engineering-pathway/.venv/lib/python3.11/site-packages/airflow/example_dags/tutorial_objectstorage.py
[2026-04-26T17:55:45.273+0100] {processor.py:840} INFO - DAG(s) 'tutorial_objectstorage' retrieved from /Users/malone/data-engineering-pathway/.venv/lib/python3.11/site-packages/airflow/example_dags/tutorial_objectstorage.py
[2026-04-26T17:55:45.337+0100] {logging_mixin.py:188} INFO - [2026-04-26T17:55:45.337+0100] {dag.py:3089} INFO - Sync 1 DAGs
[2026-04-26T17:55:45.341+0100] {logging_mixin.py:188} INFO - [2026-04-26T17:55:45.341+0100] {dag.py:3947} INFO - Setting next_dagrun for tutorial_objectstorage to None, run_after=None
[2026-04-26T17:55:45.348+0100] {processor.py:183} INFO - Processing /Users/malone/data-engineering-pathway/.venv/lib/python3.11/site-packages/airflow/example_dags/tutorial_objectstorage.py took 0.114 seconds
[2026-04-26T17:56:44.577+0100] {processor.py:161} INFO - Started process (PID=10102) to work on /Users/malone/data-engineering-pathway/.venv/lib/python3.11/site-packages/airflow/example_dags/tutorial_objectstorage.py
[2026-04-26T17:56:44.578+0100] {processor.py:830} INFO - Processing file /Users/malone/data-engineering-pathway/.venv/lib/python3.11/site-packages/airflow/example_dags/tutorial_objectstorage.py for tasks to queue
[2026-04-26T17:56:44.578+0100] {logging_mixin.py:188} INFO - [2026-04-26T17:56:44.578+0100] {dagbag.py:545} INFO - Filling up the DagBag from /Users/malone/data-engineering-pathway/.venv/lib/python3.11/site-packages/airflow/example_dags/tutorial_objectstorage.py
[2026-04-26T17:56:44.624+0100] {processor.py:840} INFO - DAG(s) 'tutorial_objectstorage' retrieved from /Users/malone/data-engineering-pathway/.venv/lib/python3.11/site-packages/airflow/example_dags/tutorial_objectstorage.py
[2026-04-26T17:56:44.691+0100] {logging_mixin.py:188} INFO - [2026-04-26T17:56:44.691+0100] {dag.py:3089} INFO - Sync 1 DAGs
[2026-04-26T17:56:44.695+0100] {logging_mixin.py:188} INFO - [2026-04-26T17:56:44.694+0100] {dag.py:3947} INFO - Setting next_dagrun for tutorial_objectstorage to None, run_after=None
[2026-04-26T17:56:44.701+0100] {processor.py:183} INFO - Processing /Users/malone/data-engineering-pathway/.venv/lib/python3.11/site-packages/airflow/example_dags/tutorial_objectstorage.py took 0.125 seconds
[2026-04-26T17:57:45.605+0100] {processor.py:161} INFO - Started process (PID=10194) to work on /Users/malone/data-engineering-pathway/.venv/lib/python3.11/site-packages/airflow/example_dags/tutorial_objectstorage.py
[2026-04-26T17:57:45.605+0100] {processor.py:830} INFO - Processing file /Users/malone/data-engineering-pathway/.venv/lib/python3.11/site-packages/airflow/example_dags/tutorial_objectstorage.py for tasks to queue
[2026-04-26T17:57:45.605+0100] {logging_mixin.py:188} INFO - [2026-04-26T17:57:45.605+0100] {dagbag.py:545} INFO - Filling up the DagBag from /Users/malone/data-engineering-pathway/.venv/lib/python3.11/site-packages/airflow/example_dags/tutorial_objectstorage.py
[2026-04-26T17:57:45.641+0100] {processor.py:840} INFO - DAG(s) 'tutorial_objectstorage' retrieved from /Users/malone/data-engineering-pathway/.venv/lib/python3.11/site-packages/airflow/example_dags/tutorial_objectstorage.py
[2026-04-26T17:57:45.708+0100] {logging_mixin.py:188} INFO - [2026-04-26T17:57:45.708+0100] {dag.py:3089} INFO - Sync 1 DAGs
[2026-04-26T17:57:45.711+0100] {logging_mixin.py:188} INFO - [2026-04-26T17:57:45.711+0100] {dag.py:3947} INFO - Setting next_dagrun for tutorial_objectstorage to None, run_after=None
[2026-04-26T17:57:45.719+0100] {processor.py:183} INFO - Processing /Users/malone/data-engineering-pathway/.venv/lib/python3.11/site-packages/airflow/example_dags/tutorial_objectstorage.py took 0.115 seconds
[2026-04-26T17:58:38.651+0100] {processor.py:161} INFO - Started process (PID=10275) to work on /Users/malone/data-engineering-pathway/.venv/lib/python3.11/site-packages/airflow/example_dags/tutorial_objectstorage.py
[2026-04-26T17:58:38.652+0100] {processor.py:830} INFO - Processing file /Users/malone/data-engineering-pathway/.venv/lib/python3.11/site-packages/airflow/example_dags/tutorial_objectstorage.py for tasks to queue
[2026-04-26T17:58:38.652+0100] {logging_mixin.py:188} INFO - [2026-04-26T17:58:38.652+0100] {dagbag.py:545} INFO - Filling up the DagBag from /Users/malone/data-engineering-pathway/.venv/lib/python3.11/site-packages/airflow/example_dags/tutorial_objectstorage.py
[2026-04-26T17:58:38.689+0100] {processor.py:840} INFO - DAG(s) 'tutorial_objectstorage' retrieved from /Users/malone/data-engineering-pathway/.venv/lib/python3.11/site-packages/airflow/example_dags/tutorial_objectstorage.py
[2026-04-26T17:58:38.755+0100] {logging_mixin.py:188} INFO - [2026-04-26T17:58:38.755+0100] {dag.py:3089} INFO - Sync 1 DAGs
[2026-04-26T17:58:38.758+0100] {logging_mixin.py:188} INFO - [2026-04-26T17:58:38.758+0100] {dag.py:3947} INFO - Setting next_dagrun for tutorial_objectstorage to None, run_after=None
[2026-04-26T17:58:38.765+0100] {processor.py:183} INFO - Processing /Users/malone/data-engineering-pathway/.venv/lib/python3.11/site-packages/airflow/example_dags/tutorial_objectstorage.py took 0.115 seconds
[2026-04-26T17:59:36.647+0100] {processor.py:161} INFO - Started process (PID=10373) to work on /Users/malone/data-engineering-pathway/.venv/lib/python3.11/site-packages/airflow/example_dags/tutorial_objectstorage.py
[2026-04-26T17:59:36.648+0100] {processor.py:830} INFO - Processing file /Users/malone/data-engineering-pathway/.venv/lib/python3.11/site-packages/airflow/example_dags/tutorial_objectstorage.py for tasks to queue
[2026-04-26T17:59:36.648+0100] {logging_mixin.py:188} INFO - [2026-04-26T17:59:36.648+0100] {dagbag.py:545} INFO - Filling up the DagBag from /Users/malone/data-engineering-pathway/.venv/lib/python3.11/site-packages/airflow/example_dags/tutorial_objectstorage.py
[2026-04-26T17:59:36.684+0100] {processor.py:840} INFO - DAG(s) 'tutorial_objectstorage' retrieved from /Users/malone/data-engineering-pathway/.venv/lib/python3.11/site-packages/airflow/example_dags/tutorial_objectstorage.py
[2026-04-26T17:59:36.751+0100] {logging_mixin.py:188} INFO - [2026-04-26T17:59:36.751+0100] {dag.py:3089} INFO - Sync 1 DAGs
[2026-04-26T17:59:36.755+0100] {logging_mixin.py:188} INFO - [2026-04-26T17:59:36.755+0100] {dag.py:3947} INFO - Setting next_dagrun for tutorial_objectstorage to None, run_after=None
[2026-04-26T17:59:36.762+0100] {processor.py:183} INFO - Processing /Users/malone/data-engineering-pathway/.venv/lib/python3.11/site-packages/airflow/example_dags/tutorial_objectstorage.py took 0.116 seconds
