[2026-04-26T17:38:38.703+0100] {processor.py:161} INFO - Started process (PID=8285) to work on /Users/malone/data-engineering-pathway/.venv/lib/python3.11/site-packages/airflow/example_dags/subdags/subdag.py
[2026-04-26T17:38:38.703+0100] {processor.py:830} INFO - Processing file /Users/malone/data-engineering-pathway/.venv/lib/python3.11/site-packages/airflow/example_dags/subdags/subdag.py for tasks to queue
[2026-04-26T17:38:38.703+0100] {logging_mixin.py:188} INFO - [2026-04-26T17:38:38.703+0100] {dagbag.py:545} INFO - Filling up the DagBag from /Users/malone/data-engineering-pathway/.venv/lib/python3.11/site-packages/airflow/example_dags/subdags/subdag.py
[2026-04-26T17:38:38.704+0100] {processor.py:842} WARNING - No viable dags retrieved from /Users/malone/data-engineering-pathway/.venv/lib/python3.11/site-packages/airflow/example_dags/subdags/subdag.py
[2026-04-26T17:38:38.733+0100] {processor.py:183} INFO - Processing /Users/malone/data-engineering-pathway/.venv/lib/python3.11/site-packages/airflow/example_dags/subdags/subdag.py took 0.032 seconds
[2026-04-26T17:40:06.642+0100] {processor.py:161} INFO - Started process (PID=8438) to work on /Users/malone/data-engineering-pathway/.venv/lib/python3.11/site-packages/airflow/example_dags/subdags/subdag.py
[2026-04-26T17:40:06.642+0100] {processor.py:830} INFO - Processing file /Users/malone/data-engineering-pathway/.venv/lib/python3.11/site-packages/airflow/example_dags/subdags/subdag.py for tasks to queue
[2026-04-26T17:40:06.642+0100] {logging_mixin.py:188} INFO - [2026-04-26T17:40:06.642+0100] {dagbag.py:545} INFO - Filling up the DagBag from /Users/malone/data-engineering-pathway/.venv/lib/python3.11/site-packages/airflow/example_dags/subdags/subdag.py
[2026-04-26T17:40:06.643+0100] {processor.py:842} WARNING - No viable dags retrieved from /Users/malone/data-engineering-pathway/.venv/lib/python3.11/site-packages/airflow/example_dags/subdags/subdag.py
[2026-04-26T17:40:06.671+0100] {processor.py:183} INFO - Processing /Users/malone/data-engineering-pathway/.venv/lib/python3.11/site-packages/airflow/example_dags/subdags/subdag.py took 0.031 seconds
[2026-04-26T17:41:05.269+0100] {processor.py:161} INFO - Started process (PID=8533) to work on /Users/malone/data-engineering-pathway/.venv/lib/python3.11/site-packages/airflow/example_dags/subdags/subdag.py
[2026-04-26T17:41:05.269+0100] {processor.py:830} INFO - Processing file /Users/malone/data-engineering-pathway/.venv/lib/python3.11/site-packages/airflow/example_dags/subdags/subdag.py for tasks to queue
[2026-04-26T17:41:05.270+0100] {logging_mixin.py:188} INFO - [2026-04-26T17:41:05.270+0100] {dagbag.py:545} INFO - Filling up the DagBag from /Users/malone/data-engineering-pathway/.venv/lib/python3.11/site-packages/airflow/example_dags/subdags/subdag.py
[2026-04-26T17:41:05.271+0100] {processor.py:842} WARNING - No viable dags retrieved from /Users/malone/data-engineering-pathway/.venv/lib/python3.11/site-packages/airflow/example_dags/subdags/subdag.py
[2026-04-26T17:41:05.299+0100] {processor.py:183} INFO - Processing /Users/malone/data-engineering-pathway/.venv/lib/python3.11/site-packages/airflow/example_dags/subdags/subdag.py took 0.031 seconds
[2026-04-26T17:42:02.334+0100] {processor.py:161} INFO - Started process (PID=8615) to work on /Users/malone/data-engineering-pathway/.venv/lib/python3.11/site-packages/airflow/example_dags/subdags/subdag.py
[2026-04-26T17:42:02.335+0100] {processor.py:830} INFO - Processing file /Users/malone/data-engineering-pathway/.venv/lib/python3.11/site-packages/airflow/example_dags/subdags/subdag.py for tasks to queue
[2026-04-26T17:42:02.335+0100] {logging_mixin.py:188} INFO - [2026-04-26T17:42:02.335+0100] {dagbag.py:545} INFO - Filling up the DagBag from /Users/malone/data-engineering-pathway/.venv/lib/python3.11/site-packages/airflow/example_dags/subdags/subdag.py
[2026-04-26T17:42:02.336+0100] {processor.py:842} WARNING - No viable dags retrieved from /Users/malone/data-engineering-pathway/.venv/lib/python3.11/site-packages/airflow/example_dags/subdags/subdag.py
[2026-04-26T17:42:02.371+0100] {processor.py:183} INFO - Processing /Users/malone/data-engineering-pathway/.venv/lib/python3.11/site-packages/airflow/example_dags/subdags/subdag.py took 0.038 seconds
[2026-04-26T17:43:02.946+0100] {processor.py:161} INFO - Started process (PID=8670) to work on /Users/malone/data-engineering-pathway/.venv/lib/python3.11/site-packages/airflow/example_dags/subdags/subdag.py
[2026-04-26T17:43:02.947+0100] {processor.py:830} INFO - Processing file /Users/malone/data-engineering-pathway/.venv/lib/python3.11/site-packages/airflow/example_dags/subdags/subdag.py for tasks to queue
[2026-04-26T17:43:02.947+0100] {logging_mixin.py:188} INFO - [2026-04-26T17:43:02.947+0100] {dagbag.py:545} INFO - Filling up the DagBag from /Users/malone/data-engineering-pathway/.venv/lib/python3.11/site-packages/airflow/example_dags/subdags/subdag.py
[2026-04-26T17:43:02.949+0100] {processor.py:842} WARNING - No viable dags retrieved from /Users/malone/data-engineering-pathway/.venv/lib/python3.11/site-packages/airflow/example_dags/subdags/subdag.py
[2026-04-26T17:43:02.978+0100] {processor.py:183} INFO - Processing /Users/malone/data-engineering-pathway/.venv/lib/python3.11/site-packages/airflow/example_dags/subdags/subdag.py took 0.032 seconds
[2026-04-26T17:43:58.047+0100] {processor.py:161} INFO - Started process (PID=8790) to work on /Users/malone/data-engineering-pathway/.venv/lib/python3.11/site-packages/airflow/example_dags/subdags/subdag.py
[2026-04-26T17:43:58.048+0100] {processor.py:830} INFO - Processing file /Users/malone/data-engineering-pathway/.venv/lib/python3.11/site-packages/airflow/example_dags/subdags/subdag.py for tasks to queue
[2026-04-26T17:43:58.049+0100] {logging_mixin.py:188} INFO - [2026-04-26T17:43:58.048+0100] {dagbag.py:545} INFO - Filling up the DagBag from /Users/malone/data-engineering-pathway/.venv/lib/python3.11/site-packages/airflow/example_dags/subdags/subdag.py
[2026-04-26T17:43:58.050+0100] {processor.py:842} WARNING - No viable dags retrieved from /Users/malone/data-engineering-pathway/.venv/lib/python3.11/site-packages/airflow/example_dags/subdags/subdag.py
[2026-04-26T17:43:58.078+0100] {processor.py:183} INFO - Processing /Users/malone/data-engineering-pathway/.venv/lib/python3.11/site-packages/airflow/example_dags/subdags/subdag.py took 0.032 seconds
[2026-04-26T17:44:51.931+0100] {processor.py:161} INFO - Started process (PID=8870) to work on /Users/malone/data-engineering-pathway/.venv/lib/python3.11/site-packages/airflow/example_dags/subdags/subdag.py
[2026-04-26T17:44:51.932+0100] {processor.py:830} INFO - Processing file /Users/malone/data-engineering-pathway/.venv/lib/python3.11/site-packages/airflow/example_dags/subdags/subdag.py for tasks to queue
[2026-04-26T17:44:51.932+0100] {logging_mixin.py:188} INFO - [2026-04-26T17:44:51.932+0100] {dagbag.py:545} INFO - Filling up the DagBag from /Users/malone/data-engineering-pathway/.venv/lib/python3.11/site-packages/airflow/example_dags/subdags/subdag.py
[2026-04-26T17:44:51.933+0100] {processor.py:842} WARNING - No viable dags retrieved from /Users/malone/data-engineering-pathway/.venv/lib/python3.11/site-packages/airflow/example_dags/subdags/subdag.py
[2026-04-26T17:44:51.961+0100] {processor.py:183} INFO - Processing /Users/malone/data-engineering-pathway/.venv/lib/python3.11/site-packages/airflow/example_dags/subdags/subdag.py took 0.031 seconds
[2026-04-26T17:45:43.698+0100] {processor.py:161} INFO - Started process (PID=8960) to work on /Users/malone/data-engineering-pathway/.venv/lib/python3.11/site-packages/airflow/example_dags/subdags/subdag.py
[2026-04-26T17:45:43.699+0100] {processor.py:830} INFO - Processing file /Users/malone/data-engineering-pathway/.venv/lib/python3.11/site-packages/airflow/example_dags/subdags/subdag.py for tasks to queue
[2026-04-26T17:45:43.700+0100] {logging_mixin.py:188} INFO - [2026-04-26T17:45:43.699+0100] {dagbag.py:545} INFO - Filling up the DagBag from /Users/malone/data-engineering-pathway/.venv/lib/python3.11/site-packages/airflow/example_dags/subdags/subdag.py
[2026-04-26T17:45:43.701+0100] {processor.py:842} WARNING - No viable dags retrieved from /Users/malone/data-engineering-pathway/.venv/lib/python3.11/site-packages/airflow/example_dags/subdags/subdag.py
[2026-04-26T17:45:43.729+0100] {processor.py:183} INFO - Processing /Users/malone/data-engineering-pathway/.venv/lib/python3.11/site-packages/airflow/example_dags/subdags/subdag.py took 0.032 seconds
[2026-04-26T17:46:38.749+0100] {processor.py:161} INFO - Started process (PID=9039) to work on /Users/malone/data-engineering-pathway/.venv/lib/python3.11/site-packages/airflow/example_dags/subdags/subdag.py
[2026-04-26T17:46:38.750+0100] {processor.py:830} INFO - Processing file /Users/malone/data-engineering-pathway/.venv/lib/python3.11/site-packages/airflow/example_dags/subdags/subdag.py for tasks to queue
[2026-04-26T17:46:38.750+0100] {logging_mixin.py:188} INFO - [2026-04-26T17:46:38.750+0100] {dagbag.py:545} INFO - Filling up the DagBag from /Users/malone/data-engineering-pathway/.venv/lib/python3.11/site-packages/airflow/example_dags/subdags/subdag.py
[2026-04-26T17:46:38.751+0100] {processor.py:842} WARNING - No viable dags retrieved from /Users/malone/data-engineering-pathway/.venv/lib/python3.11/site-packages/airflow/example_dags/subdags/subdag.py
[2026-04-26T17:46:38.779+0100] {processor.py:183} INFO - Processing /Users/malone/data-engineering-pathway/.venv/lib/python3.11/site-packages/airflow/example_dags/subdags/subdag.py took 0.031 seconds
[2026-04-26T17:47:33.772+0100] {processor.py:161} INFO - Started process (PID=9134) to work on /Users/malone/data-engineering-pathway/.venv/lib/python3.11/site-packages/airflow/example_dags/subdags/subdag.py
[2026-04-26T17:47:33.773+0100] {processor.py:830} INFO - Processing file /Users/malone/data-engineering-pathway/.venv/lib/python3.11/site-packages/airflow/example_dags/subdags/subdag.py for tasks to queue
[2026-04-26T17:47:33.773+0100] {logging_mixin.py:188} INFO - [2026-04-26T17:47:33.773+0100] {dagbag.py:545} INFO - Filling up the DagBag from /Users/malone/data-engineering-pathway/.venv/lib/python3.11/site-packages/airflow/example_dags/subdags/subdag.py
[2026-04-26T17:47:33.774+0100] {processor.py:842} WARNING - No viable dags retrieved from /Users/malone/data-engineering-pathway/.venv/lib/python3.11/site-packages/airflow/example_dags/subdags/subdag.py
[2026-04-26T17:47:33.803+0100] {processor.py:183} INFO - Processing /Users/malone/data-engineering-pathway/.venv/lib/python3.11/site-packages/airflow/example_dags/subdags/subdag.py took 0.033 seconds
[2026-04-26T17:48:32.317+0100] {processor.py:161} INFO - Started process (PID=9281) to work on /Users/malone/data-engineering-pathway/.venv/lib/python3.11/site-packages/airflow/example_dags/subdags/subdag.py
[2026-04-26T17:48:32.317+0100] {processor.py:830} INFO - Processing file /Users/malone/data-engineering-pathway/.venv/lib/python3.11/site-packages/airflow/example_dags/subdags/subdag.py for tasks to queue
[2026-04-26T17:48:32.318+0100] {logging_mixin.py:188} INFO - [2026-04-26T17:48:32.317+0100] {dagbag.py:545} INFO - Filling up the DagBag from /Users/malone/data-engineering-pathway/.venv/lib/python3.11/site-packages/airflow/example_dags/subdags/subdag.py
[2026-04-26T17:48:32.319+0100] {processor.py:842} WARNING - No viable dags retrieved from /Users/malone/data-engineering-pathway/.venv/lib/python3.11/site-packages/airflow/example_dags/subdags/subdag.py
[2026-04-26T17:48:32.347+0100] {processor.py:183} INFO - Processing /Users/malone/data-engineering-pathway/.venv/lib/python3.11/site-packages/airflow/example_dags/subdags/subdag.py took 0.032 seconds
[2026-04-26T17:49:30.451+0100] {processor.py:161} INFO - Started process (PID=9455) to work on /Users/malone/data-engineering-pathway/.venv/lib/python3.11/site-packages/airflow/example_dags/subdags/subdag.py
[2026-04-26T17:49:30.452+0100] {processor.py:830} INFO - Processing file /Users/malone/data-engineering-pathway/.venv/lib/python3.11/site-packages/airflow/example_dags/subdags/subdag.py for tasks to queue
[2026-04-26T17:49:30.452+0100] {logging_mixin.py:188} INFO - [2026-04-26T17:49:30.452+0100] {dagbag.py:545} INFO - Filling up the DagBag from /Users/malone/data-engineering-pathway/.venv/lib/python3.11/site-packages/airflow/example_dags/subdags/subdag.py
[2026-04-26T17:49:30.453+0100] {processor.py:842} WARNING - No viable dags retrieved from /Users/malone/data-engineering-pathway/.venv/lib/python3.11/site-packages/airflow/example_dags/subdags/subdag.py
[2026-04-26T17:49:30.481+0100] {processor.py:183} INFO - Processing /Users/malone/data-engineering-pathway/.venv/lib/python3.11/site-packages/airflow/example_dags/subdags/subdag.py took 0.031 seconds
[2026-04-26T17:50:30.770+0100] {processor.py:161} INFO - Started process (PID=9531) to work on /Users/malone/data-engineering-pathway/.venv/lib/python3.11/site-packages/airflow/example_dags/subdags/subdag.py
[2026-04-26T17:50:30.771+0100] {processor.py:830} INFO - Processing file /Users/malone/data-engineering-pathway/.venv/lib/python3.11/site-packages/airflow/example_dags/subdags/subdag.py for tasks to queue
[2026-04-26T17:50:30.771+0100] {logging_mixin.py:188} INFO - [2026-04-26T17:50:30.771+0100] {dagbag.py:545} INFO - Filling up the DagBag from /Users/malone/data-engineering-pathway/.venv/lib/python3.11/site-packages/airflow/example_dags/subdags/subdag.py
[2026-04-26T17:50:30.772+0100] {processor.py:842} WARNING - No viable dags retrieved from /Users/malone/data-engineering-pathway/.venv/lib/python3.11/site-packages/airflow/example_dags/subdags/subdag.py
[2026-04-26T17:50:30.806+0100] {processor.py:183} INFO - Processing /Users/malone/data-engineering-pathway/.venv/lib/python3.11/site-packages/airflow/example_dags/subdags/subdag.py took 0.037 seconds
[2026-04-26T17:51:33.924+0100] {processor.py:161} INFO - Started process (PID=9620) to work on /Users/malone/data-engineering-pathway/.venv/lib/python3.11/site-packages/airflow/example_dags/subdags/subdag.py
[2026-04-26T17:51:33.925+0100] {processor.py:830} INFO - Processing file /Users/malone/data-engineering-pathway/.venv/lib/python3.11/site-packages/airflow/example_dags/subdags/subdag.py for tasks to queue
[2026-04-26T17:51:33.925+0100] {logging_mixin.py:188} INFO - [2026-04-26T17:51:33.925+0100] {dagbag.py:545} INFO - Filling up the DagBag from /Users/malone/data-engineering-pathway/.venv/lib/python3.11/site-packages/airflow/example_dags/subdags/subdag.py
[2026-04-26T17:51:33.927+0100] {processor.py:842} WARNING - No viable dags retrieved from /Users/malone/data-engineering-pathway/.venv/lib/python3.11/site-packages/airflow/example_dags/subdags/subdag.py
[2026-04-26T17:51:33.956+0100] {processor.py:183} INFO - Processing /Users/malone/data-engineering-pathway/.venv/lib/python3.11/site-packages/airflow/example_dags/subdags/subdag.py took 0.033 seconds
[2026-04-26T17:52:33.283+0100] {processor.py:161} INFO - Started process (PID=9689) to work on /Users/malone/data-engineering-pathway/.venv/lib/python3.11/site-packages/airflow/example_dags/subdags/subdag.py
[2026-04-26T17:52:33.285+0100] {processor.py:830} INFO - Processing file /Users/malone/data-engineering-pathway/.venv/lib/python3.11/site-packages/airflow/example_dags/subdags/subdag.py for tasks to queue
[2026-04-26T17:52:33.286+0100] {logging_mixin.py:188} INFO - [2026-04-26T17:52:33.286+0100] {dagbag.py:545} INFO - Filling up the DagBag from /Users/malone/data-engineering-pathway/.venv/lib/python3.11/site-packages/airflow/example_dags/subdags/subdag.py
[2026-04-26T17:52:33.288+0100] {processor.py:842} WARNING - No viable dags retrieved from /Users/malone/data-engineering-pathway/.venv/lib/python3.11/site-packages/airflow/example_dags/subdags/subdag.py
[2026-04-26T17:52:33.323+0100] {processor.py:183} INFO - Processing /Users/malone/data-engineering-pathway/.venv/lib/python3.11/site-packages/airflow/example_dags/subdags/subdag.py took 0.042 seconds
[2026-04-26T17:53:30.771+0100] {processor.py:161} INFO - Started process (PID=9763) to work on /Users/malone/data-engineering-pathway/.venv/lib/python3.11/site-packages/airflow/example_dags/subdags/subdag.py
[2026-04-26T17:53:30.771+0100] {processor.py:830} INFO - Processing file /Users/malone/data-engineering-pathway/.venv/lib/python3.11/site-packages/airflow/example_dags/subdags/subdag.py for tasks to queue
[2026-04-26T17:53:30.772+0100] {logging_mixin.py:188} INFO - [2026-04-26T17:53:30.772+0100] {dagbag.py:545} INFO - Filling up the DagBag from /Users/malone/data-engineering-pathway/.venv/lib/python3.11/site-packages/airflow/example_dags/subdags/subdag.py
[2026-04-26T17:53:30.773+0100] {processor.py:842} WARNING - No viable dags retrieved from /Users/malone/data-engineering-pathway/.venv/lib/python3.11/site-packages/airflow/example_dags/subdags/subdag.py
[2026-04-26T17:53:30.802+0100] {processor.py:183} INFO - Processing /Users/malone/data-engineering-pathway/.venv/lib/python3.11/site-packages/airflow/example_dags/subdags/subdag.py took 0.032 seconds
[2026-04-26T17:54:30.916+0100] {processor.py:161} INFO - Started process (PID=9845) to work on /Users/malone/data-engineering-pathway/.venv/lib/python3.11/site-packages/airflow/example_dags/subdags/subdag.py
[2026-04-26T17:54:30.917+0100] {processor.py:830} INFO - Processing file /Users/malone/data-engineering-pathway/.venv/lib/python3.11/site-packages/airflow/example_dags/subdags/subdag.py for tasks to queue
[2026-04-26T17:54:30.917+0100] {logging_mixin.py:188} INFO - [2026-04-26T17:54:30.917+0100] {dagbag.py:545} INFO - Filling up the DagBag from /Users/malone/data-engineering-pathway/.venv/lib/python3.11/site-packages/airflow/example_dags/subdags/subdag.py
[2026-04-26T17:54:30.918+0100] {processor.py:842} WARNING - No viable dags retrieved from /Users/malone/data-engineering-pathway/.venv/lib/python3.11/site-packages/airflow/example_dags/subdags/subdag.py
[2026-04-26T17:54:30.951+0100] {processor.py:183} INFO - Processing /Users/malone/data-engineering-pathway/.venv/lib/python3.11/site-packages/airflow/example_dags/subdags/subdag.py took 0.036 seconds
[2026-04-26T17:55:32.335+0100] {processor.py:161} INFO - Started process (PID=9947) to work on /Users/malone/data-engineering-pathway/.venv/lib/python3.11/site-packages/airflow/example_dags/subdags/subdag.py
[2026-04-26T17:55:32.336+0100] {processor.py:830} INFO - Processing file /Users/malone/data-engineering-pathway/.venv/lib/python3.11/site-packages/airflow/example_dags/subdags/subdag.py for tasks to queue
[2026-04-26T17:55:32.337+0100] {logging_mixin.py:188} INFO - [2026-04-26T17:55:32.336+0100] {dagbag.py:545} INFO - Filling up the DagBag from /Users/malone/data-engineering-pathway/.venv/lib/python3.11/site-packages/airflow/example_dags/subdags/subdag.py
[2026-04-26T17:55:32.338+0100] {processor.py:842} WARNING - No viable dags retrieved from /Users/malone/data-engineering-pathway/.venv/lib/python3.11/site-packages/airflow/example_dags/subdags/subdag.py
[2026-04-26T17:55:32.369+0100] {processor.py:183} INFO - Processing /Users/malone/data-engineering-pathway/.venv/lib/python3.11/site-packages/airflow/example_dags/subdags/subdag.py took 0.035 seconds
[2026-04-26T17:56:33.892+0100] {processor.py:161} INFO - Started process (PID=10082) to work on /Users/malone/data-engineering-pathway/.venv/lib/python3.11/site-packages/airflow/example_dags/subdags/subdag.py
[2026-04-26T17:56:33.893+0100] {processor.py:830} INFO - Processing file /Users/malone/data-engineering-pathway/.venv/lib/python3.11/site-packages/airflow/example_dags/subdags/subdag.py for tasks to queue
[2026-04-26T17:56:33.893+0100] {logging_mixin.py:188} INFO - [2026-04-26T17:56:33.893+0100] {dagbag.py:545} INFO - Filling up the DagBag from /Users/malone/data-engineering-pathway/.venv/lib/python3.11/site-packages/airflow/example_dags/subdags/subdag.py
[2026-04-26T17:56:33.894+0100] {processor.py:842} WARNING - No viable dags retrieved from /Users/malone/data-engineering-pathway/.venv/lib/python3.11/site-packages/airflow/example_dags/subdags/subdag.py
[2026-04-26T17:56:33.926+0100] {processor.py:183} INFO - Processing /Users/malone/data-engineering-pathway/.venv/lib/python3.11/site-packages/airflow/example_dags/subdags/subdag.py took 0.034 seconds
[2026-04-26T17:57:32.760+0100] {processor.py:161} INFO - Started process (PID=10170) to work on /Users/malone/data-engineering-pathway/.venv/lib/python3.11/site-packages/airflow/example_dags/subdags/subdag.py
[2026-04-26T17:57:32.760+0100] {processor.py:830} INFO - Processing file /Users/malone/data-engineering-pathway/.venv/lib/python3.11/site-packages/airflow/example_dags/subdags/subdag.py for tasks to queue
[2026-04-26T17:57:32.761+0100] {logging_mixin.py:188} INFO - [2026-04-26T17:57:32.761+0100] {dagbag.py:545} INFO - Filling up the DagBag from /Users/malone/data-engineering-pathway/.venv/lib/python3.11/site-packages/airflow/example_dags/subdags/subdag.py
[2026-04-26T17:57:32.762+0100] {processor.py:842} WARNING - No viable dags retrieved from /Users/malone/data-engineering-pathway/.venv/lib/python3.11/site-packages/airflow/example_dags/subdags/subdag.py
[2026-04-26T17:57:32.790+0100] {processor.py:183} INFO - Processing /Users/malone/data-engineering-pathway/.venv/lib/python3.11/site-packages/airflow/example_dags/subdags/subdag.py took 0.031 seconds
[2026-04-26T17:58:27.989+0100] {processor.py:161} INFO - Started process (PID=10259) to work on /Users/malone/data-engineering-pathway/.venv/lib/python3.11/site-packages/airflow/example_dags/subdags/subdag.py
[2026-04-26T17:58:27.989+0100] {processor.py:830} INFO - Processing file /Users/malone/data-engineering-pathway/.venv/lib/python3.11/site-packages/airflow/example_dags/subdags/subdag.py for tasks to queue
[2026-04-26T17:58:27.990+0100] {logging_mixin.py:188} INFO - [2026-04-26T17:58:27.990+0100] {dagbag.py:545} INFO - Filling up the DagBag from /Users/malone/data-engineering-pathway/.venv/lib/python3.11/site-packages/airflow/example_dags/subdags/subdag.py
[2026-04-26T17:58:27.991+0100] {processor.py:842} WARNING - No viable dags retrieved from /Users/malone/data-engineering-pathway/.venv/lib/python3.11/site-packages/airflow/example_dags/subdags/subdag.py
[2026-04-26T17:58:28.019+0100] {processor.py:183} INFO - Processing /Users/malone/data-engineering-pathway/.venv/lib/python3.11/site-packages/airflow/example_dags/subdags/subdag.py took 0.031 seconds
[2026-04-26T17:59:24.516+0100] {processor.py:161} INFO - Started process (PID=10357) to work on /Users/malone/data-engineering-pathway/.venv/lib/python3.11/site-packages/airflow/example_dags/subdags/subdag.py
[2026-04-26T17:59:24.517+0100] {processor.py:830} INFO - Processing file /Users/malone/data-engineering-pathway/.venv/lib/python3.11/site-packages/airflow/example_dags/subdags/subdag.py for tasks to queue
[2026-04-26T17:59:24.517+0100] {logging_mixin.py:188} INFO - [2026-04-26T17:59:24.517+0100] {dagbag.py:545} INFO - Filling up the DagBag from /Users/malone/data-engineering-pathway/.venv/lib/python3.11/site-packages/airflow/example_dags/subdags/subdag.py
[2026-04-26T17:59:24.519+0100] {processor.py:842} WARNING - No viable dags retrieved from /Users/malone/data-engineering-pathway/.venv/lib/python3.11/site-packages/airflow/example_dags/subdags/subdag.py
[2026-04-26T17:59:24.547+0100] {processor.py:183} INFO - Processing /Users/malone/data-engineering-pathway/.venv/lib/python3.11/site-packages/airflow/example_dags/subdags/subdag.py took 0.031 seconds
